#
# A fatal error has been detected by the Java Runtime Environment:
#
#  SIGSEGV (0xb) at pc=0x0000000114442ce9, pid=6815, tid=12547
#
# JRE version: Java(TM) SE Runtime Environment (7.0_67-b01) (build 1.7.0_67-b01)
# Java VM: Java HotSpot(TM) 64-Bit Server VM (24.65-b04 mixed mode bsd-amd64 compressed oops)
# Problematic frame:
# C  [libswt-cocoa-4509.jnilib+0x25ce9]  callback+0x297
#
# Failed to write core dump. Core dumps have been disabled. To enable core dumping, try "ulimit -c unlimited" before starting Java again
#
# If you would like to submit a bug report, please visit:
#   http://bugreport.sun.com/bugreport/crash.jsp
#

---------------  T H R E A D  ---------------

Current thread (0x00007f951c005000):  VMThread [stack: 0x0000000112012000,0x0000000112112000] [id=12547]

siginfo:si_signo=SIGSEGV: si_errno=0, si_code=1 (SEGV_MAPERR), si_addr=0x0000000000000078

Registers:
RAX=0x0000000000000000, RBX=0x00007f9518eaed90, RCX=0x0000000112111774, RDX=0x0000000000000001
RSP=0x00000001121117a0, RBP=0x00000001121118d0, RSI=0x0000000000000000, RDI=0x0000000000000000
R8 =0x0000000000000000, R9 =0x0000000000000003, R10=0x00007f95191b5910, R11=0x00007f951b801340
R12=0x00007fff8e8b30c0, R13=0x00000001121119a0, R14=0x0000000000000000, R15=0x0000000000000000
RIP=0x0000000114442ce9, EFLAGS=0x0000000000010206, ERR=0x0000000000000004
  TRAPNO=0x000000000000000e

Top of Stack: (sp=0x00000001121117a0)
0x00000001121117a0:   0000000114442adb 00007fff00000000
0x00000001121117b0:   00007fff7d45c8e0 000000007d45c8e4
0x00000001121117c0:   00007fff7d45c8e8 00007fff9b16dcf1
0x00000001121117d0:   00007fff7d45c8e4 00007f951c0051e8
0x00000001121117e0:   00007f9518f0e868 00007f9518f10be8
0x00000001121117f0:   000000020001187c 0000000000000000
0x0000000112111800:   00007fff7d45c8c8 00007fff00000000
0x0000000112111810:   0000000112111860 00007fff8e8c7aea
0x0000000112111820:   00007f9518eaed90 00007f9518e33c20
0x0000000112111830:   00007fff9b16f631 0000000000000000
0x0000000112111840:   0000000000000000 0000000000000003
0x0000000112111850:   0000000000000000 0000000000000000
0x0000000112111860:   0000000112111930 00007fff8e8b31ac
0x0000000112111870:   0000000000000003 0000000000000000
0x0000000112111880:   0000000000000000 0000000000000000
0x0000000112111890:   00007fff9b16dcf1 00007f9518eaed90
0x00000001121118a0:   0000000000000000 00007fff7deedc40
0x00000001121118b0:   0000000000000000 0000000000000000
0x00000001121118c0:   0000000000000000 0000000000000000
0x00000001121118d0:   00000001121118f0 000000011442125e
0x00000001121118e0:   00007fff9b16f631 00007f9518e33c20
0x00000001121118f0:   0000000112111930 00007fff9a9318f2
0x0000000112111900:   00007f951900d700 00007f951900d540
0x0000000112111910:   00007fff8e8b30c0 00000000000000e0
0x0000000112111920:   0000000000000000 0000000000000000
0x0000000112111930:   0000000112111970 00007fff9aa2b437
0x0000000112111940:   0000000000000000 00007f9518eaed90
0x0000000112111950:   00000000000000f8 00007fff8e8b30c0
0x0000000112111960:   0000000000000000 00007fff7d45ee80
0x0000000112111970:   00000001121119f0 00007fff9aa2b245
0x0000000112111980:   0000000000000000 0000000000000000
0x0000000112111990:   0000000000000000 0000000000000000 

Instructions: (pc=0x0000000114442ce9)
0x0000000114442cc9:   ff ff 01 00 00 00 48 8b 85 08 ff ff ff 48 85 c0
0x0000000114442cd9:   0f 84 9f 03 00 00 48 8b 85 08 ff ff ff 48 8b 00
0x0000000114442ce9:   48 8b 40 78 48 8b bd 08 ff ff ff ff d0 48 89 85
0x0000000114442cf9:   30 ff ff ff 48 83 bd 30 ff ff ff 00 74 26 48 8b 

Register to memory mapping:

RAX=0x0000000000000000 is an unknown value
RBX=0x00007f9518eaed90 is an unknown value
RCX=0x0000000112111774 is an unknown value
RDX=0x0000000000000001 is an unknown value
RSP=0x00000001121117a0 is an unknown value
RBP=0x00000001121118d0 is an unknown value
RSI=0x0000000000000000 is an unknown value
RDI=0x0000000000000000 is an unknown value
R8 =0x0000000000000000 is an unknown value
R9 =0x0000000000000003 is an unknown value
R10=0x00007f95191b5910 is an unknown value
R11=0x00007f951b801340 is an unknown value
R12=0x00007fff8e8b30c0: objc_msgSend+0 in /usr/lib/libobjc.A.dylib at 0x00007fff8e8b2000
R13=0x00000001121119a0 is an unknown value
R14=0x0000000000000000 is an unknown value
R15=0x0000000000000000 is an unknown value


Stack: [0x0000000112012000,0x0000000112112000],  sp=0x00000001121117a0,  free space=1021k
Native frames: (J=compiled Java code, j=interpreted, Vv=VM code, C=native code)
C  [libswt-cocoa-4509.jnilib+0x25ce9]  callback+0x297
C  [libswt-cocoa-4509.jnilib+0x425e]  fn0_2+0x27
C  [AppKit+0x1428f2]  -[NSWindow orderWindow:relativeTo:]+0x76
C  [AppKit+0x23c437]  __18-[NSWindow _close]_block_invoke+0x1bc
C  [AppKit+0x23c245]  -[NSWindow _close]+0x16b
C  [FinderKit+0xa252f]  -[FI_TFloatingInputWindowController dealloc]+0x45
C  [libobjc.A.dylib+0x1f68c]  _ZN11objc_object17sidetable_releaseEb+0xec
C  [AppKit+0x1226b4]  -[NSWindowController release]+0x9a
C  [FinderKit+0xa2efc]  _ZN4TRefIP33FI_TFloatingInputWindowController23OBJCRetainReleasePolicyIS1_EED2Ev+0xc
C  [libsystem_c.dylib+0x5e8ed]  __cxa_finalize_ranges+0x142
C  [libsystem_c.dylib+0x5ebf0]  exit+0x37
V  [libjvm.dylib+0x2d9a9e]
V  [libjvm.dylib+0x532237]
V  [libjvm.dylib+0x53089b]
V  [libjvm.dylib+0x530ce8]
V  [libjvm.dylib+0x53060f]
V  [libjvm.dylib+0x420772]
C  [libsystem_pthread.dylib+0x32fc]  _pthread_body+0x83
C  [libsystem_pthread.dylib+0x3279]  _pthread_body+0x0
C  [libsystem_pthread.dylib+0x14b1]  thread_start+0xd

VM_Operation (0x000000011ac72718): Exit, mode: safepoint, requested by thread 0x00007f9521801800


---------------  P R O C E S S  ---------------

Java Threads: ( => current thread )
  0x00007f9521801800 JavaThread "SIGTERM handler" daemon [_thread_blocked, id=14155, stack(0x000000011ab73000,0x000000011ac73000)]
  0x00007f9521021000 JavaThread "Thread-15" [_thread_blocked, id=58375, stack(0x0000000122f01000,0x0000000123001000)]
  0x00007f951c234800 JavaThread "Thread-13" [_thread_blocked, id=58635, stack(0x000000011ca29000,0x000000011cb29000)]
  0x00007f951916f800 JavaThread "Thread-11" [_thread_blocked, id=93443, stack(0x0000000119d69000,0x0000000119e69000)]
  0x00007f951b002000 JavaThread "Thread-10" [_thread_blocked, id=92931, stack(0x0000000119c66000,0x0000000119d66000)]
  0x00007f9519192800 JavaThread "Thread-9" [_thread_blocked, id=92419, stack(0x0000000119b63000,0x0000000119c63000)]
  0x00007f951a1e5800 JavaThread "Thread-8" [_thread_blocked, id=91907, stack(0x0000000119a60000,0x0000000119b60000)]
  0x00007f9519135800 JavaThread "Thread-7" [_thread_blocked, id=91395, stack(0x000000011995d000,0x0000000119a5d000)]
  0x00007f951a1ce800 JavaThread "Thread-6" [_thread_blocked, id=90883, stack(0x0000000119390000,0x0000000119490000)]
  0x00007f9519151800 JavaThread "Thread-5" [_thread_blocked, id=90375, stack(0x0000000119183000,0x0000000119283000)]
  0x00007f951a21b800 JavaThread "Thread-4" [_thread_blocked, id=89859, stack(0x0000000119080000,0x0000000119180000)]
  0x00007f951a36d800 JavaThread "Thread-3" [_thread_blocked, id=89351, stack(0x0000000118ed3000,0x0000000118fd3000)]
  0x00007f951aa11000 JavaThread "Thread-2" [_thread_blocked, id=76095, stack(0x000000011e6fc000,0x000000011e7fc000)]
  0x00007f951a9db800 JavaThread "Thread-1" [_thread_blocked, id=73995, stack(0x000000011af88000,0x000000011b088000)]
  0x00007f951a008000 JavaThread "Service Thread" daemon [_thread_blocked, id=19203, stack(0x0000000113ee0000,0x0000000113fe0000)]
  0x00007f951c01a000 JavaThread "C2 CompilerThread1" daemon [_thread_blocked, id=18691, stack(0x0000000113ddd000,0x0000000113edd000)]
  0x00007f951a858800 JavaThread "C2 CompilerThread0" daemon [_thread_blocked, id=18179, stack(0x0000000113cda000,0x0000000113dda000)]
  0x00007f951901d000 JavaThread "Signal Dispatcher" daemon [_thread_blocked, id=14355, stack(0x0000000113bd7000,0x0000000113cd7000)]
  0x00007f951c008800 JavaThread "Finalizer" daemon [_thread_blocked, id=13571, stack(0x0000000112218000,0x0000000112318000)]
  0x00007f951c008000 JavaThread "Reference Handler" daemon [_thread_blocked, id=13059, stack(0x0000000112115000,0x0000000112215000)]
  0x00007f9519009800 JavaThread "main" [_thread_blocked, id=1811, stack(0x00007fff5e80c000,0x00007fff5e88c000)]

Other Threads:
=>0x00007f951c005000 VMThread [stack: 0x0000000112012000,0x0000000112112000] [id=12547]

VM state:at safepoint (shutting down)

VM Mutex/Monitor currently owned by a thread:  ([mutex/lock_event])
[0x00007f9518f04d10] Threads_lock - owner thread: 0x00007f951c005000

Heap
 PSYoungGen      total 68608K, used 9240K [0x00000007aaa80000, 0x00000007af680000, 0x0000000800000000)
  eden space 62976K, 5% used [0x00000007aaa80000,0x00000007aae0a0d8,0x00000007ae800000)
  from space 5632K, 99% used [0x00000007af100000,0x00000007af67c130,0x00000007af680000)
  to   space 6656K, 0% used [0x00000007ae980000,0x00000007ae980000,0x00000007af000000)
 ParOldGen       total 235008K, used 180214K [0x0000000700000000, 0x000000070e580000, 0x00000007aaa80000)
  object space 235008K, 76% used [0x0000000700000000,0x000000070affdbd8,0x000000070e580000)
 PSPermGen       total 21504K, used 11820K [0x00000006fae00000, 0x00000006fc300000, 0x0000000700000000)
  object space 21504K, 54% used [0x00000006fae00000,0x00000006fb98b030,0x00000006fc300000)

Card table byte_map: [0x000000010605f000,0x0000000106889000] byte_map_base: 0x0000000102888000

Polling page: 0x00000001014c7000

Code Cache  [0x000000010305f000, 0x00000001032cf000, 0x000000010605f000)
 total_blobs=1062 nmethods=645 adapters=370 free_code_cache=46873Kb largest_free_block=47955648

Compilation events (10 events):
Event: 299.409 Thread 0x00007f951a858800  659             org.eclipse.swt.widgets.Control::internal_new_GC (312 bytes)
Event: 299.419 Thread 0x00007f951a858800 nmethod 659 0x000000010327ccd0 code [0x000000010327cfa0, 0x000000010327da50]
Event: 299.593 Thread 0x00007f951c01a000  660             org.eclipse.swt.widgets.Shell::getThemeAlpha (2 bytes)
Event: 299.594 Thread 0x00007f951c01a000 nmethod 660 0x0000000103278750 code [0x00000001032788a0, 0x00000001032788f8]
Event: 300.667 Thread 0x00007f951a858800  661             org.eclipse.swt.widgets.Widget::callSuper (39 bytes)
Event: 300.668 Thread 0x00007f951a858800 nmethod 661 0x000000010327c890 code [0x000000010327c9e0, 0x000000010327cb18]
Event: 300.756 Thread 0x00007f951c01a000  662             org.eclipse.swt.internal.cocoa.NSApplication::keyWindow (30 bytes)
Event: 300.757 Thread 0x00007f951c01a000 nmethod 662 0x000000010327f2d0 code [0x000000010327f420, 0x000000010327f508]
Event: 300.760 Thread 0x00007f951a858800  663             org.eclipse.swt.widgets.Widget::drawInteriorWithFrame_inView (11 bytes)
Event: 300.761 Thread 0x00007f951a858800 nmethod 663 0x000000010327eed0 code [0x000000010327f020, 0x000000010327f158]

GC Heap History (10 events):
Event: 28.249 GC heap before
{Heap before GC invocations=2 (full 0):
 PSYoungGen      total 76800K, used 71757K [0x00000007aaa80000, 0x00000007b0000000, 0x0000000800000000)
  eden space 66048K, 100% used [0x00000007aaa80000,0x00000007aeb00000,0x00000007aeb00000)
  from space 10752K, 53% used [0x00000007aeb00000,0x00000007af0935c0,0x00000007af580000)
  to   space 10752K, 0% used [0x00000007af580000,0x00000007af580000,0x00000007b0000000)
 ParOldGen       total 235008K, used 180008K [0x0000000700000000, 0x000000070e580000, 0x00000007aaa80000)
  object space 235008K, 76% used [0x0000000700000000,0x000000070afca030,0x000000070e580000)
 PSPermGen       total 21504K, used 9741K [0x00000006fae00000, 0x00000006fc300000, 0x0000000700000000)
  object space 21504K, 45% used [0x00000006fae00000,0x00000006fb783750,0x00000006fc300000)
Event: 28.253 GC heap after
Heap after GC invocations=2 (full 0):
 PSYoungGen      total 76800K, used 4291K [0x00000007aaa80000, 0x00000007b0000000, 0x0000000800000000)
  eden space 66048K, 0% used [0x00000007aaa80000,0x00000007aaa80000,0x00000007aeb00000)
  from space 10752K, 39% used [0x00000007af580000,0x00000007af9b0e88,0x00000007b0000000)
  to   space 10752K, 0% used [0x00000007aeb00000,0x00000007aeb00000,0x00000007af580000)
 ParOldGen       total 235008K, used 180016K [0x0000000700000000, 0x000000070e580000, 0x00000007aaa80000)
  object space 235008K, 76% used [0x0000000700000000,0x000000070afcc030,0x000000070e580000)
 PSPermGen       total 21504K, used 9741K [0x00000006fae00000, 0x00000006fc300000, 0x0000000700000000)
  object space 21504K, 45% used [0x00000006fae00000,0x00000006fb783750,0x00000006fc300000)
}
Event: 71.436 GC heap before
{Heap before GC invocations=3 (full 0):
 PSYoungGen      total 76800K, used 70339K [0x00000007aaa80000, 0x00000007b0000000, 0x0000000800000000)
  eden space 66048K, 100% used [0x00000007aaa80000,0x00000007aeb00000,0x00000007aeb00000)
  from space 10752K, 39% used [0x00000007af580000,0x00000007af9b0e88,0x00000007b0000000)
  to   space 10752K, 0% used [0x00000007aeb00000,0x00000007aeb00000,0x00000007af580000)
 ParOldGen       total 235008K, used 180016K [0x0000000700000000, 0x000000070e580000, 0x00000007aaa80000)
  object space 235008K, 76% used [0x0000000700000000,0x000000070afcc030,0x000000070e580000)
 PSPermGen       total 21504K, used 11513K [0x00000006fae00000, 0x00000006fc300000, 0x0000000700000000)
  object space 21504K, 53% used [0x00000006fae00000,0x00000006fb93e5f8,0x00000006fc300000)
Event: 71.441 GC heap after
Heap after GC invocations=3 (full 0):
 PSYoungGen      total 76800K, used 5411K [0x00000007aaa80000, 0x00000007b0000000, 0x0000000800000000)
  eden space 66048K, 0% used [0x00000007aaa80000,0x00000007aaa80000,0x00000007aeb00000)
  from space 10752K, 50% used [0x00000007aeb00000,0x00000007af048c80,0x00000007af580000)
  to   space 10752K, 0% used [0x00000007af580000,0x00000007af580000,0x00000007b0000000)
 ParOldGen       total 235008K, used 180024K [0x0000000700000000, 0x000000070e580000, 0x00000007aaa80000)
  object space 235008K, 76% used [0x0000000700000000,0x000000070afce030,0x000000070e580000)
 PSPermGen       total 21504K, used 11513K [0x00000006fae00000, 0x00000006fc300000, 0x0000000700000000)
  object space 21504K, 53% used [0x00000006fae00000,0x00000006fb93e5f8,0x00000006fc300000)
}
Event: 108.472 GC heap before
{Heap before GC invocations=4 (full 0):
 PSYoungGen      total 76800K, used 71459K [0x00000007aaa80000, 0x00000007b0000000, 0x0000000800000000)
  eden space 66048K, 100% used [0x00000007aaa80000,0x00000007aeb00000,0x00000007aeb00000)
  from space 10752K, 50% used [0x00000007aeb00000,0x00000007af048c80,0x00000007af580000)
  to   space 10752K, 0% used [0x00000007af580000,0x00000007af580000,0x00000007b0000000)
 ParOldGen       total 235008K, used 180024K [0x0000000700000000, 0x000000070e580000, 0x00000007aaa80000)
  object space 235008K, 76% used [0x0000000700000000,0x000000070afce030,0x000000070e580000)
 PSPermGen       total 21504K, used 11587K [0x00000006fae00000, 0x00000006fc300000, 0x0000000700000000)
  object space 21504K, 53% used [0x00000006fae00000,0x00000006fb950c88,0x00000006fc300000)
Event: 108.477 GC heap after
Heap after GC invocations=4 (full 0):
 PSYoungGen      total 76800K, used 5840K [0x00000007aaa80000, 0x00000007b0000000, 0x0000000800000000)
  eden space 66048K, 0% used [0x00000007aaa80000,0x00000007aaa80000,0x00000007aeb00000)
  from space 10752K, 54% used [0x00000007af580000,0x00000007afb34120,0x00000007b0000000)
  to   space 10752K, 0% used [0x00000007aeb00000,0x00000007aeb00000,0x00000007af580000)
 ParOldGen       total 235008K, used 180032K [0x0000000700000000, 0x000000070e580000, 0x00000007aaa80000)
  object space 235008K, 76% used [0x0000000700000000,0x000000070afd0030,0x000000070e580000)
 PSPermGen       total 21504K, used 11587K [0x00000006fae00000, 0x00000006fc300000, 0x0000000700000000)
  object space 21504K, 53% used [0x00000006fae00000,0x00000006fb950c88,0x00000006fc300000)
}
Event: 192.964 GC heap before
{Heap before GC invocations=5 (full 0):
 PSYoungGen      total 76800K, used 71888K [0x00000007aaa80000, 0x00000007b0000000, 0x0000000800000000)
  eden space 66048K, 100% used [0x00000007aaa80000,0x00000007aeb00000,0x00000007aeb00000)
  from space 10752K, 54% used [0x00000007af580000,0x00000007afb34120,0x00000007b0000000)
  to   space 10752K, 0% used [0x00000007aeb00000,0x00000007aeb00000,0x00000007af580000)
 ParOldGen       total 235008K, used 180032K [0x0000000700000000, 0x000000070e580000, 0x00000007aaa80000)
  object space 235008K, 76% used [0x0000000700000000,0x000000070afd0030,0x000000070e580000)
 PSPermGen       total 21504K, used 11774K [0x00000006fae00000, 0x00000006fc300000, 0x0000000700000000)
  object space 21504K, 54% used [0x00000006fae00000,0x00000006fb97f860,0x00000006fc300000)
Event: 192.969 GC heap after
Heap after GC invocations=5 (full 0):
 PSYoungGen      total 70656K, used 5824K [0x00000007aaa80000, 0x00000007af680000, 0x0000000800000000)
  eden space 64512K, 0% used [0x00000007aaa80000,0x00000007aaa80000,0x00000007ae980000)
  from space 6144K, 94% used [0x00000007aeb00000,0x00000007af0b0130,0x00000007af100000)
  to   space 5632K, 0% used [0x00000007af100000,0x00000007af100000,0x00000007af680000)
 ParOldGen       total 235008K, used 180054K [0x0000000700000000, 0x000000070e580000, 0x00000007aaa80000)
  object space 235008K, 76% used [0x0000000700000000,0x000000070afd5bc8,0x000000070e580000)
 PSPermGen       total 21504K, used 11774K [0x00000006fae00000, 0x00000006fc300000, 0x0000000700000000)
  object space 21504K, 54% used [0x00000006fae00000,0x00000006fb97f860,0x00000006fc300000)
}
Event: 323.250 GC heap before
{Heap before GC invocations=6 (full 0):
 PSYoungGen      total 70656K, used 70336K [0x00000007aaa80000, 0x00000007af680000, 0x0000000800000000)
  eden space 64512K, 100% used [0x00000007aaa80000,0x00000007ae980000,0x00000007ae980000)
  from space 6144K, 94% used [0x00000007aeb00000,0x00000007af0b0130,0x00000007af100000)
  to   space 5632K, 0% used [0x00000007af100000,0x00000007af100000,0x00000007af680000)
 ParOldGen       total 235008K, used 180054K [0x0000000700000000, 0x000000070e580000, 0x00000007aaa80000)
  object space 235008K, 76% used [0x0000000700000000,0x000000070afd5bc8,0x000000070e580000)
 PSPermGen       total 21504K, used 11807K [0x00000006fae00000, 0x00000006fc300000, 0x0000000700000000)
  object space 21504K, 54% used [0x00000006fae00000,0x00000006fb987e00,0x00000006fc300000)
Event: 323.255 GC heap after
Heap after GC invocations=6 (full 0):
 PSYoungGen      total 68608K, used 5616K [0x00000007aaa80000, 0x00000007af680000, 0x0000000800000000)
  eden space 62976K, 0% used [0x00000007aaa80000,0x00000007aaa80000,0x00000007ae800000)
  from space 5632K, 99% used [0x00000007af100000,0x00000007af67c130,0x00000007af680000)
  to   space 6656K, 0% used [0x00000007ae980000,0x00000007ae980000,0x00000007af000000)
 ParOldGen       total 235008K, used 180214K [0x0000000700000000, 0x000000070e580000, 0x00000007aaa80000)
  object space 235008K, 76% used [0x0000000700000000,0x000000070affdbd8,0x000000070e580000)
 PSPermGen       total 21504K, used 11807K [0x00000006fae00000, 0x00000006fc300000, 0x0000000700000000)
  object space 21504K, 54% used [0x00000006fae00000,0x00000006fb987e00,0x00000006fc300000)
}

Deoptimization events (10 events):
Event: 94.899 Thread 0x00007f9519009800 Uncommon trap: reason=class_check action=maybe_recompile pc=0x00000001031e7cb4 method=org.eclipse.swt.widgets.Display.windowProc(JJ)J @ 439
Event: 176.901 Thread 0x00007f9519009800 Uncommon trap: reason=class_check action=maybe_recompile pc=0x000000010324ad2c method=org.eclipse.swt.widgets.Display.windowProc(JJJJJ)J @ 365
Event: 187.595 Thread 0x00007f9519009800 Uncommon trap: reason=unreached action=reinterpret pc=0x00000001032585ec method=org.eclipse.swt.graphics.Resource.dispose()V @ 4
Event: 195.961 Thread 0x00007f9519009800 Uncommon trap: reason=class_check action=maybe_recompile pc=0x000000010324f254 method=org.eclipse.swt.widgets.Display.removeWidget(Lorg/eclipse/swt/internal/cocoa/NSObject;)Lorg/eclipse/swt/widgets/Widget; @ 87
Event: 195.961 Thread 0x00007f9519009800 Uncommon trap: reason=class_check action=maybe_recompile pc=0x000000010324f254 method=org.eclipse.swt.widgets.Display.removeWidget(Lorg/eclipse/swt/internal/cocoa/NSObject;)Lorg/eclipse/swt/widgets/Widget; @ 87
Event: 195.961 Thread 0x00007f9519009800 Uncommon trap: reason=class_check action=maybe_recompile pc=0x000000010324f254 method=org.eclipse.swt.widgets.Display.removeWidget(Lorg/eclipse/swt/internal/cocoa/NSObject;)Lorg/eclipse/swt/widgets/Widget; @ 87
Event: 195.961 Thread 0x00007f9519009800 Uncommon trap: reason=class_check action=maybe_recompile pc=0x000000010324f254 method=org.eclipse.swt.widgets.Display.removeWidget(Lorg/eclipse/swt/internal/cocoa/NSObject;)Lorg/eclipse/swt/widgets/Widget; @ 87
Event: 214.330 Thread 0x00007f9519009800 Uncommon trap: reason=predicate action=maybe_recompile pc=0x0000000103238cc8 method=java.util.Vector.indexOf(Ljava/lang/Object;I)I @ 44
Event: 216.020 Thread 0x00007f9519009800 Uncommon trap: reason=unreached action=reinterpret pc=0x0000000103259c14 method=org.eclipse.swt.widgets.Display._getFocusControl(Lorg/eclipse/swt/internal/cocoa/NSWindow;)Lorg/eclipse/swt/widgets/Control; @ 1
Event: 222.713 Thread 0x00007f9519009800 Uncommon trap: reason=class_check action=maybe_recompile pc=0x000000010324ad2c method=org.eclipse.swt.widgets.Display.windowProc(JJJJJ)J @ 365

Internal exceptions (10 events):
Event: 187.583 Thread 0x00007f951a9db800 Threw 0x00000007add8cf50 at /HUDSON/workspace/7u-2-build-macosx-x86_64/jdk7u67/1368/hotspot/src/share/vm/prims/jvm.cpp:1244
Event: 187.645 Thread 0x00007f951a9db800 Threw 0x00000007add91bb0 at /HUDSON/workspace/7u-2-build-macosx-x86_64/jdk7u67/1368/hotspot/src/share/vm/prims/jvm.cpp:1244
Event: 187.663 Thread 0x00007f951a9db800 Threw 0x00000007add967e0 at /HUDSON/workspace/7u-2-build-macosx-x86_64/jdk7u67/1368/hotspot/src/share/vm/prims/jvm.cpp:1244
Event: 188.226 Thread 0x00007f951a9db800 Threw 0x00000007ae4b20e0 at /HUDSON/workspace/7u-2-build-macosx-x86_64/jdk7u67/1368/hotspot/src/share/vm/prims/jvm.cpp:1244
Event: 188.245 Thread 0x00007f951a9db800 Threw 0x00000007ae4b71d0 at /HUDSON/workspace/7u-2-build-macosx-x86_64/jdk7u67/1368/hotspot/src/share/vm/prims/jvm.cpp:1244
Event: 191.846 Thread 0x00007f951a9db800 Threw 0x00000007ae4e26d8 at /HUDSON/workspace/7u-2-build-macosx-x86_64/jdk7u67/1368/hotspot/src/share/vm/prims/jvm.cpp:1244
Event: 195.928 Thread 0x00007f951a9db800 Threw 0x00000007aab074b8 at /HUDSON/workspace/7u-2-build-macosx-x86_64/jdk7u67/1368/hotspot/src/share/vm/prims/jvm.cpp:1244
Event: 195.962 Thread 0x00007f951a9db800 Threw 0x00000007aab0c068 at /HUDSON/workspace/7u-2-build-macosx-x86_64/jdk7u67/1368/hotspot/src/share/vm/prims/jvm.cpp:1244
Event: 214.330 Thread 0x00007f9519009800 Threw 0x00000007ac1ade00 at /HUDSON/workspace/7u-2-build-macosx-x86_64/jdk7u67/1368/hotspot/src/share/vm/prims/jvm.cpp:1244
Event: 216.020 Thread 0x00007f9519009800 Implicit null exception at 0x00000001032597ac to 0x0000000103259c05

Events (10 events):
Event: 661.024 Thread 0x00007f9521801800 Thread added: 0x00007f9521801800
Event: 661.024 loading class 0x00007f951a162aa0
Event: 661.024 loading class 0x00007f951a162aa0 done
Event: 661.025 loading class 0x00007f951a162be0
Event: 661.025 loading class 0x00007f951a162c10
Event: 661.025 loading class 0x00007f951a162c10 done
Event: 661.025 loading class 0x00007f951a162be0 done
Event: 661.025 Thread 0x00007f9521214000 Thread added: 0x00007f9521214000
Event: 661.025 Thread 0x00007f9521214000 Thread exited: 0x00007f9521214000
Event: 661.025 Executing VM operation: Exit


Dynamic libraries:
0x000000000d155000 	/System/Library/Frameworks/Cocoa.framework/Versions/A/Cocoa
0x000000000d155000 	/System/Library/Frameworks/Security.framework/Versions/A/Security
0x000000000d155000 	/System/Library/Frameworks/ApplicationServices.framework/Versions/A/ApplicationServices
0x000000000d155000 	/usr/lib/libz.1.dylib
0x000000000d155000 	/usr/lib/libSystem.B.dylib
0x000000000d155000 	/usr/lib/libobjc.A.dylib
0x000000000d155000 	/System/Library/Frameworks/CoreFoundation.framework/Versions/A/CoreFoundation
0x000000000d155000 	/System/Library/Frameworks/Foundation.framework/Versions/C/Foundation
0x000000000d155000 	/System/Library/Frameworks/AppKit.framework/Versions/C/AppKit
0x000000000d155000 	/System/Library/Frameworks/CoreData.framework/Versions/A/CoreData
0x000000000d155000 	/System/Library/PrivateFrameworks/RemoteViewServices.framework/Versions/A/RemoteViewServices
0x000000000d155000 	/System/Library/PrivateFrameworks/UIFoundation.framework/Versions/A/UIFoundation
0x000000000d155000 	/System/Library/Frameworks/IOSurface.framework/Versions/A/IOSurface
0x000000000d155000 	/System/Library/Frameworks/AudioToolbox.framework/Versions/A/AudioToolbox
0x000000000d155000 	/System/Library/Frameworks/AudioUnit.framework/Versions/A/AudioUnit
0x000000000d155000 	/System/Library/PrivateFrameworks/DataDetectorsCore.framework/Versions/A/DataDetectorsCore
0x000000000d155000 	/System/Library/PrivateFrameworks/DesktopServicesPriv.framework/Versions/A/DesktopServicesPriv
0x000000000d155000 	/System/Library/Frameworks/Carbon.framework/Versions/A/Frameworks/HIToolbox.framework/Versions/A/HIToolbox
0x000000000d155000 	/System/Library/Frameworks/QuartzCore.framework/Versions/A/QuartzCore
0x000000000d155000 	/System/Library/Frameworks/Carbon.framework/Versions/A/Frameworks/SpeechRecognition.framework/Versions/A/SpeechRecognition
0x000000000d155000 	/usr/lib/libauto.dylib
0x000000000d155000 	/usr/lib/libicucore.A.dylib
0x000000000d155000 	/usr/lib/libxml2.2.dylib
0x000000000d155000 	/System/Library/PrivateFrameworks/CoreUI.framework/Versions/A/CoreUI
0x000000000d155000 	/System/Library/Frameworks/CoreAudio.framework/Versions/A/CoreAudio
0x000000000d155000 	/System/Library/Frameworks/DiskArbitration.framework/Versions/A/DiskArbitration
0x000000000d155000 	/usr/lib/liblangid.dylib
0x000000000d155000 	/System/Library/PrivateFrameworks/MultitouchSupport.framework/Versions/A/MultitouchSupport
0x000000000d155000 	/System/Library/Frameworks/IOKit.framework/Versions/A/IOKit
0x000000000d155000 	/usr/lib/libDiagnosticMessagesClient.dylib
0x000000000d155000 	/System/Library/Frameworks/CoreServices.framework/Versions/A/CoreServices
0x000000000d155000 	/System/Library/PrivateFrameworks/PerformanceAnalysis.framework/Versions/A/PerformanceAnalysis
0x000000000d155000 	/System/Library/PrivateFrameworks/GenerationalStorage.framework/Versions/A/GenerationalStorage
0x000000000d155000 	/System/Library/Frameworks/OpenGL.framework/Versions/A/OpenGL
0x000000000d155000 	/System/Library/PrivateFrameworks/Sharing.framework/Versions/A/Sharing
0x000000000d155000 	/System/Library/Frameworks/CoreGraphics.framework/Versions/A/CoreGraphics
0x000000000d155000 	/System/Library/Frameworks/CoreText.framework/Versions/A/CoreText
0x000000000d155000 	/System/Library/Frameworks/ImageIO.framework/Versions/A/ImageIO
0x000000000d155000 	/usr/lib/libextension.dylib
0x000000000d155000 	/System/Library/PrivateFrameworks/Backup.framework/Versions/A/Backup
0x000000000d155000 	/usr/lib/libarchive.2.dylib
0x000000000d155000 	/System/Library/Frameworks/CFNetwork.framework/Versions/A/CFNetwork
0x000000000d155000 	/System/Library/Frameworks/SystemConfiguration.framework/Versions/A/SystemConfiguration
0x000000000d155000 	/usr/lib/libCRFSuite.dylib
0x000000000d155000 	/usr/lib/libc++.1.dylib
0x000000000d155000 	/usr/lib/libc++abi.dylib
0x000000000d155000 	/usr/lib/system/libcache.dylib
0x000000000d155000 	/usr/lib/system/libcommonCrypto.dylib
0x000000000d155000 	/usr/lib/system/libcompiler_rt.dylib
0x000000000d155000 	/usr/lib/system/libcopyfile.dylib
0x000000000d155000 	/usr/lib/system/libcorecrypto.dylib
0x000000000d155000 	/usr/lib/system/libdispatch.dylib
0x000000000d155000 	/usr/lib/system/libdyld.dylib
0x000000000d155000 	/usr/lib/system/libkeymgr.dylib
0x000000000d155000 	/usr/lib/system/liblaunch.dylib
0x000000000d155000 	/usr/lib/system/libmacho.dylib
0x000000000d155000 	/usr/lib/system/libquarantine.dylib
0x000000000d155000 	/usr/lib/system/libremovefile.dylib
0x000000000d155000 	/usr/lib/system/libsystem_asl.dylib
0x000000000d155000 	/usr/lib/system/libsystem_blocks.dylib
0x000000000d155000 	/usr/lib/system/libsystem_c.dylib
0x000000000d155000 	/usr/lib/system/libsystem_configuration.dylib
0x000000000d155000 	/usr/lib/system/libsystem_coreservices.dylib
0x000000000d155000 	/usr/lib/system/libsystem_coretls.dylib
0x000000000d155000 	/usr/lib/system/libsystem_dnssd.dylib
0x000000000d155000 	/usr/lib/system/libsystem_info.dylib
0x000000000d155000 	/usr/lib/system/libsystem_kernel.dylib
0x000000000d155000 	/usr/lib/system/libsystem_m.dylib
0x000000000d155000 	/usr/lib/system/libsystem_malloc.dylib
0x000000000d155000 	/usr/lib/system/libsystem_network.dylib
0x000000000d155000 	/usr/lib/system/libsystem_networkextension.dylib
0x000000000d155000 	/usr/lib/system/libsystem_notify.dylib
0x000000000d155000 	/usr/lib/system/libsystem_platform.dylib
0x000000000d155000 	/usr/lib/system/libsystem_pthread.dylib
0x000000000d155000 	/usr/lib/system/libsystem_sandbox.dylib
0x000000000d155000 	/usr/lib/system/libsystem_secinit.dylib
0x000000000d155000 	/usr/lib/system/libsystem_stats.dylib
0x000000000d155000 	/usr/lib/system/libsystem_trace.dylib
0x000000000d155000 	/usr/lib/system/libunc.dylib
0x000000000d155000 	/usr/lib/system/libunwind.dylib
0x000000000d155000 	/usr/lib/system/libxpc.dylib
0x000000000d155000 	/usr/lib/libbz2.1.0.dylib
0x000000000d155000 	/usr/lib/liblzma.5.dylib
0x000000000d155000 	/usr/lib/libbsm.0.dylib
0x000000000d155000 	/usr/lib/libsqlite3.dylib
0x000000000d155000 	/usr/lib/system/libkxld.dylib
0x000000000d155000 	/usr/lib/libxar.1.dylib
0x000000000d155000 	/usr/lib/libpam.2.dylib
0x000000000d155000 	/usr/lib/libOpenScriptingUtil.dylib
0x000000000d155000 	/System/Library/Frameworks/CoreServices.framework/Versions/A/Frameworks/FSEvents.framework/Versions/A/FSEvents
0x000000000d155000 	/System/Library/Frameworks/CoreServices.framework/Versions/A/Frameworks/CarbonCore.framework/Versions/A/CarbonCore
0x000000000d155000 	/System/Library/Frameworks/CoreServices.framework/Versions/A/Frameworks/Metadata.framework/Versions/A/Metadata
0x000000000d155000 	/System/Library/Frameworks/CoreServices.framework/Versions/A/Frameworks/OSServices.framework/Versions/A/OSServices
0x000000000d155000 	/System/Library/Frameworks/CoreServices.framework/Versions/A/Frameworks/SearchKit.framework/Versions/A/SearchKit
0x000000000d155000 	/System/Library/Frameworks/CoreServices.framework/Versions/A/Frameworks/AE.framework/Versions/A/AE
0x000000000d155000 	/System/Library/Frameworks/CoreServices.framework/Versions/A/Frameworks/LaunchServices.framework/Versions/A/LaunchServices
0x000000000d155000 	/System/Library/Frameworks/CoreServices.framework/Versions/A/Frameworks/DictionaryServices.framework/Versions/A/DictionaryServices
0x000000000d155000 	/System/Library/Frameworks/NetFS.framework/Versions/A/NetFS
0x000000000d155000 	/System/Library/PrivateFrameworks/NetAuth.framework/Versions/A/NetAuth
0x000000000d155000 	/System/Library/PrivateFrameworks/login.framework/Versions/A/Frameworks/loginsupport.framework/Versions/A/loginsupport
0x000000000d155000 	/System/Library/PrivateFrameworks/TCC.framework/Versions/A/TCC
0x000000000d155000 	/usr/lib/libmecabra.dylib
0x000000000d155000 	/System/Library/PrivateFrameworks/LanguageModeling.framework/Versions/A/LanguageModeling
0x000000000d155000 	/usr/lib/libcmph.dylib
0x000000000d155000 	/usr/lib/libiconv.2.dylib
0x000000000d155000 	/System/Library/Frameworks/OpenDirectory.framework/Versions/A/Frameworks/CFOpenDirectory.framework/Versions/A/CFOpenDirectory
0x000000000d155000 	/System/Library/Frameworks/ServiceManagement.framework/Versions/A/ServiceManagement
0x000000000d155000 	/usr/lib/libxslt.1.dylib
0x000000000d155000 	/System/Library/Frameworks/Carbon.framework/Versions/A/Frameworks/Ink.framework/Versions/A/Ink
0x000000000d155000 	/System/Library/Frameworks/ApplicationServices.framework/Versions/A/Frameworks/ATS.framework/Versions/A/ATS
0x000000000d155000 	/System/Library/Frameworks/ApplicationServices.framework/Versions/A/Frameworks/ColorSync.framework/Versions/A/ColorSync
0x000000000d155000 	/System/Library/Frameworks/ApplicationServices.framework/Versions/A/Frameworks/HIServices.framework/Versions/A/HIServices
0x000000000d155000 	/System/Library/Frameworks/ApplicationServices.framework/Versions/A/Frameworks/LangAnalysis.framework/Versions/A/LangAnalysis
0x000000000d155000 	/System/Library/Frameworks/ApplicationServices.framework/Versions/A/Frameworks/PrintCore.framework/Versions/A/PrintCore
0x000000000d155000 	/System/Library/Frameworks/ApplicationServices.framework/Versions/A/Frameworks/QD.framework/Versions/A/QD
0x000000000d155000 	/System/Library/Frameworks/ApplicationServices.framework/Versions/A/Frameworks/SpeechSynthesis.framework/Versions/A/SpeechSynthesis
0x000000000d155000 	/System/Library/Frameworks/Accelerate.framework/Versions/A/Accelerate
0x000000000d155000 	/System/Library/Frameworks/Accelerate.framework/Versions/A/Frameworks/vImage.framework/Versions/A/vImage
0x000000000d155000 	/System/Library/Frameworks/Accelerate.framework/Versions/A/Frameworks/vecLib.framework/Versions/A/vecLib
0x000000000d155000 	/System/Library/Frameworks/Accelerate.framework/Versions/A/Frameworks/vecLib.framework/Versions/A/libvDSP.dylib
0x000000000d155000 	/System/Library/Frameworks/Accelerate.framework/Versions/A/Frameworks/vecLib.framework/Versions/A/libvMisc.dylib
0x000000000d155000 	/System/Library/Frameworks/Accelerate.framework/Versions/A/Frameworks/vecLib.framework/Versions/A/libLAPACK.dylib
0x000000000d155000 	/System/Library/Frameworks/Accelerate.framework/Versions/A/Frameworks/vecLib.framework/Versions/A/libBLAS.dylib
0x000000000d155000 	/System/Library/Frameworks/Accelerate.framework/Versions/A/Frameworks/vecLib.framework/Versions/A/libLinearAlgebra.dylib
0x000000000d155000 	/System/Library/Frameworks/ApplicationServices.framework/Versions/A/Frameworks/ATS.framework/Versions/A/Resources/libFontParser.dylib
0x000000000d155000 	/System/Library/Frameworks/ApplicationServices.framework/Versions/A/Frameworks/ATS.framework/Versions/A/Resources/libFontRegistry.dylib
0x000000000d155000 	/System/Library/PrivateFrameworks/AppleVPA.framework/Versions/A/AppleVPA
0x000000000d155000 	/System/Library/PrivateFrameworks/AppleJPEG.framework/Versions/A/AppleJPEG
0x000000000d155000 	/System/Library/Frameworks/ImageIO.framework/Versions/A/Resources/libJPEG.dylib
0x000000000d155000 	/System/Library/Frameworks/ImageIO.framework/Versions/A/Resources/libTIFF.dylib
0x000000000d155000 	/System/Library/Frameworks/ImageIO.framework/Versions/A/Resources/libPng.dylib
0x000000000d155000 	/System/Library/Frameworks/ImageIO.framework/Versions/A/Resources/libGIF.dylib
0x000000000d155000 	/System/Library/Frameworks/ImageIO.framework/Versions/A/Resources/libJP2.dylib
0x000000000d155000 	/System/Library/Frameworks/ImageIO.framework/Versions/A/Resources/libRadiance.dylib
0x000000000d155000 	/System/Library/Frameworks/CoreVideo.framework/Versions/A/CoreVideo
0x000000000d155000 	/System/Library/Frameworks/OpenGL.framework/Versions/A/Libraries/libGLU.dylib
0x000000000d155000 	/System/Library/Frameworks/OpenGL.framework/Versions/A/Libraries/libGFXShared.dylib
0x000000000d155000 	/System/Library/Frameworks/OpenGL.framework/Versions/A/Libraries/libGL.dylib
0x000000000d155000 	/System/Library/Frameworks/OpenGL.framework/Versions/A/Libraries/libGLImage.dylib
0x000000000d155000 	/System/Library/Frameworks/OpenGL.framework/Versions/A/Libraries/libCVMSPluginSupport.dylib
0x000000000d155000 	/System/Library/Frameworks/OpenGL.framework/Versions/A/Libraries/libCoreVMClient.dylib
0x000000000d155000 	/usr/lib/libcups.2.dylib
0x000000000d155000 	/System/Library/Frameworks/Kerberos.framework/Versions/A/Kerberos
0x000000000d155000 	/System/Library/Frameworks/GSS.framework/Versions/A/GSS
0x000000000d155000 	/usr/lib/libresolv.9.dylib
0x000000000d155000 	/System/Library/PrivateFrameworks/Heimdal.framework/Versions/A/Heimdal
0x000000000d155000 	/usr/lib/libheimdal-asn1.dylib
0x000000000d155000 	/System/Library/Frameworks/OpenDirectory.framework/Versions/A/OpenDirectory
0x000000000d155000 	/System/Library/PrivateFrameworks/CommonAuth.framework/Versions/A/CommonAuth
0x000000000d155000 	/System/Library/Frameworks/SecurityFoundation.framework/Versions/A/SecurityFoundation
0x000000000d155000 	/System/Library/Frameworks/QuartzCore.framework/Versions/A/Frameworks/CoreImage.framework/Versions/A/CoreImage
0x000000000d155000 	/System/Library/PrivateFrameworks/CrashReporterSupport.framework/Versions/A/CrashReporterSupport
0x000000000d155000 	/System/Library/Frameworks/OpenCL.framework/Versions/A/OpenCL
0x000000000d155000 	/System/Library/PrivateFrameworks/FaceCore.framework/Versions/A/FaceCore
0x000000000d155000 	/System/Library/PrivateFrameworks/Ubiquity.framework/Versions/A/Ubiquity
0x000000000d155000 	/System/Library/PrivateFrameworks/IconServices.framework/Versions/A/IconServices
0x000000000d155000 	/System/Library/PrivateFrameworks/ChunkingLibrary.framework/Versions/A/ChunkingLibrary
0x000000000d155000 	/System/Library/PrivateFrameworks/Apple80211.framework/Versions/A/Apple80211
0x000000000d155000 	/System/Library/Frameworks/CoreWLAN.framework/Versions/A/CoreWLAN
0x000000000d155000 	/System/Library/Frameworks/IOBluetooth.framework/Versions/A/IOBluetooth
0x000000000d155000 	/System/Library/PrivateFrameworks/CoreWiFi.framework/Versions/A/CoreWiFi
0x000000000d155000 	/System/Library/Frameworks/CoreBluetooth.framework/Versions/A/CoreBluetooth
0x000000000d155000 	/System/Library/PrivateFrameworks/DebugSymbols.framework/Versions/A/DebugSymbols
0x000000000d155000 	/System/Library/PrivateFrameworks/CoreSymbolication.framework/Versions/A/CoreSymbolication
0x000000000d155000 	/System/Library/PrivateFrameworks/Symbolication.framework/Versions/A/Symbolication
0x000000000d155000 	/System/Library/PrivateFrameworks/SpeechRecognitionCore.framework/Versions/A/SpeechRecognitionCore
0x0000000102600000 	/Library/Java/JavaVirtualMachines/jdk1.7.0_67.jdk/Contents/Home/jre/lib/server/libjvm.dylib
0x000000000d155000 	/usr/lib/libstdc++.6.dylib
0x000000010148a000 	/Library/Java/JavaVirtualMachines/jdk1.7.0_67.jdk/Contents/Home/jre/lib/libverify.dylib
0x0000000101497000 	/Library/Java/JavaVirtualMachines/jdk1.7.0_67.jdk/Contents/Home/jre/lib/libjava.dylib
0x00000001014d0000 	/Library/Java/JavaVirtualMachines/jdk1.7.0_67.jdk/Contents/Home/jre/lib/libzip.dylib
0x000000011231a000 	/System/Library/Frameworks/JavaVM.framework/Frameworks/JavaRuntimeSupport.framework/JavaRuntimeSupport
0x00000001015eb000 	/System/Library/Frameworks/JavaVM.framework/Versions/A/Frameworks/JavaNativeFoundation.framework/Versions/A/JavaNativeFoundation
0x0000000112330000 	/System/Library/Frameworks/JavaVM.framework/Versions/A/JavaVM
0x000000000d155000 	/System/Library/Frameworks/Carbon.framework/Versions/A/Carbon
0x000000011233c000 	/System/Library/PrivateFrameworks/JavaLaunching.framework/Versions/A/JavaLaunching
0x000000000d155000 	/System/Library/Frameworks/Carbon.framework/Versions/A/Frameworks/CommonPanels.framework/Versions/A/CommonPanels
0x000000000d155000 	/System/Library/Frameworks/Carbon.framework/Versions/A/Frameworks/Help.framework/Versions/A/Help
0x000000000d155000 	/System/Library/Frameworks/Carbon.framework/Versions/A/Frameworks/ImageCapture.framework/Versions/A/ImageCapture
0x000000000d155000 	/System/Library/Frameworks/Carbon.framework/Versions/A/Frameworks/OpenScripting.framework/Versions/A/OpenScripting
0x000000000d155000 	/System/Library/Frameworks/Carbon.framework/Versions/A/Frameworks/Print.framework/Versions/A/Print
0x000000000d155000 	/System/Library/Frameworks/Carbon.framework/Versions/A/Frameworks/SecurityHI.framework/Versions/A/SecurityHI
0x000000011441d000 	/Users/tony/.swt/lib/macosx/x86_64/libswt-cocoa-4509.jnilib
0x000000000d155000 	/System/Library/Frameworks/WebKit.framework/Versions/A/WebKit
0x000000000d155000 	/System/Library/Frameworks/JavaScriptCore.framework/Versions/A/JavaScriptCore
0x000000000d155000 	/System/Library/Frameworks/SecurityInterface.framework/Versions/A/SecurityInterface
0x000000000d155000 	/System/Library/Frameworks/WebKit.framework/Versions/A/Frameworks/WebKitLegacy.framework/Versions/A/WebKitLegacy
0x000000000d155000 	/System/Library/Frameworks/WebKit.framework/Versions/A/Frameworks/WebCore.framework/Versions/A/WebCore
0x000000011446a000 	/Users/tony/.swt/lib/macosx/x86_64/libswt-pi-cocoa-4509.jnilib
0x000000000d155000 	/System/Library/PrivateFrameworks/CoreServicesInternal.framework/Versions/A/CoreServicesInternal
0x000000000d155000 	/System/Library/PrivateFrameworks/CloudDocs.framework/Versions/A/CloudDocs
0x000000000d155000 	/System/Library/PrivateFrameworks/CoreDuet.framework/Versions/A/CoreDuet
0x000000000d155000 	/System/Library/Frameworks/CloudKit.framework/Versions/A/CloudKit
0x000000000d155000 	/System/Library/PrivateFrameworks/ProtocolBuffer.framework/Versions/A/ProtocolBuffer
0x000000000d155000 	/System/Library/PrivateFrameworks/CoreDuetDaemonProtocol.framework/Versions/A/CoreDuetDaemonProtocol
0x000000000d155000 	/System/Library/PrivateFrameworks/CoreDuetDebugLogging.framework/Versions/A/CoreDuetDebugLogging
0x000000000d155000 	/System/Library/Frameworks/CoreLocation.framework/Versions/A/CoreLocation
0x000000000d155000 	/System/Library/Frameworks/Accounts.framework/Versions/A/Accounts
0x000000000d155000 	/System/Library/PrivateFrameworks/ApplePushService.framework/Versions/A/ApplePushService
0x000000000d155000 	/System/Library/PrivateFrameworks/GeoServices.framework/Versions/A/GeoServices
0x000000000d155000 	/System/Library/PrivateFrameworks/OAuth.framework/Versions/A/OAuth
0x000000000d155000 	/System/Library/PrivateFrameworks/CoreDaemon.framework/Versions/B/CoreDaemon
0x000000000d155000 	/usr/lib/libcrypto.0.9.8.dylib
0x000000000d155000 	/System/Library/PrivateFrameworks/AppleSRP.framework/Versions/A/AppleSRP
0x000000000d155000 	/System/Library/PrivateFrameworks/TrustEvaluationAgent.framework/Versions/A/TrustEvaluationAgent
0x000000000d155000 	/System/Library/Frameworks/CoreGraphics.framework/Versions/A/Resources/libCGCMS.A.dylib
0x000000000d155000 	/System/Library/Frameworks/CoreGraphics.framework/Versions/A/Resources/libCGXType.A.dylib
0x000000000d155000 	/System/Library/Frameworks/CoreGraphics.framework/Versions/A/Resources/libRIP.A.dylib
0x000000000d155000 	/System/Library/PrivateFrameworks/FinderKit.framework/Versions/A/FinderKit
0x000000000d155000 	/System/Library/PrivateFrameworks/Suggestions.framework/Versions/A/Suggestions
0x000000000d155000 	/System/Library/Frameworks/Quartz.framework/Versions/A/Frameworks/QuickLookUI.framework/Versions/A/QuickLookUI
0x000000000d155000 	/System/Library/Frameworks/Quartz.framework/Versions/A/Frameworks/ImageKit.framework/Versions/A/ImageKit
0x000000000d155000 	/System/Library/PrivateFrameworks/Bom.framework/Versions/A/Bom
0x000000000d155000 	/System/Library/Frameworks/QuickLook.framework/Versions/A/QuickLook
0x000000000d155000 	/System/Library/PrivateFrameworks/SystemAdministration.framework/Versions/A/SystemAdministration
0x000000000d155000 	/System/Library/PrivateFrameworks/DiskImages.framework/Versions/A/DiskImages
0x000000000d155000 	/System/Library/PrivateFrameworks/AppleSystemInfo.framework/Versions/A/AppleSystemInfo
0x000000000d155000 	/System/Library/Frameworks/ImageCaptureCore.framework/Versions/A/ImageCaptureCore
0x000000000d155000 	/System/Library/Frameworks/AddressBook.framework/Versions/A/AddressBook
0x000000000d155000 	/System/Library/PrivateFrameworks/IntlPreferences.framework/Versions/A/IntlPreferences
0x000000000d155000 	/System/Library/PrivateFrameworks/ToneLibrary.framework/Versions/A/ToneLibrary
0x000000000d155000 	/System/Library/PrivateFrameworks/ToneKit.framework/Versions/A/ToneKit
0x000000000d155000 	/System/Library/PrivateFrameworks/vCard.framework/Versions/A/vCard
0x000000000d155000 	/System/Library/PrivateFrameworks/ContactsData.framework/Versions/A/ContactsData
0x000000000d155000 	/System/Library/PrivateFrameworks/ContactsFoundation.framework/Versions/A/ContactsFoundation
0x000000000d155000 	/System/Library/Frameworks/DirectoryService.framework/Versions/A/DirectoryService
0x000000000d155000 	/System/Library/PrivateFrameworks/PhoneNumbers.framework/Versions/A/PhoneNumbers
0x000000000d155000 	/System/Library/Frameworks/Quartz.framework/Versions/A/Quartz
0x000000000d155000 	/System/Library/Frameworks/LDAP.framework/Versions/A/LDAP
0x000000000d155000 	/System/Library/Frameworks/AVFoundation.framework/Versions/A/AVFoundation
0x000000000d155000 	/System/Library/Frameworks/AVFoundation.framework/Versions/A/Resources/libAVFAudio.dylib
0x000000000d155000 	/System/Library/Frameworks/CoreMedia.framework/Versions/A/CoreMedia
0x000000000d155000 	/System/Library/Frameworks/MediaToolbox.framework/Versions/A/MediaToolbox
0x000000000d155000 	/System/Library/Frameworks/VideoToolbox.framework/Versions/A/VideoToolbox
0x000000000d155000 	/System/Library/Frameworks/CoreMediaIO.framework/Versions/A/CoreMediaIO
0x000000000d155000 	/System/Library/PrivateFrameworks/MediaControlSender.framework/Versions/A/MediaControlSender
0x000000000d155000 	/System/Library/PrivateFrameworks/CoreAVCHD.framework/Versions/A/CoreAVCHD
0x000000000d155000 	/System/Library/Frameworks/MediaAccessibility.framework/Versions/A/MediaAccessibility
0x000000000d155000 	/System/Library/PrivateFrameworks/Mangrove.framework/Versions/A/Mangrove
0x000000000d155000 	/System/Library/PrivateFrameworks/CoreAUC.framework/Versions/A/CoreAUC
0x000000000d155000 	/System/Library/PrivateFrameworks/NetworkStatistics.framework/Versions/A/NetworkStatistics
0x000000000d155000 	/System/Library/PrivateFrameworks/AirPlaySupport.framework/Versions/A/AirPlaySupport
0x000000000d155000 	/System/Library/PrivateFrameworks/CoreUtils.framework/Versions/A/CoreUtils
0x000000000d155000 	/System/Library/PrivateFrameworks/AppleVA.framework/Versions/A/AppleVA
0x000000000d155000 	/System/Library/PrivateFrameworks/XPCService.framework/Versions/A/XPCService
0x000000000d155000 	/System/Library/PrivateFrameworks/AppSandbox.framework/Versions/A/AppSandbox
0x000000000d155000 	/usr/lib/libsandbox.1.dylib
0x000000000d155000 	/System/Library/PrivateFrameworks/AppContainer.framework/Versions/A/AppContainer
0x000000000d155000 	/System/Library/PrivateFrameworks/SecCodeWrapper.framework/Versions/A/SecCodeWrapper
0x000000000d155000 	/usr/lib/libMatch.1.dylib
0x000000000d155000 	/usr/lib/libspindump.dylib
0x000000000d155000 	/System/Library/Frameworks/QTKit.framework/Versions/A/QTKit
0x000000000d155000 	/System/Library/PrivateFrameworks/CoreMediaAuthoring.framework/Versions/A/CoreMediaAuthoring
0x000000000d155000 	/System/Library/Frameworks/Quartz.framework/Versions/A/Frameworks/QuartzComposer.framework/Versions/A/QuartzComposer
0x000000000d155000 	/System/Library/Frameworks/Quartz.framework/Versions/A/Frameworks/PDFKit.framework/Versions/A/PDFKit
0x000000000d155000 	/System/Library/Frameworks/Quartz.framework/Versions/A/Frameworks/QuartzFilters.framework/Versions/A/QuartzFilters
0x000000000d155000 	/System/Library/PrivateFrameworks/CorePDF.framework/Versions/A/CorePDF
0x000000000d155000 	/System/Library/PrivateFrameworks/DisplayServices.framework/Versions/A/DisplayServices
0x000000000d155000 	/usr/lib/libsasl2.2.dylib
0x000000000d155000 	/System/Library/PrivateFrameworks/AppleFSCompression.framework/Versions/A/AppleFSCompression
0x000000000d155000 	/System/Library/PrivateFrameworks/LoginUIKit.framework/Versions/A/Frameworks/LoginUICore.framework/Versions/A/LoginUICore
0x000000000d155000 	/usr/lib/libCoreStorage.dylib
0x000000000d155000 	/usr/lib/libcsfde.dylib
0x000000000d155000 	/usr/lib/libodfde.dylib
0x000000000d155000 	/System/Library/Frameworks/DiscRecording.framework/Versions/A/DiscRecording
0x000000000d155000 	/usr/lib/libcurl.4.dylib
0x000000000d155000 	/System/Library/PrivateFrameworks/MediaKit.framework/Versions/A/MediaKit
0x000000000d155000 	/System/Library/PrivateFrameworks/ProtectedCloudStorage.framework/Versions/A/ProtectedCloudStorage
0x000000000d155000 	/System/Library/PrivateFrameworks/EFILogin.framework/Versions/A/EFILogin
0x000000000d155000 	/usr/lib/libutil.dylib
0x000000000d155000 	/System/Library/PrivateFrameworks/FindMyDevice.framework/Versions/A/FindMyDevice
0x0000000116d53000 	/System/Library/PrivateFrameworks/CacheDelete.framework/CacheDelete
0x000000000d155000 	/System/Library/PrivateFrameworks/PlugInKit.framework/Versions/A/PlugInKit
0x0000000116d73000 	/System/Library/PrivateFrameworks/FileProvider.framework/FileProvider
0x000000000d155000 	/System/Library/Frameworks/OpenGL.framework/Versions/A/Resources/GLEngine.bundle/GLEngine
0x000000000d155000 	/System/Library/Frameworks/OpenGL.framework/Versions/A/Libraries/libGLProgrammability.dylib
0x0000000000000000 	/System/Library/Extensions/AppleIntelHD4000GraphicsGLDriver.bundle/Contents/MacOS/AppleIntelHD4000GraphicsGLDriver
0x000000000d155000 	/System/Library/PrivateFrameworks/IOAccelerator.framework/Versions/A/IOAccelerator
0x000000000d155000 	/System/Library/PrivateFrameworks/GPUSupport.framework/Versions/A/Libraries/libGPUSupportMercury.dylib
0x0000000000000000 	/System/Library/Extensions/GeForceGLDriver.bundle/Contents/MacOS/GeForceGLDriver
0x000000000d155000 	/System/Library/Extensions/GeForceGLDriver.bundle/Contents/MacOS/libclh.dylib
0x000000000d155000 	/System/Library/Frameworks/OpenGL.framework/Versions/A/Resources/GLRendererFloat.bundle/GLRendererFloat
0x000000000d155000 	/System/Library/Frameworks/OpenCL.framework/Versions/A/Libraries/libcldcpuengine.dylib
0x00000001194e1000 	cl_kernels
0x00000001194e3000 	/System/Library/Frameworks/OpenCL.framework/Versions/A/Libraries/ImageFormats/unorm8_bgra.dylib
0x00000001194d3000 	cl_kernels
0x000000011968e000 	/System/Library/Frameworks/OpenCL.framework/Versions/A/Libraries/ImageFormats/unorm8_rgba.dylib
0x000000011ade0000 	cl_kernels
0x000000000d155000 	/System/Library/PrivateFrameworks/FamilyControls.framework/Versions/A/FamilyControls
0x000000000d155000 	/System/Library/PrivateFrameworks/CommerceKit.framework/Versions/A/Frameworks/CommerceCore.framework/Versions/A/CommerceCore
0x000000011cbfd000 	/System/Library/Frameworks/Security.framework/PlugIns/csparser.bundle/Contents/MacOS/csparser
0x000000011ab51000 	cl_kernels
0x000000011ab55000 	cl_kernels
0x000000000d155000 	/System/Library/CoreServices/RawCamera.bundle/Contents/MacOS/RawCamera
0x000000011c3b9000 	/Library/Java/JavaVirtualMachines/jdk1.7.0_67.jdk/Contents/Home/jre/lib/libnio.dylib
0x000000011c3c8000 	/Library/Java/JavaVirtualMachines/jdk1.7.0_67.jdk/Contents/Home/jre/lib/./libnet.dylib
0x00000001182b5000 	/System/Library/Frameworks/ApplicationServices.framework/Frameworks/ATS.framework/Resources/libFontRegistryUI.dylib
0x0000000118644000 	/System/Library/Frameworks/ApplicationServices.framework/Versions/A/Frameworks/ATS.framework/Versions/A/Resources/ATSHI.dylib
0x000000000d155000 	/System/Library/PrivateFrameworks/Shortcut.framework/Versions/A/Shortcut
0x000000000d155000 	/System/Library/PrivateFrameworks/HelpData.framework/Versions/A/HelpData
0x000000000d155000 	/usr/lib/libtidy.A.dylib
0x000000000d155000 	/System/Library/PrivateFrameworks/DataDetectors.framework/Versions/A/DataDetectors
0x000000000d155000 	/System/Library/PrivateFrameworks/IDS.framework/Versions/A/IDS
0x000000000d155000 	/System/Library/PrivateFrameworks/WebKit2.framework/Versions/A/WebKit2
0x000000000d155000 	/System/Library/PrivateFrameworks/IMFoundation.framework/Versions/A/IMFoundation
0x000000000d155000 	/System/Library/PrivateFrameworks/Marco.framework/Versions/A/Marco
0x000000000d155000 	/System/Library/PrivateFrameworks/IDSFoundation.framework/Versions/A/IDSFoundation
0x000000000d155000 	/System/Library/PrivateFrameworks/FTServices.framework/Versions/A/FTServices
0x000000000d155000 	/System/Library/PrivateFrameworks/CommonUtilities.framework/Versions/A/CommonUtilities
0x000000000d155000 	/System/Library/PrivateFrameworks/DiagnosticLogCollection.framework/Versions/A/DiagnosticLogCollection
0x000000000d155000 	/System/Library/Frameworks/Accelerate.framework/Versions/A/Frameworks/vImage.framework/Versions/A/Libraries/libCGInterfaces.dylib
0x0000000119661000 	/System/Library/Frameworks/Quartz.framework/Versions/A/Frameworks/QuickLookUI.framework/Versions/A/PlugIns/Text.qldisplay/Contents/MacOS/Text
0x000000000d155000 	/System/Library/Frameworks/ApplicationServices.framework/Versions/A/Frameworks/ATS.framework/Versions/A/Resources/libTrueTypeScaler.dylib

VM Arguments:
jvm_args: -Dfile.encoding=UTF-8 
java_command: tool.xmodeler.XModeler ./ini.txt
Launcher Type: SUN_STANDARD

Environment Variables:
PATH=/usr/bin:/bin:/usr/sbin:/sbin
SHELL=/bin/bash

Signal Handlers:
SIGSEGV: [libjvm.dylib+0x52b6c9], sa_mask[0]=0xfffefeff, sa_flags=0x00000043
SIGBUS: [libjvm.dylib+0x52b6c9], sa_mask[0]=0xfffefeff, sa_flags=0x00000042
SIGFPE: [libjvm.dylib+0x41deaa], sa_mask[0]=0xfffefeff, sa_flags=0x00000042
SIGPIPE: [libjvm.dylib+0x41deaa], sa_mask[0]=0xfffefeff, sa_flags=0x00000042
SIGXFSZ: [libjvm.dylib+0x41deaa], sa_mask[0]=0xfffefeff, sa_flags=0x00000042
SIGILL: [libjvm.dylib+0x41deaa], sa_mask[0]=0xfffefeff, sa_flags=0x00000042
SIGUSR1: SIG_DFL, sa_mask[0]=0x00000000, sa_flags=0x00000000
SIGUSR2: [libjvm.dylib+0x41d99c], sa_mask[0]=0x00000004, sa_flags=0x00000042
SIGHUP: [libjvm.dylib+0x41bc2d], sa_mask[0]=0xfffefeff, sa_flags=0x00000042
SIGINT: [libjvm.dylib+0x41bc2d], sa_mask[0]=0xfffefeff, sa_flags=0x00000042
SIGTERM: [libjvm.dylib+0x41bc2d], sa_mask[0]=0xfffefeff, sa_flags=0x00000042
SIGQUIT: [libjvm.dylib+0x41bc2d], sa_mask[0]=0xfffefeff, sa_flags=0x00000042


---------------  S Y S T E M  ---------------

OS:Bsduname:Darwin 14.0.0 Darwin Kernel Version 14.0.0: Fri Sep 19 00:26:44 PDT 2014; root:xnu-2782.1.97~2/RELEASE_X86_64 x86_64
rlimit: STACK 8192k, CORE 0k, NPROC 709, NOFILE 10240, AS infinity
load average:1.95 1.72 1.65

CPU:total 8 (4 cores per cpu, 2 threads per core) family 6 model 58 stepping 9, cmov, cx8, fxsr, mmx, sse, sse2, sse3, ssse3, sse4.1, sse4.2, popcnt, avx, aes, erms, ht, tsc, tscinvbit, tscinv

Memory: 4k page, physical 16777216k(4194304k free)

/proc/meminfo:


vm_info: Java HotSpot(TM) 64-Bit Server VM (24.65-b04) for bsd-amd64 JRE (1.7.0_67-b01), built on Jul 25 2014 08:51:51 by "java_re" with gcc 4.2.1 (Based on Apple Inc. build 5658) (LLVM build 2336.11.00)

time: Mon Jan 12 22:03:53 2015
elapsed time: 661 seconds

