#
# A fatal error has been detected by the Java Runtime Environment:
#
#  SIGSEGV (0xb) at pc=0x000000011ec6bce9, pid=3655, tid=12547
#
# JRE version: Java(TM) SE Runtime Environment (7.0_67-b01) (build 1.7.0_67-b01)
# Java VM: Java HotSpot(TM) 64-Bit Server VM (24.65-b04 mixed mode bsd-amd64 compressed oops)
# Problematic frame:
# C  [libswt-cocoa-4427.jnilib+0x25ce9]  callback+0x297
#
# Failed to write core dump. Core dumps have been disabled. To enable core dumping, try "ulimit -c unlimited" before starting Java again
#
# If you would like to submit a bug report, please visit:
#   http://bugreport.sun.com/bugreport/crash.jsp
#

---------------  T H R E A D  ---------------

Current thread (0x00007f8ffa802800):  VMThread [stack: 0x000000011c973000,0x000000011ca73000] [id=12547]

siginfo:si_signo=SIGSEGV: si_errno=0, si_code=1 (SEGV_MAPERR), si_addr=0x0000000000000078

Registers:
RAX=0x0000000000000000, RBX=0x00007f8ffb8ceac0, RCX=0x000000011ca72774, RDX=0x0000000000000001
RSP=0x000000011ca727a0, RBP=0x000000011ca728d0, RSI=0x0000000000000000, RDI=0x0000000000000000
R8 =0x0000000000000000, R9 =0x0000000000000003, R10=0x00000000000000a1, R11=0x000000011ec4a237
R12=0x00007fff8eb5e0c0, R13=0x000000011ca729a0, R14=0x0000000000000000, R15=0x0000000000000000
RIP=0x000000011ec6bce9, EFLAGS=0x0000000000010206, ERR=0x0000000000000004
  TRAPNO=0x000000000000000e

Top of Stack: (sp=0x000000011ca727a0)
0x000000011ca727a0:   000000011ec6badb 00007f8ffbb00180
0x000000011ca727b0:   000000011ec4a237 00000000fbb00180
0x000000011ca727c0:   00007fff7dcd78c8 00007fff8fd2e6a1
0x000000011ca727d0:   000000011ca72820 00007f8ffa8029e8
0x000000011ca727e0:   00007f8ff9c2fa68 00007f8ff9f0e598
0x000000011ca727f0:   0000000200010000 0000000000000000
0x000000011ca72800:   00007fff8eb5e0c0 0000000100000000
0x000000011ca72810:   0000000000000000 0000000000000000
0x000000011ca72820:   000000011ca728f0 00007f8ff9c756c0
0x000000011ca72830:   00007fff8fd2e6a1 0000000000000000
0x000000011ca72840:   0000000000000000 0000000000000003
0x000000011ca72850:   00007fff8fd2e6a1 00007f8ff9c756c0
0x000000011ca72860:   00007fff7e0bf780 00007fff8eb5e1ac
0x000000011ca72870:   0000000000000000 0000000000000000
0x000000011ca72880:   0000000000000000 0000000000000000
0x000000011ca72890:   0000000000000000 0000000000000000
0x000000011ca728a0:   401a000000000000 4014000000000000
0x000000011ca728b0:   0000000000000000 000000d800000000
0x000000011ca728c0:   000000010db70380 000000010db70800
0x000000011ca728d0:   000000011ca728f0 000000011ec4a25e
0x000000011ca728e0:   00007fff8fd2e6a1 00007f8ff9c756c0
0x000000011ca728f0:   000000011ca72930 00007fff8f4f0a42
0x000000011ca72900:   000000010db70380 000000010db70800
0x000000011ca72910:   00007fff8eb5e0c0 00000000000000e0
0x000000011ca72920:   0000000000000000 0000000000000000
0x000000011ca72930:   000000011ca72970 00007fff8f5ea587
0x000000011ca72940:   0000000000000000 00007f8ffb8ceac0
0x000000011ca72950:   00000000000000f8 00007fff8eb5e0c0
0x000000011ca72960:   0000000000000000 00007fff7dcda580
0x000000011ca72970:   000000011ca729f0 00007fff8f5ea395
0x000000011ca72980:   0000000000000000 0000000000000000
0x000000011ca72990:   0000000000000000 0000000000000000 

Instructions: (pc=0x000000011ec6bce9)
0x000000011ec6bcc9:   ff ff 01 00 00 00 48 8b 85 08 ff ff ff 48 85 c0
0x000000011ec6bcd9:   0f 84 9f 03 00 00 48 8b 85 08 ff ff ff 48 8b 00
0x000000011ec6bce9:   48 8b 40 78 48 8b bd 08 ff ff ff ff d0 48 89 85
0x000000011ec6bcf9:   30 ff ff ff 48 83 bd 30 ff ff ff 00 74 26 48 8b 

Register to memory mapping:

RAX=0x0000000000000000 is an unknown value
RBX=0x00007f8ffb8ceac0 is an unknown value
RCX=0x000000011ca72774 is an unknown value
RDX=0x0000000000000001 is an unknown value
RSP=0x000000011ca727a0 is an unknown value
RBP=0x000000011ca728d0 is an unknown value
RSI=0x0000000000000000 is an unknown value
RDI=0x0000000000000000 is an unknown value
R8 =0x0000000000000000 is an unknown value
R9 =0x0000000000000003 is an unknown value
R10=0x00000000000000a1 is an unknown value
R11=0x000000011ec4a237: fn0_2+0 in /Users/tony/.swt/lib/macosx/x86_64/libswt-cocoa-4427.jnilib at 0x000000011ec46000
R12=0x00007fff8eb5e0c0: objc_msgSend+0 in /usr/lib/libobjc.A.dylib at 0x00007fff8eb5d000
R13=0x000000011ca729a0 is an unknown value
R14=0x0000000000000000 is an unknown value
R15=0x0000000000000000 is an unknown value


Stack: [0x000000011c973000,0x000000011ca73000],  sp=0x000000011ca727a0,  free space=1021k
Native frames: (J=compiled Java code, j=interpreted, Vv=VM code, C=native code)
C  [libswt-cocoa-4427.jnilib+0x25ce9]  callback+0x297
C  [libswt-cocoa-4427.jnilib+0x425e]  fn0_2+0x27
C  [AppKit+0x142a42]  -[NSWindow orderWindow:relativeTo:]+0x76
C  [AppKit+0x23c587]  __18-[NSWindow _close]_block_invoke+0x1bc
C  [AppKit+0x23c395]  -[NSWindow _close]+0x16b
C  [FinderKit+0xa1aff]  -[FI_TFloatingInputWindowController dealloc]+0x45
C  [libobjc.A.dylib+0x1f68c]  objc_object::sidetable_release(bool)+0xec
C  [AppKit+0x122804]  -[NSWindowController release]+0x9a
C  [FinderKit+0xa24cc]  TRef<FI_TFloatingInputWindowController*, OBJCRetainReleasePolicy<FI_TFloatingInputWindowController*> >::~TRef()+0xc
C  [libsystem_c.dylib+0x5e8ed]  __cxa_finalize_ranges+0x142
C  [libsystem_c.dylib+0x5ebf0]  exit+0x37
V  [libjvm.dylib+0x2d9a9e]  vm_exit(int)+0x0
V  [libjvm.dylib+0x532237]  VM_Operation::evaluate()+0x4f
V  [libjvm.dylib+0x53089b]  VMThread::evaluate_operation(VM_Operation*)+0xdf
V  [libjvm.dylib+0x530ce8]  VMThread::loop()+0x328
V  [libjvm.dylib+0x53060f]  VMThread::run()+0x79
V  [libjvm.dylib+0x420772]  java_start(Thread*)+0x126
C  [libsystem_pthread.dylib+0x32fc]  _pthread_body+0x83
C  [libsystem_pthread.dylib+0x3279]  _pthread_body+0x0
C  [libsystem_pthread.dylib+0x14b1]  thread_start+0xd

VM_Operation (0x0000000126ad9718): Exit, mode: safepoint, requested by thread 0x00007f8ffe004000


---------------  P R O C E S S  ---------------

Java Threads: ( => current thread )
  0x00007f8ffe004000 JavaThread "SIGTERM handler" daemon [_thread_blocked, id=16207, stack(0x00000001269da000,0x0000000126ada000)]
  0x00007f8ffd349000 JavaThread "Thread-11" [_thread_blocked, id=90627, stack(0x00000001242dd000,0x00000001243dd000)]
  0x00007f8ffd941000 JavaThread "Thread-10" [_thread_blocked, id=90119, stack(0x0000000124007000,0x0000000124107000)]
  0x00007f8ffe003000 JavaThread "Thread-9" [_thread_blocked, id=89091, stack(0x0000000123ed3000,0x0000000123fd3000)]
  0x00007f8ffd348800 JavaThread "Thread-8" [_thread_blocked, id=88323, stack(0x0000000123dd0000,0x0000000123ed0000)]
  0x00007f8ffb006800 JavaThread "Thread-7" [_thread_blocked, id=87811, stack(0x0000000123767000,0x0000000123867000)]
  0x00007f8ffa196000 JavaThread "Thread-6" [_thread_blocked, id=87303, stack(0x0000000123664000,0x0000000123764000)]
  0x00007f8ffdbd5000 JavaThread "Thread-5" [_thread_blocked, id=87051, stack(0x0000000123561000,0x0000000123661000)]
  0x00007f8ffe008800 JavaThread "Thread-4" [_thread_blocked, id=86279, stack(0x00000001232c3000,0x00000001233c3000)]
  0x00007f8ffa874800 JavaThread "Thread-3" [_thread_blocked, id=85523, stack(0x00000001231c0000,0x00000001232c0000)]
  0x00007f8ffd1b6800 JavaThread "Thread-2" [_thread_blocked, id=76547, stack(0x0000000128d3a000,0x0000000128e3a000)]
  0x00007f8ffa18e800 JavaThread "Thread-1" [_thread_blocked, id=75787, stack(0x0000000128623000,0x0000000128723000)]
  0x00007f8ffa074000 JavaThread "Service Thread" daemon [_thread_blocked, id=19203, stack(0x000000011e852000,0x000000011e952000)]
  0x00007f8ffa06c800 JavaThread "C2 CompilerThread1" daemon [_thread_blocked, id=18691, stack(0x000000011e74f000,0x000000011e84f000)]
  0x00007f8ffa06b800 JavaThread "C2 CompilerThread0" daemon [_thread_blocked, id=18179, stack(0x000000011e64c000,0x000000011e74c000)]
  0x00007f8ffa06e000 JavaThread "Signal Dispatcher" daemon [_thread_blocked, id=15379, stack(0x000000011e549000,0x000000011e649000)]
  0x00007f8ffd800000 JavaThread "Finalizer" daemon [_thread_blocked, id=13571, stack(0x000000011cb79000,0x000000011cc79000)]
  0x00007f8ffa805000 JavaThread "Reference Handler" daemon [_thread_blocked, id=13059, stack(0x000000011ca76000,0x000000011cb76000)]
  0x00007f8ffa017000 JavaThread "main" [_thread_blocked, id=1811, stack(0x00007fff53e96000,0x00007fff53f16000)]

Other Threads:
=>0x00007f8ffa802800 VMThread [stack: 0x000000011c973000,0x000000011ca73000] [id=12547]

VM state:at safepoint (shutting down)

VM Mutex/Monitor currently owned by a thread:  ([mutex/lock_event])
[0x00007f8ff9c1fab0] Threads_lock - owner thread: 0x00007f8ffa802800

Heap
 PSYoungGen      total 57856K, used 40967K [0x00000007aaa80000, 0x00000007aea80000, 0x0000000800000000)
  eden space 52224K, 78% used [0x00000007aaa80000,0x00000007ad248cf8,0x00000007add80000)
  from space 5632K, 4% used [0x00000007ae500000,0x00000007ae539220,0x00000007aea80000)
  to   space 6656K, 0% used [0x00000007add80000,0x00000007add80000,0x00000007ae400000)
 ParOldGen       total 235008K, used 185884K [0x0000000700000000, 0x000000070e580000, 0x00000007aaa80000)
  object space 235008K, 79% used [0x0000000700000000,0x000000070b587098,0x000000070e580000)
 PSPermGen       total 21504K, used 12598K [0x00000006fae00000, 0x00000006fc300000, 0x0000000700000000)
  object space 21504K, 58% used [0x00000006fae00000,0x00000006fba4d8e8,0x00000006fc300000)

Card table byte_map: [0x000000011096e000,0x0000000111198000] byte_map_base: 0x000000010d197000

Polling page: 0x000000010d89c000

Code Cache  [0x000000010d8ae000, 0x000000010db7e000, 0x00000001108ae000)
 total_blobs=1142 nmethods=739 adapters=357 free_code_cache=46356Kb largest_free_block=47423808

Compilation events (10 events):
Event: 1017.390 Thread 0x00007f8ffa06b800 nmethod 769 0x000000010db70a50 code [0x000000010db70ba0, 0x000000010db70c78]
Event: 1017.390 Thread 0x00007f8ffa06c800 nmethod 767 0x000000010dad2a90 code [0x000000010dad2be0, 0x000000010dad2db8]
Event: 1017.546 Thread 0x00007f8ffa06b800  770             foreignobj.ForeignObject::getObject (5 bytes)
Event: 1017.547 Thread 0x00007f8ffa06b800 nmethod 770 0x000000010dae7150 code [0x000000010dae7280, 0x000000010dae72f8]
Event: 1017.786 Thread 0x00007f8ffa06c800  771             values.Serializer::writeString (53 bytes)
Event: 1017.791 Thread 0x00007f8ffa06c800 nmethod 771 0x000000010da53ed0 code [0x000000010da54060, 0x000000010da543e8]
Event: 1026.295 Thread 0x00007f8ffa06b800  772             org.eclipse.swt.widgets.Composite::_getChildren (125 bytes)
Event: 1026.306 Thread 0x00007f8ffa06b800 nmethod 772 0x000000010db70e10 code [0x000000010db71000, 0x000000010db717c0]
Event: 1029.242 Thread 0x00007f8ffa06c800  773             foreignobj.ForeignObject::getMop (5 bytes)
Event: 1029.242 Thread 0x00007f8ffa06c800 nmethod 773 0x000000010da53cd0 code [0x000000010da53e00, 0x000000010da53e78]

GC Heap History (10 events):
Event: 699.113 GC heap before
{Heap before GC invocations=12 (full 0):
 PSYoungGen      total 57856K, used 57631K [0x00000007aaa80000, 0x00000007aef80000, 0x0000000800000000)
  eden space 57344K, 100% used [0x00000007aaa80000,0x00000007ae280000,0x00000007ae280000)
  from space 512K, 56% used [0x00000007ae380000,0x00000007ae3c7f68,0x00000007ae400000)
  to   space 6656K, 0% used [0x00000007ae900000,0x00000007ae900000,0x00000007aef80000)
 ParOldGen       total 235008K, used 185241K [0x0000000700000000, 0x000000070e580000, 0x00000007aaa80000)
  object space 235008K, 78% used [0x0000000700000000,0x000000070b4e66c8,0x000000070e580000)
 PSPermGen       total 21504K, used 12467K [0x00000006fae00000, 0x00000006fc300000, 0x0000000700000000)
  object space 21504K, 57% used [0x00000006fae00000,0x00000006fba2ceb0,0x00000006fc300000)
Event: 699.114 GC heap after
Heap after GC invocations=12 (full 0):
 PSYoungGen      total 62976K, used 323K [0x00000007aaa80000, 0x00000007aef80000, 0x0000000800000000)
  eden space 56320K, 0% used [0x00000007aaa80000,0x00000007aaa80000,0x00000007ae180000)
  from space 6656K, 4% used [0x00000007ae900000,0x00000007ae950ff8,0x00000007aef80000)
  to   space 7168K, 0% used [0x00000007ae180000,0x00000007ae180000,0x00000007ae880000)
 ParOldGen       total 235008K, used 185329K [0x0000000700000000, 0x000000070e580000, 0x00000007aaa80000)
  object space 235008K, 78% used [0x0000000700000000,0x000000070b4fc6c8,0x000000070e580000)
 PSPermGen       total 21504K, used 12467K [0x00000006fae00000, 0x00000006fc300000, 0x0000000700000000)
  object space 21504K, 57% used [0x00000006fae00000,0x00000006fba2ceb0,0x00000006fc300000)
}
Event: 770.486 GC heap before
{Heap before GC invocations=13 (full 0):
 PSYoungGen      total 62976K, used 56643K [0x00000007aaa80000, 0x00000007aef80000, 0x0000000800000000)
  eden space 56320K, 100% used [0x00000007aaa80000,0x00000007ae180000,0x00000007ae180000)
  from space 6656K, 4% used [0x00000007ae900000,0x00000007ae950ff8,0x00000007aef80000)
  to   space 7168K, 0% used [0x00000007ae180000,0x00000007ae180000,0x00000007ae880000)
 ParOldGen       total 235008K, used 185329K [0x0000000700000000, 0x000000070e580000, 0x00000007aaa80000)
  object space 235008K, 78% used [0x0000000700000000,0x000000070b4fc6c8,0x000000070e580000)
 PSPermGen       total 21504K, used 12523K [0x00000006fae00000, 0x00000006fc300000, 0x0000000700000000)
  object space 21504K, 58% used [0x00000006fae00000,0x00000006fba3ad90,0x00000006fc300000)
Event: 770.488 GC heap after
Heap after GC invocations=13 (full 0):
 PSYoungGen      total 55808K, used 288K [0x00000007aaa80000, 0x00000007aed80000, 0x0000000800000000)
  eden space 55296K, 0% used [0x00000007aaa80000,0x00000007aaa80000,0x00000007ae080000)
  from space 512K, 56% used [0x00000007ae180000,0x00000007ae1c8000,0x00000007ae200000)
  to   space 6656K, 0% used [0x00000007ae700000,0x00000007ae700000,0x00000007aed80000)
 ParOldGen       total 235008K, used 185509K [0x0000000700000000, 0x000000070e580000, 0x00000007aaa80000)
  object space 235008K, 78% used [0x0000000700000000,0x000000070b5296c0,0x000000070e580000)
 PSPermGen       total 21504K, used 12523K [0x00000006fae00000, 0x00000006fc300000, 0x0000000700000000)
  object space 21504K, 58% used [0x00000006fae00000,0x00000006fba3ad90,0x00000006fc300000)
}
Event: 950.123 GC heap before
{Heap before GC invocations=14 (full 0):
 PSYoungGen      total 55808K, used 55584K [0x00000007aaa80000, 0x00000007aed80000, 0x0000000800000000)
  eden space 55296K, 100% used [0x00000007aaa80000,0x00000007ae080000,0x00000007ae080000)
  from space 512K, 56% used [0x00000007ae180000,0x00000007ae1c8000,0x00000007ae200000)
  to   space 6656K, 0% used [0x00000007ae700000,0x00000007ae700000,0x00000007aed80000)
 ParOldGen       total 235008K, used 185509K [0x0000000700000000, 0x000000070e580000, 0x00000007aaa80000)
  object space 235008K, 78% used [0x0000000700000000,0x000000070b5296c0,0x000000070e580000)
 PSPermGen       total 21504K, used 12543K [0x00000006fae00000, 0x00000006fc300000, 0x0000000700000000)
  object space 21504K, 58% used [0x00000006fae00000,0x00000006fba3fcf0,0x00000006fc300000)
Event: 950.125 GC heap after
Heap after GC invocations=14 (full 0):
 PSYoungGen      total 59904K, used 320K [0x00000007aaa80000, 0x00000007aec80000, 0x0000000800000000)
  eden space 54272K, 0% used [0x00000007aaa80000,0x00000007aaa80000,0x00000007adf80000)
  from space 5632K, 5% used [0x00000007ae700000,0x00000007ae750000,0x00000007aec80000)
  to   space 6656K, 0% used [0x00000007adf80000,0x00000007adf80000,0x00000007ae600000)
 ParOldGen       total 235008K, used 185657K [0x0000000700000000, 0x000000070e580000, 0x00000007aaa80000)
  object space 235008K, 79% used [0x0000000700000000,0x000000070b54e6d0,0x000000070e580000)
 PSPermGen       total 21504K, used 12543K [0x00000006fae00000, 0x00000006fc300000, 0x0000000700000000)
  object space 21504K, 58% used [0x00000006fae00000,0x00000006fba3fcf0,0x00000006fc300000)
}
Event: 991.741 GC heap before
{Heap before GC invocations=15 (full 0):
 PSYoungGen      total 59904K, used 54592K [0x00000007aaa80000, 0x00000007aec80000, 0x0000000800000000)
  eden space 54272K, 100% used [0x00000007aaa80000,0x00000007adf80000,0x00000007adf80000)
  from space 5632K, 5% used [0x00000007ae700000,0x00000007ae750000,0x00000007aec80000)
  to   space 6656K, 0% used [0x00000007adf80000,0x00000007adf80000,0x00000007ae600000)
 ParOldGen       total 235008K, used 185657K [0x0000000700000000, 0x000000070e580000, 0x00000007aaa80000)
  object space 235008K, 79% used [0x0000000700000000,0x000000070b54e6d0,0x000000070e580000)
 PSPermGen       total 21504K, used 12551K [0x00000006fae00000, 0x00000006fc300000, 0x0000000700000000)
  object space 21504K, 58% used [0x00000006fae00000,0x00000006fba41d80,0x00000006fc300000)
Event: 991.743 GC heap after
Heap after GC invocations=15 (full 0):
 PSYoungGen      total 53760K, used 224K [0x00000007aaa80000, 0x00000007aeb80000, 0x0000000800000000)
  eden space 53248K, 0% used [0x00000007aaa80000,0x00000007aaa80000,0x00000007ade80000)
  from space 512K, 43% used [0x00000007adf80000,0x00000007adfb8000,0x00000007ae000000)
  to   space 6656K, 0% used [0x00000007ae500000,0x00000007ae500000,0x00000007aeb80000)
 ParOldGen       total 235008K, used 185816K [0x0000000700000000, 0x000000070e580000, 0x00000007aaa80000)
  object space 235008K, 79% used [0x0000000700000000,0x000000070b576030,0x000000070e580000)
 PSPermGen       total 21504K, used 12551K [0x00000006fae00000, 0x00000006fc300000, 0x0000000700000000)
  object space 21504K, 58% used [0x00000006fae00000,0x00000006fba41d80,0x00000006fc300000)
}
Event: 1017.583 GC heap before
{Heap before GC invocations=16 (full 0):
 PSYoungGen      total 53760K, used 53472K [0x00000007aaa80000, 0x00000007aeb80000, 0x0000000800000000)
  eden space 53248K, 100% used [0x00000007aaa80000,0x00000007ade80000,0x00000007ade80000)
  from space 512K, 43% used [0x00000007adf80000,0x00000007adfb8000,0x00000007ae000000)
  to   space 6656K, 0% used [0x00000007ae500000,0x00000007ae500000,0x00000007aeb80000)
 ParOldGen       total 235008K, used 185816K [0x0000000700000000, 0x000000070e580000, 0x00000007aaa80000)
  object space 235008K, 79% used [0x0000000700000000,0x000000070b576030,0x000000070e580000)
 PSPermGen       total 21504K, used 12566K [0x00000006fae00000, 0x00000006fc300000, 0x0000000700000000)
  object space 21504K, 58% used [0x00000006fae00000,0x00000006fba45960,0x00000006fc300000)
Event: 1017.585 GC heap after
Heap after GC invocations=16 (full 0):
 PSYoungGen      total 57856K, used 228K [0x00000007aaa80000, 0x00000007aea80000, 0x0000000800000000)
  eden space 52224K, 0% used [0x00000007aaa80000,0x00000007aaa80000,0x00000007add80000)
  from space 5632K, 4% used [0x00000007ae500000,0x00000007ae539220,0x00000007aea80000)
  to   space 6656K, 0% used [0x00000007add80000,0x00000007add80000,0x00000007ae400000)
 ParOldGen       total 235008K, used 185884K [0x0000000700000000, 0x000000070e580000, 0x00000007aaa80000)
  object space 235008K, 79% used [0x0000000700000000,0x000000070b587098,0x000000070e580000)
 PSPermGen       total 21504K, used 12566K [0x00000006fae00000, 0x00000006fc300000, 0x0000000700000000)
  object space 21504K, 58% used [0x00000006fae00000,0x00000006fba45960,0x00000006fc300000)
}

Deoptimization events (10 events):
Event: 539.450 Thread 0x00007f8ffa017000 Uncommon trap: reason=bimorphic action=maybe_recompile pc=0x000000010d9cb7ac method=java.lang.Character.getType(I)I @ 5
Event: 567.584 Thread 0x00007f8ffa017000 Uncommon trap: reason=class_check action=maybe_recompile pc=0x000000010da54ea4 method=org.eclipse.swt.graphics.TextLayout.setStyle(Lorg/eclipse/swt/graphics/TextStyle;II)V @ 214
Event: 567.588 Thread 0x00007f8ffa017000 Uncommon trap: reason=class_check action=maybe_recompile pc=0x000000010da54ea4 method=org.eclipse.swt.graphics.TextLayout.setStyle(Lorg/eclipse/swt/graphics/TextStyle;II)V @ 214
Event: 738.361 Thread 0x00007f8ffa017000 Uncommon trap: reason=class_check action=maybe_recompile pc=0x000000010daf4984 method=org.eclipse.swt.widgets.Display.windowProc(JJJ)J @ 809
Event: 739.951 Thread 0x00007f8ffa017000 Uncommon trap: reason=unreached action=reinterpret pc=0x000000010db4ffc4 method=org.eclipse.swt.widgets.Display.runPaint()Z @ 4
Event: 855.325 Thread 0x00007f8ffa017000 Uncommon trap: reason=class_check action=maybe_recompile pc=0x000000010daf4984 method=org.eclipse.swt.widgets.Display.windowProc(JJJ)J @ 809
Event: 1028.158 Thread 0x00007f8ffa017000 Uncommon trap: reason=class_check action=maybe_recompile pc=0x000000010db63f00 method=org.eclipse.swt.widgets.Display.windowProc(JJJJ)J @ 635
Event: 1028.158 Thread 0x00007f8ffa017000 Uncommon trap: reason=class_check action=maybe_recompile pc=0x000000010db63f00 method=org.eclipse.swt.widgets.Display.windowProc(JJJJ)J @ 635
Event: 1028.158 Thread 0x00007f8ffa017000 Uncommon trap: reason=class_check action=maybe_recompile pc=0x000000010db63f00 method=org.eclipse.swt.widgets.Display.windowProc(JJJJ)J @ 635
Event: 1028.159 Thread 0x00007f8ffa017000 Uncommon trap: reason=class_check action=maybe_recompile pc=0x000000010db63f00 method=org.eclipse.swt.widgets.Display.windowProc(JJJJ)J @ 635

Internal exceptions (10 events):
Event: 396.883 Thread 0x00007f8ffa017000 Threw 0x00000007ad7d5248 at /HUDSON/workspace/7u-2-build-macosx-x86_64/jdk7u67/1368/hotspot/src/share/vm/prims/jvm.cpp:1244
Event: 418.894 Thread 0x00007f8ffa017000 Threw 0x00000007adc14f48 at /HUDSON/workspace/7u-2-build-macosx-x86_64/jdk7u67/1368/hotspot/src/share/vm/prims/jvm.cpp:1244
Event: 429.591 Thread 0x00007f8ffa017000 Implicit null exception at 0x000000010da45c15 to 0x000000010da460b1
Event: 429.592 Thread 0x00007f8ffa017000 Implicit null exception at 0x000000010dac7d1e to 0x000000010dacd509
Event: 429.620 Thread 0x00007f8ffa017000 Implicit null exception at 0x000000010daeb605 to 0x000000010daecb75
Event: 553.736 Thread 0x00007f8ffa017000 Threw 0x00000007ad6bf5b0 at /HUDSON/workspace/7u-2-build-macosx-x86_64/jdk7u67/1368/hotspot/src/share/vm/prims/jvm.cpp:1244
Event: 741.659 Thread 0x00007f8ffa017000 Threw 0x00000007ac7074e0 at /HUDSON/workspace/7u-2-build-macosx-x86_64/jdk7u67/1368/hotspot/src/share/vm/prims/jvm.cpp:1244
Event: 741.660 Thread 0x00007f8ffa017000 Threw 0x00000007ac70dc70 at /HUDSON/workspace/7u-2-build-macosx-x86_64/jdk7u67/1368/hotspot/src/share/vm/prims/jvm.cpp:1244
Event: 1027.721 Thread 0x00007f8ffa017000 Threw 0x00000007acd9c560 at /HUDSON/workspace/7u-2-build-macosx-x86_64/jdk7u67/1368/hotspot/src/share/vm/prims/jvm.cpp:1244
Event: 1028.012 Thread 0x00007f8ffa017000 Threw 0x00000007acdddc60 at /HUDSON/workspace/7u-2-build-macosx-x86_64/jdk7u67/1368/hotspot/src/share/vm/prims/jvm.cpp:1244

Events (10 events):
Event: 1112.634 Thread 0x00007f8ffe004000 Thread added: 0x00007f8ffe004000
Event: 1112.634 loading class 0x00007f8ffd837c60
Event: 1112.634 loading class 0x00007f8ffd837c60 done
Event: 1112.634 loading class 0x00007f8ffd837da0
Event: 1112.634 loading class 0x00007f8ffd837dd0
Event: 1112.634 loading class 0x00007f8ffd837dd0 done
Event: 1112.634 loading class 0x00007f8ffd837da0 done
Event: 1112.635 Thread 0x00007f8ffa97a800 Thread added: 0x00007f8ffa97a800
Event: 1112.635 Thread 0x00007f8ffa97a800 Thread exited: 0x00007f8ffa97a800
Event: 1112.635 Executing VM operation: Exit


Dynamic libraries:
0x000000000da16000 	/System/Library/Frameworks/Cocoa.framework/Versions/A/Cocoa
0x000000000da16000 	/System/Library/Frameworks/Security.framework/Versions/A/Security
0x000000000da16000 	/System/Library/Frameworks/ApplicationServices.framework/Versions/A/ApplicationServices
0x000000000da16000 	/usr/lib/libz.1.dylib
0x000000000da16000 	/usr/lib/libSystem.B.dylib
0x000000000da16000 	/usr/lib/libobjc.A.dylib
0x000000000da16000 	/System/Library/Frameworks/CoreFoundation.framework/Versions/A/CoreFoundation
0x000000000da16000 	/System/Library/Frameworks/Foundation.framework/Versions/C/Foundation
0x000000000da16000 	/System/Library/Frameworks/AppKit.framework/Versions/C/AppKit
0x000000000da16000 	/System/Library/Frameworks/CoreData.framework/Versions/A/CoreData
0x000000000da16000 	/System/Library/PrivateFrameworks/RemoteViewServices.framework/Versions/A/RemoteViewServices
0x000000000da16000 	/System/Library/PrivateFrameworks/UIFoundation.framework/Versions/A/UIFoundation
0x000000000da16000 	/System/Library/Frameworks/IOSurface.framework/Versions/A/IOSurface
0x000000000da16000 	/System/Library/Frameworks/AudioToolbox.framework/Versions/A/AudioToolbox
0x000000000da16000 	/System/Library/Frameworks/AudioUnit.framework/Versions/A/AudioUnit
0x000000000da16000 	/System/Library/PrivateFrameworks/DataDetectorsCore.framework/Versions/A/DataDetectorsCore
0x000000000da16000 	/System/Library/PrivateFrameworks/DesktopServicesPriv.framework/Versions/A/DesktopServicesPriv
0x000000000da16000 	/System/Library/Frameworks/Carbon.framework/Versions/A/Frameworks/HIToolbox.framework/Versions/A/HIToolbox
0x000000000da16000 	/System/Library/Frameworks/QuartzCore.framework/Versions/A/QuartzCore
0x000000000da16000 	/System/Library/Frameworks/Carbon.framework/Versions/A/Frameworks/SpeechRecognition.framework/Versions/A/SpeechRecognition
0x000000000da16000 	/usr/lib/libauto.dylib
0x000000000da16000 	/usr/lib/libicucore.A.dylib
0x000000000da16000 	/usr/lib/libxml2.2.dylib
0x000000000da16000 	/System/Library/PrivateFrameworks/CoreUI.framework/Versions/A/CoreUI
0x000000000da16000 	/System/Library/Frameworks/CoreAudio.framework/Versions/A/CoreAudio
0x000000000da16000 	/System/Library/Frameworks/DiskArbitration.framework/Versions/A/DiskArbitration
0x000000000da16000 	/usr/lib/liblangid.dylib
0x000000000da16000 	/System/Library/PrivateFrameworks/MultitouchSupport.framework/Versions/A/MultitouchSupport
0x000000000da16000 	/System/Library/Frameworks/IOKit.framework/Versions/A/IOKit
0x000000000da16000 	/usr/lib/libDiagnosticMessagesClient.dylib
0x000000000da16000 	/System/Library/Frameworks/CoreServices.framework/Versions/A/CoreServices
0x000000000da16000 	/System/Library/PrivateFrameworks/PerformanceAnalysis.framework/Versions/A/PerformanceAnalysis
0x000000000da16000 	/System/Library/PrivateFrameworks/GenerationalStorage.framework/Versions/A/GenerationalStorage
0x000000000da16000 	/System/Library/Frameworks/OpenGL.framework/Versions/A/OpenGL
0x000000000da16000 	/System/Library/PrivateFrameworks/Sharing.framework/Versions/A/Sharing
0x000000000da16000 	/System/Library/Frameworks/CoreGraphics.framework/Versions/A/CoreGraphics
0x000000000da16000 	/System/Library/Frameworks/CoreText.framework/Versions/A/CoreText
0x000000000da16000 	/System/Library/Frameworks/ImageIO.framework/Versions/A/ImageIO
0x000000000da16000 	/usr/lib/libextension.dylib
0x000000000da16000 	/System/Library/PrivateFrameworks/Backup.framework/Versions/A/Backup
0x000000000da16000 	/usr/lib/libarchive.2.dylib
0x000000000da16000 	/System/Library/Frameworks/CFNetwork.framework/Versions/A/CFNetwork
0x000000000da16000 	/System/Library/Frameworks/SystemConfiguration.framework/Versions/A/SystemConfiguration
0x000000000da16000 	/usr/lib/libCRFSuite.dylib
0x000000000da16000 	/usr/lib/libc++.1.dylib
0x000000000da16000 	/usr/lib/libc++abi.dylib
0x000000000da16000 	/usr/lib/system/libcache.dylib
0x000000000da16000 	/usr/lib/system/libcommonCrypto.dylib
0x000000000da16000 	/usr/lib/system/libcompiler_rt.dylib
0x000000000da16000 	/usr/lib/system/libcopyfile.dylib
0x000000000da16000 	/usr/lib/system/libcorecrypto.dylib
0x000000000da16000 	/usr/lib/system/libdispatch.dylib
0x000000000da16000 	/usr/lib/system/libdyld.dylib
0x000000000da16000 	/usr/lib/system/libkeymgr.dylib
0x000000000da16000 	/usr/lib/system/liblaunch.dylib
0x000000000da16000 	/usr/lib/system/libmacho.dylib
0x000000000da16000 	/usr/lib/system/libquarantine.dylib
0x000000000da16000 	/usr/lib/system/libremovefile.dylib
0x000000000da16000 	/usr/lib/system/libsystem_asl.dylib
0x000000000da16000 	/usr/lib/system/libsystem_blocks.dylib
0x000000000da16000 	/usr/lib/system/libsystem_c.dylib
0x000000000da16000 	/usr/lib/system/libsystem_configuration.dylib
0x000000000da16000 	/usr/lib/system/libsystem_coreservices.dylib
0x000000000da16000 	/usr/lib/system/libsystem_coretls.dylib
0x000000000da16000 	/usr/lib/system/libsystem_dnssd.dylib
0x000000000da16000 	/usr/lib/system/libsystem_info.dylib
0x000000000da16000 	/usr/lib/system/libsystem_kernel.dylib
0x000000000da16000 	/usr/lib/system/libsystem_m.dylib
0x000000000da16000 	/usr/lib/system/libsystem_malloc.dylib
0x000000000da16000 	/usr/lib/system/libsystem_network.dylib
0x000000000da16000 	/usr/lib/system/libsystem_networkextension.dylib
0x000000000da16000 	/usr/lib/system/libsystem_notify.dylib
0x000000000da16000 	/usr/lib/system/libsystem_platform.dylib
0x000000000da16000 	/usr/lib/system/libsystem_pthread.dylib
0x000000000da16000 	/usr/lib/system/libsystem_sandbox.dylib
0x000000000da16000 	/usr/lib/system/libsystem_secinit.dylib
0x000000000da16000 	/usr/lib/system/libsystem_stats.dylib
0x000000000da16000 	/usr/lib/system/libsystem_trace.dylib
0x000000000da16000 	/usr/lib/system/libunc.dylib
0x000000000da16000 	/usr/lib/system/libunwind.dylib
0x000000000da16000 	/usr/lib/system/libxpc.dylib
0x000000000da16000 	/usr/lib/libbz2.1.0.dylib
0x000000000da16000 	/usr/lib/liblzma.5.dylib
0x000000000da16000 	/usr/lib/libbsm.0.dylib
0x000000000da16000 	/usr/lib/libsqlite3.dylib
0x000000000da16000 	/usr/lib/system/libkxld.dylib
0x000000000da16000 	/usr/lib/libxar.1.dylib
0x000000000da16000 	/usr/lib/libpam.2.dylib
0x000000000da16000 	/usr/lib/libOpenScriptingUtil.dylib
0x000000000da16000 	/System/Library/Frameworks/CoreServices.framework/Versions/A/Frameworks/FSEvents.framework/Versions/A/FSEvents
0x000000000da16000 	/System/Library/Frameworks/CoreServices.framework/Versions/A/Frameworks/CarbonCore.framework/Versions/A/CarbonCore
0x000000000da16000 	/System/Library/Frameworks/CoreServices.framework/Versions/A/Frameworks/Metadata.framework/Versions/A/Metadata
0x000000000da16000 	/System/Library/Frameworks/CoreServices.framework/Versions/A/Frameworks/OSServices.framework/Versions/A/OSServices
0x000000000da16000 	/System/Library/Frameworks/CoreServices.framework/Versions/A/Frameworks/SearchKit.framework/Versions/A/SearchKit
0x000000000da16000 	/System/Library/Frameworks/CoreServices.framework/Versions/A/Frameworks/AE.framework/Versions/A/AE
0x000000000da16000 	/System/Library/Frameworks/CoreServices.framework/Versions/A/Frameworks/LaunchServices.framework/Versions/A/LaunchServices
0x000000000da16000 	/System/Library/Frameworks/CoreServices.framework/Versions/A/Frameworks/DictionaryServices.framework/Versions/A/DictionaryServices
0x000000000da16000 	/System/Library/Frameworks/NetFS.framework/Versions/A/NetFS
0x000000000da16000 	/System/Library/PrivateFrameworks/NetAuth.framework/Versions/A/NetAuth
0x000000000da16000 	/System/Library/PrivateFrameworks/login.framework/Versions/A/Frameworks/loginsupport.framework/Versions/A/loginsupport
0x000000000da16000 	/System/Library/PrivateFrameworks/TCC.framework/Versions/A/TCC
0x000000000da16000 	/usr/lib/libmecabra.dylib
0x000000000da16000 	/System/Library/PrivateFrameworks/LanguageModeling.framework/Versions/A/LanguageModeling
0x000000000da16000 	/usr/lib/libcmph.dylib
0x000000000da16000 	/usr/lib/libiconv.2.dylib
0x000000000da16000 	/System/Library/Frameworks/OpenDirectory.framework/Versions/A/Frameworks/CFOpenDirectory.framework/Versions/A/CFOpenDirectory
0x000000000da16000 	/System/Library/Frameworks/ServiceManagement.framework/Versions/A/ServiceManagement
0x000000000da16000 	/usr/lib/libxslt.1.dylib
0x000000000da16000 	/System/Library/Frameworks/Carbon.framework/Versions/A/Frameworks/Ink.framework/Versions/A/Ink
0x000000000da16000 	/System/Library/Frameworks/ApplicationServices.framework/Versions/A/Frameworks/ATS.framework/Versions/A/ATS
0x000000000da16000 	/System/Library/Frameworks/ApplicationServices.framework/Versions/A/Frameworks/ColorSync.framework/Versions/A/ColorSync
0x000000000da16000 	/System/Library/Frameworks/ApplicationServices.framework/Versions/A/Frameworks/HIServices.framework/Versions/A/HIServices
0x000000000da16000 	/System/Library/Frameworks/ApplicationServices.framework/Versions/A/Frameworks/LangAnalysis.framework/Versions/A/LangAnalysis
0x000000000da16000 	/System/Library/Frameworks/ApplicationServices.framework/Versions/A/Frameworks/PrintCore.framework/Versions/A/PrintCore
0x000000000da16000 	/System/Library/Frameworks/ApplicationServices.framework/Versions/A/Frameworks/QD.framework/Versions/A/QD
0x000000000da16000 	/System/Library/Frameworks/ApplicationServices.framework/Versions/A/Frameworks/SpeechSynthesis.framework/Versions/A/SpeechSynthesis
0x000000000da16000 	/System/Library/Frameworks/Accelerate.framework/Versions/A/Accelerate
0x000000000da16000 	/System/Library/Frameworks/Accelerate.framework/Versions/A/Frameworks/vImage.framework/Versions/A/vImage
0x000000000da16000 	/System/Library/Frameworks/Accelerate.framework/Versions/A/Frameworks/vecLib.framework/Versions/A/vecLib
0x000000000da16000 	/System/Library/Frameworks/Accelerate.framework/Versions/A/Frameworks/vecLib.framework/Versions/A/libvDSP.dylib
0x000000000da16000 	/System/Library/Frameworks/Accelerate.framework/Versions/A/Frameworks/vecLib.framework/Versions/A/libvMisc.dylib
0x000000000da16000 	/System/Library/Frameworks/Accelerate.framework/Versions/A/Frameworks/vecLib.framework/Versions/A/libLAPACK.dylib
0x000000000da16000 	/System/Library/Frameworks/Accelerate.framework/Versions/A/Frameworks/vecLib.framework/Versions/A/libBLAS.dylib
0x000000000da16000 	/System/Library/Frameworks/Accelerate.framework/Versions/A/Frameworks/vecLib.framework/Versions/A/libLinearAlgebra.dylib
0x000000000da16000 	/System/Library/Frameworks/ApplicationServices.framework/Versions/A/Frameworks/ATS.framework/Versions/A/Resources/libFontParser.dylib
0x000000000da16000 	/System/Library/Frameworks/ApplicationServices.framework/Versions/A/Frameworks/ATS.framework/Versions/A/Resources/libFontRegistry.dylib
0x000000000da16000 	/System/Library/PrivateFrameworks/AppleVPA.framework/Versions/A/AppleVPA
0x000000000da16000 	/System/Library/PrivateFrameworks/AppleJPEG.framework/Versions/A/AppleJPEG
0x000000000da16000 	/System/Library/Frameworks/ImageIO.framework/Versions/A/Resources/libJPEG.dylib
0x000000000da16000 	/System/Library/Frameworks/ImageIO.framework/Versions/A/Resources/libTIFF.dylib
0x000000000da16000 	/System/Library/Frameworks/ImageIO.framework/Versions/A/Resources/libPng.dylib
0x000000000da16000 	/System/Library/Frameworks/ImageIO.framework/Versions/A/Resources/libGIF.dylib
0x000000000da16000 	/System/Library/Frameworks/ImageIO.framework/Versions/A/Resources/libJP2.dylib
0x000000000da16000 	/System/Library/Frameworks/ImageIO.framework/Versions/A/Resources/libRadiance.dylib
0x000000000da16000 	/System/Library/Frameworks/CoreVideo.framework/Versions/A/CoreVideo
0x000000000da16000 	/System/Library/Frameworks/OpenGL.framework/Versions/A/Libraries/libGLU.dylib
0x000000000da16000 	/System/Library/Frameworks/OpenGL.framework/Versions/A/Libraries/libGFXShared.dylib
0x000000000da16000 	/System/Library/Frameworks/OpenGL.framework/Versions/A/Libraries/libGL.dylib
0x000000000da16000 	/System/Library/Frameworks/OpenGL.framework/Versions/A/Libraries/libGLImage.dylib
0x000000000da16000 	/System/Library/Frameworks/OpenGL.framework/Versions/A/Libraries/libCVMSPluginSupport.dylib
0x000000000da16000 	/System/Library/Frameworks/OpenGL.framework/Versions/A/Libraries/libCoreVMClient.dylib
0x000000000da16000 	/usr/lib/libcups.2.dylib
0x000000000da16000 	/System/Library/Frameworks/Kerberos.framework/Versions/A/Kerberos
0x000000000da16000 	/System/Library/Frameworks/GSS.framework/Versions/A/GSS
0x000000000da16000 	/usr/lib/libresolv.9.dylib
0x000000000da16000 	/System/Library/PrivateFrameworks/Heimdal.framework/Versions/A/Heimdal
0x000000000da16000 	/usr/lib/libheimdal-asn1.dylib
0x000000000da16000 	/System/Library/Frameworks/OpenDirectory.framework/Versions/A/OpenDirectory
0x000000000da16000 	/System/Library/PrivateFrameworks/CommonAuth.framework/Versions/A/CommonAuth
0x000000000da16000 	/System/Library/Frameworks/SecurityFoundation.framework/Versions/A/SecurityFoundation
0x000000000da16000 	/System/Library/Frameworks/QuartzCore.framework/Versions/A/Frameworks/CoreImage.framework/Versions/A/CoreImage
0x000000000da16000 	/System/Library/PrivateFrameworks/CrashReporterSupport.framework/Versions/A/CrashReporterSupport
0x000000000da16000 	/System/Library/Frameworks/OpenCL.framework/Versions/A/OpenCL
0x000000000da16000 	/System/Library/PrivateFrameworks/FaceCore.framework/Versions/A/FaceCore
0x000000000da16000 	/System/Library/PrivateFrameworks/Ubiquity.framework/Versions/A/Ubiquity
0x000000000da16000 	/System/Library/PrivateFrameworks/IconServices.framework/Versions/A/IconServices
0x000000000da16000 	/System/Library/PrivateFrameworks/ChunkingLibrary.framework/Versions/A/ChunkingLibrary
0x000000000da16000 	/System/Library/PrivateFrameworks/Apple80211.framework/Versions/A/Apple80211
0x000000000da16000 	/System/Library/Frameworks/CoreWLAN.framework/Versions/A/CoreWLAN
0x000000000da16000 	/System/Library/Frameworks/IOBluetooth.framework/Versions/A/IOBluetooth
0x000000000da16000 	/System/Library/PrivateFrameworks/CoreWiFi.framework/Versions/A/CoreWiFi
0x000000000da16000 	/System/Library/Frameworks/CoreBluetooth.framework/Versions/A/CoreBluetooth
0x000000000da16000 	/System/Library/PrivateFrameworks/DebugSymbols.framework/Versions/A/DebugSymbols
0x000000000da16000 	/System/Library/PrivateFrameworks/CoreSymbolication.framework/Versions/A/CoreSymbolication
0x000000000da16000 	/System/Library/PrivateFrameworks/Symbolication.framework/Versions/A/Symbolication
0x000000000da16000 	/System/Library/PrivateFrameworks/SpeechRecognitionCore.framework/Versions/A/SpeechRecognitionCore
0x000000010ce00000 	/Library/Java/JavaVirtualMachines/jdk1.7.0_67.jdk/Contents/Home/jre/lib/server/libjvm.dylib
0x000000000da16000 	/usr/lib/libstdc++.6.dylib
0x000000010d85f000 	/Library/Java/JavaVirtualMachines/jdk1.7.0_67.jdk/Contents/Home/jre/lib/libverify.dylib
0x000000010d86c000 	/Library/Java/JavaVirtualMachines/jdk1.7.0_67.jdk/Contents/Home/jre/lib/libjava.dylib
0x000000010d8a5000 	/Library/Java/JavaVirtualMachines/jdk1.7.0_67.jdk/Contents/Home/jre/lib/libzip.dylib
0x000000011cc7b000 	/System/Library/Frameworks/JavaVM.framework/Frameworks/JavaRuntimeSupport.framework/JavaRuntimeSupport
0x000000011cc91000 	/System/Library/Frameworks/JavaVM.framework/Versions/A/Frameworks/JavaNativeFoundation.framework/Versions/A/JavaNativeFoundation
0x000000011cca5000 	/System/Library/Frameworks/JavaVM.framework/Versions/A/JavaVM
0x000000000da16000 	/System/Library/Frameworks/Carbon.framework/Versions/A/Carbon
0x000000011ccb1000 	/System/Library/PrivateFrameworks/JavaLaunching.framework/Versions/A/JavaLaunching
0x000000000da16000 	/System/Library/Frameworks/Carbon.framework/Versions/A/Frameworks/CommonPanels.framework/Versions/A/CommonPanels
0x000000000da16000 	/System/Library/Frameworks/Carbon.framework/Versions/A/Frameworks/Help.framework/Versions/A/Help
0x000000000da16000 	/System/Library/Frameworks/Carbon.framework/Versions/A/Frameworks/ImageCapture.framework/Versions/A/ImageCapture
0x000000000da16000 	/System/Library/Frameworks/Carbon.framework/Versions/A/Frameworks/OpenScripting.framework/Versions/A/OpenScripting
0x000000000da16000 	/System/Library/Frameworks/Carbon.framework/Versions/A/Frameworks/Print.framework/Versions/A/Print
0x000000000da16000 	/System/Library/Frameworks/Carbon.framework/Versions/A/Frameworks/SecurityHI.framework/Versions/A/SecurityHI
0x000000011ec46000 	/Users/tony/.swt/lib/macosx/x86_64/libswt-cocoa-4427.jnilib
0x000000000da16000 	/System/Library/Frameworks/WebKit.framework/Versions/A/WebKit
0x000000000da16000 	/System/Library/Frameworks/JavaScriptCore.framework/Versions/A/JavaScriptCore
0x000000000da16000 	/System/Library/Frameworks/SecurityInterface.framework/Versions/A/SecurityInterface
0x000000000da16000 	/System/Library/Frameworks/WebKit.framework/Versions/A/Frameworks/WebKitLegacy.framework/Versions/A/WebKitLegacy
0x000000000da16000 	/System/Library/Frameworks/WebKit.framework/Versions/A/Frameworks/WebCore.framework/Versions/A/WebCore
0x000000011ec93000 	/Users/tony/.swt/lib/macosx/x86_64/libswt-pi-cocoa-4427.jnilib
0x000000000da16000 	/System/Library/PrivateFrameworks/CoreServicesInternal.framework/Versions/A/CoreServicesInternal
0x000000000da16000 	/System/Library/PrivateFrameworks/CloudDocs.framework/Versions/A/CloudDocs
0x000000000da16000 	/System/Library/PrivateFrameworks/CoreDuet.framework/Versions/A/CoreDuet
0x000000000da16000 	/System/Library/Frameworks/CloudKit.framework/Versions/A/CloudKit
0x000000000da16000 	/System/Library/PrivateFrameworks/ProtocolBuffer.framework/Versions/A/ProtocolBuffer
0x000000000da16000 	/System/Library/PrivateFrameworks/CoreDuetDaemonProtocol.framework/Versions/A/CoreDuetDaemonProtocol
0x000000000da16000 	/System/Library/PrivateFrameworks/CoreDuetDebugLogging.framework/Versions/A/CoreDuetDebugLogging
0x000000000da16000 	/System/Library/Frameworks/CoreLocation.framework/Versions/A/CoreLocation
0x000000000da16000 	/System/Library/Frameworks/Accounts.framework/Versions/A/Accounts
0x000000000da16000 	/System/Library/PrivateFrameworks/ApplePushService.framework/Versions/A/ApplePushService
0x000000000da16000 	/System/Library/PrivateFrameworks/GeoServices.framework/Versions/A/GeoServices
0x000000000da16000 	/System/Library/PrivateFrameworks/OAuth.framework/Versions/A/OAuth
0x000000000da16000 	/System/Library/PrivateFrameworks/CoreDaemon.framework/Versions/B/CoreDaemon
0x000000000da16000 	/usr/lib/libcrypto.0.9.8.dylib
0x000000000da16000 	/System/Library/PrivateFrameworks/AppleSRP.framework/Versions/A/AppleSRP
0x000000000da16000 	/System/Library/PrivateFrameworks/TrustEvaluationAgent.framework/Versions/A/TrustEvaluationAgent
0x000000000da16000 	/System/Library/Frameworks/CoreGraphics.framework/Versions/A/Resources/libCGCMS.A.dylib
0x000000000da16000 	/System/Library/Frameworks/CoreGraphics.framework/Versions/A/Resources/libCGXType.A.dylib
0x000000000da16000 	/System/Library/Frameworks/CoreGraphics.framework/Versions/A/Resources/libRIP.A.dylib
0x000000000da16000 	/System/Library/PrivateFrameworks/FinderKit.framework/Versions/A/FinderKit
0x000000000da16000 	/System/Library/PrivateFrameworks/Suggestions.framework/Versions/A/Suggestions
0x000000000da16000 	/System/Library/Frameworks/Quartz.framework/Versions/A/Frameworks/QuickLookUI.framework/Versions/A/QuickLookUI
0x000000000da16000 	/System/Library/Frameworks/Quartz.framework/Versions/A/Frameworks/ImageKit.framework/Versions/A/ImageKit
0x000000000da16000 	/System/Library/PrivateFrameworks/Bom.framework/Versions/A/Bom
0x000000000da16000 	/System/Library/Frameworks/QuickLook.framework/Versions/A/QuickLook
0x000000000da16000 	/System/Library/PrivateFrameworks/SystemAdministration.framework/Versions/A/SystemAdministration
0x000000000da16000 	/System/Library/PrivateFrameworks/DiskImages.framework/Versions/A/DiskImages
0x000000000da16000 	/System/Library/PrivateFrameworks/AppleSystemInfo.framework/Versions/A/AppleSystemInfo
0x000000000da16000 	/System/Library/Frameworks/ImageCaptureCore.framework/Versions/A/ImageCaptureCore
0x000000000da16000 	/System/Library/Frameworks/AddressBook.framework/Versions/A/AddressBook
0x000000000da16000 	/System/Library/PrivateFrameworks/IntlPreferences.framework/Versions/A/IntlPreferences
0x000000000da16000 	/System/Library/PrivateFrameworks/ToneLibrary.framework/Versions/A/ToneLibrary
0x000000000da16000 	/System/Library/PrivateFrameworks/ToneKit.framework/Versions/A/ToneKit
0x000000000da16000 	/System/Library/PrivateFrameworks/vCard.framework/Versions/A/vCard
0x000000000da16000 	/System/Library/PrivateFrameworks/ContactsData.framework/Versions/A/ContactsData
0x000000000da16000 	/System/Library/PrivateFrameworks/ContactsFoundation.framework/Versions/A/ContactsFoundation
0x000000000da16000 	/System/Library/Frameworks/DirectoryService.framework/Versions/A/DirectoryService
0x000000000da16000 	/System/Library/PrivateFrameworks/PhoneNumbers.framework/Versions/A/PhoneNumbers
0x000000000da16000 	/System/Library/Frameworks/Quartz.framework/Versions/A/Quartz
0x000000000da16000 	/System/Library/Frameworks/LDAP.framework/Versions/A/LDAP
0x000000000da16000 	/System/Library/Frameworks/AVFoundation.framework/Versions/A/AVFoundation
0x000000000da16000 	/System/Library/Frameworks/AVFoundation.framework/Versions/A/Resources/libAVFAudio.dylib
0x000000000da16000 	/System/Library/Frameworks/CoreMedia.framework/Versions/A/CoreMedia
0x000000000da16000 	/System/Library/Frameworks/MediaToolbox.framework/Versions/A/MediaToolbox
0x000000000da16000 	/System/Library/Frameworks/VideoToolbox.framework/Versions/A/VideoToolbox
0x000000000da16000 	/System/Library/Frameworks/CoreMediaIO.framework/Versions/A/CoreMediaIO
0x000000000da16000 	/System/Library/PrivateFrameworks/MediaControlSender.framework/Versions/A/MediaControlSender
0x000000000da16000 	/System/Library/PrivateFrameworks/CoreAVCHD.framework/Versions/A/CoreAVCHD
0x000000000da16000 	/System/Library/Frameworks/MediaAccessibility.framework/Versions/A/MediaAccessibility
0x000000000da16000 	/System/Library/PrivateFrameworks/Mangrove.framework/Versions/A/Mangrove
0x000000000da16000 	/System/Library/PrivateFrameworks/CoreAUC.framework/Versions/A/CoreAUC
0x000000000da16000 	/System/Library/PrivateFrameworks/NetworkStatistics.framework/Versions/A/NetworkStatistics
0x000000000da16000 	/System/Library/PrivateFrameworks/AirPlaySupport.framework/Versions/A/AirPlaySupport
0x000000000da16000 	/System/Library/PrivateFrameworks/CoreUtils.framework/Versions/A/CoreUtils
0x000000000da16000 	/System/Library/PrivateFrameworks/AppleVA.framework/Versions/A/AppleVA
0x000000000da16000 	/System/Library/PrivateFrameworks/XPCService.framework/Versions/A/XPCService
0x000000000da16000 	/System/Library/PrivateFrameworks/AppSandbox.framework/Versions/A/AppSandbox
0x000000000da16000 	/usr/lib/libsandbox.1.dylib
0x000000000da16000 	/System/Library/PrivateFrameworks/AppContainer.framework/Versions/A/AppContainer
0x000000000da16000 	/System/Library/PrivateFrameworks/SecCodeWrapper.framework/Versions/A/SecCodeWrapper
0x000000000da16000 	/usr/lib/libMatch.1.dylib
0x000000000da16000 	/usr/lib/libspindump.dylib
0x000000000da16000 	/System/Library/Frameworks/QTKit.framework/Versions/A/QTKit
0x000000000da16000 	/System/Library/PrivateFrameworks/CoreMediaAuthoring.framework/Versions/A/CoreMediaAuthoring
0x000000000da16000 	/System/Library/Frameworks/Quartz.framework/Versions/A/Frameworks/QuartzComposer.framework/Versions/A/QuartzComposer
0x000000000da16000 	/System/Library/Frameworks/Quartz.framework/Versions/A/Frameworks/PDFKit.framework/Versions/A/PDFKit
0x000000000da16000 	/System/Library/Frameworks/Quartz.framework/Versions/A/Frameworks/QuartzFilters.framework/Versions/A/QuartzFilters
0x000000000da16000 	/System/Library/PrivateFrameworks/CorePDF.framework/Versions/A/CorePDF
0x000000000da16000 	/System/Library/PrivateFrameworks/DisplayServices.framework/Versions/A/DisplayServices
0x000000000da16000 	/usr/lib/libsasl2.2.dylib
0x000000000da16000 	/System/Library/PrivateFrameworks/AppleFSCompression.framework/Versions/A/AppleFSCompression
0x000000000da16000 	/System/Library/PrivateFrameworks/LoginUIKit.framework/Versions/A/Frameworks/LoginUICore.framework/Versions/A/LoginUICore
0x000000000da16000 	/usr/lib/libCoreStorage.dylib
0x000000000da16000 	/usr/lib/libcsfde.dylib
0x000000000da16000 	/usr/lib/libodfde.dylib
0x000000000da16000 	/System/Library/Frameworks/DiscRecording.framework/Versions/A/DiscRecording
0x000000000da16000 	/usr/lib/libcurl.4.dylib
0x000000000da16000 	/System/Library/PrivateFrameworks/MediaKit.framework/Versions/A/MediaKit
0x000000000da16000 	/System/Library/PrivateFrameworks/ProtectedCloudStorage.framework/Versions/A/ProtectedCloudStorage
0x000000000da16000 	/System/Library/PrivateFrameworks/EFILogin.framework/Versions/A/EFILogin
0x000000000da16000 	/usr/lib/libutil.dylib
0x000000000da16000 	/System/Library/PrivateFrameworks/FindMyDevice.framework/Versions/A/FindMyDevice
0x00000001214f8000 	/System/Library/PrivateFrameworks/CacheDelete.framework/CacheDelete
0x000000000da16000 	/System/Library/PrivateFrameworks/PlugInKit.framework/Versions/A/PlugInKit
0x000000012159f000 	/System/Library/PrivateFrameworks/FileProvider.framework/FileProvider
0x000000000da16000 	/System/Library/Frameworks/OpenGL.framework/Versions/A/Resources/GLEngine.bundle/GLEngine
0x000000000da16000 	/System/Library/Frameworks/OpenGL.framework/Versions/A/Libraries/libGLProgrammability.dylib
0x0000000000000000 	/System/Library/Extensions/AppleIntelHD4000GraphicsGLDriver.bundle/Contents/MacOS/AppleIntelHD4000GraphicsGLDriver
0x000000000da16000 	/System/Library/PrivateFrameworks/IOAccelerator.framework/Versions/A/IOAccelerator
0x000000000da16000 	/System/Library/PrivateFrameworks/GPUSupport.framework/Versions/A/Libraries/libGPUSupportMercury.dylib
0x0000000000000000 	/System/Library/Extensions/GeForceGLDriver.bundle/Contents/MacOS/GeForceGLDriver
0x000000000da16000 	/System/Library/Extensions/GeForceGLDriver.bundle/Contents/MacOS/libclh.dylib
0x000000000da16000 	/System/Library/Frameworks/OpenGL.framework/Versions/A/Resources/GLRendererFloat.bundle/GLRendererFloat
0x000000000da16000 	/System/Library/Frameworks/OpenCL.framework/Versions/A/Libraries/libcldcpuengine.dylib
0x0000000123954000 	cl_kernels
0x0000000123956000 	/System/Library/Frameworks/OpenCL.framework/Versions/A/Libraries/ImageFormats/unorm8_bgra.dylib
0x0000000123946000 	cl_kernels
0x0000000123b01000 	/System/Library/Frameworks/OpenCL.framework/Versions/A/Libraries/ImageFormats/unorm8_rgba.dylib
0x00000001250af000 	cl_kernels
0x000000000da16000 	/System/Library/PrivateFrameworks/FamilyControls.framework/Versions/A/FamilyControls
0x000000000da16000 	/System/Library/PrivateFrameworks/CommerceKit.framework/Versions/A/Frameworks/CommerceCore.framework/Versions/A/CommerceCore
0x000000012465c000 	cl_kernels
0x0000000124660000 	cl_kernels
0x000000012471c000 	/System/Library/Frameworks/Security.framework/PlugIns/csparser.bundle/Contents/MacOS/csparser
0x000000000da16000 	/System/Library/CoreServices/RawCamera.bundle/Contents/MacOS/RawCamera
0x0000000126706000 	/Library/Java/JavaVirtualMachines/jdk1.7.0_67.jdk/Contents/Home/jre/lib/libnio.dylib
0x0000000126715000 	/Library/Java/JavaVirtualMachines/jdk1.7.0_67.jdk/Contents/Home/jre/lib/./libnet.dylib
0x0000000123522000 	/System/Library/Frameworks/ApplicationServices.framework/Frameworks/ATS.framework/Resources/libFontRegistryUI.dylib
0x0000000124109000 	/System/Library/Frameworks/ApplicationServices.framework/Versions/A/Frameworks/ATS.framework/Versions/A/Resources/ATSHI.dylib
0x000000000da16000 	/System/Library/PrivateFrameworks/Shortcut.framework/Versions/A/Shortcut
0x000000000da16000 	/System/Library/PrivateFrameworks/HelpData.framework/Versions/A/HelpData
0x000000000da16000 	/usr/lib/libtidy.A.dylib
0x000000000da16000 	/System/Library/PrivateFrameworks/DataDetectors.framework/Versions/A/DataDetectors
0x000000000da16000 	/System/Library/PrivateFrameworks/IDS.framework/Versions/A/IDS
0x000000000da16000 	/System/Library/PrivateFrameworks/WebKit2.framework/Versions/A/WebKit2
0x000000000da16000 	/System/Library/PrivateFrameworks/IMFoundation.framework/Versions/A/IMFoundation
0x000000000da16000 	/System/Library/PrivateFrameworks/Marco.framework/Versions/A/Marco
0x000000000da16000 	/System/Library/PrivateFrameworks/IDSFoundation.framework/Versions/A/IDSFoundation
0x000000000da16000 	/System/Library/PrivateFrameworks/FTServices.framework/Versions/A/FTServices
0x000000000da16000 	/System/Library/PrivateFrameworks/CommonUtilities.framework/Versions/A/CommonUtilities
0x000000000da16000 	/System/Library/PrivateFrameworks/DiagnosticLogCollection.framework/Versions/A/DiagnosticLogCollection
0x000000000da16000 	/System/Library/Frameworks/Accelerate.framework/Versions/A/Frameworks/vImage.framework/Versions/A/Libraries/libCGInterfaces.dylib
0x000000000da16000 	/System/Library/Frameworks/CoreGraphics.framework/Versions/A/Resources/libCGXCoreImage.A.dylib
0x0000000124286000 	cl_kernels

VM Arguments:
jvm_args: -Dfile.encoding=UTF-8 
java_command: tool.xmodeler.XModeler ./ini.txt
Launcher Type: SUN_STANDARD

Environment Variables:
PATH=/usr/bin:/bin:/usr/sbin:/sbin
SHELL=/bin/bash

Signal Handlers:
SIGSEGV: [libjvm.dylib+0x52b6c9], sa_mask[0]=0xfffefeff, sa_flags=0x00000043
SIGBUS: [libjvm.dylib+0x52b6c9], sa_mask[0]=0xfffefeff, sa_flags=0x00000042
SIGFPE: [libjvm.dylib+0x41deaa], sa_mask[0]=0xfffefeff, sa_flags=0x00000042
SIGPIPE: [libjvm.dylib+0x41deaa], sa_mask[0]=0xfffefeff, sa_flags=0x00000042
SIGXFSZ: [libjvm.dylib+0x41deaa], sa_mask[0]=0xfffefeff, sa_flags=0x00000042
SIGILL: [libjvm.dylib+0x41deaa], sa_mask[0]=0xfffefeff, sa_flags=0x00000042
SIGUSR1: SIG_DFL, sa_mask[0]=0x00000000, sa_flags=0x00000000
SIGUSR2: [libjvm.dylib+0x41d99c], sa_mask[0]=0x00000004, sa_flags=0x00000042
SIGHUP: [libjvm.dylib+0x41bc2d], sa_mask[0]=0xfffefeff, sa_flags=0x00000042
SIGINT: [libjvm.dylib+0x41bc2d], sa_mask[0]=0xfffefeff, sa_flags=0x00000042
SIGTERM: [libjvm.dylib+0x41bc2d], sa_mask[0]=0xfffefeff, sa_flags=0x00000042
SIGQUIT: [libjvm.dylib+0x41bc2d], sa_mask[0]=0xfffefeff, sa_flags=0x00000042


---------------  S Y S T E M  ---------------

OS:Bsduname:Darwin 14.0.0 Darwin Kernel Version 14.0.0: Fri Sep 19 00:26:44 PDT 2014; root:xnu-2782.1.97~2/RELEASE_X86_64 x86_64
rlimit: STACK 8192k, CORE 0k, NPROC 709, NOFILE 10240, AS infinity
load average:1.99 1.58 1.37

CPU:total 8 (4 cores per cpu, 2 threads per core) family 6 model 58 stepping 9, cmov, cx8, fxsr, mmx, sse, sse2, sse3, ssse3, sse4.1, sse4.2, popcnt, avx, aes, erms, ht, tsc, tscinvbit, tscinv

Memory: 4k page, physical 16777216k(4194304k free)

/proc/meminfo:


vm_info: Java HotSpot(TM) 64-Bit Server VM (24.65-b04) for bsd-amd64 JRE (1.7.0_67-b01), built on Jul 25 2014 08:51:51 by "java_re" with gcc 4.2.1 (Based on Apple Inc. build 5658) (LLVM build 2336.11.00)

time: Fri Nov 14 08:52:08 2014
elapsed time: 1112 seconds

