#
# A fatal error has been detected by the Java Runtime Environment:
#
#  SIGSEGV (0xb) at pc=0x00000001153aace9, pid=4328, tid=12547
#
# JRE version: Java(TM) SE Runtime Environment (7.0_67-b01) (build 1.7.0_67-b01)
# Java VM: Java HotSpot(TM) 64-Bit Server VM (24.65-b04 mixed mode bsd-amd64 compressed oops)
# Problematic frame:
# C  [libswt-cocoa-4427.jnilib+0x25ce9]  callback+0x297
#
# Failed to write core dump. Core dumps have been disabled. To enable core dumping, try "ulimit -c unlimited" before starting Java again
#
# If you would like to submit a bug report, please visit:
#   http://bugreport.sun.com/bugreport/crash.jsp
#

---------------  T H R E A D  ---------------

Current thread (0x00007f813d812800):  VMThread [stack: 0x00000001130a8000,0x00000001131a8000] [id=12547]

siginfo:si_signo=SIGSEGV: si_errno=0, si_code=1 (SEGV_MAPERR), si_addr=0x0000000000000078

Registers:
RAX=0x0000000000000000, RBX=0x00007f813ace8d50, RCX=0x00000001131a7774, RDX=0x0000000000000001
RSP=0x00000001131a77a0, RBP=0x00000001131a78d0, RSI=0x0000000000000000, RDI=0x0000000000000000
R8 =0x0000000000000000, R9 =0x0000000000000003, R10=0x00007f813d907b10, R11=0x00007f813c8161a0
R12=0x00007fff974470c0, R13=0x00000001131a79a0, R14=0x0000000000000000, R15=0x0000000000000000
RIP=0x00000001153aace9, EFLAGS=0x0000000000010206, ERR=0x0000000000000004
  TRAPNO=0x000000000000000e

Top of Stack: (sp=0x00000001131a77a0)
0x00000001131a77a0:   00000001153aaadb 00007fff00000000
0x00000001131a77b0:   00007fff7aeaa8e0 000000007aeaa8e4
0x00000001131a77c0:   00007fff7aeaa8e8 00007fff95973cf1
0x00000001131a77d0:   00007fff7aeaa8e4 00007f813d8129e8
0x00000001131a77e0:   00007f813ac0cdd8 00007f813ac20ea8
0x00000001131a77f0:   000000020001787c 0000000000000000
0x00000001131a7800:   00007fff7aeaa8c8 00007fff00000000
0x00000001131a7810:   00000001131a7860 00007fff9745baea
0x00000001131a7820:   00007f813ace8d50 00007f813c815b60
0x00000001131a7830:   00007fff95975631 0000000000000000
0x00000001131a7840:   0000000000000000 0000000000000003
0x00000001131a7850:   0000000000000000 0000000000000000
0x00000001131a7860:   00000001131a7930 00007fff974471ac
0x00000001131a7870:   0000000000000003 0000000000000000
0x00000001131a7880:   0000000000000000 0000000000000000
0x00000001131a7890:   00007fff95973cf1 00007f813ace8d50
0x00000001131a78a0:   0000000000000000 00007fff7a680c40
0x00000001131a78b0:   0000000000000000 0000000000000000
0x00000001131a78c0:   0000000000000000 0000000000000000
0x00000001131a78d0:   00000001131a78f0 000000011538925e
0x00000001131a78e0:   00007fff95975631 00007f813c815b60
0x00000001131a78f0:   00000001131a7930 00007fff951378f2
0x00000001131a7900:   ffffffffffffffff ffffffffffffffff
0x00000001131a7910:   00007fff974470c0 00000000000000e0
0x00000001131a7920:   0000000000000000 0000000000000000
0x00000001131a7930:   00000001131a7970 00007fff95231437
0x00000001131a7940:   0000000000000000 00007f813ace8d50
0x00000001131a7950:   00000000000000f8 00007fff974470c0
0x00000001131a7960:   0000000000000000 00007fff7aeac200
0x00000001131a7970:   00000001131a79f0 00007fff95231245
0x00000001131a7980:   0000000000000000 0000000000000000
0x00000001131a7990:   0000000000000000 0000000000000000 

Instructions: (pc=0x00000001153aace9)
0x00000001153aacc9:   ff ff 01 00 00 00 48 8b 85 08 ff ff ff 48 85 c0
0x00000001153aacd9:   0f 84 9f 03 00 00 48 8b 85 08 ff ff ff 48 8b 00
0x00000001153aace9:   48 8b 40 78 48 8b bd 08 ff ff ff ff d0 48 89 85
0x00000001153aacf9:   30 ff ff ff 48 83 bd 30 ff ff ff 00 74 26 48 8b 

Register to memory mapping:

RAX=0x0000000000000000 is an unknown value
RBX=0x00007f813ace8d50 is an unknown value
RCX=0x00000001131a7774 is an unknown value
RDX=0x0000000000000001 is an unknown value
RSP=0x00000001131a77a0 is an unknown value
RBP=0x00000001131a78d0 is an unknown value
RSI=0x0000000000000000 is an unknown value
RDI=0x0000000000000000 is an unknown value
R8 =0x0000000000000000 is an unknown value
R9 =0x0000000000000003 is an unknown value
R10=0x00007f813d907b10 is an unknown value
R11=0x00007f813c8161a0 is an unknown value
R12=0x00007fff974470c0: objc_msgSend+0 in /usr/lib/libobjc.A.dylib at 0x00007fff97446000
R13=0x00000001131a79a0 is an unknown value
R14=0x0000000000000000 is an unknown value
R15=0x0000000000000000 is an unknown value


Stack: [0x00000001130a8000,0x00000001131a8000],  sp=0x00000001131a77a0,  free space=1021k
Native frames: (J=compiled Java code, j=interpreted, Vv=VM code, C=native code)
C  [libswt-cocoa-4427.jnilib+0x25ce9]  callback+0x297
C  [libswt-cocoa-4427.jnilib+0x425e]  fn0_2+0x27
C  [AppKit+0x1428f2]  -[NSWindow orderWindow:relativeTo:]+0x76
C  [AppKit+0x23c437]  __18-[NSWindow _close]_block_invoke+0x1bc
C  [AppKit+0x23c245]  -[NSWindow _close]+0x16b
C  [FinderKit+0xa252f]  -[FI_TFloatingInputWindowController dealloc]+0x45
C  [libobjc.A.dylib+0x1f68c]  _ZN11objc_object17sidetable_releaseEb+0xec
C  [AppKit+0x1226b4]  -[NSWindowController release]+0x9a
C  [FinderKit+0xa2efc]  _ZN4TRefIP33FI_TFloatingInputWindowController23OBJCRetainReleasePolicyIS1_EED2Ev+0xc
C  [libsystem_c.dylib+0x5e8ed]  __cxa_finalize_ranges+0x142
C  [libsystem_c.dylib+0x5ebf0]  exit+0x37
V  [libjvm.dylib+0x2d9a9e]
V  [libjvm.dylib+0x532237]
V  [libjvm.dylib+0x53089b]
V  [libjvm.dylib+0x530ce8]
V  [libjvm.dylib+0x53060f]
V  [libjvm.dylib+0x420772]
C  [libsystem_pthread.dylib+0x32fc]  _pthread_body+0x83
C  [libsystem_pthread.dylib+0x3279]  _pthread_body+0x0
C  [libsystem_pthread.dylib+0x14b1]  thread_start+0xd

VM_Operation (0x000000011de8f718): Exit, mode: safepoint, requested by thread 0x00007f813b9aa000


---------------  P R O C E S S  ---------------

Java Threads: ( => current thread )
  0x00007f813b9aa000 JavaThread "SIGTERM handler" daemon [_thread_blocked, id=29971, stack(0x000000011dd90000,0x000000011de90000)]
  0x00007f813d93f000 JavaThread "Thread-12" [_thread_blocked, id=93203, stack(0x000000011afee000,0x000000011b0ee000)]
  0x00007f81428b5000 JavaThread "Thread-11" [_thread_blocked, id=93459, stack(0x000000011aeeb000,0x000000011afeb000)]
  0x00007f813e4e1800 JavaThread "Thread-10" [_thread_blocked, id=71947, stack(0x000000011980b000,0x000000011990b000)]
  0x00007f813e2e6000 JavaThread "Thread-9" [_thread_blocked, id=71315, stack(0x0000000119708000,0x0000000119808000)]
  0x00007f813b9c2800 JavaThread "Thread-8" [_thread_blocked, id=47887, stack(0x0000000119605000,0x0000000119705000)]
  0x00007f813b899000 JavaThread "Thread-7" [_thread_blocked, id=48139, stack(0x0000000119502000,0x0000000119602000)]
  0x00007f813b8cb800 JavaThread "Thread-6" [_thread_blocked, id=46107, stack(0x00000001193ff000,0x00000001194ff000)]
  0x00007f813b942000 JavaThread "Thread-5" [_thread_blocked, id=64827, stack(0x00000001192fc000,0x00000001193fc000)]
  0x00007f813ba74000 JavaThread "Thread-4" [_thread_blocked, id=70799, stack(0x00000001191f9000,0x00000001192f9000)]
  0x00007f813b98e800 JavaThread "Thread-3" [_thread_blocked, id=78607, stack(0x00000001190f6000,0x00000001191f6000)]
  0x00007f813e053000 JavaThread "Thread-2" [_thread_blocked, id=79879, stack(0x000000011ea73000,0x000000011eb73000)]
  0x00007f813b98f800 JavaThread "Thread-1" [_thread_blocked, id=79643, stack(0x000000011e970000,0x000000011ea70000)]
  0x00007f813e008000 JavaThread "Service Thread" daemon [_thread_blocked, id=19203, stack(0x0000000114f87000,0x0000000115087000)]
  0x00007f813e007800 JavaThread "C2 CompilerThread1" daemon [_thread_blocked, id=18691, stack(0x0000000114e84000,0x0000000114f84000)]
  0x00007f813e006000 JavaThread "C2 CompilerThread0" daemon [_thread_blocked, id=18179, stack(0x0000000114d81000,0x0000000114e81000)]
  0x00007f813e004000 JavaThread "Signal Dispatcher" daemon [_thread_blocked, id=17683, stack(0x0000000114c7e000,0x0000000114d7e000)]
  0x00007f813b83f800 JavaThread "Finalizer" daemon [_thread_blocked, id=13571, stack(0x00000001132ae000,0x00000001133ae000)]
  0x00007f813b839800 JavaThread "Reference Handler" daemon [_thread_blocked, id=13059, stack(0x00000001131ab000,0x00000001132ab000)]
  0x00007f813b80b000 JavaThread "main" [_thread_blocked, id=1811, stack(0x00007fff5d764000,0x00007fff5d7e4000)]

Other Threads:
=>0x00007f813d812800 VMThread [stack: 0x00000001130a8000,0x00000001131a8000] [id=12547]

VM state:at safepoint (shutting down)

VM Mutex/Monitor currently owned by a thread:  ([mutex/lock_event])
[0x00007f813ac028e0] Threads_lock - owner thread: 0x00007f813d812800

Heap
 PSYoungGen      total 76800K, used 16705K [0x00000007aaa80000, 0x00000007b0000000, 0x0000000800000000)
  eden space 66048K, 25% used [0x00000007aaa80000,0x00000007abad07b8,0x00000007aeb00000)
  from space 10752K, 0% used [0x00000007aeb00000,0x00000007aeb00000,0x00000007af580000)
  to   space 10752K, 0% used [0x00000007af580000,0x00000007af580000,0x00000007b0000000)
 ParOldGen       total 200704K, used 126245K [0x0000000700000000, 0x000000070c400000, 0x00000007aaa80000)
  object space 200704K, 62% used [0x0000000700000000,0x0000000707b49470,0x000000070c400000)
 PSPermGen       total 21504K, used 10827K [0x00000006fae00000, 0x00000006fc300000, 0x0000000700000000)
  object space 21504K, 50% used [0x00000006fae00000,0x00000006fb892c38,0x00000006fc300000)

Card table byte_map: [0x000000010711f000,0x0000000107949000] byte_map_base: 0x0000000103948000

Polling page: 0x000000010256f000

Code Cache  [0x000000010405f000, 0x00000001042cf000, 0x000000010705f000)
 total_blobs=634 nmethods=233 adapters=355 free_code_cache=47909Kb largest_free_block=49014848

Compilation events (10 events):
Event: 74.483 Thread 0x00007f813e007800  229             tool.clients.diagrams.Waypoint::getY (5 bytes)
Event: 74.483 Thread 0x00007f813e007800 nmethod 229 0x0000000104189990 code [0x0000000104189ac0, 0x0000000104189b18]
Event: 79.061 Thread 0x00007f813e006000  232             org.eclipse.swt.internal.cocoa.NSBezierPath::removeAllPoints (12 bytes)
Event: 79.061 Thread 0x00007f813e006000 nmethod 232 0x000000010418ab50 code [0x000000010418aca0, 0x000000010418ad28]
Event: 79.123 Thread 0x00007f813e007800  233             org.eclipse.swt.widgets.Display::windowProc (2606 bytes)
Event: 79.179 Thread 0x00007f813e007800 nmethod 233 0x0000000104198a10 code [0x0000000104199260, 0x000000010419c5a0]
Event: 79.284 Thread 0x00007f813e006000  234             org.eclipse.swt.internal.cocoa.NSGraphicsContext::saveGraphicsState (12 bytes)
Event: 79.284 Thread 0x00007f813e007800  235             org.eclipse.swt.internal.cocoa.NSGraphicsContext::restoreGraphicsState (12 bytes)
Event: 79.284 Thread 0x00007f813e006000 nmethod 234 0x000000010418a8d0 code [0x000000010418aa20, 0x000000010418aaa8]
Event: 79.285 Thread 0x00007f813e007800 nmethod 235 0x000000010418a650 code [0x000000010418a7a0, 0x000000010418a828]

GC Heap History (4 events):
Event: 11.326 GC heap before
{Heap before GC invocations=1 (full 0):
 PSYoungGen      total 76800K, used 66048K [0x00000007aaa80000, 0x00000007b0000000, 0x0000000800000000)
  eden space 66048K, 100% used [0x00000007aaa80000,0x00000007aeb00000,0x00000007aeb00000)
  from space 10752K, 0% used [0x00000007af580000,0x00000007af580000,0x00000007b0000000)
  to   space 10752K, 0% used [0x00000007aeb00000,0x00000007aeb00000,0x00000007af580000)
 ParOldGen       total 235008K, used 231386K [0x0000000700000000, 0x000000070e580000, 0x00000007aaa80000)
  object space 235008K, 98% used [0x0000000700000000,0x000000070e1f6bc8,0x000000070e580000)
 PSPermGen       total 21504K, used 10740K [0x00000006fae00000, 0x00000006fc300000, 0x0000000700000000)
  object space 21504K, 49% used [0x00000006fae00000,0x00000006fb87d3f8,0x00000006fc300000)
Event: 11.333 GC heap after
Heap after GC invocations=1 (full 0):
 PSYoungGen      total 76800K, used 6462K [0x00000007aaa80000, 0x00000007b0000000, 0x0000000800000000)
  eden space 66048K, 0% used [0x00000007aaa80000,0x00000007aaa80000,0x00000007aeb00000)
  from space 10752K, 60% used [0x00000007aeb00000,0x00000007af14fa40,0x00000007af580000)
  to   space 10752K, 0% used [0x00000007af580000,0x00000007af580000,0x00000007b0000000)
 ParOldGen       total 235008K, used 231458K [0x0000000700000000, 0x000000070e580000, 0x00000007aaa80000)
  object space 235008K, 98% used [0x0000000700000000,0x000000070e208bd8,0x000000070e580000)
 PSPermGen       total 21504K, used 10740K [0x00000006fae00000, 0x00000006fc300000, 0x0000000700000000)
  object space 21504K, 49% used [0x00000006fae00000,0x00000006fb87d3f8,0x00000006fc300000)
}
Event: 11.333 GC heap before
{Heap before GC invocations=2 (full 1):
 PSYoungGen      total 76800K, used 6462K [0x00000007aaa80000, 0x00000007b0000000, 0x0000000800000000)
  eden space 66048K, 0% used [0x00000007aaa80000,0x00000007aaa80000,0x00000007aeb00000)
  from space 10752K, 60% used [0x00000007aeb00000,0x00000007af14fa40,0x00000007af580000)
  to   space 10752K, 0% used [0x00000007af580000,0x00000007af580000,0x00000007b0000000)
 ParOldGen       total 235008K, used 231458K [0x0000000700000000, 0x000000070e580000, 0x00000007aaa80000)
  object space 235008K, 98% used [0x0000000700000000,0x000000070e208bd8,0x000000070e580000)
 PSPermGen       total 21504K, used 10740K [0x00000006fae00000, 0x00000006fc300000, 0x0000000700000000)
  object space 21504K, 49% used [0x00000006fae00000,0x00000006fb87d3f8,0x00000006fc300000)
Event: 11.380 GC heap after
Heap after GC invocations=2 (full 1):
 PSYoungGen      total 76800K, used 0K [0x00000007aaa80000, 0x00000007b0000000, 0x0000000800000000)
  eden space 66048K, 0% used [0x00000007aaa80000,0x00000007aaa80000,0x00000007aeb00000)
  from space 10752K, 0% used [0x00000007aeb00000,0x00000007aeb00000,0x00000007af580000)
  to   space 10752K, 0% used [0x00000007af580000,0x00000007af580000,0x00000007b0000000)
 ParOldGen       total 200704K, used 126245K [0x0000000700000000, 0x000000070c400000, 0x00000007aaa80000)
  object space 200704K, 62% used [0x0000000700000000,0x0000000707b49470,0x000000070c400000)
 PSPermGen       total 21504K, used 10738K [0x00000006fae00000, 0x00000006fc300000, 0x0000000700000000)
  object space 21504K, 49% used [0x00000006fae00000,0x00000006fb87c8f0,0x00000006fc300000)
}

Deoptimization events (10 events):
Event: 11.406 Thread 0x00007f813b80b000 Uncommon trap: reason=unloaded action=reinterpret pc=0x000000010413f1a8 method=java.lang.CharacterData.of(I)Ljava/lang/CharacterData; @ 96
Event: 55.476 Thread 0x00007f813b80b000 Uncommon trap: reason=class_check action=maybe_recompile pc=0x0000000104156bc0 method=org.eclipse.swt.widgets.Display.windowProc(JJJ)J @ 1879
Event: 55.478 Thread 0x00007f813b80b000 Uncommon trap: reason=class_check action=maybe_recompile pc=0x0000000104156d40 method=org.eclipse.swt.widgets.Display.windowProc(JJJ)J @ 1817
Event: 55.479 Thread 0x00007f813b80b000 Uncommon trap: reason=class_check action=maybe_recompile pc=0x0000000104156d40 method=org.eclipse.swt.widgets.Display.windowProc(JJJ)J @ 1817
Event: 55.479 Thread 0x00007f813b80b000 Uncommon trap: reason=class_check action=maybe_recompile pc=0x0000000104156d40 method=org.eclipse.swt.widgets.Display.windowProc(JJJ)J @ 1817
Event: 59.692 Thread 0x00007f813b80b000 Uncommon trap: reason=class_check action=maybe_recompile pc=0x000000010417ac50 method=org.eclipse.swt.widgets.Display.windowProc(JJ)J @ 218
Event: 59.692 Thread 0x00007f813b80b000 Uncommon trap: reason=class_check action=maybe_recompile pc=0x000000010417ac50 method=org.eclipse.swt.widgets.Display.windowProc(JJ)J @ 218
Event: 65.480 Thread 0x00007f813b80b000 Uncommon trap: reason=class_check action=maybe_recompile pc=0x000000010418fda0 method=org.eclipse.swt.widgets.Display.windowProc(JJJ)J @ 783
Event: 65.480 Thread 0x00007f813b80b000 Uncommon trap: reason=class_check action=maybe_recompile pc=0x000000010418fdc0 method=org.eclipse.swt.widgets.Display.windowProc(JJJ)J @ 425
Event: 72.311 Thread 0x00007f813b80b000 Uncommon trap: reason=class_check action=maybe_recompile pc=0x000000010418fda0 method=org.eclipse.swt.widgets.Display.windowProc(JJJ)J @ 783

Internal exceptions (10 events):
Event: 11.202 Thread 0x00007f813b98f800 Threw 0x00000007ae6ac108 at /HUDSON/workspace/7u-2-build-macosx-x86_64/jdk7u67/1368/hotspot/src/share/vm/prims/jvm.cpp:1244
Event: 11.292 Thread 0x00007f813b80b000 Threw 0x00000007ae9ab428 at /HUDSON/workspace/7u-2-build-macosx-x86_64/jdk7u67/1368/hotspot/src/share/vm/prims/jvm.cpp:1244
Event: 11.293 Thread 0x00007f813b80b000 Threw 0x00000007ae9af218 at /HUDSON/workspace/7u-2-build-macosx-x86_64/jdk7u67/1368/hotspot/src/share/vm/prims/jvm.cpp:1244
Event: 11.295 Thread 0x00007f813b80b000 Threw 0x00000007ae9b31b0 at /HUDSON/workspace/7u-2-build-macosx-x86_64/jdk7u67/1368/hotspot/src/share/vm/prims/jvm.cpp:1244
Event: 11.301 Thread 0x00007f813e053000 Threw 0x00000007ab400358 at /HUDSON/workspace/7u-2-build-macosx-x86_64/jdk7u67/1368/hotspot/src/share/vm/prims/jvm.cpp:1244
Event: 11.306 Thread 0x00007f813b80b000 Threw 0x00000007ae9b84d0 at /HUDSON/workspace/7u-2-build-macosx-x86_64/jdk7u67/1368/hotspot/src/share/vm/prims/jvm.cpp:1244
Event: 11.306 Thread 0x00007f813b80b000 Threw 0x00000007ae9bbfc0 at /HUDSON/workspace/7u-2-build-macosx-x86_64/jdk7u67/1368/hotspot/src/share/vm/prims/jvm.cpp:1244
Event: 11.307 Thread 0x00007f813b80b000 Threw 0x00000007ae9c0358 at /HUDSON/workspace/7u-2-build-macosx-x86_64/jdk7u67/1368/hotspot/src/share/vm/prims/jvm.cpp:1244
Event: 12.592 Thread 0x00007f813b80b000 Threw 0x00000007aacac250 at /HUDSON/workspace/7u-2-build-macosx-x86_64/jdk7u67/1368/hotspot/src/share/vm/prims/jvm.cpp:1244
Event: 94.237 Thread 0x00007f813b98f800 Threw 0x00000007aaa8ec78 at /HUDSON/workspace/7u-2-build-macosx-x86_64/jdk7u67/1368/hotspot/src/share/vm/prims/jvm.cpp:1244

Events (10 events):
Event: 94.238 loading class 0x00007f813d066660 done
Event: 94.238 loading class 0x00007f813d0667a0
Event: 94.238 loading class 0x00007f813d0667d0
Event: 94.238 loading class 0x00007f813d0667d0 done
Event: 94.238 loading class 0x00007f813d0667a0 done
Event: 94.238 Executing VM operation: RevokeBias
Event: 94.238 Executing VM operation: RevokeBias done
Event: 94.238 Thread 0x00007f813e2e1000 Thread added: 0x00007f813e2e1000
Event: 94.238 Thread 0x00007f813e2e1000 Thread exited: 0x00007f813e2e1000
Event: 94.239 Executing VM operation: Exit


Dynamic libraries:
0x0000000008bf5000 	/System/Library/Frameworks/Cocoa.framework/Versions/A/Cocoa
0x0000000008bf5000 	/System/Library/Frameworks/Security.framework/Versions/A/Security
0x0000000008bf5000 	/System/Library/Frameworks/ApplicationServices.framework/Versions/A/ApplicationServices
0x0000000008bf5000 	/usr/lib/libz.1.dylib
0x0000000008bf5000 	/usr/lib/libSystem.B.dylib
0x0000000008bf5000 	/usr/lib/libobjc.A.dylib
0x0000000008bf5000 	/System/Library/Frameworks/CoreFoundation.framework/Versions/A/CoreFoundation
0x0000000008bf5000 	/System/Library/Frameworks/Foundation.framework/Versions/C/Foundation
0x0000000008bf5000 	/System/Library/Frameworks/AppKit.framework/Versions/C/AppKit
0x0000000008bf5000 	/System/Library/Frameworks/CoreData.framework/Versions/A/CoreData
0x0000000008bf5000 	/System/Library/PrivateFrameworks/RemoteViewServices.framework/Versions/A/RemoteViewServices
0x0000000008bf5000 	/System/Library/PrivateFrameworks/UIFoundation.framework/Versions/A/UIFoundation
0x0000000008bf5000 	/System/Library/Frameworks/IOSurface.framework/Versions/A/IOSurface
0x0000000008bf5000 	/System/Library/Frameworks/AudioToolbox.framework/Versions/A/AudioToolbox
0x0000000008bf5000 	/System/Library/Frameworks/AudioUnit.framework/Versions/A/AudioUnit
0x0000000008bf5000 	/System/Library/PrivateFrameworks/DataDetectorsCore.framework/Versions/A/DataDetectorsCore
0x0000000008bf5000 	/System/Library/PrivateFrameworks/DesktopServicesPriv.framework/Versions/A/DesktopServicesPriv
0x0000000008bf5000 	/System/Library/Frameworks/Carbon.framework/Versions/A/Frameworks/HIToolbox.framework/Versions/A/HIToolbox
0x0000000008bf5000 	/System/Library/Frameworks/QuartzCore.framework/Versions/A/QuartzCore
0x0000000008bf5000 	/System/Library/Frameworks/Carbon.framework/Versions/A/Frameworks/SpeechRecognition.framework/Versions/A/SpeechRecognition
0x0000000008bf5000 	/usr/lib/libauto.dylib
0x0000000008bf5000 	/usr/lib/libicucore.A.dylib
0x0000000008bf5000 	/usr/lib/libxml2.2.dylib
0x0000000008bf5000 	/System/Library/PrivateFrameworks/CoreUI.framework/Versions/A/CoreUI
0x0000000008bf5000 	/System/Library/Frameworks/CoreAudio.framework/Versions/A/CoreAudio
0x0000000008bf5000 	/System/Library/Frameworks/DiskArbitration.framework/Versions/A/DiskArbitration
0x0000000008bf5000 	/usr/lib/liblangid.dylib
0x0000000008bf5000 	/System/Library/PrivateFrameworks/MultitouchSupport.framework/Versions/A/MultitouchSupport
0x0000000008bf5000 	/System/Library/Frameworks/IOKit.framework/Versions/A/IOKit
0x0000000008bf5000 	/usr/lib/libDiagnosticMessagesClient.dylib
0x0000000008bf5000 	/System/Library/Frameworks/CoreServices.framework/Versions/A/CoreServices
0x0000000008bf5000 	/System/Library/PrivateFrameworks/PerformanceAnalysis.framework/Versions/A/PerformanceAnalysis
0x0000000008bf5000 	/System/Library/PrivateFrameworks/GenerationalStorage.framework/Versions/A/GenerationalStorage
0x0000000008bf5000 	/System/Library/Frameworks/OpenGL.framework/Versions/A/OpenGL
0x0000000008bf5000 	/System/Library/PrivateFrameworks/Sharing.framework/Versions/A/Sharing
0x0000000008bf5000 	/System/Library/Frameworks/CoreGraphics.framework/Versions/A/CoreGraphics
0x0000000008bf5000 	/System/Library/Frameworks/CoreText.framework/Versions/A/CoreText
0x0000000008bf5000 	/System/Library/Frameworks/ImageIO.framework/Versions/A/ImageIO
0x0000000008bf5000 	/usr/lib/libextension.dylib
0x0000000008bf5000 	/System/Library/PrivateFrameworks/Backup.framework/Versions/A/Backup
0x0000000008bf5000 	/usr/lib/libarchive.2.dylib
0x0000000008bf5000 	/System/Library/Frameworks/CFNetwork.framework/Versions/A/CFNetwork
0x0000000008bf5000 	/System/Library/Frameworks/SystemConfiguration.framework/Versions/A/SystemConfiguration
0x0000000008bf5000 	/usr/lib/libCRFSuite.dylib
0x0000000008bf5000 	/usr/lib/libc++.1.dylib
0x0000000008bf5000 	/usr/lib/libc++abi.dylib
0x0000000008bf5000 	/usr/lib/system/libcache.dylib
0x0000000008bf5000 	/usr/lib/system/libcommonCrypto.dylib
0x0000000008bf5000 	/usr/lib/system/libcompiler_rt.dylib
0x0000000008bf5000 	/usr/lib/system/libcopyfile.dylib
0x0000000008bf5000 	/usr/lib/system/libcorecrypto.dylib
0x0000000008bf5000 	/usr/lib/system/libdispatch.dylib
0x0000000008bf5000 	/usr/lib/system/libdyld.dylib
0x0000000008bf5000 	/usr/lib/system/libkeymgr.dylib
0x0000000008bf5000 	/usr/lib/system/liblaunch.dylib
0x0000000008bf5000 	/usr/lib/system/libmacho.dylib
0x0000000008bf5000 	/usr/lib/system/libquarantine.dylib
0x0000000008bf5000 	/usr/lib/system/libremovefile.dylib
0x0000000008bf5000 	/usr/lib/system/libsystem_asl.dylib
0x0000000008bf5000 	/usr/lib/system/libsystem_blocks.dylib
0x0000000008bf5000 	/usr/lib/system/libsystem_c.dylib
0x0000000008bf5000 	/usr/lib/system/libsystem_configuration.dylib
0x0000000008bf5000 	/usr/lib/system/libsystem_coreservices.dylib
0x0000000008bf5000 	/usr/lib/system/libsystem_coretls.dylib
0x0000000008bf5000 	/usr/lib/system/libsystem_dnssd.dylib
0x0000000008bf5000 	/usr/lib/system/libsystem_info.dylib
0x0000000008bf5000 	/usr/lib/system/libsystem_kernel.dylib
0x0000000008bf5000 	/usr/lib/system/libsystem_m.dylib
0x0000000008bf5000 	/usr/lib/system/libsystem_malloc.dylib
0x0000000008bf5000 	/usr/lib/system/libsystem_network.dylib
0x0000000008bf5000 	/usr/lib/system/libsystem_networkextension.dylib
0x0000000008bf5000 	/usr/lib/system/libsystem_notify.dylib
0x0000000008bf5000 	/usr/lib/system/libsystem_platform.dylib
0x0000000008bf5000 	/usr/lib/system/libsystem_pthread.dylib
0x0000000008bf5000 	/usr/lib/system/libsystem_sandbox.dylib
0x0000000008bf5000 	/usr/lib/system/libsystem_secinit.dylib
0x0000000008bf5000 	/usr/lib/system/libsystem_stats.dylib
0x0000000008bf5000 	/usr/lib/system/libsystem_trace.dylib
0x0000000008bf5000 	/usr/lib/system/libunc.dylib
0x0000000008bf5000 	/usr/lib/system/libunwind.dylib
0x0000000008bf5000 	/usr/lib/system/libxpc.dylib
0x0000000008bf5000 	/usr/lib/libbz2.1.0.dylib
0x0000000008bf5000 	/usr/lib/liblzma.5.dylib
0x0000000008bf5000 	/usr/lib/libbsm.0.dylib
0x0000000008bf5000 	/usr/lib/libsqlite3.dylib
0x0000000008bf5000 	/usr/lib/system/libkxld.dylib
0x0000000008bf5000 	/usr/lib/libxar.1.dylib
0x0000000008bf5000 	/usr/lib/libpam.2.dylib
0x0000000008bf5000 	/usr/lib/libOpenScriptingUtil.dylib
0x0000000008bf5000 	/System/Library/Frameworks/CoreServices.framework/Versions/A/Frameworks/FSEvents.framework/Versions/A/FSEvents
0x0000000008bf5000 	/System/Library/Frameworks/CoreServices.framework/Versions/A/Frameworks/CarbonCore.framework/Versions/A/CarbonCore
0x0000000008bf5000 	/System/Library/Frameworks/CoreServices.framework/Versions/A/Frameworks/Metadata.framework/Versions/A/Metadata
0x0000000008bf5000 	/System/Library/Frameworks/CoreServices.framework/Versions/A/Frameworks/OSServices.framework/Versions/A/OSServices
0x0000000008bf5000 	/System/Library/Frameworks/CoreServices.framework/Versions/A/Frameworks/SearchKit.framework/Versions/A/SearchKit
0x0000000008bf5000 	/System/Library/Frameworks/CoreServices.framework/Versions/A/Frameworks/AE.framework/Versions/A/AE
0x0000000008bf5000 	/System/Library/Frameworks/CoreServices.framework/Versions/A/Frameworks/LaunchServices.framework/Versions/A/LaunchServices
0x0000000008bf5000 	/System/Library/Frameworks/CoreServices.framework/Versions/A/Frameworks/DictionaryServices.framework/Versions/A/DictionaryServices
0x0000000008bf5000 	/System/Library/Frameworks/NetFS.framework/Versions/A/NetFS
0x0000000008bf5000 	/System/Library/PrivateFrameworks/NetAuth.framework/Versions/A/NetAuth
0x0000000008bf5000 	/System/Library/PrivateFrameworks/login.framework/Versions/A/Frameworks/loginsupport.framework/Versions/A/loginsupport
0x0000000008bf5000 	/System/Library/PrivateFrameworks/TCC.framework/Versions/A/TCC
0x0000000008bf5000 	/usr/lib/libmecabra.dylib
0x0000000008bf5000 	/System/Library/PrivateFrameworks/LanguageModeling.framework/Versions/A/LanguageModeling
0x0000000008bf5000 	/usr/lib/libcmph.dylib
0x0000000008bf5000 	/usr/lib/libiconv.2.dylib
0x0000000008bf5000 	/System/Library/Frameworks/OpenDirectory.framework/Versions/A/Frameworks/CFOpenDirectory.framework/Versions/A/CFOpenDirectory
0x0000000008bf5000 	/System/Library/Frameworks/ServiceManagement.framework/Versions/A/ServiceManagement
0x0000000008bf5000 	/usr/lib/libxslt.1.dylib
0x0000000008bf5000 	/System/Library/Frameworks/Carbon.framework/Versions/A/Frameworks/Ink.framework/Versions/A/Ink
0x0000000008bf5000 	/System/Library/Frameworks/ApplicationServices.framework/Versions/A/Frameworks/ATS.framework/Versions/A/ATS
0x0000000008bf5000 	/System/Library/Frameworks/ApplicationServices.framework/Versions/A/Frameworks/ColorSync.framework/Versions/A/ColorSync
0x0000000008bf5000 	/System/Library/Frameworks/ApplicationServices.framework/Versions/A/Frameworks/HIServices.framework/Versions/A/HIServices
0x0000000008bf5000 	/System/Library/Frameworks/ApplicationServices.framework/Versions/A/Frameworks/LangAnalysis.framework/Versions/A/LangAnalysis
0x0000000008bf5000 	/System/Library/Frameworks/ApplicationServices.framework/Versions/A/Frameworks/PrintCore.framework/Versions/A/PrintCore
0x0000000008bf5000 	/System/Library/Frameworks/ApplicationServices.framework/Versions/A/Frameworks/QD.framework/Versions/A/QD
0x0000000008bf5000 	/System/Library/Frameworks/ApplicationServices.framework/Versions/A/Frameworks/SpeechSynthesis.framework/Versions/A/SpeechSynthesis
0x0000000008bf5000 	/System/Library/Frameworks/Accelerate.framework/Versions/A/Accelerate
0x0000000008bf5000 	/System/Library/Frameworks/Accelerate.framework/Versions/A/Frameworks/vImage.framework/Versions/A/vImage
0x0000000008bf5000 	/System/Library/Frameworks/Accelerate.framework/Versions/A/Frameworks/vecLib.framework/Versions/A/vecLib
0x0000000008bf5000 	/System/Library/Frameworks/Accelerate.framework/Versions/A/Frameworks/vecLib.framework/Versions/A/libvDSP.dylib
0x0000000008bf5000 	/System/Library/Frameworks/Accelerate.framework/Versions/A/Frameworks/vecLib.framework/Versions/A/libvMisc.dylib
0x0000000008bf5000 	/System/Library/Frameworks/Accelerate.framework/Versions/A/Frameworks/vecLib.framework/Versions/A/libLAPACK.dylib
0x0000000008bf5000 	/System/Library/Frameworks/Accelerate.framework/Versions/A/Frameworks/vecLib.framework/Versions/A/libBLAS.dylib
0x0000000008bf5000 	/System/Library/Frameworks/Accelerate.framework/Versions/A/Frameworks/vecLib.framework/Versions/A/libLinearAlgebra.dylib
0x0000000008bf5000 	/System/Library/Frameworks/ApplicationServices.framework/Versions/A/Frameworks/ATS.framework/Versions/A/Resources/libFontParser.dylib
0x0000000008bf5000 	/System/Library/Frameworks/ApplicationServices.framework/Versions/A/Frameworks/ATS.framework/Versions/A/Resources/libFontRegistry.dylib
0x0000000008bf5000 	/System/Library/PrivateFrameworks/AppleVPA.framework/Versions/A/AppleVPA
0x0000000008bf5000 	/System/Library/PrivateFrameworks/AppleJPEG.framework/Versions/A/AppleJPEG
0x0000000008bf5000 	/System/Library/Frameworks/ImageIO.framework/Versions/A/Resources/libJPEG.dylib
0x0000000008bf5000 	/System/Library/Frameworks/ImageIO.framework/Versions/A/Resources/libTIFF.dylib
0x0000000008bf5000 	/System/Library/Frameworks/ImageIO.framework/Versions/A/Resources/libPng.dylib
0x0000000008bf5000 	/System/Library/Frameworks/ImageIO.framework/Versions/A/Resources/libGIF.dylib
0x0000000008bf5000 	/System/Library/Frameworks/ImageIO.framework/Versions/A/Resources/libJP2.dylib
0x0000000008bf5000 	/System/Library/Frameworks/ImageIO.framework/Versions/A/Resources/libRadiance.dylib
0x0000000008bf5000 	/System/Library/Frameworks/CoreVideo.framework/Versions/A/CoreVideo
0x0000000008bf5000 	/System/Library/Frameworks/OpenGL.framework/Versions/A/Libraries/libGLU.dylib
0x0000000008bf5000 	/System/Library/Frameworks/OpenGL.framework/Versions/A/Libraries/libGFXShared.dylib
0x0000000008bf5000 	/System/Library/Frameworks/OpenGL.framework/Versions/A/Libraries/libGL.dylib
0x0000000008bf5000 	/System/Library/Frameworks/OpenGL.framework/Versions/A/Libraries/libGLImage.dylib
0x0000000008bf5000 	/System/Library/Frameworks/OpenGL.framework/Versions/A/Libraries/libCVMSPluginSupport.dylib
0x0000000008bf5000 	/System/Library/Frameworks/OpenGL.framework/Versions/A/Libraries/libCoreVMClient.dylib
0x0000000008bf5000 	/usr/lib/libcups.2.dylib
0x0000000008bf5000 	/System/Library/Frameworks/Kerberos.framework/Versions/A/Kerberos
0x0000000008bf5000 	/System/Library/Frameworks/GSS.framework/Versions/A/GSS
0x0000000008bf5000 	/usr/lib/libresolv.9.dylib
0x0000000008bf5000 	/System/Library/PrivateFrameworks/Heimdal.framework/Versions/A/Heimdal
0x0000000008bf5000 	/usr/lib/libheimdal-asn1.dylib
0x0000000008bf5000 	/System/Library/Frameworks/OpenDirectory.framework/Versions/A/OpenDirectory
0x0000000008bf5000 	/System/Library/PrivateFrameworks/CommonAuth.framework/Versions/A/CommonAuth
0x0000000008bf5000 	/System/Library/Frameworks/SecurityFoundation.framework/Versions/A/SecurityFoundation
0x0000000008bf5000 	/System/Library/Frameworks/QuartzCore.framework/Versions/A/Frameworks/CoreImage.framework/Versions/A/CoreImage
0x0000000008bf5000 	/System/Library/PrivateFrameworks/CrashReporterSupport.framework/Versions/A/CrashReporterSupport
0x0000000008bf5000 	/System/Library/Frameworks/OpenCL.framework/Versions/A/OpenCL
0x0000000008bf5000 	/System/Library/PrivateFrameworks/FaceCore.framework/Versions/A/FaceCore
0x0000000008bf5000 	/System/Library/PrivateFrameworks/Ubiquity.framework/Versions/A/Ubiquity
0x0000000008bf5000 	/System/Library/PrivateFrameworks/IconServices.framework/Versions/A/IconServices
0x0000000008bf5000 	/System/Library/PrivateFrameworks/ChunkingLibrary.framework/Versions/A/ChunkingLibrary
0x0000000008bf5000 	/System/Library/PrivateFrameworks/Apple80211.framework/Versions/A/Apple80211
0x0000000008bf5000 	/System/Library/Frameworks/CoreWLAN.framework/Versions/A/CoreWLAN
0x0000000008bf5000 	/System/Library/Frameworks/IOBluetooth.framework/Versions/A/IOBluetooth
0x0000000008bf5000 	/System/Library/PrivateFrameworks/CoreWiFi.framework/Versions/A/CoreWiFi
0x0000000008bf5000 	/System/Library/Frameworks/CoreBluetooth.framework/Versions/A/CoreBluetooth
0x0000000008bf5000 	/System/Library/PrivateFrameworks/DebugSymbols.framework/Versions/A/DebugSymbols
0x0000000008bf5000 	/System/Library/PrivateFrameworks/CoreSymbolication.framework/Versions/A/CoreSymbolication
0x0000000008bf5000 	/System/Library/PrivateFrameworks/Symbolication.framework/Versions/A/Symbolication
0x0000000008bf5000 	/System/Library/PrivateFrameworks/SpeechRecognitionCore.framework/Versions/A/SpeechRecognitionCore
0x0000000103600000 	/Library/Java/JavaVirtualMachines/jdk1.7.0_67.jdk/Contents/Home/jre/lib/server/libjvm.dylib
0x0000000008bf5000 	/usr/lib/libstdc++.6.dylib
0x0000000102532000 	/Library/Java/JavaVirtualMachines/jdk1.7.0_67.jdk/Contents/Home/jre/lib/libverify.dylib
0x000000010253f000 	/Library/Java/JavaVirtualMachines/jdk1.7.0_67.jdk/Contents/Home/jre/lib/libjava.dylib
0x0000000102578000 	/Library/Java/JavaVirtualMachines/jdk1.7.0_67.jdk/Contents/Home/jre/lib/libzip.dylib
0x00000001133b0000 	/System/Library/Frameworks/JavaVM.framework/Frameworks/JavaRuntimeSupport.framework/JavaRuntimeSupport
0x00000001133c6000 	/System/Library/Frameworks/JavaVM.framework/Versions/A/Frameworks/JavaNativeFoundation.framework/Versions/A/JavaNativeFoundation
0x00000001133da000 	/System/Library/Frameworks/JavaVM.framework/Versions/A/JavaVM
0x0000000008bf5000 	/System/Library/Frameworks/Carbon.framework/Versions/A/Carbon
0x00000001133e6000 	/System/Library/PrivateFrameworks/JavaLaunching.framework/Versions/A/JavaLaunching
0x0000000008bf5000 	/System/Library/Frameworks/Carbon.framework/Versions/A/Frameworks/CommonPanels.framework/Versions/A/CommonPanels
0x0000000008bf5000 	/System/Library/Frameworks/Carbon.framework/Versions/A/Frameworks/Help.framework/Versions/A/Help
0x0000000008bf5000 	/System/Library/Frameworks/Carbon.framework/Versions/A/Frameworks/ImageCapture.framework/Versions/A/ImageCapture
0x0000000008bf5000 	/System/Library/Frameworks/Carbon.framework/Versions/A/Frameworks/OpenScripting.framework/Versions/A/OpenScripting
0x0000000008bf5000 	/System/Library/Frameworks/Carbon.framework/Versions/A/Frameworks/Print.framework/Versions/A/Print
0x0000000008bf5000 	/System/Library/Frameworks/Carbon.framework/Versions/A/Frameworks/SecurityHI.framework/Versions/A/SecurityHI
0x0000000115385000 	/Users/tony/.swt/lib/macosx/x86_64/libswt-cocoa-4427.jnilib
0x0000000008bf5000 	/System/Library/Frameworks/WebKit.framework/Versions/A/WebKit
0x0000000008bf5000 	/System/Library/Frameworks/JavaScriptCore.framework/Versions/A/JavaScriptCore
0x0000000008bf5000 	/System/Library/Frameworks/SecurityInterface.framework/Versions/A/SecurityInterface
0x0000000008bf5000 	/System/Library/Frameworks/WebKit.framework/Versions/A/Frameworks/WebKitLegacy.framework/Versions/A/WebKitLegacy
0x0000000008bf5000 	/System/Library/Frameworks/WebKit.framework/Versions/A/Frameworks/WebCore.framework/Versions/A/WebCore
0x00000001153d2000 	/Users/tony/.swt/lib/macosx/x86_64/libswt-pi-cocoa-4427.jnilib
0x0000000008bf5000 	/System/Library/PrivateFrameworks/CoreServicesInternal.framework/Versions/A/CoreServicesInternal
0x0000000008bf5000 	/System/Library/PrivateFrameworks/CloudDocs.framework/Versions/A/CloudDocs
0x0000000008bf5000 	/System/Library/PrivateFrameworks/CoreDuet.framework/Versions/A/CoreDuet
0x0000000008bf5000 	/System/Library/Frameworks/CloudKit.framework/Versions/A/CloudKit
0x0000000008bf5000 	/System/Library/PrivateFrameworks/ProtocolBuffer.framework/Versions/A/ProtocolBuffer
0x0000000008bf5000 	/System/Library/PrivateFrameworks/CoreDuetDaemonProtocol.framework/Versions/A/CoreDuetDaemonProtocol
0x0000000008bf5000 	/System/Library/PrivateFrameworks/CoreDuetDebugLogging.framework/Versions/A/CoreDuetDebugLogging
0x0000000008bf5000 	/System/Library/Frameworks/CoreLocation.framework/Versions/A/CoreLocation
0x0000000008bf5000 	/System/Library/Frameworks/Accounts.framework/Versions/A/Accounts
0x0000000008bf5000 	/System/Library/PrivateFrameworks/ApplePushService.framework/Versions/A/ApplePushService
0x0000000008bf5000 	/System/Library/PrivateFrameworks/GeoServices.framework/Versions/A/GeoServices
0x0000000008bf5000 	/System/Library/PrivateFrameworks/OAuth.framework/Versions/A/OAuth
0x0000000008bf5000 	/System/Library/PrivateFrameworks/CoreDaemon.framework/Versions/B/CoreDaemon
0x0000000008bf5000 	/usr/lib/libcrypto.0.9.8.dylib
0x0000000008bf5000 	/System/Library/PrivateFrameworks/AppleSRP.framework/Versions/A/AppleSRP
0x0000000008bf5000 	/System/Library/PrivateFrameworks/TrustEvaluationAgent.framework/Versions/A/TrustEvaluationAgent
0x0000000008bf5000 	/System/Library/Frameworks/CoreGraphics.framework/Versions/A/Resources/libCGCMS.A.dylib
0x0000000008bf5000 	/System/Library/Frameworks/CoreGraphics.framework/Versions/A/Resources/libCGXType.A.dylib
0x0000000008bf5000 	/System/Library/Frameworks/CoreGraphics.framework/Versions/A/Resources/libRIP.A.dylib
0x0000000008bf5000 	/System/Library/PrivateFrameworks/FinderKit.framework/Versions/A/FinderKit
0x0000000008bf5000 	/System/Library/PrivateFrameworks/Suggestions.framework/Versions/A/Suggestions
0x0000000008bf5000 	/System/Library/Frameworks/Quartz.framework/Versions/A/Frameworks/QuickLookUI.framework/Versions/A/QuickLookUI
0x0000000008bf5000 	/System/Library/Frameworks/Quartz.framework/Versions/A/Frameworks/ImageKit.framework/Versions/A/ImageKit
0x0000000008bf5000 	/System/Library/PrivateFrameworks/Bom.framework/Versions/A/Bom
0x0000000008bf5000 	/System/Library/Frameworks/QuickLook.framework/Versions/A/QuickLook
0x0000000008bf5000 	/System/Library/PrivateFrameworks/SystemAdministration.framework/Versions/A/SystemAdministration
0x0000000008bf5000 	/System/Library/PrivateFrameworks/DiskImages.framework/Versions/A/DiskImages
0x0000000008bf5000 	/System/Library/PrivateFrameworks/AppleSystemInfo.framework/Versions/A/AppleSystemInfo
0x0000000008bf5000 	/System/Library/Frameworks/ImageCaptureCore.framework/Versions/A/ImageCaptureCore
0x0000000008bf5000 	/System/Library/Frameworks/AddressBook.framework/Versions/A/AddressBook
0x0000000008bf5000 	/System/Library/PrivateFrameworks/IntlPreferences.framework/Versions/A/IntlPreferences
0x0000000008bf5000 	/System/Library/PrivateFrameworks/ToneLibrary.framework/Versions/A/ToneLibrary
0x0000000008bf5000 	/System/Library/PrivateFrameworks/ToneKit.framework/Versions/A/ToneKit
0x0000000008bf5000 	/System/Library/PrivateFrameworks/vCard.framework/Versions/A/vCard
0x0000000008bf5000 	/System/Library/PrivateFrameworks/ContactsData.framework/Versions/A/ContactsData
0x0000000008bf5000 	/System/Library/PrivateFrameworks/ContactsFoundation.framework/Versions/A/ContactsFoundation
0x0000000008bf5000 	/System/Library/Frameworks/DirectoryService.framework/Versions/A/DirectoryService
0x0000000008bf5000 	/System/Library/PrivateFrameworks/PhoneNumbers.framework/Versions/A/PhoneNumbers
0x0000000008bf5000 	/System/Library/Frameworks/Quartz.framework/Versions/A/Quartz
0x0000000008bf5000 	/System/Library/Frameworks/LDAP.framework/Versions/A/LDAP
0x0000000008bf5000 	/System/Library/Frameworks/AVFoundation.framework/Versions/A/AVFoundation
0x0000000008bf5000 	/System/Library/Frameworks/AVFoundation.framework/Versions/A/Resources/libAVFAudio.dylib
0x0000000008bf5000 	/System/Library/Frameworks/CoreMedia.framework/Versions/A/CoreMedia
0x0000000008bf5000 	/System/Library/Frameworks/MediaToolbox.framework/Versions/A/MediaToolbox
0x0000000008bf5000 	/System/Library/Frameworks/VideoToolbox.framework/Versions/A/VideoToolbox
0x0000000008bf5000 	/System/Library/Frameworks/CoreMediaIO.framework/Versions/A/CoreMediaIO
0x0000000008bf5000 	/System/Library/PrivateFrameworks/MediaControlSender.framework/Versions/A/MediaControlSender
0x0000000008bf5000 	/System/Library/PrivateFrameworks/CoreAVCHD.framework/Versions/A/CoreAVCHD
0x0000000008bf5000 	/System/Library/Frameworks/MediaAccessibility.framework/Versions/A/MediaAccessibility
0x0000000008bf5000 	/System/Library/PrivateFrameworks/Mangrove.framework/Versions/A/Mangrove
0x0000000008bf5000 	/System/Library/PrivateFrameworks/CoreAUC.framework/Versions/A/CoreAUC
0x0000000008bf5000 	/System/Library/PrivateFrameworks/NetworkStatistics.framework/Versions/A/NetworkStatistics
0x0000000008bf5000 	/System/Library/PrivateFrameworks/AirPlaySupport.framework/Versions/A/AirPlaySupport
0x0000000008bf5000 	/System/Library/PrivateFrameworks/CoreUtils.framework/Versions/A/CoreUtils
0x0000000008bf5000 	/System/Library/PrivateFrameworks/AppleVA.framework/Versions/A/AppleVA
0x0000000008bf5000 	/System/Library/PrivateFrameworks/XPCService.framework/Versions/A/XPCService
0x0000000008bf5000 	/System/Library/PrivateFrameworks/AppSandbox.framework/Versions/A/AppSandbox
0x0000000008bf5000 	/usr/lib/libsandbox.1.dylib
0x0000000008bf5000 	/System/Library/PrivateFrameworks/AppContainer.framework/Versions/A/AppContainer
0x0000000008bf5000 	/System/Library/PrivateFrameworks/SecCodeWrapper.framework/Versions/A/SecCodeWrapper
0x0000000008bf5000 	/usr/lib/libMatch.1.dylib
0x0000000008bf5000 	/usr/lib/libspindump.dylib
0x0000000008bf5000 	/System/Library/Frameworks/QTKit.framework/Versions/A/QTKit
0x0000000008bf5000 	/System/Library/PrivateFrameworks/CoreMediaAuthoring.framework/Versions/A/CoreMediaAuthoring
0x0000000008bf5000 	/System/Library/Frameworks/Quartz.framework/Versions/A/Frameworks/QuartzComposer.framework/Versions/A/QuartzComposer
0x0000000008bf5000 	/System/Library/Frameworks/Quartz.framework/Versions/A/Frameworks/PDFKit.framework/Versions/A/PDFKit
0x0000000008bf5000 	/System/Library/Frameworks/Quartz.framework/Versions/A/Frameworks/QuartzFilters.framework/Versions/A/QuartzFilters
0x0000000008bf5000 	/System/Library/PrivateFrameworks/CorePDF.framework/Versions/A/CorePDF
0x0000000008bf5000 	/System/Library/PrivateFrameworks/DisplayServices.framework/Versions/A/DisplayServices
0x0000000008bf5000 	/usr/lib/libsasl2.2.dylib
0x0000000008bf5000 	/System/Library/PrivateFrameworks/AppleFSCompression.framework/Versions/A/AppleFSCompression
0x0000000008bf5000 	/System/Library/PrivateFrameworks/LoginUIKit.framework/Versions/A/Frameworks/LoginUICore.framework/Versions/A/LoginUICore
0x0000000008bf5000 	/usr/lib/libCoreStorage.dylib
0x0000000008bf5000 	/usr/lib/libcsfde.dylib
0x0000000008bf5000 	/usr/lib/libodfde.dylib
0x0000000008bf5000 	/System/Library/Frameworks/DiscRecording.framework/Versions/A/DiscRecording
0x0000000008bf5000 	/usr/lib/libcurl.4.dylib
0x0000000008bf5000 	/System/Library/PrivateFrameworks/MediaKit.framework/Versions/A/MediaKit
0x0000000008bf5000 	/System/Library/PrivateFrameworks/ProtectedCloudStorage.framework/Versions/A/ProtectedCloudStorage
0x0000000008bf5000 	/System/Library/PrivateFrameworks/EFILogin.framework/Versions/A/EFILogin
0x0000000008bf5000 	/usr/lib/libutil.dylib
0x0000000008bf5000 	/System/Library/PrivateFrameworks/FindMyDevice.framework/Versions/A/FindMyDevice
0x0000000117c0c000 	/System/Library/PrivateFrameworks/CacheDelete.framework/CacheDelete
0x0000000008bf5000 	/System/Library/PrivateFrameworks/PlugInKit.framework/Versions/A/PlugInKit
0x0000000117fdf000 	/System/Library/PrivateFrameworks/FileProvider.framework/FileProvider
0x0000000008bf5000 	/System/Library/Frameworks/OpenGL.framework/Versions/A/Resources/GLEngine.bundle/GLEngine
0x0000000008bf5000 	/System/Library/Frameworks/OpenGL.framework/Versions/A/Libraries/libGLProgrammability.dylib
0x0000000000000000 	/System/Library/Extensions/AppleIntelHD4000GraphicsGLDriver.bundle/Contents/MacOS/AppleIntelHD4000GraphicsGLDriver
0x0000000008bf5000 	/System/Library/PrivateFrameworks/IOAccelerator.framework/Versions/A/IOAccelerator
0x0000000008bf5000 	/System/Library/PrivateFrameworks/GPUSupport.framework/Versions/A/Libraries/libGPUSupportMercury.dylib
0x0000000000000000 	/System/Library/Extensions/GeForceGLDriver.bundle/Contents/MacOS/GeForceGLDriver
0x0000000008bf5000 	/System/Library/Extensions/GeForceGLDriver.bundle/Contents/MacOS/libclh.dylib
0x0000000008bf5000 	/System/Library/Frameworks/OpenGL.framework/Versions/A/Resources/GLRendererFloat.bundle/GLRendererFloat
0x0000000008bf5000 	/System/Library/Frameworks/OpenCL.framework/Versions/A/Libraries/libcldcpuengine.dylib
0x000000011a0ea000 	cl_kernels
0x000000011a0ec000 	/System/Library/Frameworks/OpenCL.framework/Versions/A/Libraries/ImageFormats/unorm8_bgra.dylib
0x000000011a0dc000 	cl_kernels
0x000000011a297000 	/System/Library/Frameworks/OpenCL.framework/Versions/A/Libraries/ImageFormats/unorm8_rgba.dylib
0x000000011b845000 	cl_kernels
0x0000000008bf5000 	/System/Library/PrivateFrameworks/FamilyControls.framework/Versions/A/FamilyControls
0x0000000008bf5000 	/System/Library/PrivateFrameworks/CommerceKit.framework/Versions/A/Frameworks/CommerceCore.framework/Versions/A/CommerceCore
0x000000011ae90000 	cl_kernels
0x000000011ae94000 	cl_kernels
0x000000011bb1f000 	/System/Library/Frameworks/Security.framework/PlugIns/csparser.bundle/Contents/MacOS/csparser
0x0000000008bf5000 	/System/Library/CoreServices/RawCamera.bundle/Contents/MacOS/RawCamera
0x0000000119e25000 	/Library/Java/JavaVirtualMachines/jdk1.7.0_67.jdk/Contents/Home/jre/lib/libnio.dylib
0x000000011be75000 	/Library/Java/JavaVirtualMachines/jdk1.7.0_67.jdk/Contents/Home/jre/lib/./libnet.dylib
0x0000000008bf5000 	/System/Library/Frameworks/Accelerate.framework/Versions/A/Frameworks/vImage.framework/Versions/A/Libraries/libCGInterfaces.dylib
0x0000000119a0b000 	/System/Library/Frameworks/ApplicationServices.framework/Frameworks/ATS.framework/Resources/libFontRegistryUI.dylib
0x0000000119c22000 	/System/Library/Frameworks/ApplicationServices.framework/Versions/A/Frameworks/ATS.framework/Versions/A/Resources/ATSHI.dylib

VM Arguments:
jvm_args: -Dfile.encoding=UTF-8 
java_command: tool.xmodeler.XModeler ./ini.txt
Launcher Type: SUN_STANDARD

Environment Variables:
PATH=/usr/bin:/bin:/usr/sbin:/sbin
SHELL=/bin/bash

Signal Handlers:
SIGSEGV: [libjvm.dylib+0x52b6c9], sa_mask[0]=0xfffefeff, sa_flags=0x00000043
SIGBUS: [libjvm.dylib+0x52b6c9], sa_mask[0]=0xfffefeff, sa_flags=0x00000042
SIGFPE: [libjvm.dylib+0x41deaa], sa_mask[0]=0xfffefeff, sa_flags=0x00000042
SIGPIPE: [libjvm.dylib+0x41deaa], sa_mask[0]=0xfffefeff, sa_flags=0x00000042
SIGXFSZ: [libjvm.dylib+0x41deaa], sa_mask[0]=0xfffefeff, sa_flags=0x00000042
SIGILL: [libjvm.dylib+0x41deaa], sa_mask[0]=0xfffefeff, sa_flags=0x00000042
SIGUSR1: SIG_DFL, sa_mask[0]=0x00000000, sa_flags=0x00000000
SIGUSR2: [libjvm.dylib+0x41d99c], sa_mask[0]=0x00000004, sa_flags=0x00000042
SIGHUP: [libjvm.dylib+0x41bc2d], sa_mask[0]=0xfffefeff, sa_flags=0x00000042
SIGINT: [libjvm.dylib+0x41bc2d], sa_mask[0]=0xfffefeff, sa_flags=0x00000042
SIGTERM: [libjvm.dylib+0x41bc2d], sa_mask[0]=0xfffefeff, sa_flags=0x00000042
SIGQUIT: [libjvm.dylib+0x41bc2d], sa_mask[0]=0xfffefeff, sa_flags=0x00000042


---------------  S Y S T E M  ---------------

OS:Bsduname:Darwin 14.0.0 Darwin Kernel Version 14.0.0: Fri Sep 19 00:26:44 PDT 2014; root:xnu-2782.1.97~2/RELEASE_X86_64 x86_64
rlimit: STACK 8192k, CORE 0k, NPROC 709, NOFILE 10240, AS infinity
load average:1.29 1.44 1.54

CPU:total 8 (4 cores per cpu, 2 threads per core) family 6 model 58 stepping 9, cmov, cx8, fxsr, mmx, sse, sse2, sse3, ssse3, sse4.1, sse4.2, popcnt, avx, aes, erms, ht, tsc, tscinvbit, tscinv

Memory: 4k page, physical 16777216k(4194304k free)

/proc/meminfo:


vm_info: Java HotSpot(TM) 64-Bit Server VM (24.65-b04) for bsd-amd64 JRE (1.7.0_67-b01), built on Jul 25 2014 08:51:51 by "java_re" with gcc 4.2.1 (Based on Apple Inc. build 5658) (LLVM build 2336.11.00)

time: Tue Nov 25 14:28:55 2014
elapsed time: 94 seconds

