#
# A fatal error has been detected by the Java Runtime Environment:
#
#  SIGSEGV (0xb) at pc=0x000000011402ace9, pid=3630, tid=12547
#
# JRE version: Java(TM) SE Runtime Environment (7.0_67-b01) (build 1.7.0_67-b01)
# Java VM: Java HotSpot(TM) 64-Bit Server VM (24.65-b04 mixed mode bsd-amd64 compressed oops)
# Problematic frame:
# C  [libswt-cocoa-4427.jnilib+0x25ce9]  callback+0x297
#
# Failed to write core dump. Core dumps have been disabled. To enable core dumping, try "ulimit -c unlimited" before starting Java again
#
# If you would like to submit a bug report, please visit:
#   http://bugreport.sun.com/bugreport/crash.jsp
#

---------------  T H R E A D  ---------------

Current thread (0x00007f9a11028000):  VMThread [stack: 0x0000000111d34000,0x0000000111e34000] [id=12547]

siginfo:si_signo=SIGSEGV: si_errno=0, si_code=1 (SEGV_MAPERR), si_addr=0x0000000000000078

Registers:
RAX=0x0000000000000000, RBX=0x00007f9a107b3460, RCX=0x0000000111e33774, RDX=0x0000000000000001
RSP=0x0000000111e337a0, RBP=0x0000000111e338d0, RSI=0x0000000000000000, RDI=0x0000000000000000
R8 =0x0000000000000000, R9 =0x0000000000000003, R10=0x00007f9a13179a10, R11=0x00007f9a10621830
R12=0x00007fff8eb5e0c0, R13=0x0000000111e339a0, R14=0x0000000000000000, R15=0x0000000000000000
RIP=0x000000011402ace9, EFLAGS=0x0000000000010206, ERR=0x0000000000000004
  TRAPNO=0x000000000000000e

Top of Stack: (sp=0x0000000111e337a0)
0x0000000111e337a0:   000000011402aadb 00007fff00000000
0x0000000111e337b0:   00007fff7dcd78e0 000000007dcd78e4
0x0000000111e337c0:   00007fff7dcd78e8 00007fff8fd2cd61
0x0000000111e337d0:   00007fff7dcd78e4 00007f9a110281e8
0x0000000111e337e0:   00007f9a10603988 00007f9a1060a5c8
0x0000000111e337f0:   00000002000109cc 0000000000000000
0x0000000111e33800:   00007fff7dcd78c8 00007fff00000000
0x0000000111e33810:   0000000111e33860 00007fff8eb72aea
0x0000000111e33820:   00007f9a107b3460 00007f9a12a37c90
0x0000000111e33830:   00007fff8fd2e6a1 0000000000000000
0x0000000111e33840:   0000000000000000 0000000000000003
0x0000000111e33850:   0000000000000000 0000000000000000
0x0000000111e33860:   0000000111e33930 00007fff8eb5e1ac
0x0000000111e33870:   0000000000000003 0000000000000000
0x0000000111e33880:   0000000000000000 0000000000000000
0x0000000111e33890:   00007fff8fd2cd61 00007f9a107b3460
0x0000000111e338a0:   0000000000000000 00007fff7f442c40
0x0000000111e338b0:   0000000000000000 0000000000000000
0x0000000111e338c0:   0000000000000000 0000000000000000
0x0000000111e338d0:   0000000111e338f0 000000011400925e
0x0000000111e338e0:   00007fff8fd2e6a1 00007f9a12a37c90
0x0000000111e338f0:   0000000111e33930 00007fff8f4f0a42
0x0000000111e33900:   000000004838f57c 0000000000000000
0x0000000111e33910:   00007fff8eb5e0c0 00000000000000e0
0x0000000111e33920:   0000000000000000 0000000000000000
0x0000000111e33930:   0000000111e33970 00007fff8f5ea587
0x0000000111e33940:   0000000000000000 00007f9a107b3460
0x0000000111e33950:   00000000000000f8 00007fff8eb5e0c0
0x0000000111e33960:   0000000000000000 00007fff7dcd8e80
0x0000000111e33970:   0000000111e339f0 00007fff8f5ea395
0x0000000111e33980:   0000000000000000 0000000000000000
0x0000000111e33990:   0000000000000000 0000000000000000 

Instructions: (pc=0x000000011402ace9)
0x000000011402acc9:   ff ff 01 00 00 00 48 8b 85 08 ff ff ff 48 85 c0
0x000000011402acd9:   0f 84 9f 03 00 00 48 8b 85 08 ff ff ff 48 8b 00
0x000000011402ace9:   48 8b 40 78 48 8b bd 08 ff ff ff ff d0 48 89 85
0x000000011402acf9:   30 ff ff ff 48 83 bd 30 ff ff ff 00 74 26 48 8b 

Register to memory mapping:

RAX=0x0000000000000000 is an unknown value
RBX=0x00007f9a107b3460 is an unknown value
RCX=0x0000000111e33774 is an unknown value
RDX=0x0000000000000001 is an unknown value
RSP=0x0000000111e337a0 is an unknown value
RBP=0x0000000111e338d0 is an unknown value
RSI=0x0000000000000000 is an unknown value
RDI=0x0000000000000000 is an unknown value
R8 =0x0000000000000000 is an unknown value
R9 =0x0000000000000003 is an unknown value
R10=0x00007f9a13179a10 is an unknown value
R11=0x00007f9a10621830 is an unknown value
R12=0x00007fff8eb5e0c0: objc_msgSend+0 in /usr/lib/libobjc.A.dylib at 0x00007fff8eb5d000
R13=0x0000000111e339a0 is an unknown value
R14=0x0000000000000000 is an unknown value
R15=0x0000000000000000 is an unknown value


Stack: [0x0000000111d34000,0x0000000111e34000],  sp=0x0000000111e337a0,  free space=1021k
Native frames: (J=compiled Java code, j=interpreted, Vv=VM code, C=native code)
C  [libswt-cocoa-4427.jnilib+0x25ce9]  callback+0x297
C  [libswt-cocoa-4427.jnilib+0x425e]  fn0_2+0x27
C  [AppKit+0x142a42]  -[NSWindow orderWindow:relativeTo:]+0x76
C  [AppKit+0x23c587]  __18-[NSWindow _close]_block_invoke+0x1bc
C  [AppKit+0x23c395]  -[NSWindow _close]+0x16b
C  [FinderKit+0xa1aff]  -[FI_TFloatingInputWindowController dealloc]+0x45
C  [libobjc.A.dylib+0x1f68c]  objc_object::sidetable_release(bool)+0xec
C  [AppKit+0x122804]  -[NSWindowController release]+0x9a
C  [FinderKit+0xa24cc]  TRef<FI_TFloatingInputWindowController*, OBJCRetainReleasePolicy<FI_TFloatingInputWindowController*> >::~TRef()+0xc
C  [libsystem_c.dylib+0x5e8ed]  __cxa_finalize_ranges+0x142
C  [libsystem_c.dylib+0x5ebf0]  exit+0x37
V  [libjvm.dylib+0x2d9a9e]  vm_exit(int)+0x0
V  [libjvm.dylib+0x532237]  VM_Operation::evaluate()+0x4f
V  [libjvm.dylib+0x53089b]  VMThread::evaluate_operation(VM_Operation*)+0xdf
V  [libjvm.dylib+0x530ce8]  VMThread::loop()+0x328
V  [libjvm.dylib+0x53060f]  VMThread::run()+0x79
V  [libjvm.dylib+0x420772]  java_start(Thread*)+0x126
C  [libsystem_pthread.dylib+0x32fc]  _pthread_body+0x83
C  [libsystem_pthread.dylib+0x3279]  _pthread_body+0x0
C  [libsystem_pthread.dylib+0x14b1]  thread_start+0xd

VM_Operation (0x000000011ba1f718): Exit, mode: safepoint, requested by thread 0x00007f9a131a3800


---------------  P R O C E S S  ---------------

Java Threads: ( => current thread )
  0x00007f9a131a3800 JavaThread "SIGTERM handler" daemon [_thread_blocked, id=58395, stack(0x000000011b920000,0x000000011ba20000)]
  0x00007f9a110b3800 JavaThread "Thread-11" [_thread_blocked, id=91395, stack(0x0000000119af6000,0x0000000119bf6000)]
  0x00007f9a110b2800 JavaThread "Thread-10" [_thread_blocked, id=90883, stack(0x0000000119896000,0x0000000119996000)]
  0x00007f9a111a8000 JavaThread "Thread-9" [_thread_blocked, id=90371, stack(0x0000000119701000,0x0000000119801000)]
  0x00007f9a119a8800 JavaThread "Thread-8" [_thread_blocked, id=89859, stack(0x00000001193ba000,0x00000001194ba000)]
  0x00007f9a119ba800 JavaThread "Thread-7" [_thread_blocked, id=89347, stack(0x00000001192b7000,0x00000001193b7000)]
  0x00007f9a110a8000 JavaThread "Thread-6" [_thread_blocked, id=88835, stack(0x00000001191b4000,0x00000001192b4000)]
  0x00007f9a111a1800 JavaThread "Thread-5" [_thread_blocked, id=88327, stack(0x00000001190b1000,0x00000001191b1000)]
  0x00007f9a108cb000 JavaThread "Thread-4" [_thread_blocked, id=87047, stack(0x0000000118b01000,0x0000000118c01000)]
  0x00007f9a11139000 JavaThread "Thread-3" [_thread_blocked, id=86295, stack(0x00000001187df000,0x00000001188df000)]
  0x00007f9a10982800 JavaThread "Thread-2" [_thread_blocked, id=76403, stack(0x0000000120067000,0x0000000120167000)]
  0x00007f9a109eb800 JavaThread "Thread-1" [_thread_blocked, id=75083, stack(0x000000011ff64000,0x0000000120064000)]
  0x00007f9a1081b800 JavaThread "Service Thread" daemon [_thread_blocked, id=19203, stack(0x0000000113c11000,0x0000000113d11000)]
  0x00007f9a1300b800 JavaThread "C2 CompilerThread1" daemon [_thread_blocked, id=18691, stack(0x0000000113b0e000,0x0000000113c0e000)]
  0x00007f9a13008000 JavaThread "C2 CompilerThread0" daemon [_thread_blocked, id=18179, stack(0x0000000113a0b000,0x0000000113b0b000)]
  0x00007f9a11041800 JavaThread "Signal Dispatcher" daemon [_thread_blocked, id=17679, stack(0x0000000113908000,0x0000000113a08000)]
  0x00007f9a13003000 JavaThread "Finalizer" daemon [_thread_blocked, id=13571, stack(0x0000000111f3a000,0x000000011203a000)]
  0x00007f9a13002000 JavaThread "Reference Handler" daemon [_thread_blocked, id=13059, stack(0x0000000111e37000,0x0000000111f37000)]
  0x00007f9a11804800 JavaThread "main" [_thread_blocked, id=1811, stack(0x00007fff5ead7000,0x00007fff5eb57000)]

Other Threads:
=>0x00007f9a11028000 VMThread [stack: 0x0000000111d34000,0x0000000111e34000] [id=12547]

VM state:at safepoint (shutting down)

VM Mutex/Monitor currently owned by a thread:  ([mutex/lock_event])
[0x00007f9a10706940] Threads_lock - owner thread: 0x00007f9a11028000

Heap
 PSYoungGen      total 48640K, used 11302K [0x00000007aaa80000, 0x00000007ade80000, 0x0000000800000000)
  eden space 45056K, 24% used [0x00000007aaa80000,0x00000007ab5255e0,0x00000007ad680000)
  from space 3584K, 11% used [0x00000007adb00000,0x00000007adb64548,0x00000007ade80000)
  to   space 4096K, 0% used [0x00000007ad680000,0x00000007ad680000,0x00000007ada80000)
 ParOldGen       total 235008K, used 185377K [0x0000000700000000, 0x000000070e580000, 0x00000007aaa80000)
  object space 235008K, 78% used [0x0000000700000000,0x000000070b508488,0x000000070e580000)
 PSPermGen       total 21504K, used 11180K [0x00000006fae00000, 0x00000006fc300000, 0x0000000700000000)
  object space 21504K, 51% used [0x00000006fae00000,0x00000006fb8eb0d8,0x00000006fc300000)

Card table byte_map: [0x0000000105d30000,0x000000010655a000] byte_map_base: 0x0000000102559000

Polling page: 0x00000001011fc000

Code Cache  [0x0000000102c70000, 0x0000000102f50000, 0x0000000105c70000)
 total_blobs=1191 nmethods=800 adapters=344 free_code_cache=46296Kb largest_free_block=47347776

Compilation events (10 events):
Event: 1226.954 Thread 0x00007f9a1300b800  816             engine.Machine::nameSpaceRef (53 bytes)
Event: 1226.964 Thread 0x00007f9a1300b800 nmethod 816 0x0000000102f41250 code [0x0000000102f415e0, 0x0000000102f42588]
Event: 1227.239 Thread 0x00007f9a13008000  817             xos.Value::setStrValue (43 bytes)
Event: 1227.244 Thread 0x00007f9a13008000 nmethod 817 0x0000000102f3ef50 code [0x0000000102f3f0c0, 0x0000000102f3f468]
Event: 1227.298 Thread 0x00007f9a1300b800  818             engine.Machine::enterOperator (121 bytes)
Event: 1227.309 Thread 0x00007f9a1300b800 nmethod 818 0x0000000102f46510 code [0x0000000102f46880, 0x0000000102f47408]
Event: 1229.225 Thread 0x00007f9a13008000  819             org.eclipse.swt.custom.StyledTextRenderer::getLineHeight (23 bytes)
Event: 1229.226 Thread 0x00007f9a13008000 nmethod 819 0x0000000102f39f10 code [0x0000000102f3a060, 0x0000000102f3a168]
Event: 1258.505 Thread 0x00007f9a1300b800  820             org.eclipse.swt.internal.cocoa.NSBezierPath::removeAllPoints (12 bytes)
Event: 1258.506 Thread 0x00007f9a1300b800 nmethod 820 0x0000000102f3c090 code [0x0000000102f3c1e0, 0x0000000102f3c268]

GC Heap History (10 events):
Event: 1224.234 GC heap before
{Heap before GC invocations=22 (full 0):
 PSYoungGen      total 48128K, used 47955K [0x00000007aaa80000, 0x00000007ae300000, 0x0000000800000000)
  eden space 47616K, 100% used [0x00000007aaa80000,0x00000007ad900000,0x00000007ad900000)
  from space 512K, 66% used [0x00000007ad980000,0x00000007ad9d4c50,0x00000007ada00000)
  to   space 5120K, 0% used [0x00000007ade00000,0x00000007ade00000,0x00000007ae300000)
 ParOldGen       total 235008K, used 185141K [0x0000000700000000, 0x000000070e580000, 0x00000007aaa80000)
  object space 235008K, 78% used [0x0000000700000000,0x000000070b4cd478,0x000000070e580000)
 PSPermGen       total 21504K, used 11120K [0x00000006fae00000, 0x00000006fc300000, 0x0000000700000000)
  object space 21504K, 51% used [0x00000006fae00000,0x00000006fb8dc018,0x00000006fc300000)
Event: 1224.236 GC heap after
Heap after GC invocations=22 (full 0):
 PSYoungGen      total 50688K, used 337K [0x00000007aaa80000, 0x00000007ae180000, 0x0000000800000000)
  eden space 47104K, 0% used [0x00000007aaa80000,0x00000007aaa80000,0x00000007ad880000)
  from space 3584K, 9% used [0x00000007ade00000,0x00000007ade54478,0x00000007ae180000)
  to   space 4608K, 0% used [0x00000007ad880000,0x00000007ad880000,0x00000007add00000)
 ParOldGen       total 235008K, used 185173K [0x0000000700000000, 0x000000070e580000, 0x00000007aaa80000)
  object space 235008K, 78% used [0x0000000700000000,0x000000070b4d5478,0x000000070e580000)
 PSPermGen       total 21504K, used 11120K [0x00000006fae00000, 0x00000006fc300000, 0x0000000700000000)
  object space 21504K, 51% used [0x00000006fae00000,0x00000006fb8dc018,0x00000006fc300000)
}
Event: 1225.022 GC heap before
{Heap before GC invocations=23 (full 0):
 PSYoungGen      total 50688K, used 47441K [0x00000007aaa80000, 0x00000007ae180000, 0x0000000800000000)
  eden space 47104K, 100% used [0x00000007aaa80000,0x00000007ad880000,0x00000007ad880000)
  from space 3584K, 9% used [0x00000007ade00000,0x00000007ade54478,0x00000007ae180000)
  to   space 4608K, 0% used [0x00000007ad880000,0x00000007ad880000,0x00000007add00000)
 ParOldGen       total 235008K, used 185173K [0x0000000700000000, 0x000000070e580000, 0x00000007aaa80000)
  object space 235008K, 78% used [0x0000000700000000,0x000000070b4d5478,0x000000070e580000)
 PSPermGen       total 21504K, used 11121K [0x00000006fae00000, 0x00000006fc300000, 0x0000000700000000)
  object space 21504K, 51% used [0x00000006fae00000,0x00000006fb8dc600,0x00000006fc300000)
Event: 1225.024 GC heap after
Heap after GC invocations=23 (full 0):
 PSYoungGen      total 47104K, used 295K [0x00000007aaa80000, 0x00000007ae100000, 0x0000000800000000)
  eden space 46592K, 0% used [0x00000007aaa80000,0x00000007aaa80000,0x00000007ad800000)
  from space 512K, 57% used [0x00000007ad880000,0x00000007ad8c9d90,0x00000007ad900000)
  to   space 4608K, 0% used [0x00000007adc80000,0x00000007adc80000,0x00000007ae100000)
 ParOldGen       total 235008K, used 185249K [0x0000000700000000, 0x000000070e580000, 0x00000007aaa80000)
  object space 235008K, 78% used [0x0000000700000000,0x000000070b4e8488,0x000000070e580000)
 PSPermGen       total 21504K, used 11121K [0x00000006fae00000, 0x00000006fc300000, 0x0000000700000000)
  object space 21504K, 51% used [0x00000006fae00000,0x00000006fb8dc600,0x00000006fc300000)
}
Event: 1225.833 GC heap before
{Heap before GC invocations=24 (full 0):
 PSYoungGen      total 47104K, used 46887K [0x00000007aaa80000, 0x00000007ae100000, 0x0000000800000000)
  eden space 46592K, 100% used [0x00000007aaa80000,0x00000007ad800000,0x00000007ad800000)
  from space 512K, 57% used [0x00000007ad880000,0x00000007ad8c9d90,0x00000007ad900000)
  to   space 4608K, 0% used [0x00000007adc80000,0x00000007adc80000,0x00000007ae100000)
 ParOldGen       total 235008K, used 185249K [0x0000000700000000, 0x000000070e580000, 0x00000007aaa80000)
  object space 235008K, 78% used [0x0000000700000000,0x000000070b4e8488,0x000000070e580000)
 PSPermGen       total 21504K, used 11138K [0x00000006fae00000, 0x00000006fc300000, 0x0000000700000000)
  object space 21504K, 51% used [0x00000006fae00000,0x00000006fb8e0898,0x00000006fc300000)
Event: 1225.834 GC heap after
Heap after GC invocations=24 (full 0):
 PSYoungGen      total 50176K, used 370K [0x00000007aaa80000, 0x00000007ae080000, 0x0000000800000000)
  eden space 46080K, 0% used [0x00000007aaa80000,0x00000007aaa80000,0x00000007ad780000)
  from space 4096K, 9% used [0x00000007adc80000,0x00000007adcdcb80,0x00000007ae080000)
  to   space 4608K, 0% used [0x00000007ad780000,0x00000007ad780000,0x00000007adc00000)
 ParOldGen       total 235008K, used 185281K [0x0000000700000000, 0x000000070e580000, 0x00000007aaa80000)
  object space 235008K, 78% used [0x0000000700000000,0x000000070b4f0488,0x000000070e580000)
 PSPermGen       total 21504K, used 11138K [0x00000006fae00000, 0x00000006fc300000, 0x0000000700000000)
  object space 21504K, 51% used [0x00000006fae00000,0x00000006fb8e0898,0x00000006fc300000)
}
Event: 1226.406 GC heap before
{Heap before GC invocations=25 (full 0):
 PSYoungGen      total 50176K, used 46450K [0x00000007aaa80000, 0x00000007ae080000, 0x0000000800000000)
  eden space 46080K, 100% used [0x00000007aaa80000,0x00000007ad780000,0x00000007ad780000)
  from space 4096K, 9% used [0x00000007adc80000,0x00000007adcdcb80,0x00000007ae080000)
  to   space 4608K, 0% used [0x00000007ad780000,0x00000007ad780000,0x00000007adc00000)
 ParOldGen       total 235008K, used 185281K [0x0000000700000000, 0x000000070e580000, 0x00000007aaa80000)
  object space 235008K, 78% used [0x0000000700000000,0x000000070b4f0488,0x000000070e580000)
 PSPermGen       total 21504K, used 11141K [0x00000006fae00000, 0x00000006fc300000, 0x0000000700000000)
  object space 21504K, 51% used [0x00000006fae00000,0x00000006fb8e1410,0x00000006fc300000)
Event: 1226.407 GC heap after
Heap after GC invocations=25 (full 0):
 PSYoungGen      total 46080K, used 317K [0x00000007aaa80000, 0x00000007adf00000, 0x0000000800000000)
  eden space 45568K, 0% used [0x00000007aaa80000,0x00000007aaa80000,0x00000007ad700000)
  from space 512K, 62% used [0x00000007ad780000,0x00000007ad7cf628,0x00000007ad800000)
  to   space 4096K, 0% used [0x00000007adb00000,0x00000007adb00000,0x00000007adf00000)
 ParOldGen       total 235008K, used 185321K [0x0000000700000000, 0x000000070e580000, 0x00000007aaa80000)
  object space 235008K, 78% used [0x0000000700000000,0x000000070b4fa488,0x000000070e580000)
 PSPermGen       total 21504K, used 11141K [0x00000006fae00000, 0x00000006fc300000, 0x0000000700000000)
  object space 21504K, 51% used [0x00000006fae00000,0x00000006fb8e1410,0x00000006fc300000)
}
Event: 1227.335 GC heap before
{Heap before GC invocations=26 (full 0):
 PSYoungGen      total 46080K, used 45885K [0x00000007aaa80000, 0x00000007adf00000, 0x0000000800000000)
  eden space 45568K, 100% used [0x00000007aaa80000,0x00000007ad700000,0x00000007ad700000)
  from space 512K, 62% used [0x00000007ad780000,0x00000007ad7cf628,0x00000007ad800000)
  to   space 4096K, 0% used [0x00000007adb00000,0x00000007adb00000,0x00000007adf00000)
 ParOldGen       total 235008K, used 185321K [0x0000000700000000, 0x000000070e580000, 0x00000007aaa80000)
  object space 235008K, 78% used [0x0000000700000000,0x000000070b4fa488,0x000000070e580000)
 PSPermGen       total 21504K, used 11158K [0x00000006fae00000, 0x00000006fc300000, 0x0000000700000000)
  object space 21504K, 51% used [0x00000006fae00000,0x00000006fb8e5ab8,0x00000006fc300000)
Event: 1227.337 GC heap after
Heap after GC invocations=26 (full 0):
 PSYoungGen      total 48640K, used 401K [0x00000007aaa80000, 0x00000007ade80000, 0x0000000800000000)
  eden space 45056K, 0% used [0x00000007aaa80000,0x00000007aaa80000,0x00000007ad680000)
  from space 3584K, 11% used [0x00000007adb00000,0x00000007adb64548,0x00000007ade80000)
  to   space 4096K, 0% used [0x00000007ad680000,0x00000007ad680000,0x00000007ada80000)
 ParOldGen       total 235008K, used 185377K [0x0000000700000000, 0x000000070e580000, 0x00000007aaa80000)
  object space 235008K, 78% used [0x0000000700000000,0x000000070b508488,0x000000070e580000)
 PSPermGen       total 21504K, used 11158K [0x00000006fae00000, 0x00000006fc300000, 0x0000000700000000)
  object space 21504K, 51% used [0x00000006fae00000,0x00000006fb8e5ab8,0x00000006fc300000)
}

Deoptimization events (10 events):
Event: 1226.588 Thread 0x00007f9a109eb800 Uncommon trap: reason=class_check action=maybe_recompile pc=0x0000000102d6da30 method=java.util.regex.Pattern$Curly.match0(Ljava/util/regex/Matcher;IILjava/lang/CharSequence;)Z @ 141
Event: 1226.588 Thread 0x00007f9a109eb800 Uncommon trap: reason=class_check action=maybe_recompile pc=0x0000000102d73f04 method=java.util.regex.Matcher.match(II)Z @ 86
Event: 1226.588 Thread 0x00007f9a109eb800 Uncommon trap: reason=class_check action=maybe_recompile pc=0x0000000102d6da30 method=java.util.regex.Pattern$Curly.match0(Ljava/util/regex/Matcher;IILjava/lang/CharSequence;)Z @ 141
Event: 1226.588 Thread 0x00007f9a109eb800 Uncommon trap: reason=class_check action=maybe_recompile pc=0x0000000102d73f04 method=java.util.regex.Matcher.match(II)Z @ 86
Event: 1226.589 Thread 0x00007f9a109eb800 Uncommon trap: reason=class_check action=maybe_recompile pc=0x0000000102d6da30 method=java.util.regex.Pattern$Curly.match0(Ljava/util/regex/Matcher;IILjava/lang/CharSequence;)Z @ 141
Event: 1226.951 Thread 0x00007f9a109eb800 Uncommon trap: reason=unloaded action=reinterpret pc=0x0000000102d77b94 method=foreignfuns.ForeignFun.invoke(Lengine/Machine;)V @ 22
Event: 1226.955 Thread 0x00007f9a109eb800 Uncommon trap: reason=unloaded action=reinterpret pc=0x0000000102d55044 method=engine.Machine.performInstrs()V @ 2416
Event: 1227.020 Thread 0x00007f9a11804800 Uncommon trap: reason=bimorphic action=maybe_recompile pc=0x0000000102dc4958 method=java.lang.Character.getType(I)I @ 5
Event: 1227.023 Thread 0x00007f9a11804800 Uncommon trap: reason=bimorphic action=maybe_recompile pc=0x0000000102dc4958 method=java.lang.Character.getType(I)I @ 5
Event: 1227.024 Thread 0x00007f9a11804800 Uncommon trap: reason=bimorphic action=maybe_recompile pc=0x0000000102dc4958 method=java.lang.Character.getType(I)I @ 5

Internal exceptions (10 events):
Event: 76.164 Thread 0x00007f9a11804800 Threw 0x00000007adb23cd0 at /HUDSON/workspace/7u-2-build-macosx-x86_64/jdk7u67/1368/hotspot/src/share/vm/prims/jvm.cpp:1244
Event: 96.514 Thread 0x00007f9a11804800 Threw 0x00000007ab970980 at /HUDSON/workspace/7u-2-build-macosx-x86_64/jdk7u67/1368/hotspot/src/share/vm/prims/jvm.cpp:1244
Event: 96.516 Thread 0x00007f9a11804800 Threw 0x00000007ab9768f8 at /HUDSON/workspace/7u-2-build-macosx-x86_64/jdk7u67/1368/hotspot/src/share/vm/prims/jvm.cpp:1244
Event: 96.519 Thread 0x00007f9a11804800 Threw 0x00000007ab97c0c0 at /HUDSON/workspace/7u-2-build-macosx-x86_64/jdk7u67/1368/hotspot/src/share/vm/prims/jvm.cpp:1244
Event: 97.465 Thread 0x00007f9a11804800 Implicit null exception at 0x0000000102e17dbe to 0x0000000102e189dd
Event: 114.215 Thread 0x00007f9a11804800 Threw 0x00000007acde8a48 at /HUDSON/workspace/7u-2-build-macosx-x86_64/jdk7u67/1368/hotspot/src/share/vm/prims/jvm.cpp:1244
Event: 120.877 Thread 0x00007f9a11804800 Implicit null exception at 0x0000000102df2f1a to 0x0000000102df33e5
Event: 1197.740 Thread 0x00007f9a109eb800 Threw 0x00000007aab41e88 at /HUDSON/workspace/7u-2-build-macosx-x86_64/jdk7u67/1368/hotspot/src/share/vm/prims/jvm.cpp:1244
Event: 1197.760 Thread 0x00007f9a11804800 Threw 0x00000007acc56200 at /HUDSON/workspace/7u-2-build-macosx-x86_64/jdk7u67/1368/hotspot/src/share/vm/prims/jvm.cpp:1244
Event: 1226.951 Thread 0x00007f9a109eb800 Threw 0x00000007ac7ec5f0 at /HUDSON/workspace/7u-2-build-macosx-x86_64/jdk7u67/1368/hotspot/src/share/vm/prims/jni.cpp:717

Events (10 events):
Event: 1432.936 Thread 0x00007f9a131a3800 Thread added: 0x00007f9a131a3800
Event: 1432.936 loading class 0x00007f9a11095260
Event: 1432.937 loading class 0x00007f9a11095260 done
Event: 1432.937 loading class 0x00007f9a110953a0
Event: 1432.937 loading class 0x00007f9a110953d0
Event: 1432.937 loading class 0x00007f9a110953d0 done
Event: 1432.937 loading class 0x00007f9a110953a0 done
Event: 1432.937 Thread 0x00007f9a10a5c000 Thread added: 0x00007f9a10a5c000
Event: 1432.937 Thread 0x00007f9a10a5c000 Thread exited: 0x00007f9a10a5c000
Event: 1432.937 Executing VM operation: Exit


Dynamic libraries:
0x000000000da16000 	/System/Library/Frameworks/Cocoa.framework/Versions/A/Cocoa
0x000000000da16000 	/System/Library/Frameworks/Security.framework/Versions/A/Security
0x000000000da16000 	/System/Library/Frameworks/ApplicationServices.framework/Versions/A/ApplicationServices
0x000000000da16000 	/usr/lib/libz.1.dylib
0x000000000da16000 	/usr/lib/libSystem.B.dylib
0x000000000da16000 	/usr/lib/libobjc.A.dylib
0x000000000da16000 	/System/Library/Frameworks/CoreFoundation.framework/Versions/A/CoreFoundation
0x000000000da16000 	/System/Library/Frameworks/Foundation.framework/Versions/C/Foundation
0x000000000da16000 	/System/Library/Frameworks/AppKit.framework/Versions/C/AppKit
0x000000000da16000 	/System/Library/Frameworks/CoreData.framework/Versions/A/CoreData
0x000000000da16000 	/System/Library/PrivateFrameworks/RemoteViewServices.framework/Versions/A/RemoteViewServices
0x000000000da16000 	/System/Library/PrivateFrameworks/UIFoundation.framework/Versions/A/UIFoundation
0x000000000da16000 	/System/Library/Frameworks/IOSurface.framework/Versions/A/IOSurface
0x000000000da16000 	/System/Library/Frameworks/AudioToolbox.framework/Versions/A/AudioToolbox
0x000000000da16000 	/System/Library/Frameworks/AudioUnit.framework/Versions/A/AudioUnit
0x000000000da16000 	/System/Library/PrivateFrameworks/DataDetectorsCore.framework/Versions/A/DataDetectorsCore
0x000000000da16000 	/System/Library/PrivateFrameworks/DesktopServicesPriv.framework/Versions/A/DesktopServicesPriv
0x000000000da16000 	/System/Library/Frameworks/Carbon.framework/Versions/A/Frameworks/HIToolbox.framework/Versions/A/HIToolbox
0x000000000da16000 	/System/Library/Frameworks/QuartzCore.framework/Versions/A/QuartzCore
0x000000000da16000 	/System/Library/Frameworks/Carbon.framework/Versions/A/Frameworks/SpeechRecognition.framework/Versions/A/SpeechRecognition
0x000000000da16000 	/usr/lib/libauto.dylib
0x000000000da16000 	/usr/lib/libicucore.A.dylib
0x000000000da16000 	/usr/lib/libxml2.2.dylib
0x000000000da16000 	/System/Library/PrivateFrameworks/CoreUI.framework/Versions/A/CoreUI
0x000000000da16000 	/System/Library/Frameworks/CoreAudio.framework/Versions/A/CoreAudio
0x000000000da16000 	/System/Library/Frameworks/DiskArbitration.framework/Versions/A/DiskArbitration
0x000000000da16000 	/usr/lib/liblangid.dylib
0x000000000da16000 	/System/Library/PrivateFrameworks/MultitouchSupport.framework/Versions/A/MultitouchSupport
0x000000000da16000 	/System/Library/Frameworks/IOKit.framework/Versions/A/IOKit
0x000000000da16000 	/usr/lib/libDiagnosticMessagesClient.dylib
0x000000000da16000 	/System/Library/Frameworks/CoreServices.framework/Versions/A/CoreServices
0x000000000da16000 	/System/Library/PrivateFrameworks/PerformanceAnalysis.framework/Versions/A/PerformanceAnalysis
0x000000000da16000 	/System/Library/PrivateFrameworks/GenerationalStorage.framework/Versions/A/GenerationalStorage
0x000000000da16000 	/System/Library/Frameworks/OpenGL.framework/Versions/A/OpenGL
0x000000000da16000 	/System/Library/PrivateFrameworks/Sharing.framework/Versions/A/Sharing
0x000000000da16000 	/System/Library/Frameworks/CoreGraphics.framework/Versions/A/CoreGraphics
0x000000000da16000 	/System/Library/Frameworks/CoreText.framework/Versions/A/CoreText
0x000000000da16000 	/System/Library/Frameworks/ImageIO.framework/Versions/A/ImageIO
0x000000000da16000 	/usr/lib/libextension.dylib
0x000000000da16000 	/System/Library/PrivateFrameworks/Backup.framework/Versions/A/Backup
0x000000000da16000 	/usr/lib/libarchive.2.dylib
0x000000000da16000 	/System/Library/Frameworks/CFNetwork.framework/Versions/A/CFNetwork
0x000000000da16000 	/System/Library/Frameworks/SystemConfiguration.framework/Versions/A/SystemConfiguration
0x000000000da16000 	/usr/lib/libCRFSuite.dylib
0x000000000da16000 	/usr/lib/libc++.1.dylib
0x000000000da16000 	/usr/lib/libc++abi.dylib
0x000000000da16000 	/usr/lib/system/libcache.dylib
0x000000000da16000 	/usr/lib/system/libcommonCrypto.dylib
0x000000000da16000 	/usr/lib/system/libcompiler_rt.dylib
0x000000000da16000 	/usr/lib/system/libcopyfile.dylib
0x000000000da16000 	/usr/lib/system/libcorecrypto.dylib
0x000000000da16000 	/usr/lib/system/libdispatch.dylib
0x000000000da16000 	/usr/lib/system/libdyld.dylib
0x000000000da16000 	/usr/lib/system/libkeymgr.dylib
0x000000000da16000 	/usr/lib/system/liblaunch.dylib
0x000000000da16000 	/usr/lib/system/libmacho.dylib
0x000000000da16000 	/usr/lib/system/libquarantine.dylib
0x000000000da16000 	/usr/lib/system/libremovefile.dylib
0x000000000da16000 	/usr/lib/system/libsystem_asl.dylib
0x000000000da16000 	/usr/lib/system/libsystem_blocks.dylib
0x000000000da16000 	/usr/lib/system/libsystem_c.dylib
0x000000000da16000 	/usr/lib/system/libsystem_configuration.dylib
0x000000000da16000 	/usr/lib/system/libsystem_coreservices.dylib
0x000000000da16000 	/usr/lib/system/libsystem_coretls.dylib
0x000000000da16000 	/usr/lib/system/libsystem_dnssd.dylib
0x000000000da16000 	/usr/lib/system/libsystem_info.dylib
0x000000000da16000 	/usr/lib/system/libsystem_kernel.dylib
0x000000000da16000 	/usr/lib/system/libsystem_m.dylib
0x000000000da16000 	/usr/lib/system/libsystem_malloc.dylib
0x000000000da16000 	/usr/lib/system/libsystem_network.dylib
0x000000000da16000 	/usr/lib/system/libsystem_networkextension.dylib
0x000000000da16000 	/usr/lib/system/libsystem_notify.dylib
0x000000000da16000 	/usr/lib/system/libsystem_platform.dylib
0x000000000da16000 	/usr/lib/system/libsystem_pthread.dylib
0x000000000da16000 	/usr/lib/system/libsystem_sandbox.dylib
0x000000000da16000 	/usr/lib/system/libsystem_secinit.dylib
0x000000000da16000 	/usr/lib/system/libsystem_stats.dylib
0x000000000da16000 	/usr/lib/system/libsystem_trace.dylib
0x000000000da16000 	/usr/lib/system/libunc.dylib
0x000000000da16000 	/usr/lib/system/libunwind.dylib
0x000000000da16000 	/usr/lib/system/libxpc.dylib
0x000000000da16000 	/usr/lib/libbz2.1.0.dylib
0x000000000da16000 	/usr/lib/liblzma.5.dylib
0x000000000da16000 	/usr/lib/libbsm.0.dylib
0x000000000da16000 	/usr/lib/libsqlite3.dylib
0x000000000da16000 	/usr/lib/system/libkxld.dylib
0x000000000da16000 	/usr/lib/libxar.1.dylib
0x000000000da16000 	/usr/lib/libpam.2.dylib
0x000000000da16000 	/usr/lib/libOpenScriptingUtil.dylib
0x000000000da16000 	/System/Library/Frameworks/CoreServices.framework/Versions/A/Frameworks/FSEvents.framework/Versions/A/FSEvents
0x000000000da16000 	/System/Library/Frameworks/CoreServices.framework/Versions/A/Frameworks/CarbonCore.framework/Versions/A/CarbonCore
0x000000000da16000 	/System/Library/Frameworks/CoreServices.framework/Versions/A/Frameworks/Metadata.framework/Versions/A/Metadata
0x000000000da16000 	/System/Library/Frameworks/CoreServices.framework/Versions/A/Frameworks/OSServices.framework/Versions/A/OSServices
0x000000000da16000 	/System/Library/Frameworks/CoreServices.framework/Versions/A/Frameworks/SearchKit.framework/Versions/A/SearchKit
0x000000000da16000 	/System/Library/Frameworks/CoreServices.framework/Versions/A/Frameworks/AE.framework/Versions/A/AE
0x000000000da16000 	/System/Library/Frameworks/CoreServices.framework/Versions/A/Frameworks/LaunchServices.framework/Versions/A/LaunchServices
0x000000000da16000 	/System/Library/Frameworks/CoreServices.framework/Versions/A/Frameworks/DictionaryServices.framework/Versions/A/DictionaryServices
0x000000000da16000 	/System/Library/Frameworks/NetFS.framework/Versions/A/NetFS
0x000000000da16000 	/System/Library/PrivateFrameworks/NetAuth.framework/Versions/A/NetAuth
0x000000000da16000 	/System/Library/PrivateFrameworks/login.framework/Versions/A/Frameworks/loginsupport.framework/Versions/A/loginsupport
0x000000000da16000 	/System/Library/PrivateFrameworks/TCC.framework/Versions/A/TCC
0x000000000da16000 	/usr/lib/libmecabra.dylib
0x000000000da16000 	/System/Library/PrivateFrameworks/LanguageModeling.framework/Versions/A/LanguageModeling
0x000000000da16000 	/usr/lib/libcmph.dylib
0x000000000da16000 	/usr/lib/libiconv.2.dylib
0x000000000da16000 	/System/Library/Frameworks/OpenDirectory.framework/Versions/A/Frameworks/CFOpenDirectory.framework/Versions/A/CFOpenDirectory
0x000000000da16000 	/System/Library/Frameworks/ServiceManagement.framework/Versions/A/ServiceManagement
0x000000000da16000 	/usr/lib/libxslt.1.dylib
0x000000000da16000 	/System/Library/Frameworks/Carbon.framework/Versions/A/Frameworks/Ink.framework/Versions/A/Ink
0x000000000da16000 	/System/Library/Frameworks/ApplicationServices.framework/Versions/A/Frameworks/ATS.framework/Versions/A/ATS
0x000000000da16000 	/System/Library/Frameworks/ApplicationServices.framework/Versions/A/Frameworks/ColorSync.framework/Versions/A/ColorSync
0x000000000da16000 	/System/Library/Frameworks/ApplicationServices.framework/Versions/A/Frameworks/HIServices.framework/Versions/A/HIServices
0x000000000da16000 	/System/Library/Frameworks/ApplicationServices.framework/Versions/A/Frameworks/LangAnalysis.framework/Versions/A/LangAnalysis
0x000000000da16000 	/System/Library/Frameworks/ApplicationServices.framework/Versions/A/Frameworks/PrintCore.framework/Versions/A/PrintCore
0x000000000da16000 	/System/Library/Frameworks/ApplicationServices.framework/Versions/A/Frameworks/QD.framework/Versions/A/QD
0x000000000da16000 	/System/Library/Frameworks/ApplicationServices.framework/Versions/A/Frameworks/SpeechSynthesis.framework/Versions/A/SpeechSynthesis
0x000000000da16000 	/System/Library/Frameworks/Accelerate.framework/Versions/A/Accelerate
0x000000000da16000 	/System/Library/Frameworks/Accelerate.framework/Versions/A/Frameworks/vImage.framework/Versions/A/vImage
0x000000000da16000 	/System/Library/Frameworks/Accelerate.framework/Versions/A/Frameworks/vecLib.framework/Versions/A/vecLib
0x000000000da16000 	/System/Library/Frameworks/Accelerate.framework/Versions/A/Frameworks/vecLib.framework/Versions/A/libvDSP.dylib
0x000000000da16000 	/System/Library/Frameworks/Accelerate.framework/Versions/A/Frameworks/vecLib.framework/Versions/A/libvMisc.dylib
0x000000000da16000 	/System/Library/Frameworks/Accelerate.framework/Versions/A/Frameworks/vecLib.framework/Versions/A/libLAPACK.dylib
0x000000000da16000 	/System/Library/Frameworks/Accelerate.framework/Versions/A/Frameworks/vecLib.framework/Versions/A/libBLAS.dylib
0x000000000da16000 	/System/Library/Frameworks/Accelerate.framework/Versions/A/Frameworks/vecLib.framework/Versions/A/libLinearAlgebra.dylib
0x000000000da16000 	/System/Library/Frameworks/ApplicationServices.framework/Versions/A/Frameworks/ATS.framework/Versions/A/Resources/libFontParser.dylib
0x000000000da16000 	/System/Library/Frameworks/ApplicationServices.framework/Versions/A/Frameworks/ATS.framework/Versions/A/Resources/libFontRegistry.dylib
0x000000000da16000 	/System/Library/PrivateFrameworks/AppleVPA.framework/Versions/A/AppleVPA
0x000000000da16000 	/System/Library/PrivateFrameworks/AppleJPEG.framework/Versions/A/AppleJPEG
0x000000000da16000 	/System/Library/Frameworks/ImageIO.framework/Versions/A/Resources/libJPEG.dylib
0x000000000da16000 	/System/Library/Frameworks/ImageIO.framework/Versions/A/Resources/libTIFF.dylib
0x000000000da16000 	/System/Library/Frameworks/ImageIO.framework/Versions/A/Resources/libPng.dylib
0x000000000da16000 	/System/Library/Frameworks/ImageIO.framework/Versions/A/Resources/libGIF.dylib
0x000000000da16000 	/System/Library/Frameworks/ImageIO.framework/Versions/A/Resources/libJP2.dylib
0x000000000da16000 	/System/Library/Frameworks/ImageIO.framework/Versions/A/Resources/libRadiance.dylib
0x000000000da16000 	/System/Library/Frameworks/CoreVideo.framework/Versions/A/CoreVideo
0x000000000da16000 	/System/Library/Frameworks/OpenGL.framework/Versions/A/Libraries/libGLU.dylib
0x000000000da16000 	/System/Library/Frameworks/OpenGL.framework/Versions/A/Libraries/libGFXShared.dylib
0x000000000da16000 	/System/Library/Frameworks/OpenGL.framework/Versions/A/Libraries/libGL.dylib
0x000000000da16000 	/System/Library/Frameworks/OpenGL.framework/Versions/A/Libraries/libGLImage.dylib
0x000000000da16000 	/System/Library/Frameworks/OpenGL.framework/Versions/A/Libraries/libCVMSPluginSupport.dylib
0x000000000da16000 	/System/Library/Frameworks/OpenGL.framework/Versions/A/Libraries/libCoreVMClient.dylib
0x000000000da16000 	/usr/lib/libcups.2.dylib
0x000000000da16000 	/System/Library/Frameworks/Kerberos.framework/Versions/A/Kerberos
0x000000000da16000 	/System/Library/Frameworks/GSS.framework/Versions/A/GSS
0x000000000da16000 	/usr/lib/libresolv.9.dylib
0x000000000da16000 	/System/Library/PrivateFrameworks/Heimdal.framework/Versions/A/Heimdal
0x000000000da16000 	/usr/lib/libheimdal-asn1.dylib
0x000000000da16000 	/System/Library/Frameworks/OpenDirectory.framework/Versions/A/OpenDirectory
0x000000000da16000 	/System/Library/PrivateFrameworks/CommonAuth.framework/Versions/A/CommonAuth
0x000000000da16000 	/System/Library/Frameworks/SecurityFoundation.framework/Versions/A/SecurityFoundation
0x000000000da16000 	/System/Library/Frameworks/QuartzCore.framework/Versions/A/Frameworks/CoreImage.framework/Versions/A/CoreImage
0x000000000da16000 	/System/Library/PrivateFrameworks/CrashReporterSupport.framework/Versions/A/CrashReporterSupport
0x000000000da16000 	/System/Library/Frameworks/OpenCL.framework/Versions/A/OpenCL
0x000000000da16000 	/System/Library/PrivateFrameworks/FaceCore.framework/Versions/A/FaceCore
0x000000000da16000 	/System/Library/PrivateFrameworks/Ubiquity.framework/Versions/A/Ubiquity
0x000000000da16000 	/System/Library/PrivateFrameworks/IconServices.framework/Versions/A/IconServices
0x000000000da16000 	/System/Library/PrivateFrameworks/ChunkingLibrary.framework/Versions/A/ChunkingLibrary
0x000000000da16000 	/System/Library/PrivateFrameworks/Apple80211.framework/Versions/A/Apple80211
0x000000000da16000 	/System/Library/Frameworks/CoreWLAN.framework/Versions/A/CoreWLAN
0x000000000da16000 	/System/Library/Frameworks/IOBluetooth.framework/Versions/A/IOBluetooth
0x000000000da16000 	/System/Library/PrivateFrameworks/CoreWiFi.framework/Versions/A/CoreWiFi
0x000000000da16000 	/System/Library/Frameworks/CoreBluetooth.framework/Versions/A/CoreBluetooth
0x000000000da16000 	/System/Library/PrivateFrameworks/DebugSymbols.framework/Versions/A/DebugSymbols
0x000000000da16000 	/System/Library/PrivateFrameworks/CoreSymbolication.framework/Versions/A/CoreSymbolication
0x000000000da16000 	/System/Library/PrivateFrameworks/Symbolication.framework/Versions/A/Symbolication
0x000000000da16000 	/System/Library/PrivateFrameworks/SpeechRecognitionCore.framework/Versions/A/SpeechRecognitionCore
0x0000000102200000 	/Library/Java/JavaVirtualMachines/jdk1.7.0_67.jdk/Contents/Home/jre/lib/server/libjvm.dylib
0x000000000da16000 	/usr/lib/libstdc++.6.dylib
0x00000001011bf000 	/Library/Java/JavaVirtualMachines/jdk1.7.0_67.jdk/Contents/Home/jre/lib/libverify.dylib
0x00000001011cc000 	/Library/Java/JavaVirtualMachines/jdk1.7.0_67.jdk/Contents/Home/jre/lib/libjava.dylib
0x0000000102c67000 	/Library/Java/JavaVirtualMachines/jdk1.7.0_67.jdk/Contents/Home/jre/lib/libzip.dylib
0x000000011203c000 	/System/Library/Frameworks/JavaVM.framework/Frameworks/JavaRuntimeSupport.framework/JavaRuntimeSupport
0x0000000112052000 	/System/Library/Frameworks/JavaVM.framework/Versions/A/Frameworks/JavaNativeFoundation.framework/Versions/A/JavaNativeFoundation
0x0000000112066000 	/System/Library/Frameworks/JavaVM.framework/Versions/A/JavaVM
0x000000000da16000 	/System/Library/Frameworks/Carbon.framework/Versions/A/Carbon
0x0000000112072000 	/System/Library/PrivateFrameworks/JavaLaunching.framework/Versions/A/JavaLaunching
0x000000000da16000 	/System/Library/Frameworks/Carbon.framework/Versions/A/Frameworks/CommonPanels.framework/Versions/A/CommonPanels
0x000000000da16000 	/System/Library/Frameworks/Carbon.framework/Versions/A/Frameworks/Help.framework/Versions/A/Help
0x000000000da16000 	/System/Library/Frameworks/Carbon.framework/Versions/A/Frameworks/ImageCapture.framework/Versions/A/ImageCapture
0x000000000da16000 	/System/Library/Frameworks/Carbon.framework/Versions/A/Frameworks/OpenScripting.framework/Versions/A/OpenScripting
0x000000000da16000 	/System/Library/Frameworks/Carbon.framework/Versions/A/Frameworks/Print.framework/Versions/A/Print
0x000000000da16000 	/System/Library/Frameworks/Carbon.framework/Versions/A/Frameworks/SecurityHI.framework/Versions/A/SecurityHI
0x0000000114005000 	/Users/tony/.swt/lib/macosx/x86_64/libswt-cocoa-4427.jnilib
0x000000000da16000 	/System/Library/Frameworks/WebKit.framework/Versions/A/WebKit
0x000000000da16000 	/System/Library/Frameworks/JavaScriptCore.framework/Versions/A/JavaScriptCore
0x000000000da16000 	/System/Library/Frameworks/SecurityInterface.framework/Versions/A/SecurityInterface
0x000000000da16000 	/System/Library/Frameworks/WebKit.framework/Versions/A/Frameworks/WebKitLegacy.framework/Versions/A/WebKitLegacy
0x000000000da16000 	/System/Library/Frameworks/WebKit.framework/Versions/A/Frameworks/WebCore.framework/Versions/A/WebCore
0x0000000114052000 	/Users/tony/.swt/lib/macosx/x86_64/libswt-pi-cocoa-4427.jnilib
0x000000000da16000 	/System/Library/PrivateFrameworks/CoreServicesInternal.framework/Versions/A/CoreServicesInternal
0x000000000da16000 	/System/Library/PrivateFrameworks/CloudDocs.framework/Versions/A/CloudDocs
0x000000000da16000 	/System/Library/PrivateFrameworks/CoreDuet.framework/Versions/A/CoreDuet
0x000000000da16000 	/System/Library/Frameworks/CloudKit.framework/Versions/A/CloudKit
0x000000000da16000 	/System/Library/PrivateFrameworks/ProtocolBuffer.framework/Versions/A/ProtocolBuffer
0x000000000da16000 	/System/Library/PrivateFrameworks/CoreDuetDaemonProtocol.framework/Versions/A/CoreDuetDaemonProtocol
0x000000000da16000 	/System/Library/PrivateFrameworks/CoreDuetDebugLogging.framework/Versions/A/CoreDuetDebugLogging
0x000000000da16000 	/System/Library/Frameworks/CoreLocation.framework/Versions/A/CoreLocation
0x000000000da16000 	/System/Library/Frameworks/Accounts.framework/Versions/A/Accounts
0x000000000da16000 	/System/Library/PrivateFrameworks/ApplePushService.framework/Versions/A/ApplePushService
0x000000000da16000 	/System/Library/PrivateFrameworks/GeoServices.framework/Versions/A/GeoServices
0x000000000da16000 	/System/Library/PrivateFrameworks/OAuth.framework/Versions/A/OAuth
0x000000000da16000 	/System/Library/PrivateFrameworks/CoreDaemon.framework/Versions/B/CoreDaemon
0x000000000da16000 	/usr/lib/libcrypto.0.9.8.dylib
0x000000000da16000 	/System/Library/PrivateFrameworks/AppleSRP.framework/Versions/A/AppleSRP
0x000000000da16000 	/System/Library/PrivateFrameworks/TrustEvaluationAgent.framework/Versions/A/TrustEvaluationAgent
0x000000000da16000 	/System/Library/Frameworks/CoreGraphics.framework/Versions/A/Resources/libCGCMS.A.dylib
0x000000000da16000 	/System/Library/Frameworks/CoreGraphics.framework/Versions/A/Resources/libCGXType.A.dylib
0x000000000da16000 	/System/Library/Frameworks/CoreGraphics.framework/Versions/A/Resources/libRIP.A.dylib
0x000000000da16000 	/System/Library/PrivateFrameworks/FinderKit.framework/Versions/A/FinderKit
0x000000000da16000 	/System/Library/PrivateFrameworks/Suggestions.framework/Versions/A/Suggestions
0x000000000da16000 	/System/Library/Frameworks/Quartz.framework/Versions/A/Frameworks/QuickLookUI.framework/Versions/A/QuickLookUI
0x000000000da16000 	/System/Library/Frameworks/Quartz.framework/Versions/A/Frameworks/ImageKit.framework/Versions/A/ImageKit
0x000000000da16000 	/System/Library/PrivateFrameworks/Bom.framework/Versions/A/Bom
0x000000000da16000 	/System/Library/Frameworks/QuickLook.framework/Versions/A/QuickLook
0x000000000da16000 	/System/Library/PrivateFrameworks/SystemAdministration.framework/Versions/A/SystemAdministration
0x000000000da16000 	/System/Library/PrivateFrameworks/DiskImages.framework/Versions/A/DiskImages
0x000000000da16000 	/System/Library/PrivateFrameworks/AppleSystemInfo.framework/Versions/A/AppleSystemInfo
0x000000000da16000 	/System/Library/Frameworks/ImageCaptureCore.framework/Versions/A/ImageCaptureCore
0x000000000da16000 	/System/Library/Frameworks/AddressBook.framework/Versions/A/AddressBook
0x000000000da16000 	/System/Library/PrivateFrameworks/IntlPreferences.framework/Versions/A/IntlPreferences
0x000000000da16000 	/System/Library/PrivateFrameworks/ToneLibrary.framework/Versions/A/ToneLibrary
0x000000000da16000 	/System/Library/PrivateFrameworks/ToneKit.framework/Versions/A/ToneKit
0x000000000da16000 	/System/Library/PrivateFrameworks/vCard.framework/Versions/A/vCard
0x000000000da16000 	/System/Library/PrivateFrameworks/ContactsData.framework/Versions/A/ContactsData
0x000000000da16000 	/System/Library/PrivateFrameworks/ContactsFoundation.framework/Versions/A/ContactsFoundation
0x000000000da16000 	/System/Library/Frameworks/DirectoryService.framework/Versions/A/DirectoryService
0x000000000da16000 	/System/Library/PrivateFrameworks/PhoneNumbers.framework/Versions/A/PhoneNumbers
0x000000000da16000 	/System/Library/Frameworks/Quartz.framework/Versions/A/Quartz
0x000000000da16000 	/System/Library/Frameworks/LDAP.framework/Versions/A/LDAP
0x000000000da16000 	/System/Library/Frameworks/AVFoundation.framework/Versions/A/AVFoundation
0x000000000da16000 	/System/Library/Frameworks/AVFoundation.framework/Versions/A/Resources/libAVFAudio.dylib
0x000000000da16000 	/System/Library/Frameworks/CoreMedia.framework/Versions/A/CoreMedia
0x000000000da16000 	/System/Library/Frameworks/MediaToolbox.framework/Versions/A/MediaToolbox
0x000000000da16000 	/System/Library/Frameworks/VideoToolbox.framework/Versions/A/VideoToolbox
0x000000000da16000 	/System/Library/Frameworks/CoreMediaIO.framework/Versions/A/CoreMediaIO
0x000000000da16000 	/System/Library/PrivateFrameworks/MediaControlSender.framework/Versions/A/MediaControlSender
0x000000000da16000 	/System/Library/PrivateFrameworks/CoreAVCHD.framework/Versions/A/CoreAVCHD
0x000000000da16000 	/System/Library/Frameworks/MediaAccessibility.framework/Versions/A/MediaAccessibility
0x000000000da16000 	/System/Library/PrivateFrameworks/Mangrove.framework/Versions/A/Mangrove
0x000000000da16000 	/System/Library/PrivateFrameworks/CoreAUC.framework/Versions/A/CoreAUC
0x000000000da16000 	/System/Library/PrivateFrameworks/NetworkStatistics.framework/Versions/A/NetworkStatistics
0x000000000da16000 	/System/Library/PrivateFrameworks/AirPlaySupport.framework/Versions/A/AirPlaySupport
0x000000000da16000 	/System/Library/PrivateFrameworks/CoreUtils.framework/Versions/A/CoreUtils
0x000000000da16000 	/System/Library/PrivateFrameworks/AppleVA.framework/Versions/A/AppleVA
0x000000000da16000 	/System/Library/PrivateFrameworks/XPCService.framework/Versions/A/XPCService
0x000000000da16000 	/System/Library/PrivateFrameworks/AppSandbox.framework/Versions/A/AppSandbox
0x000000000da16000 	/usr/lib/libsandbox.1.dylib
0x000000000da16000 	/System/Library/PrivateFrameworks/AppContainer.framework/Versions/A/AppContainer
0x000000000da16000 	/System/Library/PrivateFrameworks/SecCodeWrapper.framework/Versions/A/SecCodeWrapper
0x000000000da16000 	/usr/lib/libMatch.1.dylib
0x000000000da16000 	/usr/lib/libspindump.dylib
0x000000000da16000 	/System/Library/Frameworks/QTKit.framework/Versions/A/QTKit
0x000000000da16000 	/System/Library/PrivateFrameworks/CoreMediaAuthoring.framework/Versions/A/CoreMediaAuthoring
0x000000000da16000 	/System/Library/Frameworks/Quartz.framework/Versions/A/Frameworks/QuartzComposer.framework/Versions/A/QuartzComposer
0x000000000da16000 	/System/Library/Frameworks/Quartz.framework/Versions/A/Frameworks/PDFKit.framework/Versions/A/PDFKit
0x000000000da16000 	/System/Library/Frameworks/Quartz.framework/Versions/A/Frameworks/QuartzFilters.framework/Versions/A/QuartzFilters
0x000000000da16000 	/System/Library/PrivateFrameworks/CorePDF.framework/Versions/A/CorePDF
0x000000000da16000 	/System/Library/PrivateFrameworks/DisplayServices.framework/Versions/A/DisplayServices
0x000000000da16000 	/usr/lib/libsasl2.2.dylib
0x000000000da16000 	/System/Library/PrivateFrameworks/AppleFSCompression.framework/Versions/A/AppleFSCompression
0x000000000da16000 	/System/Library/PrivateFrameworks/LoginUIKit.framework/Versions/A/Frameworks/LoginUICore.framework/Versions/A/LoginUICore
0x000000000da16000 	/usr/lib/libCoreStorage.dylib
0x000000000da16000 	/usr/lib/libcsfde.dylib
0x000000000da16000 	/usr/lib/libodfde.dylib
0x000000000da16000 	/System/Library/Frameworks/DiscRecording.framework/Versions/A/DiscRecording
0x000000000da16000 	/usr/lib/libcurl.4.dylib
0x000000000da16000 	/System/Library/PrivateFrameworks/MediaKit.framework/Versions/A/MediaKit
0x000000000da16000 	/System/Library/PrivateFrameworks/ProtectedCloudStorage.framework/Versions/A/ProtectedCloudStorage
0x000000000da16000 	/System/Library/PrivateFrameworks/EFILogin.framework/Versions/A/EFILogin
0x000000000da16000 	/usr/lib/libutil.dylib
0x000000000da16000 	/System/Library/PrivateFrameworks/FindMyDevice.framework/Versions/A/FindMyDevice
0x00000001168b7000 	/System/Library/PrivateFrameworks/CacheDelete.framework/CacheDelete
0x000000000da16000 	/System/Library/PrivateFrameworks/PlugInKit.framework/Versions/A/PlugInKit
0x0000000116bff000 	/System/Library/PrivateFrameworks/FileProvider.framework/FileProvider
0x000000000da16000 	/System/Library/Frameworks/OpenGL.framework/Versions/A/Resources/GLEngine.bundle/GLEngine
0x000000000da16000 	/System/Library/Frameworks/OpenGL.framework/Versions/A/Libraries/libGLProgrammability.dylib
0x0000000000000000 	/System/Library/Extensions/AppleIntelHD4000GraphicsGLDriver.bundle/Contents/MacOS/AppleIntelHD4000GraphicsGLDriver
0x000000000da16000 	/System/Library/PrivateFrameworks/IOAccelerator.framework/Versions/A/IOAccelerator
0x000000000da16000 	/System/Library/PrivateFrameworks/GPUSupport.framework/Versions/A/Libraries/libGPUSupportMercury.dylib
0x0000000000000000 	/System/Library/Extensions/GeForceGLDriver.bundle/Contents/MacOS/GeForceGLDriver
0x000000000da16000 	/System/Library/Extensions/GeForceGLDriver.bundle/Contents/MacOS/libclh.dylib
0x000000000da16000 	/System/Library/Frameworks/OpenGL.framework/Versions/A/Resources/GLRendererFloat.bundle/GLRendererFloat
0x000000000da16000 	/System/Library/Frameworks/OpenCL.framework/Versions/A/Libraries/libcldcpuengine.dylib
0x0000000118c22000 	cl_kernels
0x0000000118c24000 	/System/Library/Frameworks/OpenCL.framework/Versions/A/Libraries/ImageFormats/unorm8_bgra.dylib
0x0000000118c14000 	cl_kernels
0x0000000118dcf000 	/System/Library/Frameworks/OpenCL.framework/Versions/A/Libraries/ImageFormats/unorm8_rgba.dylib
0x000000011a4f1000 	cl_kernels
0x000000000da16000 	/System/Library/PrivateFrameworks/FamilyControls.framework/Versions/A/FamilyControls
0x000000000da16000 	/System/Library/PrivateFrameworks/CommerceKit.framework/Versions/A/Frameworks/CommerceCore.framework/Versions/A/CommerceCore
0x0000000119a80000 	cl_kernels
0x0000000119a84000 	cl_kernels
0x000000011c63a000 	/System/Library/Frameworks/Security.framework/PlugIns/csparser.bundle/Contents/MacOS/csparser
0x000000000da16000 	/System/Library/CoreServices/RawCamera.bundle/Contents/MacOS/RawCamera
0x000000011bad4000 	/Library/Java/JavaVirtualMachines/jdk1.7.0_67.jdk/Contents/Home/jre/lib/libnio.dylib
0x000000011bae3000 	/Library/Java/JavaVirtualMachines/jdk1.7.0_67.jdk/Contents/Home/jre/lib/./libnet.dylib
0x0000000117e52000 	/System/Library/Frameworks/ApplicationServices.framework/Frameworks/ATS.framework/Resources/libFontRegistryUI.dylib
0x00000001181cd000 	/System/Library/Frameworks/ApplicationServices.framework/Versions/A/Frameworks/ATS.framework/Versions/A/Resources/ATSHI.dylib
0x000000000da16000 	/System/Library/PrivateFrameworks/Shortcut.framework/Versions/A/Shortcut
0x000000000da16000 	/System/Library/PrivateFrameworks/HelpData.framework/Versions/A/HelpData
0x000000000da16000 	/usr/lib/libtidy.A.dylib
0x000000000da16000 	/System/Library/Frameworks/CoreGraphics.framework/Versions/A/Resources/libCGXCoreImage.A.dylib
0x000000011dcfd000 	cl_kernels
0x000000000da16000 	/System/Library/PrivateFrameworks/DataDetectors.framework/Versions/A/DataDetectors
0x000000000da16000 	/System/Library/PrivateFrameworks/IDS.framework/Versions/A/IDS
0x000000000da16000 	/System/Library/PrivateFrameworks/WebKit2.framework/Versions/A/WebKit2
0x000000000da16000 	/System/Library/PrivateFrameworks/IMFoundation.framework/Versions/A/IMFoundation
0x000000000da16000 	/System/Library/PrivateFrameworks/Marco.framework/Versions/A/Marco
0x000000000da16000 	/System/Library/PrivateFrameworks/IDSFoundation.framework/Versions/A/IDSFoundation
0x000000000da16000 	/System/Library/PrivateFrameworks/FTServices.framework/Versions/A/FTServices
0x000000000da16000 	/System/Library/PrivateFrameworks/CommonUtilities.framework/Versions/A/CommonUtilities
0x000000000da16000 	/System/Library/PrivateFrameworks/DiagnosticLogCollection.framework/Versions/A/DiagnosticLogCollection
0x000000000da16000 	/System/Library/Frameworks/Accelerate.framework/Versions/A/Frameworks/vImage.framework/Versions/A/Libraries/libCGInterfaces.dylib

VM Arguments:
jvm_args: -Dfile.encoding=UTF-8 
java_command: tool.xmodeler.XModeler ./ini.txt
Launcher Type: SUN_STANDARD

Environment Variables:
PATH=/usr/bin:/bin:/usr/sbin:/sbin
SHELL=/bin/bash

Signal Handlers:
SIGSEGV: [libjvm.dylib+0x52b6c9], sa_mask[0]=0xfffefeff, sa_flags=0x00000043
SIGBUS: [libjvm.dylib+0x52b6c9], sa_mask[0]=0xfffefeff, sa_flags=0x00000042
SIGFPE: [libjvm.dylib+0x41deaa], sa_mask[0]=0xfffefeff, sa_flags=0x00000042
SIGPIPE: [libjvm.dylib+0x41deaa], sa_mask[0]=0xfffefeff, sa_flags=0x00000042
SIGXFSZ: [libjvm.dylib+0x41deaa], sa_mask[0]=0xfffefeff, sa_flags=0x00000042
SIGILL: [libjvm.dylib+0x41deaa], sa_mask[0]=0xfffefeff, sa_flags=0x00000042
SIGUSR1: SIG_DFL, sa_mask[0]=0x00000000, sa_flags=0x00000000
SIGUSR2: [libjvm.dylib+0x41d99c], sa_mask[0]=0x00000004, sa_flags=0x00000042
SIGHUP: [libjvm.dylib+0x41bc2d], sa_mask[0]=0xfffefeff, sa_flags=0x00000042
SIGINT: [libjvm.dylib+0x41bc2d], sa_mask[0]=0xfffefeff, sa_flags=0x00000042
SIGTERM: [libjvm.dylib+0x41bc2d], sa_mask[0]=0xfffefeff, sa_flags=0x00000042
SIGQUIT: [libjvm.dylib+0x41bc2d], sa_mask[0]=0xfffefeff, sa_flags=0x00000042


---------------  S Y S T E M  ---------------

OS:Bsduname:Darwin 14.0.0 Darwin Kernel Version 14.0.0: Fri Sep 19 00:26:44 PDT 2014; root:xnu-2782.1.97~2/RELEASE_X86_64 x86_64
rlimit: STACK 8192k, CORE 0k, NPROC 709, NOFILE 10240, AS infinity
load average:1.82 1.39 1.25

CPU:total 8 (4 cores per cpu, 2 threads per core) family 6 model 58 stepping 9, cmov, cx8, fxsr, mmx, sse, sse2, sse3, ssse3, sse4.1, sse4.2, popcnt, avx, aes, erms, ht, tsc, tscinvbit, tscinv

Memory: 4k page, physical 16777216k(4194304k free)

/proc/meminfo:


vm_info: Java HotSpot(TM) 64-Bit Server VM (24.65-b04) for bsd-amd64 JRE (1.7.0_67-b01), built on Jul 25 2014 08:51:51 by "java_re" with gcc 4.2.1 (Based on Apple Inc. build 5658) (LLVM build 2336.11.00)

time: Fri Nov 14 08:33:31 2014
elapsed time: 1432 seconds

