#
# A fatal error has been detected by the Java Runtime Environment:
#
#  SIGSEGV (0xb) at pc=0x0000000122990ce9, pid=10192, tid=12547
#
# JRE version: Java(TM) SE Runtime Environment (7.0_67-b01) (build 1.7.0_67-b01)
# Java VM: Java HotSpot(TM) 64-Bit Server VM (24.65-b04 mixed mode bsd-amd64 compressed oops)
# Problematic frame:
# C  [libswt-cocoa-4427.jnilib+0x25ce9]  callback+0x297
#
# Failed to write core dump. Core dumps have been disabled. To enable core dumping, try "ulimit -c unlimited" before starting Java again
#
# If you would like to submit a bug report, please visit:
#   http://bugreport.sun.com/bugreport/crash.jsp
#

---------------  T H R E A D  ---------------

Current thread (0x00007f8235804800):  VMThread [stack: 0x00000001206a8000,0x00000001207a8000] [id=12547]

siginfo:si_signo=SIGSEGV: si_errno=0, si_code=1 (SEGV_MAPERR), si_addr=0x0000000000000078

Registers:
RAX=0x0000000000000000, RBX=0x00007f8232fb1870, RCX=0x00000001207a7774, RDX=0x0000000000000001
RSP=0x00000001207a77a0, RBP=0x00000001207a78d0, RSI=0x0000000000000000, RDI=0x0000000000000000
R8 =0x0000000000000000, R9 =0x00007f8232d00000, R10=0x00007f8235901410, R11=0x00007f8232c58470
R12=0x00007fff8eb5e0c0, R13=0x00000001207a79a0, R14=0x0000000000000000, R15=0x0000000000000000
RIP=0x0000000122990ce9, EFLAGS=0x0000000000010206, ERR=0x0000000000000004
  TRAPNO=0x000000000000000e

Top of Stack: (sp=0x00000001207a77a0)
0x00000001207a77a0:   0000000122990adb 00007fff00000000
0x00000001207a77b0:   00007fff7dcd78e0 000000007dcd78e4
0x00000001207a77c0:   00007fff7dcd78e8 00007fff8fd2cd61
0x00000001207a77d0:   00007fff7dcd78e4 00007f82358049e8
0x00000001207a77e0:   00007f8232c00398 00007f8232d1f1f8
0x00000001207a77f0:   00000002000109cc 0000000000000000
0x00000001207a7800:   00007fff7dcd78c8 00007fff00000000
0x00000001207a7810:   00000001207a7860 00007fff8eb72aea
0x00000001207a7820:   00007f8232fb1870 00007f8234832d20
0x00000001207a7830:   00007fff8fd2e6a1 0000000000000000
0x00000001207a7840:   0000000000000000 00007f8232d00000
0x00000001207a7850:   0000000000000000 0000000000000000
0x00000001207a7860:   00000001207a7930 00007fff8eb5e1ac
0x00000001207a7870:   00007f8232d00000 0000000000000000
0x00000001207a7880:   0000000000000000 0000000000000000
0x00000001207a7890:   00007fff8fd2cd61 00007f8232fb1870
0x00000001207a78a0:   0000000000000000 00007fff7f442c40
0x00000001207a78b0:   0000000000000000 0000000000000000
0x00000001207a78c0:   0000000000000000 0000000000000000
0x00000001207a78d0:   00000001207a78f0 000000012296f25e
0x00000001207a78e0:   00007fff8fd2e6a1 00007f8234832d20
0x00000001207a78f0:   00000001207a7930 00007fff8f4f0a42
0x00000001207a7900:   0000000000000000 0000000000000000
0x00000001207a7910:   00007fff8eb5e0c0 00000000000000e0
0x00000001207a7920:   0000000000000000 0000000000000000
0x00000001207a7930:   00000001207a7970 00007fff8f5ea587
0x00000001207a7940:   0000000000000000 00007f8232fb1870
0x00000001207a7950:   00000000000000f8 00007fff8eb5e0c0
0x00000001207a7960:   0000000000000000 00007fff7dcda700
0x00000001207a7970:   00000001207a79f0 00007fff8f5ea395
0x00000001207a7980:   0000000000000000 0000000000000000
0x00000001207a7990:   0000000000000000 0000000000000000 

Instructions: (pc=0x0000000122990ce9)
0x0000000122990cc9:   ff ff 01 00 00 00 48 8b 85 08 ff ff ff 48 85 c0
0x0000000122990cd9:   0f 84 9f 03 00 00 48 8b 85 08 ff ff ff 48 8b 00
0x0000000122990ce9:   48 8b 40 78 48 8b bd 08 ff ff ff ff d0 48 89 85
0x0000000122990cf9:   30 ff ff ff 48 83 bd 30 ff ff ff 00 74 26 48 8b 

Register to memory mapping:

RAX=0x0000000000000000 is an unknown value
RBX=0x00007f8232fb1870 is an unknown value
RCX=0x00000001207a7774 is an unknown value
RDX=0x0000000000000001 is an unknown value
RSP=0x00000001207a77a0 is an unknown value
RBP=0x00000001207a78d0 is an unknown value
RSI=0x0000000000000000 is an unknown value
RDI=0x0000000000000000 is an unknown value
R8 =0x0000000000000000 is an unknown value
R9 =0x00007f8232d00000 is an unknown value
R10=0x00007f8235901410 is an unknown value
R11=0x00007f8232c58470 is an unknown value
R12=0x00007fff8eb5e0c0: objc_msgSend+0 in /usr/lib/libobjc.A.dylib at 0x00007fff8eb5d000
R13=0x00000001207a79a0 is an unknown value
R14=0x0000000000000000 is an unknown value
R15=0x0000000000000000 is an unknown value


Stack: [0x00000001206a8000,0x00000001207a8000],  sp=0x00000001207a77a0,  free space=1021k
Native frames: (J=compiled Java code, j=interpreted, Vv=VM code, C=native code)
C  [libswt-cocoa-4427.jnilib+0x25ce9]  callback+0x297
C  [libswt-cocoa-4427.jnilib+0x425e]  fn0_2+0x27
C  [AppKit+0x142a42]  -[NSWindow orderWindow:relativeTo:]+0x76
C  [AppKit+0x23c587]  __18-[NSWindow _close]_block_invoke+0x1bc
C  [AppKit+0x23c395]  -[NSWindow _close]+0x16b
C  [FinderKit+0xa1aff]  -[FI_TFloatingInputWindowController dealloc]+0x45
C  [libobjc.A.dylib+0x1f68c]  _ZN11objc_object17sidetable_releaseEb+0xec
C  [AppKit+0x122804]  -[NSWindowController release]+0x9a
C  [FinderKit+0xa24cc]  _ZN4TRefIP33FI_TFloatingInputWindowController23OBJCRetainReleasePolicyIS1_EED2Ev+0xc
C  [libsystem_c.dylib+0x5e8ed]  __cxa_finalize_ranges+0x142
C  [libsystem_c.dylib+0x5ebf0]  exit+0x37
V  [libjvm.dylib+0x2d9a9e]
V  [libjvm.dylib+0x532237]
V  [libjvm.dylib+0x53089b]
V  [libjvm.dylib+0x530ce8]
V  [libjvm.dylib+0x53060f]
V  [libjvm.dylib+0x420772]
C  [libsystem_pthread.dylib+0x32fc]  _pthread_body+0x83
C  [libsystem_pthread.dylib+0x3279]  _pthread_body+0x0
C  [libsystem_pthread.dylib+0x14b1]  thread_start+0xd

VM_Operation (0x00000001269ee718): Exit, mode: safepoint, requested by thread 0x00007f8234001000


---------------  P R O C E S S  ---------------

Java Threads: ( => current thread )
  0x00007f8234001000 JavaThread "SIGTERM handler" daemon [_thread_blocked, id=30947, stack(0x00000001268ef000,0x00000001269ef000)]
  0x00007f8233238800 JavaThread "DestroyJavaVM" [_thread_blocked, id=1811, stack(0x00007fff50171000,0x00007fff501f1000)]
  0x00007f82340dc000 JavaThread "Thread-12" [_thread_blocked, id=93443, stack(0x000000012762f000,0x000000012772f000)]
  0x00007f8233480000 JavaThread "Thread-11" [_thread_blocked, id=92931, stack(0x000000012752c000,0x000000012762c000)]
  0x00007f823327f000 JavaThread "Thread-10" [_thread_blocked, id=91395, stack(0x000000012b410000,0x000000012b510000)]
  0x00007f82353d2800 JavaThread "Thread-9" [_thread_blocked, id=90883, stack(0x000000012b30d000,0x000000012b40d000)]
  0x00007f82359bf000 JavaThread "Thread-8" [_thread_blocked, id=90371, stack(0x000000012b20a000,0x000000012b30a000)]
  0x00007f82359bd000 JavaThread "Thread-7" [_thread_blocked, id=89859, stack(0x0000000128096000,0x0000000128196000)]
  0x00007f82359b7000 JavaThread "Thread-6" [_thread_blocked, id=89347, stack(0x0000000127f93000,0x0000000128093000)]
  0x00007f8235a34000 JavaThread "Thread-5" [_thread_blocked, id=88835, stack(0x0000000127e90000,0x0000000127f90000)]
  0x00007f82359f8000 JavaThread "Thread-4" [_thread_blocked, id=88323, stack(0x0000000127d8d000,0x0000000127e8d000)]
  0x00007f823591d800 JavaThread "Thread-3" [_thread_blocked, id=87811, stack(0x0000000127c8a000,0x0000000127d8a000)]
  0x00007f8234137000 JavaThread "Thread-2" [_thread_blocked, id=80647, stack(0x000000012c3b7000,0x000000012c4b7000)]
  0x00007f823520a800 JavaThread "Thread-1" [_thread_blocked, id=80399, stack(0x000000012c2b4000,0x000000012c3b4000)]
  0x00007f8233806000 JavaThread "Service Thread" daemon [_thread_blocked, id=19203, stack(0x0000000122577000,0x0000000122677000)]
  0x00007f8233805800 JavaThread "C2 CompilerThread1" daemon [_thread_blocked, id=18691, stack(0x0000000122474000,0x0000000122574000)]
  0x00007f8235015800 JavaThread "C2 CompilerThread0" daemon [_thread_blocked, id=18179, stack(0x0000000122371000,0x0000000122471000)]
  0x00007f8233015000 JavaThread "Signal Dispatcher" daemon [_thread_blocked, id=17683, stack(0x000000012226e000,0x000000012236e000)]
  0x00007f8235808000 JavaThread "Finalizer" daemon [_thread_blocked, id=13571, stack(0x00000001208ae000,0x00000001209ae000)]
  0x00007f8235807000 JavaThread "Reference Handler" daemon [_thread_blocked, id=13059, stack(0x00000001207ab000,0x00000001208ab000)]

Other Threads:
=>0x00007f8235804800 VMThread [stack: 0x00000001206a8000,0x00000001207a8000] [id=12547]

VM state:at safepoint (shutting down)

VM Mutex/Monitor currently owned by a thread:  ([mutex/lock_event])
[0x00007f8234803c70] Threads_lock - owner thread: 0x00007f8235804800

Heap
 PSYoungGen      total 76800K, used 32782K [0x00000007aaa80000, 0x00000007b0000000, 0x0000000800000000)
  eden space 66048K, 42% used [0x00000007aaa80000,0x00000007ac5d5218,0x00000007aeb00000)
  from space 10752K, 44% used [0x00000007af580000,0x00000007afa2e8c8,0x00000007b0000000)
  to   space 10752K, 0% used [0x00000007aeb00000,0x00000007aeb00000,0x00000007af580000)
 ParOldGen       total 235008K, used 180080K [0x0000000700000000, 0x000000070e580000, 0x00000007aaa80000)
  object space 235008K, 76% used [0x0000000700000000,0x000000070afdc040,0x000000070e580000)
 PSPermGen       total 21504K, used 11458K [0x00000006fae00000, 0x00000006fc300000, 0x0000000700000000)
  object space 21504K, 53% used [0x00000006fae00000,0x00000006fb930a10,0x00000006fc300000)

Card table byte_map: [0x000000011471f000,0x0000000114f49000] byte_map_base: 0x0000000110f48000

Polling page: 0x000000010fb62000

Code Cache  [0x000000011165f000, 0x00000001118cf000, 0x000000011465f000)
 total_blobs=839 nmethods=430 adapters=363 free_code_cache=47459Kb largest_free_block=48567360

Compilation events (10 events):
Event: 23.755 Thread 0x00007f8235015800  429             org.eclipse.swt.widgets.Shell::isDrawing (5 bytes)
Event: 23.755 Thread 0x00007f8235015800 nmethod 429 0x00000001117d5b90 code [0x00000001117d5cc0, 0x00000001117d5d38]
Event: 24.166 Thread 0x00007f8233805800  430  s          java.util.Vector::get (23 bytes)
Event: 24.167 Thread 0x00007f8233805800 nmethod 430 0x00000001117f9090 code [0x00000001117f91e0, 0x00000001117f9478]
Event: 24.382 Thread 0x00007f8235015800  433             org.eclipse.swt.internal.cocoa.NSGraphicsContext::saveGraphicsState (12 bytes)
Event: 24.382 Thread 0x00007f8233805800  434             org.eclipse.swt.internal.cocoa.NSGraphicsContext::restoreGraphicsState (12 bytes)
Event: 24.382 Thread 0x00007f8235015800 nmethod 433 0x00000001117f8a90 code [0x00000001117f8be0, 0x00000001117f8c68]
Event: 24.382 Thread 0x00007f8233805800 nmethod 434 0x00000001117f8810 code [0x00000001117f8960, 0x00000001117f89e8]
Event: 24.664 Thread 0x00007f8235015800  435             tool.clients.diagrams.Edge::start (12 bytes)
Event: 24.666 Thread 0x00007f8235015800 nmethod 435 0x000000011180a710 code [0x000000011180a860, 0x000000011180ab38]

GC Heap History (4 events):
Event: 4.728 GC heap before
{Heap before GC invocations=1 (full 0):
 PSYoungGen      total 76800K, used 66048K [0x00000007aaa80000, 0x00000007b0000000, 0x0000000800000000)
  eden space 66048K, 100% used [0x00000007aaa80000,0x00000007aeb00000,0x00000007aeb00000)
  from space 10752K, 0% used [0x00000007af580000,0x00000007af580000,0x00000007b0000000)
  to   space 10752K, 0% used [0x00000007aeb00000,0x00000007aeb00000,0x00000007af580000)
 ParOldGen       total 235008K, used 180000K [0x0000000700000000, 0x000000070e580000, 0x00000007aaa80000)
  object space 235008K, 76% used [0x0000000700000000,0x000000070afc8030,0x000000070e580000)
 PSPermGen       total 21504K, used 8061K [0x00000006fae00000, 0x00000006fc300000, 0x0000000700000000)
  object space 21504K, 37% used [0x00000006fae00000,0x00000006fb5df708,0x00000006fc300000)
Event: 4.733 GC heap after
Heap after GC invocations=1 (full 0):
 PSYoungGen      total 76800K, used 4979K [0x00000007aaa80000, 0x00000007b0000000, 0x0000000800000000)
  eden space 66048K, 0% used [0x00000007aaa80000,0x00000007aaa80000,0x00000007aeb00000)
  from space 10752K, 46% used [0x00000007aeb00000,0x00000007aefdcdd0,0x00000007af580000)
  to   space 10752K, 0% used [0x00000007af580000,0x00000007af580000,0x00000007b0000000)
 ParOldGen       total 235008K, used 180008K [0x0000000700000000, 0x000000070e580000, 0x00000007aaa80000)
  object space 235008K, 76% used [0x0000000700000000,0x000000070afca030,0x000000070e580000)
 PSPermGen       total 21504K, used 8061K [0x00000006fae00000, 0x00000006fc300000, 0x0000000700000000)
  object space 21504K, 37% used [0x00000006fae00000,0x00000006fb5df708,0x00000006fc300000)
}
Event: 15.367 GC heap before
{Heap before GC invocations=2 (full 0):
 PSYoungGen      total 76800K, used 71027K [0x00000007aaa80000, 0x00000007b0000000, 0x0000000800000000)
  eden space 66048K, 100% used [0x00000007aaa80000,0x00000007aeb00000,0x00000007aeb00000)
  from space 10752K, 46% used [0x00000007aeb00000,0x00000007aefdcdd0,0x00000007af580000)
  to   space 10752K, 0% used [0x00000007af580000,0x00000007af580000,0x00000007b0000000)
 ParOldGen       total 235008K, used 180008K [0x0000000700000000, 0x000000070e580000, 0x00000007aaa80000)
  object space 235008K, 76% used [0x0000000700000000,0x000000070afca030,0x000000070e580000)
 PSPermGen       total 21504K, used 10983K [0x00000006fae00000, 0x00000006fc300000, 0x0000000700000000)
  object space 21504K, 51% used [0x00000006fae00000,0x00000006fb8b9f60,0x00000006fc300000)
Event: 15.372 GC heap after
Heap after GC invocations=2 (full 0):
 PSYoungGen      total 76800K, used 4794K [0x00000007aaa80000, 0x00000007b0000000, 0x0000000800000000)
  eden space 66048K, 0% used [0x00000007aaa80000,0x00000007aaa80000,0x00000007aeb00000)
  from space 10752K, 44% used [0x00000007af580000,0x00000007afa2e8c8,0x00000007b0000000)
  to   space 10752K, 0% used [0x00000007aeb00000,0x00000007aeb00000,0x00000007af580000)
 ParOldGen       total 235008K, used 180080K [0x0000000700000000, 0x000000070e580000, 0x00000007aaa80000)
  object space 235008K, 76% used [0x0000000700000000,0x000000070afdc040,0x000000070e580000)
 PSPermGen       total 21504K, used 10983K [0x00000006fae00000, 0x00000006fc300000, 0x0000000700000000)
  object space 21504K, 51% used [0x00000006fae00000,0x00000006fb8b9f60,0x00000006fc300000)
}

Deoptimization events (10 events):
Event: 17.014 Thread 0x00007f823520a800 Uncommon trap: reason=unloaded action=reinterpret pc=0x0000000111790b5c method=undo.UndoEngine.setSlot(IIII)V @ 11
Event: 17.014 Thread 0x00007f823520a800 Uncommon trap: reason=unloaded action=reinterpret pc=0x00000001117cd214 method=undo.UndoEngine.setTable(IIII)V @ 11
Event: 17.015 Thread 0x00007f823520a800 Uncommon trap: reason=unloaded action=reinterpret pc=0x0000000111791b7c method=undo.UndoEngine.setSlot(IIII)V @ 11
Event: 17.015 Thread 0x00007f823520a800 Uncommon trap: reason=unloaded action=reinterpret pc=0x00000001117738a0 method=undo.UndoEngine.setSlot(IIII)V @ 11
Event: 17.015 Thread 0x00007f823520a800 Uncommon trap: reason=unloaded action=reinterpret pc=0x00000001117c18a0 method=undo.UndoEngine.setTable(IIII)V @ 11
Event: 17.015 Thread 0x00007f823520a800 Uncommon trap: reason=predicate action=maybe_recompile pc=0x00000001117c22ec method=engine.Machine.linkGlobals(I)I @ 19
Event: 17.015 Thread 0x00007f823520a800 Uncommon trap: reason=unloaded action=reinterpret pc=0x00000001117b123c method=undo.UndoEngine.setArray(IIII)V @ 11
Event: 17.016 Thread 0x00007f823520a800 Uncommon trap: reason=unloaded action=reinterpret pc=0x00000001117aac60 method=undo.UndoEngine.setArray(IIII)V @ 11
Event: 19.204 Thread 0x00007f8234001000 Uncommon trap: reason=bimorphic action=maybe_recompile pc=0x0000000111783f90 method=org.eclipse.swt.widgets.Display.windowProc(JJJ)J @ 783
Event: 19.204 Thread 0x00007f8234001000 Uncommon trap: reason=bimorphic action=maybe_recompile pc=0x0000000111783f80 method=org.eclipse.swt.widgets.Display.windowProc(JJJ)J @ 425

Internal exceptions (10 events):
Event: 17.029 Thread 0x00007f8234001000 Threw 0x00000007ab421510 at /HUDSON/workspace/7u-2-build-macosx-x86_64/jdk7u67/1368/hotspot/src/share/vm/prims/jvm.cpp:1244
Event: 17.030 Thread 0x00007f8234001000 Threw 0x00000007ab42dd38 at /HUDSON/workspace/7u-2-build-macosx-x86_64/jdk7u67/1368/hotspot/src/share/vm/prims/jvm.cpp:1244
Event: 17.031 Thread 0x00007f8234001000 Threw 0x00000007ab4dd078 at /HUDSON/workspace/7u-2-build-macosx-x86_64/jdk7u67/1368/hotspot/src/share/vm/prims/jvm.cpp:1244
Event: 17.031 Thread 0x00007f8234001000 Threw 0x00000007ab4e3d58 at /HUDSON/workspace/7u-2-build-macosx-x86_64/jdk7u67/1368/hotspot/src/share/vm/prims/jvm.cpp:1244
Event: 17.032 Thread 0x00007f8234001000 Threw 0x00000007ab4e9318 at /HUDSON/workspace/7u-2-build-macosx-x86_64/jdk7u67/1368/hotspot/src/share/vm/prims/jvm.cpp:1244
Event: 17.033 Thread 0x00007f8234001000 Threw 0x00000007ab4f1528 at /HUDSON/workspace/7u-2-build-macosx-x86_64/jdk7u67/1368/hotspot/src/share/vm/prims/jvm.cpp:1244
Event: 21.746 Thread 0x00007f823520a800 Threw 0x00000007ab9e3b10 at /HUDSON/workspace/7u-2-build-macosx-x86_64/jdk7u67/1368/hotspot/src/share/vm/prims/jvm.cpp:1244
Event: 21.792 Thread 0x00007f823520a800 Threw 0x00000007ab9f35b8 at /HUDSON/workspace/7u-2-build-macosx-x86_64/jdk7u67/1368/hotspot/src/share/vm/prims/jvm.cpp:1244
Event: 21.916 Thread 0x00007f8234001000 Threw 0x00000007abac1268 at /HUDSON/workspace/7u-2-build-macosx-x86_64/jdk7u67/1368/hotspot/src/share/vm/prims/jvm.cpp:1244
Event: 42.322 Thread 0x00007f823520a800 Threw 0x00000007ac113958 at /HUDSON/workspace/7u-2-build-macosx-x86_64/jdk7u67/1368/hotspot/src/share/vm/prims/jvm.cpp:1244

Events (10 events):
Event: 42.322 loading class 0x00007f8232c10770
Event: 42.322 loading class 0x00007f8232c10770 done
Event: 42.322 Thread 0x00007f8234001000 Thread added: 0x00007f8234001000
Event: 42.323 loading class 0x00007f8235025da0
Event: 42.323 loading class 0x00007f8235025dd0
Event: 42.323 loading class 0x00007f8235025dd0 done
Event: 42.323 loading class 0x00007f8235025da0 done
Event: 42.323 Thread 0x00007f8235a0a000 Thread added: 0x00007f8235a0a000
Event: 42.323 Thread 0x00007f8235a0a000 Thread exited: 0x00007f8235a0a000
Event: 42.323 Executing VM operation: Exit


Dynamic libraries:
0x000000000da16000 	/System/Library/Frameworks/Cocoa.framework/Versions/A/Cocoa
0x000000000da16000 	/System/Library/Frameworks/Security.framework/Versions/A/Security
0x000000000da16000 	/System/Library/Frameworks/ApplicationServices.framework/Versions/A/ApplicationServices
0x000000000da16000 	/usr/lib/libz.1.dylib
0x000000000da16000 	/usr/lib/libSystem.B.dylib
0x000000000da16000 	/usr/lib/libobjc.A.dylib
0x000000000da16000 	/System/Library/Frameworks/CoreFoundation.framework/Versions/A/CoreFoundation
0x000000000da16000 	/System/Library/Frameworks/Foundation.framework/Versions/C/Foundation
0x000000000da16000 	/System/Library/Frameworks/AppKit.framework/Versions/C/AppKit
0x000000000da16000 	/System/Library/Frameworks/CoreData.framework/Versions/A/CoreData
0x000000000da16000 	/System/Library/PrivateFrameworks/RemoteViewServices.framework/Versions/A/RemoteViewServices
0x000000000da16000 	/System/Library/PrivateFrameworks/UIFoundation.framework/Versions/A/UIFoundation
0x000000000da16000 	/System/Library/Frameworks/IOSurface.framework/Versions/A/IOSurface
0x000000000da16000 	/System/Library/Frameworks/AudioToolbox.framework/Versions/A/AudioToolbox
0x000000000da16000 	/System/Library/Frameworks/AudioUnit.framework/Versions/A/AudioUnit
0x000000000da16000 	/System/Library/PrivateFrameworks/DataDetectorsCore.framework/Versions/A/DataDetectorsCore
0x000000000da16000 	/System/Library/PrivateFrameworks/DesktopServicesPriv.framework/Versions/A/DesktopServicesPriv
0x000000000da16000 	/System/Library/Frameworks/Carbon.framework/Versions/A/Frameworks/HIToolbox.framework/Versions/A/HIToolbox
0x000000000da16000 	/System/Library/Frameworks/QuartzCore.framework/Versions/A/QuartzCore
0x000000000da16000 	/System/Library/Frameworks/Carbon.framework/Versions/A/Frameworks/SpeechRecognition.framework/Versions/A/SpeechRecognition
0x000000000da16000 	/usr/lib/libauto.dylib
0x000000000da16000 	/usr/lib/libicucore.A.dylib
0x000000000da16000 	/usr/lib/libxml2.2.dylib
0x000000000da16000 	/System/Library/PrivateFrameworks/CoreUI.framework/Versions/A/CoreUI
0x000000000da16000 	/System/Library/Frameworks/CoreAudio.framework/Versions/A/CoreAudio
0x000000000da16000 	/System/Library/Frameworks/DiskArbitration.framework/Versions/A/DiskArbitration
0x000000000da16000 	/usr/lib/liblangid.dylib
0x000000000da16000 	/System/Library/PrivateFrameworks/MultitouchSupport.framework/Versions/A/MultitouchSupport
0x000000000da16000 	/System/Library/Frameworks/IOKit.framework/Versions/A/IOKit
0x000000000da16000 	/usr/lib/libDiagnosticMessagesClient.dylib
0x000000000da16000 	/System/Library/Frameworks/CoreServices.framework/Versions/A/CoreServices
0x000000000da16000 	/System/Library/PrivateFrameworks/PerformanceAnalysis.framework/Versions/A/PerformanceAnalysis
0x000000000da16000 	/System/Library/PrivateFrameworks/GenerationalStorage.framework/Versions/A/GenerationalStorage
0x000000000da16000 	/System/Library/Frameworks/OpenGL.framework/Versions/A/OpenGL
0x000000000da16000 	/System/Library/PrivateFrameworks/Sharing.framework/Versions/A/Sharing
0x000000000da16000 	/System/Library/Frameworks/CoreGraphics.framework/Versions/A/CoreGraphics
0x000000000da16000 	/System/Library/Frameworks/CoreText.framework/Versions/A/CoreText
0x000000000da16000 	/System/Library/Frameworks/ImageIO.framework/Versions/A/ImageIO
0x000000000da16000 	/usr/lib/libextension.dylib
0x000000000da16000 	/System/Library/PrivateFrameworks/Backup.framework/Versions/A/Backup
0x000000000da16000 	/usr/lib/libarchive.2.dylib
0x000000000da16000 	/System/Library/Frameworks/CFNetwork.framework/Versions/A/CFNetwork
0x000000000da16000 	/System/Library/Frameworks/SystemConfiguration.framework/Versions/A/SystemConfiguration
0x000000000da16000 	/usr/lib/libCRFSuite.dylib
0x000000000da16000 	/usr/lib/libc++.1.dylib
0x000000000da16000 	/usr/lib/libc++abi.dylib
0x000000000da16000 	/usr/lib/system/libcache.dylib
0x000000000da16000 	/usr/lib/system/libcommonCrypto.dylib
0x000000000da16000 	/usr/lib/system/libcompiler_rt.dylib
0x000000000da16000 	/usr/lib/system/libcopyfile.dylib
0x000000000da16000 	/usr/lib/system/libcorecrypto.dylib
0x000000000da16000 	/usr/lib/system/libdispatch.dylib
0x000000000da16000 	/usr/lib/system/libdyld.dylib
0x000000000da16000 	/usr/lib/system/libkeymgr.dylib
0x000000000da16000 	/usr/lib/system/liblaunch.dylib
0x000000000da16000 	/usr/lib/system/libmacho.dylib
0x000000000da16000 	/usr/lib/system/libquarantine.dylib
0x000000000da16000 	/usr/lib/system/libremovefile.dylib
0x000000000da16000 	/usr/lib/system/libsystem_asl.dylib
0x000000000da16000 	/usr/lib/system/libsystem_blocks.dylib
0x000000000da16000 	/usr/lib/system/libsystem_c.dylib
0x000000000da16000 	/usr/lib/system/libsystem_configuration.dylib
0x000000000da16000 	/usr/lib/system/libsystem_coreservices.dylib
0x000000000da16000 	/usr/lib/system/libsystem_coretls.dylib
0x000000000da16000 	/usr/lib/system/libsystem_dnssd.dylib
0x000000000da16000 	/usr/lib/system/libsystem_info.dylib
0x000000000da16000 	/usr/lib/system/libsystem_kernel.dylib
0x000000000da16000 	/usr/lib/system/libsystem_m.dylib
0x000000000da16000 	/usr/lib/system/libsystem_malloc.dylib
0x000000000da16000 	/usr/lib/system/libsystem_network.dylib
0x000000000da16000 	/usr/lib/system/libsystem_networkextension.dylib
0x000000000da16000 	/usr/lib/system/libsystem_notify.dylib
0x000000000da16000 	/usr/lib/system/libsystem_platform.dylib
0x000000000da16000 	/usr/lib/system/libsystem_pthread.dylib
0x000000000da16000 	/usr/lib/system/libsystem_sandbox.dylib
0x000000000da16000 	/usr/lib/system/libsystem_secinit.dylib
0x000000000da16000 	/usr/lib/system/libsystem_stats.dylib
0x000000000da16000 	/usr/lib/system/libsystem_trace.dylib
0x000000000da16000 	/usr/lib/system/libunc.dylib
0x000000000da16000 	/usr/lib/system/libunwind.dylib
0x000000000da16000 	/usr/lib/system/libxpc.dylib
0x000000000da16000 	/usr/lib/libbz2.1.0.dylib
0x000000000da16000 	/usr/lib/liblzma.5.dylib
0x000000000da16000 	/usr/lib/libbsm.0.dylib
0x000000000da16000 	/usr/lib/libsqlite3.dylib
0x000000000da16000 	/usr/lib/system/libkxld.dylib
0x000000000da16000 	/usr/lib/libxar.1.dylib
0x000000000da16000 	/usr/lib/libpam.2.dylib
0x000000000da16000 	/usr/lib/libOpenScriptingUtil.dylib
0x000000000da16000 	/System/Library/Frameworks/CoreServices.framework/Versions/A/Frameworks/FSEvents.framework/Versions/A/FSEvents
0x000000000da16000 	/System/Library/Frameworks/CoreServices.framework/Versions/A/Frameworks/CarbonCore.framework/Versions/A/CarbonCore
0x000000000da16000 	/System/Library/Frameworks/CoreServices.framework/Versions/A/Frameworks/Metadata.framework/Versions/A/Metadata
0x000000000da16000 	/System/Library/Frameworks/CoreServices.framework/Versions/A/Frameworks/OSServices.framework/Versions/A/OSServices
0x000000000da16000 	/System/Library/Frameworks/CoreServices.framework/Versions/A/Frameworks/SearchKit.framework/Versions/A/SearchKit
0x000000000da16000 	/System/Library/Frameworks/CoreServices.framework/Versions/A/Frameworks/AE.framework/Versions/A/AE
0x000000000da16000 	/System/Library/Frameworks/CoreServices.framework/Versions/A/Frameworks/LaunchServices.framework/Versions/A/LaunchServices
0x000000000da16000 	/System/Library/Frameworks/CoreServices.framework/Versions/A/Frameworks/DictionaryServices.framework/Versions/A/DictionaryServices
0x000000000da16000 	/System/Library/Frameworks/NetFS.framework/Versions/A/NetFS
0x000000000da16000 	/System/Library/PrivateFrameworks/NetAuth.framework/Versions/A/NetAuth
0x000000000da16000 	/System/Library/PrivateFrameworks/login.framework/Versions/A/Frameworks/loginsupport.framework/Versions/A/loginsupport
0x000000000da16000 	/System/Library/PrivateFrameworks/TCC.framework/Versions/A/TCC
0x000000000da16000 	/usr/lib/libmecabra.dylib
0x000000000da16000 	/System/Library/PrivateFrameworks/LanguageModeling.framework/Versions/A/LanguageModeling
0x000000000da16000 	/usr/lib/libcmph.dylib
0x000000000da16000 	/usr/lib/libiconv.2.dylib
0x000000000da16000 	/System/Library/Frameworks/OpenDirectory.framework/Versions/A/Frameworks/CFOpenDirectory.framework/Versions/A/CFOpenDirectory
0x000000000da16000 	/System/Library/Frameworks/ServiceManagement.framework/Versions/A/ServiceManagement
0x000000000da16000 	/usr/lib/libxslt.1.dylib
0x000000000da16000 	/System/Library/Frameworks/Carbon.framework/Versions/A/Frameworks/Ink.framework/Versions/A/Ink
0x000000000da16000 	/System/Library/Frameworks/ApplicationServices.framework/Versions/A/Frameworks/ATS.framework/Versions/A/ATS
0x000000000da16000 	/System/Library/Frameworks/ApplicationServices.framework/Versions/A/Frameworks/ColorSync.framework/Versions/A/ColorSync
0x000000000da16000 	/System/Library/Frameworks/ApplicationServices.framework/Versions/A/Frameworks/HIServices.framework/Versions/A/HIServices
0x000000000da16000 	/System/Library/Frameworks/ApplicationServices.framework/Versions/A/Frameworks/LangAnalysis.framework/Versions/A/LangAnalysis
0x000000000da16000 	/System/Library/Frameworks/ApplicationServices.framework/Versions/A/Frameworks/PrintCore.framework/Versions/A/PrintCore
0x000000000da16000 	/System/Library/Frameworks/ApplicationServices.framework/Versions/A/Frameworks/QD.framework/Versions/A/QD
0x000000000da16000 	/System/Library/Frameworks/ApplicationServices.framework/Versions/A/Frameworks/SpeechSynthesis.framework/Versions/A/SpeechSynthesis
0x000000000da16000 	/System/Library/Frameworks/Accelerate.framework/Versions/A/Accelerate
0x000000000da16000 	/System/Library/Frameworks/Accelerate.framework/Versions/A/Frameworks/vImage.framework/Versions/A/vImage
0x000000000da16000 	/System/Library/Frameworks/Accelerate.framework/Versions/A/Frameworks/vecLib.framework/Versions/A/vecLib
0x000000000da16000 	/System/Library/Frameworks/Accelerate.framework/Versions/A/Frameworks/vecLib.framework/Versions/A/libvDSP.dylib
0x000000000da16000 	/System/Library/Frameworks/Accelerate.framework/Versions/A/Frameworks/vecLib.framework/Versions/A/libvMisc.dylib
0x000000000da16000 	/System/Library/Frameworks/Accelerate.framework/Versions/A/Frameworks/vecLib.framework/Versions/A/libLAPACK.dylib
0x000000000da16000 	/System/Library/Frameworks/Accelerate.framework/Versions/A/Frameworks/vecLib.framework/Versions/A/libBLAS.dylib
0x000000000da16000 	/System/Library/Frameworks/Accelerate.framework/Versions/A/Frameworks/vecLib.framework/Versions/A/libLinearAlgebra.dylib
0x000000000da16000 	/System/Library/Frameworks/ApplicationServices.framework/Versions/A/Frameworks/ATS.framework/Versions/A/Resources/libFontParser.dylib
0x000000000da16000 	/System/Library/Frameworks/ApplicationServices.framework/Versions/A/Frameworks/ATS.framework/Versions/A/Resources/libFontRegistry.dylib
0x000000000da16000 	/System/Library/PrivateFrameworks/AppleVPA.framework/Versions/A/AppleVPA
0x000000000da16000 	/System/Library/PrivateFrameworks/AppleJPEG.framework/Versions/A/AppleJPEG
0x000000000da16000 	/System/Library/Frameworks/ImageIO.framework/Versions/A/Resources/libJPEG.dylib
0x000000000da16000 	/System/Library/Frameworks/ImageIO.framework/Versions/A/Resources/libTIFF.dylib
0x000000000da16000 	/System/Library/Frameworks/ImageIO.framework/Versions/A/Resources/libPng.dylib
0x000000000da16000 	/System/Library/Frameworks/ImageIO.framework/Versions/A/Resources/libGIF.dylib
0x000000000da16000 	/System/Library/Frameworks/ImageIO.framework/Versions/A/Resources/libJP2.dylib
0x000000000da16000 	/System/Library/Frameworks/ImageIO.framework/Versions/A/Resources/libRadiance.dylib
0x000000000da16000 	/System/Library/Frameworks/CoreVideo.framework/Versions/A/CoreVideo
0x000000000da16000 	/System/Library/Frameworks/OpenGL.framework/Versions/A/Libraries/libGLU.dylib
0x000000000da16000 	/System/Library/Frameworks/OpenGL.framework/Versions/A/Libraries/libGFXShared.dylib
0x000000000da16000 	/System/Library/Frameworks/OpenGL.framework/Versions/A/Libraries/libGL.dylib
0x000000000da16000 	/System/Library/Frameworks/OpenGL.framework/Versions/A/Libraries/libGLImage.dylib
0x000000000da16000 	/System/Library/Frameworks/OpenGL.framework/Versions/A/Libraries/libCVMSPluginSupport.dylib
0x000000000da16000 	/System/Library/Frameworks/OpenGL.framework/Versions/A/Libraries/libCoreVMClient.dylib
0x000000000da16000 	/usr/lib/libcups.2.dylib
0x000000000da16000 	/System/Library/Frameworks/Kerberos.framework/Versions/A/Kerberos
0x000000000da16000 	/System/Library/Frameworks/GSS.framework/Versions/A/GSS
0x000000000da16000 	/usr/lib/libresolv.9.dylib
0x000000000da16000 	/System/Library/PrivateFrameworks/Heimdal.framework/Versions/A/Heimdal
0x000000000da16000 	/usr/lib/libheimdal-asn1.dylib
0x000000000da16000 	/System/Library/Frameworks/OpenDirectory.framework/Versions/A/OpenDirectory
0x000000000da16000 	/System/Library/PrivateFrameworks/CommonAuth.framework/Versions/A/CommonAuth
0x000000000da16000 	/System/Library/Frameworks/SecurityFoundation.framework/Versions/A/SecurityFoundation
0x000000000da16000 	/System/Library/Frameworks/QuartzCore.framework/Versions/A/Frameworks/CoreImage.framework/Versions/A/CoreImage
0x000000000da16000 	/System/Library/PrivateFrameworks/CrashReporterSupport.framework/Versions/A/CrashReporterSupport
0x000000000da16000 	/System/Library/Frameworks/OpenCL.framework/Versions/A/OpenCL
0x000000000da16000 	/System/Library/PrivateFrameworks/FaceCore.framework/Versions/A/FaceCore
0x000000000da16000 	/System/Library/PrivateFrameworks/Ubiquity.framework/Versions/A/Ubiquity
0x000000000da16000 	/System/Library/PrivateFrameworks/IconServices.framework/Versions/A/IconServices
0x000000000da16000 	/System/Library/PrivateFrameworks/ChunkingLibrary.framework/Versions/A/ChunkingLibrary
0x000000000da16000 	/System/Library/PrivateFrameworks/Apple80211.framework/Versions/A/Apple80211
0x000000000da16000 	/System/Library/Frameworks/CoreWLAN.framework/Versions/A/CoreWLAN
0x000000000da16000 	/System/Library/Frameworks/IOBluetooth.framework/Versions/A/IOBluetooth
0x000000000da16000 	/System/Library/PrivateFrameworks/CoreWiFi.framework/Versions/A/CoreWiFi
0x000000000da16000 	/System/Library/Frameworks/CoreBluetooth.framework/Versions/A/CoreBluetooth
0x000000000da16000 	/System/Library/PrivateFrameworks/DebugSymbols.framework/Versions/A/DebugSymbols
0x000000000da16000 	/System/Library/PrivateFrameworks/CoreSymbolication.framework/Versions/A/CoreSymbolication
0x000000000da16000 	/System/Library/PrivateFrameworks/Symbolication.framework/Versions/A/Symbolication
0x000000000da16000 	/System/Library/PrivateFrameworks/SpeechRecognitionCore.framework/Versions/A/SpeechRecognitionCore
0x0000000110c00000 	/Library/Java/JavaVirtualMachines/jdk1.7.0_67.jdk/Contents/Home/jre/lib/server/libjvm.dylib
0x000000000da16000 	/usr/lib/libstdc++.6.dylib
0x000000010fb25000 	/Library/Java/JavaVirtualMachines/jdk1.7.0_67.jdk/Contents/Home/jre/lib/libverify.dylib
0x000000010fb32000 	/Library/Java/JavaVirtualMachines/jdk1.7.0_67.jdk/Contents/Home/jre/lib/libjava.dylib
0x000000010fb6b000 	/Library/Java/JavaVirtualMachines/jdk1.7.0_67.jdk/Contents/Home/jre/lib/libzip.dylib
0x00000001209b0000 	/System/Library/Frameworks/JavaVM.framework/Frameworks/JavaRuntimeSupport.framework/JavaRuntimeSupport
0x00000001209c6000 	/System/Library/Frameworks/JavaVM.framework/Versions/A/Frameworks/JavaNativeFoundation.framework/Versions/A/JavaNativeFoundation
0x000000010fbf0000 	/System/Library/Frameworks/JavaVM.framework/Versions/A/JavaVM
0x000000000da16000 	/System/Library/Frameworks/Carbon.framework/Versions/A/Carbon
0x00000001209da000 	/System/Library/PrivateFrameworks/JavaLaunching.framework/Versions/A/JavaLaunching
0x000000000da16000 	/System/Library/Frameworks/Carbon.framework/Versions/A/Frameworks/CommonPanels.framework/Versions/A/CommonPanels
0x000000000da16000 	/System/Library/Frameworks/Carbon.framework/Versions/A/Frameworks/Help.framework/Versions/A/Help
0x000000000da16000 	/System/Library/Frameworks/Carbon.framework/Versions/A/Frameworks/ImageCapture.framework/Versions/A/ImageCapture
0x000000000da16000 	/System/Library/Frameworks/Carbon.framework/Versions/A/Frameworks/OpenScripting.framework/Versions/A/OpenScripting
0x000000000da16000 	/System/Library/Frameworks/Carbon.framework/Versions/A/Frameworks/Print.framework/Versions/A/Print
0x000000000da16000 	/System/Library/Frameworks/Carbon.framework/Versions/A/Frameworks/SecurityHI.framework/Versions/A/SecurityHI
0x000000012296b000 	/Users/tony/.swt/lib/macosx/x86_64/libswt-cocoa-4427.jnilib
0x000000000da16000 	/System/Library/Frameworks/WebKit.framework/Versions/A/WebKit
0x000000000da16000 	/System/Library/Frameworks/JavaScriptCore.framework/Versions/A/JavaScriptCore
0x000000000da16000 	/System/Library/Frameworks/SecurityInterface.framework/Versions/A/SecurityInterface
0x000000000da16000 	/System/Library/Frameworks/WebKit.framework/Versions/A/Frameworks/WebKitLegacy.framework/Versions/A/WebKitLegacy
0x000000000da16000 	/System/Library/Frameworks/WebKit.framework/Versions/A/Frameworks/WebCore.framework/Versions/A/WebCore
0x00000001229b8000 	/Users/tony/.swt/lib/macosx/x86_64/libswt-pi-cocoa-4427.jnilib
0x000000000da16000 	/System/Library/PrivateFrameworks/CoreServicesInternal.framework/Versions/A/CoreServicesInternal
0x000000000da16000 	/System/Library/PrivateFrameworks/CloudDocs.framework/Versions/A/CloudDocs
0x000000000da16000 	/System/Library/PrivateFrameworks/CoreDuet.framework/Versions/A/CoreDuet
0x000000000da16000 	/System/Library/Frameworks/CloudKit.framework/Versions/A/CloudKit
0x000000000da16000 	/System/Library/PrivateFrameworks/ProtocolBuffer.framework/Versions/A/ProtocolBuffer
0x000000000da16000 	/System/Library/PrivateFrameworks/CoreDuetDaemonProtocol.framework/Versions/A/CoreDuetDaemonProtocol
0x000000000da16000 	/System/Library/PrivateFrameworks/CoreDuetDebugLogging.framework/Versions/A/CoreDuetDebugLogging
0x000000000da16000 	/System/Library/Frameworks/CoreLocation.framework/Versions/A/CoreLocation
0x000000000da16000 	/System/Library/Frameworks/Accounts.framework/Versions/A/Accounts
0x000000000da16000 	/System/Library/PrivateFrameworks/ApplePushService.framework/Versions/A/ApplePushService
0x000000000da16000 	/System/Library/PrivateFrameworks/GeoServices.framework/Versions/A/GeoServices
0x000000000da16000 	/System/Library/PrivateFrameworks/OAuth.framework/Versions/A/OAuth
0x000000000da16000 	/System/Library/PrivateFrameworks/CoreDaemon.framework/Versions/B/CoreDaemon
0x000000000da16000 	/usr/lib/libcrypto.0.9.8.dylib
0x000000000da16000 	/System/Library/PrivateFrameworks/AppleSRP.framework/Versions/A/AppleSRP
0x000000000da16000 	/System/Library/PrivateFrameworks/TrustEvaluationAgent.framework/Versions/A/TrustEvaluationAgent
0x000000000da16000 	/System/Library/Frameworks/CoreGraphics.framework/Versions/A/Resources/libCGCMS.A.dylib
0x000000000da16000 	/System/Library/Frameworks/CoreGraphics.framework/Versions/A/Resources/libCGXType.A.dylib
0x000000000da16000 	/System/Library/Frameworks/CoreGraphics.framework/Versions/A/Resources/libRIP.A.dylib
0x000000000da16000 	/System/Library/PrivateFrameworks/FinderKit.framework/Versions/A/FinderKit
0x000000000da16000 	/System/Library/PrivateFrameworks/Suggestions.framework/Versions/A/Suggestions
0x000000000da16000 	/System/Library/Frameworks/Quartz.framework/Versions/A/Frameworks/QuickLookUI.framework/Versions/A/QuickLookUI
0x000000000da16000 	/System/Library/Frameworks/Quartz.framework/Versions/A/Frameworks/ImageKit.framework/Versions/A/ImageKit
0x000000000da16000 	/System/Library/PrivateFrameworks/Bom.framework/Versions/A/Bom
0x000000000da16000 	/System/Library/Frameworks/QuickLook.framework/Versions/A/QuickLook
0x000000000da16000 	/System/Library/PrivateFrameworks/SystemAdministration.framework/Versions/A/SystemAdministration
0x000000000da16000 	/System/Library/PrivateFrameworks/DiskImages.framework/Versions/A/DiskImages
0x000000000da16000 	/System/Library/PrivateFrameworks/AppleSystemInfo.framework/Versions/A/AppleSystemInfo
0x000000000da16000 	/System/Library/Frameworks/ImageCaptureCore.framework/Versions/A/ImageCaptureCore
0x000000000da16000 	/System/Library/Frameworks/AddressBook.framework/Versions/A/AddressBook
0x000000000da16000 	/System/Library/PrivateFrameworks/IntlPreferences.framework/Versions/A/IntlPreferences
0x000000000da16000 	/System/Library/PrivateFrameworks/ToneLibrary.framework/Versions/A/ToneLibrary
0x000000000da16000 	/System/Library/PrivateFrameworks/ToneKit.framework/Versions/A/ToneKit
0x000000000da16000 	/System/Library/PrivateFrameworks/vCard.framework/Versions/A/vCard
0x000000000da16000 	/System/Library/PrivateFrameworks/ContactsData.framework/Versions/A/ContactsData
0x000000000da16000 	/System/Library/PrivateFrameworks/ContactsFoundation.framework/Versions/A/ContactsFoundation
0x000000000da16000 	/System/Library/Frameworks/DirectoryService.framework/Versions/A/DirectoryService
0x000000000da16000 	/System/Library/PrivateFrameworks/PhoneNumbers.framework/Versions/A/PhoneNumbers
0x000000000da16000 	/System/Library/Frameworks/Quartz.framework/Versions/A/Quartz
0x000000000da16000 	/System/Library/Frameworks/LDAP.framework/Versions/A/LDAP
0x000000000da16000 	/System/Library/Frameworks/AVFoundation.framework/Versions/A/AVFoundation
0x000000000da16000 	/System/Library/Frameworks/AVFoundation.framework/Versions/A/Resources/libAVFAudio.dylib
0x000000000da16000 	/System/Library/Frameworks/CoreMedia.framework/Versions/A/CoreMedia
0x000000000da16000 	/System/Library/Frameworks/MediaToolbox.framework/Versions/A/MediaToolbox
0x000000000da16000 	/System/Library/Frameworks/VideoToolbox.framework/Versions/A/VideoToolbox
0x000000000da16000 	/System/Library/Frameworks/CoreMediaIO.framework/Versions/A/CoreMediaIO
0x000000000da16000 	/System/Library/PrivateFrameworks/MediaControlSender.framework/Versions/A/MediaControlSender
0x000000000da16000 	/System/Library/PrivateFrameworks/CoreAVCHD.framework/Versions/A/CoreAVCHD
0x000000000da16000 	/System/Library/Frameworks/MediaAccessibility.framework/Versions/A/MediaAccessibility
0x000000000da16000 	/System/Library/PrivateFrameworks/Mangrove.framework/Versions/A/Mangrove
0x000000000da16000 	/System/Library/PrivateFrameworks/CoreAUC.framework/Versions/A/CoreAUC
0x000000000da16000 	/System/Library/PrivateFrameworks/NetworkStatistics.framework/Versions/A/NetworkStatistics
0x000000000da16000 	/System/Library/PrivateFrameworks/AirPlaySupport.framework/Versions/A/AirPlaySupport
0x000000000da16000 	/System/Library/PrivateFrameworks/CoreUtils.framework/Versions/A/CoreUtils
0x000000000da16000 	/System/Library/PrivateFrameworks/AppleVA.framework/Versions/A/AppleVA
0x000000000da16000 	/System/Library/PrivateFrameworks/XPCService.framework/Versions/A/XPCService
0x000000000da16000 	/System/Library/PrivateFrameworks/AppSandbox.framework/Versions/A/AppSandbox
0x000000000da16000 	/usr/lib/libsandbox.1.dylib
0x000000000da16000 	/System/Library/PrivateFrameworks/AppContainer.framework/Versions/A/AppContainer
0x000000000da16000 	/System/Library/PrivateFrameworks/SecCodeWrapper.framework/Versions/A/SecCodeWrapper
0x000000000da16000 	/usr/lib/libMatch.1.dylib
0x000000000da16000 	/usr/lib/libspindump.dylib
0x000000000da16000 	/System/Library/Frameworks/QTKit.framework/Versions/A/QTKit
0x000000000da16000 	/System/Library/PrivateFrameworks/CoreMediaAuthoring.framework/Versions/A/CoreMediaAuthoring
0x000000000da16000 	/System/Library/Frameworks/Quartz.framework/Versions/A/Frameworks/QuartzComposer.framework/Versions/A/QuartzComposer
0x000000000da16000 	/System/Library/Frameworks/Quartz.framework/Versions/A/Frameworks/PDFKit.framework/Versions/A/PDFKit
0x000000000da16000 	/System/Library/Frameworks/Quartz.framework/Versions/A/Frameworks/QuartzFilters.framework/Versions/A/QuartzFilters
0x000000000da16000 	/System/Library/PrivateFrameworks/CorePDF.framework/Versions/A/CorePDF
0x000000000da16000 	/System/Library/PrivateFrameworks/DisplayServices.framework/Versions/A/DisplayServices
0x000000000da16000 	/usr/lib/libsasl2.2.dylib
0x000000000da16000 	/System/Library/PrivateFrameworks/AppleFSCompression.framework/Versions/A/AppleFSCompression
0x000000000da16000 	/System/Library/PrivateFrameworks/LoginUIKit.framework/Versions/A/Frameworks/LoginUICore.framework/Versions/A/LoginUICore
0x000000000da16000 	/usr/lib/libCoreStorage.dylib
0x000000000da16000 	/usr/lib/libcsfde.dylib
0x000000000da16000 	/usr/lib/libodfde.dylib
0x000000000da16000 	/System/Library/Frameworks/DiscRecording.framework/Versions/A/DiscRecording
0x000000000da16000 	/usr/lib/libcurl.4.dylib
0x000000000da16000 	/System/Library/PrivateFrameworks/MediaKit.framework/Versions/A/MediaKit
0x000000000da16000 	/System/Library/PrivateFrameworks/ProtectedCloudStorage.framework/Versions/A/ProtectedCloudStorage
0x000000000da16000 	/System/Library/PrivateFrameworks/EFILogin.framework/Versions/A/EFILogin
0x000000000da16000 	/usr/lib/libutil.dylib
0x000000000da16000 	/System/Library/PrivateFrameworks/FindMyDevice.framework/Versions/A/FindMyDevice
0x000000012521f000 	/System/Library/PrivateFrameworks/CacheDelete.framework/CacheDelete
0x000000000da16000 	/System/Library/PrivateFrameworks/PlugInKit.framework/Versions/A/PlugInKit
0x0000000125587000 	/System/Library/PrivateFrameworks/FileProvider.framework/FileProvider
0x000000000da16000 	/System/Library/Frameworks/OpenGL.framework/Versions/A/Resources/GLEngine.bundle/GLEngine
0x000000000da16000 	/System/Library/Frameworks/OpenGL.framework/Versions/A/Libraries/libGLProgrammability.dylib
0x0000000000000000 	/System/Library/Extensions/AppleIntelHD4000GraphicsGLDriver.bundle/Contents/MacOS/AppleIntelHD4000GraphicsGLDriver
0x000000000da16000 	/System/Library/PrivateFrameworks/IOAccelerator.framework/Versions/A/IOAccelerator
0x000000000da16000 	/System/Library/PrivateFrameworks/GPUSupport.framework/Versions/A/Libraries/libGPUSupportMercury.dylib
0x0000000000000000 	/System/Library/Extensions/GeForceGLDriver.bundle/Contents/MacOS/GeForceGLDriver
0x000000000da16000 	/System/Library/Extensions/GeForceGLDriver.bundle/Contents/MacOS/libclh.dylib
0x000000000da16000 	/System/Library/Frameworks/OpenGL.framework/Versions/A/Resources/GLRendererFloat.bundle/GLRendererFloat
0x000000000da16000 	/System/Library/Frameworks/OpenCL.framework/Versions/A/Libraries/libcldcpuengine.dylib
0x00000001255f2000 	cl_kernels
0x0000000127903000 	/System/Library/Frameworks/OpenCL.framework/Versions/A/Libraries/ImageFormats/unorm8_bgra.dylib
0x0000000127abe000 	cl_kernels
0x0000000127ac0000 	/System/Library/Frameworks/OpenCL.framework/Versions/A/Libraries/ImageFormats/unorm8_rgba.dylib
0x000000012910e000 	cl_kernels
0x000000000da16000 	/System/Library/PrivateFrameworks/FamilyControls.framework/Versions/A/FamilyControls
0x000000000da16000 	/System/Library/PrivateFrameworks/CommerceKit.framework/Versions/A/Frameworks/CommerceCore.framework/Versions/A/CommerceCore
0x000000012956d000 	/System/Library/Frameworks/Security.framework/PlugIns/csparser.bundle/Contents/MacOS/csparser
0x0000000128e1a000 	cl_kernels
0x0000000128e1e000 	cl_kernels
0x000000012c6e9000 	/System/Library/CoreServices/RawCamera.bundle/Contents/MacOS/RawCamera
0x00000001274e8000 	/System/Library/Frameworks/Quartz.framework/Versions/A/Frameworks/QuickLookUI.framework/Versions/A/PlugIns/Generic.qldisplay/Contents/MacOS/Generic
0x00000001295e2000 	/Library/Java/JavaVirtualMachines/jdk1.7.0_67.jdk/Contents/Home/jre/lib/libnio.dylib
0x00000001296f8000 	/Library/Java/JavaVirtualMachines/jdk1.7.0_67.jdk/Contents/Home/jre/lib/./libnet.dylib
0x000000000da16000 	/System/Library/Frameworks/Accelerate.framework/Versions/A/Frameworks/vImage.framework/Versions/A/Libraries/libCGInterfaces.dylib

VM Arguments:
jvm_args: -Dfile.encoding=UTF-8 
java_command: tool.xmodeler.XModeler ./ini.txt
Launcher Type: SUN_STANDARD

Environment Variables:
PATH=/usr/bin:/bin:/usr/sbin:/sbin
SHELL=/bin/bash

Signal Handlers:
SIGSEGV: [libjvm.dylib+0x52b6c9], sa_mask[0]=0xfffefeff, sa_flags=0x00000043
SIGBUS: [libjvm.dylib+0x52b6c9], sa_mask[0]=0xfffefeff, sa_flags=0x00000042
SIGFPE: [libjvm.dylib+0x41deaa], sa_mask[0]=0xfffefeff, sa_flags=0x00000042
SIGPIPE: [libjvm.dylib+0x41deaa], sa_mask[0]=0xfffefeff, sa_flags=0x00000042
SIGXFSZ: [libjvm.dylib+0x41deaa], sa_mask[0]=0xfffefeff, sa_flags=0x00000042
SIGILL: [libjvm.dylib+0x41deaa], sa_mask[0]=0xfffefeff, sa_flags=0x00000042
SIGUSR1: SIG_DFL, sa_mask[0]=0x00000000, sa_flags=0x00000000
SIGUSR2: [libjvm.dylib+0x41d99c], sa_mask[0]=0x00000004, sa_flags=0x00000042
SIGHUP: [libjvm.dylib+0x41bc2d], sa_mask[0]=0xfffefeff, sa_flags=0x00000042
SIGINT: [libjvm.dylib+0x41bc2d], sa_mask[0]=0xfffefeff, sa_flags=0x00000042
SIGTERM: [libjvm.dylib+0x41bc2d], sa_mask[0]=0xfffefeff, sa_flags=0x00000042
SIGQUIT: [libjvm.dylib+0x41bc2d], sa_mask[0]=0xfffefeff, sa_flags=0x00000042


---------------  S Y S T E M  ---------------

OS:Bsduname:Darwin 14.0.0 Darwin Kernel Version 14.0.0: Fri Sep 19 00:26:44 PDT 2014; root:xnu-2782.1.97~2/RELEASE_X86_64 x86_64
rlimit: STACK 8192k, CORE 0k, NPROC 709, NOFILE 10240, AS infinity
load average:1.41 1.72 1.73

CPU:total 8 (4 cores per cpu, 2 threads per core) family 6 model 58 stepping 9, cmov, cx8, fxsr, mmx, sse, sse2, sse3, ssse3, sse4.1, sse4.2, popcnt, avx, aes, erms, ht, tsc, tscinvbit, tscinv

Memory: 4k page, physical 16777216k(4194304k free)

/proc/meminfo:


vm_info: Java HotSpot(TM) 64-Bit Server VM (24.65-b04) for bsd-amd64 JRE (1.7.0_67-b01), built on Jul 25 2014 08:51:51 by "java_re" with gcc 4.2.1 (Based on Apple Inc. build 5658) (LLVM build 2336.11.00)

time: Tue Nov 18 21:50:03 2014
elapsed time: 42 seconds

