#
# A fatal error has been detected by the Java Runtime Environment:
#
#  SIGSEGV (0xb) at pc=0x0000000121565ce9, pid=25174, tid=12547
#
# JRE version: Java(TM) SE Runtime Environment (7.0_67-b01) (build 1.7.0_67-b01)
# Java VM: Java HotSpot(TM) 64-Bit Server VM (24.65-b04 mixed mode bsd-amd64 compressed oops)
# Problematic frame:
# C  [libswt-cocoa-4427.jnilib+0x25ce9]  callback+0x297
#
# Failed to write core dump. Core dumps have been disabled. To enable core dumping, try "ulimit -c unlimited" before starting Java again
#
# If you would like to submit a bug report, please visit:
#   http://bugreport.sun.com/bugreport/crash.jsp
#

---------------  T H R E A D  ---------------

Current thread (0x00007fd0fb83c800):  VMThread [stack: 0x000000011f0d2000,0x000000011f1d2000] [id=12547]

siginfo:si_signo=SIGSEGV: si_errno=0, si_code=1 (SEGV_MAPERR), si_addr=0x0000000000000078

Registers:
RAX=0x0000000000000000, RBX=0x00007fd0faae3b60, RCX=0x000000011f1d1774, RDX=0x0000000000000001
RSP=0x000000011f1d17a0, RBP=0x000000011f1d18d0, RSI=0x0000000000000000, RDI=0x0000000000000000
R8 =0x0000000000000000, R9 =0x0000000000000003, R10=0x00007fd0fb181b10, R11=0x00007fd0f8f2b940
R12=0x00007fff91f590c0, R13=0x000000011f1d19a0, R14=0x0000000000000000, R15=0x0000000000000000
RIP=0x0000000121565ce9, EFLAGS=0x0000000000010206, ERR=0x0000000000000004
  TRAPNO=0x000000000000000e

Top of Stack: (sp=0x000000011f1d17a0)
0x000000011f1d17a0:   0000000121565adb 00007fff00000000
0x000000011f1d17b0:   00007fff759bc8e0 00000000759bc8e4
0x000000011f1d17c0:   00007fff759bc8e8 00007fff90485cf1
0x000000011f1d17d0:   00007fff759bc8e4 00007fd0fb83c9e8
0x000000011f1d17e0:   00007fd0faa02078 00007fd0f8f0d4c8
0x000000011f1d17f0:   000000020001987c 0000000000000000
0x000000011f1d1800:   00007fff759bc8c8 00007fff00000000
0x000000011f1d1810:   000000011f1d1860 00007fff91f6daea
0x000000011f1d1820:   00007fd0faae3b60 00007fd0f8d42240
0x000000011f1d1830:   00007fff90487631 0000000000000000
0x000000011f1d1840:   0000000000000000 0000000000000003
0x000000011f1d1850:   0000000000000000 0000000000000000
0x000000011f1d1860:   000000011f1d1930 00007fff91f591ac
0x000000011f1d1870:   0000000000000003 0000000000000000
0x000000011f1d1880:   0000000000000000 0000000000000000
0x000000011f1d1890:   00007fff90485cf1 00007fd0faae3b60
0x000000011f1d18a0:   0000000000000000 00007fff75192c40
0x000000011f1d18b0:   0000000000000000 0000000000000000
0x000000011f1d18c0:   0000000000000000 0000000000000000
0x000000011f1d18d0:   000000011f1d18f0 000000012154425e
0x000000011f1d18e0:   00007fff90487631 00007fd0f8d42240
0x000000011f1d18f0:   000000011f1d1930 00007fff8fc498f2
0x000000011f1d1900:   00000001102e7ec0 00000001102e9300
0x000000011f1d1910:   00007fff91f590c0 00000000000000e0
0x000000011f1d1920:   0000000000000000 0000000000000000
0x000000011f1d1930:   000000011f1d1970 00007fff8fd43437
0x000000011f1d1940:   0000000000000000 00007fd0faae3b60
0x000000011f1d1950:   00000000000000f8 00007fff91f590c0
0x000000011f1d1960:   0000000000000000 00007fff759be900
0x000000011f1d1970:   000000011f1d19f0 00007fff8fd43245
0x000000011f1d1980:   0000000000000000 0000000000000000
0x000000011f1d1990:   0000000000000000 0000000000000000 

Instructions: (pc=0x0000000121565ce9)
0x0000000121565cc9:   ff ff 01 00 00 00 48 8b 85 08 ff ff ff 48 85 c0
0x0000000121565cd9:   0f 84 9f 03 00 00 48 8b 85 08 ff ff ff 48 8b 00
0x0000000121565ce9:   48 8b 40 78 48 8b bd 08 ff ff ff ff d0 48 89 85
0x0000000121565cf9:   30 ff ff ff 48 83 bd 30 ff ff ff 00 74 26 48 8b 

Register to memory mapping:

RAX=0x0000000000000000 is an unknown value
RBX=0x00007fd0faae3b60 is an unknown value
RCX=0x000000011f1d1774 is an unknown value
RDX=0x0000000000000001 is an unknown value
RSP=0x000000011f1d17a0 is an unknown value
RBP=0x000000011f1d18d0 is an unknown value
RSI=0x0000000000000000 is an unknown value
RDI=0x0000000000000000 is an unknown value
R8 =0x0000000000000000 is an unknown value
R9 =0x0000000000000003 is an unknown value
R10=0x00007fd0fb181b10 is an unknown value
R11=0x00007fd0f8f2b940 is an unknown value
R12=0x00007fff91f590c0: objc_msgSend+0 in /usr/lib/libobjc.A.dylib at 0x00007fff91f58000
R13=0x000000011f1d19a0 is an unknown value
R14=0x0000000000000000 is an unknown value
R15=0x0000000000000000 is an unknown value


Stack: [0x000000011f0d2000,0x000000011f1d2000],  sp=0x000000011f1d17a0,  free space=1021k
Native frames: (J=compiled Java code, j=interpreted, Vv=VM code, C=native code)
C  [libswt-cocoa-4427.jnilib+0x25ce9]  callback+0x297
C  [libswt-cocoa-4427.jnilib+0x425e]  fn0_2+0x27
C  [AppKit+0x1428f2]  -[NSWindow orderWindow:relativeTo:]+0x76
C  [AppKit+0x23c437]  __18-[NSWindow _close]_block_invoke+0x1bc
C  [AppKit+0x23c245]  -[NSWindow _close]+0x16b
C  [FinderKit+0xa252f]  -[FI_TFloatingInputWindowController dealloc]+0x45
C  [libobjc.A.dylib+0x1f68c]  _ZN11objc_object17sidetable_releaseEb+0xec
C  [AppKit+0x1226b4]  -[NSWindowController release]+0x9a
C  [FinderKit+0xa2efc]  _ZN4TRefIP33FI_TFloatingInputWindowController23OBJCRetainReleasePolicyIS1_EED2Ev+0xc
C  [libsystem_c.dylib+0x5e8ed]  __cxa_finalize_ranges+0x142
C  [libsystem_c.dylib+0x5ebf0]  exit+0x37
V  [libjvm.dylib+0x2d9a9e]
V  [libjvm.dylib+0x532237]
V  [libjvm.dylib+0x53089b]
V  [libjvm.dylib+0x530ce8]
V  [libjvm.dylib+0x53060f]
V  [libjvm.dylib+0x420772]
C  [libsystem_pthread.dylib+0x32fc]  _pthread_body+0x83
C  [libsystem_pthread.dylib+0x3279]  _pthread_body+0x0
C  [libsystem_pthread.dylib+0x14b1]  thread_start+0xd

VM_Operation (0x0000000128126718): Exit, mode: safepoint, requested by thread 0x00007fd10115e000


---------------  P R O C E S S  ---------------

Java Threads: ( => current thread )
  0x00007fd10115e000 JavaThread "SIGTERM handler" daemon [_thread_blocked, id=71123, stack(0x0000000128027000,0x0000000128127000)]
  0x00007fd0fc855800 JavaThread "Thread-11" [_thread_blocked, id=91651, stack(0x0000000126c40000,0x0000000126d40000)]
  0x00007fd0fc0ee800 JavaThread "Thread-10" [_thread_blocked, id=91139, stack(0x0000000126b3d000,0x0000000126c3d000)]
  0x00007fd0fb950000 JavaThread "Thread-9" [_thread_blocked, id=90627, stack(0x0000000126465000,0x0000000126565000)]
  0x00007fd0fb973800 JavaThread "Thread-8" [_thread_blocked, id=90115, stack(0x0000000126362000,0x0000000126462000)]
  0x00007fd0fb934000 JavaThread "Thread-7" [_thread_blocked, id=89603, stack(0x000000012625f000,0x000000012635f000)]
  0x00007fd0fb2e3000 JavaThread "Thread-6" [_thread_blocked, id=89091, stack(0x000000012615c000,0x000000012625c000)]
  0x00007fd0fb931800 JavaThread "Thread-5" [_thread_blocked, id=88579, stack(0x0000000126059000,0x0000000126159000)]
  0x00007fd0fc0ee000 JavaThread "Thread-4" [_thread_blocked, id=88067, stack(0x0000000125f56000,0x0000000126056000)]
  0x00007fd0fc0e0800 JavaThread "Thread-3" [_thread_blocked, id=87559, stack(0x0000000125e53000,0x0000000125f53000)]
  0x00007fd0f9a3b000 JavaThread "Thread-2" [_thread_blocked, id=78359, stack(0x000000012f0f8000,0x000000012f1f8000)]
  0x00007fd0f91ed800 JavaThread "Thread-1" [_thread_blocked, id=77851, stack(0x000000012cf02000,0x000000012d002000)]
  0x00007fd0fc002000 JavaThread "Service Thread" daemon [_thread_blocked, id=19459, stack(0x0000000121035000,0x0000000121135000)]
  0x00007fd0f901e800 JavaThread "C2 CompilerThread1" daemon [_thread_blocked, id=18947, stack(0x0000000120f32000,0x0000000121032000)]
  0x00007fd0fc802000 JavaThread "C2 CompilerThread0" daemon [_thread_blocked, id=18435, stack(0x0000000120e2f000,0x0000000120f2f000)]
  0x00007fd0f900d000 JavaThread "Signal Dispatcher" daemon [_thread_blocked, id=17683, stack(0x0000000120d2c000,0x0000000120e2c000)]
  0x00007fd0f980f800 JavaThread "Finalizer" daemon [_thread_blocked, id=13571, stack(0x000000011f2d8000,0x000000011f3d8000)]
  0x00007fd0f980f000 JavaThread "Reference Handler" daemon [_thread_blocked, id=13059, stack(0x000000011f1d5000,0x000000011f2d5000)]
  0x00007fd0fb000800 JavaThread "main" [_thread_blocked, id=1811, stack(0x00007fff51739000,0x00007fff517b9000)]

Other Threads:
=>0x00007fd0fb83c800 VMThread [stack: 0x000000011f0d2000,0x000000011f1d2000] [id=12547]

VM state:at safepoint (shutting down)

VM Mutex/Monitor currently owned by a thread:  ([mutex/lock_event])
[0x00007fd0f8f073f0] Threads_lock - owner thread: 0x00007fd0fb83c800

Heap
 PSYoungGen      total 41472K, used 3740K [0x00000007aaa80000, 0x00000007ad700000, 0x0000000800000000)
  eden space 40448K, 7% used [0x00000007aaa80000,0x00000007aad9f010,0x00000007ad200000)
  from space 1024K, 53% used [0x00000007ad280000,0x00000007ad308000,0x00000007ad380000)
  to   space 2560K, 0% used [0x00000007ad480000,0x00000007ad480000,0x00000007ad700000)
 ParOldGen       total 235008K, used 185865K [0x0000000700000000, 0x000000070e580000, 0x00000007aaa80000)
  object space 235008K, 79% used [0x0000000700000000,0x000000070b582438,0x000000070e580000)
 PSPermGen       total 21504K, used 11541K [0x00000006fae00000, 0x00000006fc300000, 0x0000000700000000)
  object space 21504K, 53% used [0x00000006fae00000,0x00000006fb9454f8,0x00000006fc300000)

Card table byte_map: [0x000000011311f000,0x0000000113949000] byte_map_base: 0x000000010f948000

Polling page: 0x000000010e59a000

Code Cache  [0x000000011005f000, 0x00000001102ff000, 0x000000011305f000)
 total_blobs=1120 nmethods=724 adapters=349 free_code_cache=46600Kb largest_free_block=47630464

Compilation events (10 events):
Event: 719.354 Thread 0x00007fd0fc802000  739             org.eclipse.swt.graphics.Resource::init (19 bytes)
Event: 719.355 Thread 0x00007fd0fc802000 nmethod 739 0x00000001102e3690 code [0x00000001102e37e0, 0x00000001102e3888]
Event: 722.591 Thread 0x00007fd0f901e800  740             org.eclipse.swt.widgets.MenuItem::updateText (347 bytes)
Event: 722.616 Thread 0x00007fd0f901e800 nmethod 740 0x00000001102eddd0 code [0x00000001102ee160, 0x00000001102ef528]
Event: 727.490 Thread 0x00007fd0fc802000  741             org.eclipse.swt.custom.DefaultContent::delete (343 bytes)
Event: 727.498 Thread 0x00007fd0fc802000 nmethod 741 0x00000001102e4210 code [0x00000001102e43e0, 0x00000001102e4a10]
Event: 729.468 Thread 0x00007fd0f901e800  742             org.eclipse.swt.custom.StyledTextRenderer$1::run (168 bytes)
Event: 729.477 Thread 0x00007fd0f901e800 nmethod 742 0x00000001102f0cd0 code [0x00000001102f0f80, 0x00000001102f19d0]
Event: 735.690 Thread 0x00007fd0fc802000  745             org.eclipse.swt.custom.DefaultContent::getOffsetAtLine (54 bytes)
Event: 735.691 Thread 0x00007fd0fc802000 nmethod 745 0x00000001102e3a90 code [0x00000001102e3be0, 0x00000001102e3d28]

GC Heap History (10 events):
Event: 655.194 GC heap before
{Heap before GC invocations=31 (full 0):
 PSYoungGen      total 45056K, used 43104K [0x00000007aaa80000, 0x00000007ada80000, 0x0000000800000000)
  eden space 43008K, 100% used [0x00000007aaa80000,0x00000007ad480000,0x00000007ad480000)
  from space 2048K, 4% used [0x00000007ad880000,0x00000007ad898000,0x00000007ada80000)
  to   space 3072K, 0% used [0x00000007ad480000,0x00000007ad480000,0x00000007ad780000)
 ParOldGen       total 235008K, used 185773K [0x0000000700000000, 0x000000070e580000, 0x00000007aaa80000)
  object space 235008K, 79% used [0x0000000700000000,0x000000070b56b428,0x000000070e580000)
 PSPermGen       total 21504K, used 11412K [0x00000006fae00000, 0x00000006fc300000, 0x0000000700000000)
  object space 21504K, 53% used [0x00000006fae00000,0x00000006fb925260,0x00000006fc300000)
Event: 655.196 GC heap after
Heap after GC invocations=31 (full 0):
 PSYoungGen      total 43008K, used 96K [0x00000007aaa80000, 0x00000007ada00000, 0x0000000800000000)
  eden space 42496K, 0% used [0x00000007aaa80000,0x00000007aaa80000,0x00000007ad400000)
  from space 512K, 18% used [0x00000007ad480000,0x00000007ad498000,0x00000007ad500000)
  to   space 3072K, 0% used [0x00000007ad700000,0x00000007ad700000,0x00000007ada00000)
 ParOldGen       total 235008K, used 185773K [0x0000000700000000, 0x000000070e580000, 0x00000007aaa80000)
  object space 235008K, 79% used [0x0000000700000000,0x000000070b56b428,0x000000070e580000)
 PSPermGen       total 21504K, used 11412K [0x00000006fae00000, 0x00000006fc300000, 0x0000000700000000)
  object space 21504K, 53% used [0x00000006fae00000,0x00000006fb925260,0x00000006fc300000)
}
Event: 655.492 GC heap before
{Heap before GC invocations=32 (full 0):
 PSYoungGen      total 43008K, used 42592K [0x00000007aaa80000, 0x00000007ada00000, 0x0000000800000000)
  eden space 42496K, 100% used [0x00000007aaa80000,0x00000007ad400000,0x00000007ad400000)
  from space 512K, 18% used [0x00000007ad480000,0x00000007ad498000,0x00000007ad500000)
  to   space 3072K, 0% used [0x00000007ad700000,0x00000007ad700000,0x00000007ada00000)
 ParOldGen       total 235008K, used 185773K [0x0000000700000000, 0x000000070e580000, 0x00000007aaa80000)
  object space 235008K, 79% used [0x0000000700000000,0x000000070b56b428,0x000000070e580000)
 PSPermGen       total 21504K, used 11413K [0x00000006fae00000, 0x00000006fc300000, 0x0000000700000000)
  object space 21504K, 53% used [0x00000006fae00000,0x00000006fb925570,0x00000006fc300000)
Event: 655.494 GC heap after
Heap after GC invocations=32 (full 0):
 PSYoungGen      total 44544K, used 96K [0x00000007aaa80000, 0x00000007ad980000, 0x0000000800000000)
  eden space 41984K, 0% used [0x00000007aaa80000,0x00000007aaa80000,0x00000007ad380000)
  from space 2560K, 3% used [0x00000007ad700000,0x00000007ad718000,0x00000007ad980000)
  to   space 3072K, 0% used [0x00000007ad380000,0x00000007ad380000,0x00000007ad680000)
 ParOldGen       total 235008K, used 185797K [0x0000000700000000, 0x000000070e580000, 0x00000007aaa80000)
  object space 235008K, 79% used [0x0000000700000000,0x000000070b571428,0x000000070e580000)
 PSPermGen       total 21504K, used 11413K [0x00000006fae00000, 0x00000006fc300000, 0x0000000700000000)
  object space 21504K, 53% used [0x00000006fae00000,0x00000006fb925570,0x00000006fc300000)
}
Event: 655.758 GC heap before
{Heap before GC invocations=33 (full 0):
 PSYoungGen      total 44544K, used 42080K [0x00000007aaa80000, 0x00000007ad980000, 0x0000000800000000)
  eden space 41984K, 100% used [0x00000007aaa80000,0x00000007ad380000,0x00000007ad380000)
  from space 2560K, 3% used [0x00000007ad700000,0x00000007ad718000,0x00000007ad980000)
  to   space 3072K, 0% used [0x00000007ad380000,0x00000007ad380000,0x00000007ad680000)
 ParOldGen       total 235008K, used 185797K [0x0000000700000000, 0x000000070e580000, 0x00000007aaa80000)
  object space 235008K, 79% used [0x0000000700000000,0x000000070b571428,0x000000070e580000)
 PSPermGen       total 21504K, used 11413K [0x00000006fae00000, 0x00000006fc300000, 0x0000000700000000)
  object space 21504K, 53% used [0x00000006fae00000,0x00000006fb925570,0x00000006fc300000)
Event: 655.760 GC heap after
Heap after GC invocations=33 (full 0):
 PSYoungGen      total 41984K, used 64K [0x00000007aaa80000, 0x00000007ad800000, 0x0000000800000000)
  eden space 41472K, 0% used [0x00000007aaa80000,0x00000007aaa80000,0x00000007ad300000)
  from space 512K, 12% used [0x00000007ad380000,0x00000007ad390000,0x00000007ad400000)
  to   space 2560K, 0% used [0x00000007ad580000,0x00000007ad580000,0x00000007ad800000)
 ParOldGen       total 235008K, used 185805K [0x0000000700000000, 0x000000070e580000, 0x00000007aaa80000)
  object space 235008K, 79% used [0x0000000700000000,0x000000070b573428,0x000000070e580000)
 PSPermGen       total 21504K, used 11413K [0x00000006fae00000, 0x00000006fc300000, 0x0000000700000000)
  object space 21504K, 53% used [0x00000006fae00000,0x00000006fb925570,0x00000006fc300000)
}
Event: 656.736 GC heap before
{Heap before GC invocations=34 (full 0):
 PSYoungGen      total 41984K, used 41536K [0x00000007aaa80000, 0x00000007ad800000, 0x0000000800000000)
  eden space 41472K, 100% used [0x00000007aaa80000,0x00000007ad300000,0x00000007ad300000)
  from space 512K, 12% used [0x00000007ad380000,0x00000007ad390000,0x00000007ad400000)
  to   space 2560K, 0% used [0x00000007ad580000,0x00000007ad580000,0x00000007ad800000)
 ParOldGen       total 235008K, used 185805K [0x0000000700000000, 0x000000070e580000, 0x00000007aaa80000)
  object space 235008K, 79% used [0x0000000700000000,0x000000070b573428,0x000000070e580000)
 PSPermGen       total 21504K, used 11413K [0x00000006fae00000, 0x00000006fc300000, 0x0000000700000000)
  object space 21504K, 53% used [0x00000006fae00000,0x00000006fb925570,0x00000006fc300000)
Event: 656.738 GC heap after
Heap after GC invocations=34 (full 0):
 PSYoungGen      total 43008K, used 160K [0x00000007aaa80000, 0x00000007ad780000, 0x0000000800000000)
  eden space 40960K, 0% used [0x00000007aaa80000,0x00000007aaa80000,0x00000007ad280000)
  from space 2048K, 7% used [0x00000007ad580000,0x00000007ad5a8000,0x00000007ad780000)
  to   space 2560K, 0% used [0x00000007ad280000,0x00000007ad280000,0x00000007ad500000)
 ParOldGen       total 235008K, used 185805K [0x0000000700000000, 0x000000070e580000, 0x00000007aaa80000)
  object space 235008K, 79% used [0x0000000700000000,0x000000070b573428,0x000000070e580000)
 PSPermGen       total 21504K, used 11413K [0x00000006fae00000, 0x00000006fc300000, 0x0000000700000000)
  object space 21504K, 53% used [0x00000006fae00000,0x00000006fb925570,0x00000006fc300000)
}
Event: 735.620 GC heap before
{Heap before GC invocations=35 (full 0):
 PSYoungGen      total 43008K, used 41120K [0x00000007aaa80000, 0x00000007ad780000, 0x0000000800000000)
  eden space 40960K, 100% used [0x00000007aaa80000,0x00000007ad280000,0x00000007ad280000)
  from space 2048K, 7% used [0x00000007ad580000,0x00000007ad5a8000,0x00000007ad780000)
  to   space 2560K, 0% used [0x00000007ad280000,0x00000007ad280000,0x00000007ad500000)
 ParOldGen       total 235008K, used 185805K [0x0000000700000000, 0x000000070e580000, 0x00000007aaa80000)
  object space 235008K, 79% used [0x0000000700000000,0x000000070b573428,0x000000070e580000)
 PSPermGen       total 21504K, used 11533K [0x00000006fae00000, 0x00000006fc300000, 0x0000000700000000)
  object space 21504K, 53% used [0x00000006fae00000,0x00000006fb943590,0x00000006fc300000)
Event: 735.622 GC heap after
Heap after GC invocations=35 (full 0):
 PSYoungGen      total 41472K, used 544K [0x00000007aaa80000, 0x00000007ad700000, 0x0000000800000000)
  eden space 40448K, 0% used [0x00000007aaa80000,0x00000007aaa80000,0x00000007ad200000)
  from space 1024K, 53% used [0x00000007ad280000,0x00000007ad308000,0x00000007ad380000)
  to   space 2560K, 0% used [0x00000007ad480000,0x00000007ad480000,0x00000007ad700000)
 ParOldGen       total 235008K, used 185865K [0x0000000700000000, 0x000000070e580000, 0x00000007aaa80000)
  object space 235008K, 79% used [0x0000000700000000,0x000000070b582438,0x000000070e580000)
 PSPermGen       total 21504K, used 11533K [0x00000006fae00000, 0x00000006fc300000, 0x0000000700000000)
  object space 21504K, 53% used [0x00000006fae00000,0x00000006fb943590,0x00000006fc300000)
}

Deoptimization events (10 events):
Event: 186.963 Thread 0x00007fd0fb000800 Uncommon trap: reason=class_check action=maybe_recompile pc=0x0000000110177cb4 method=java.lang.Character.getType(I)I @ 5
Event: 186.963 Thread 0x00007fd0fb000800 Uncommon trap: reason=class_check action=maybe_recompile pc=0x00000001101762b0 method=java.lang.Character.getType(I)I @ 5
Event: 186.963 Thread 0x00007fd0fb000800 Uncommon trap: reason=class_check action=maybe_recompile pc=0x0000000110179ed4 method=java.lang.Character.getType(I)I @ 5
Event: 186.963 Thread 0x00007fd0fb000800 Uncommon trap: reason=class_check action=maybe_recompile pc=0x0000000110178820 method=java.lang.Character.getType(I)I @ 5
Event: 193.445 Thread 0x00007fd0fb000800 Uncommon trap: reason=unreached action=reinterpret pc=0x000000011025bf80 method=org.eclipse.swt.custom.StyledTextRenderer.getTextLayout(IIII)Lorg/eclipse/swt/graphics/TextLayout; @ 697
Event: 579.884 Thread 0x00007fd0fb000800 Uncommon trap: reason=unreached action=reinterpret pc=0x000000011020a9b8 method=org.eclipse.swt.graphics.TextLayout.draw(Lorg/eclipse/swt/graphics/GC;IIIILorg/eclipse/swt/graphics/Color;Lorg/eclipse/swt/graphics/Color;I)V @ 25
Event: 596.276 Thread 0x00007fd0f91ed800 Uncommon trap: reason=class_check action=maybe_recompile pc=0x0000000110268cf0 method=xos.OperatingSystem.write(II)V @ 22
Event: 605.585 Thread 0x00007fd0fb000800 Uncommon trap: reason=unreached action=reinterpret pc=0x00000001101deca4 method=org.eclipse.swt.widgets.Display.windowProc(JJ)J @ 87
Event: 619.510 Thread 0x00007fd0f91ed800 Uncommon trap: reason=class_check action=maybe_recompile pc=0x0000000110268cf0 method=xos.OperatingSystem.write(II)V @ 22
Event: 653.933 Thread 0x00007fd0f91ed800 Uncommon trap: reason=class_check action=maybe_recompile pc=0x0000000110268cf0 method=xos.OperatingSystem.write(II)V @ 22

Internal exceptions (10 events):
Event: 659.211 Thread 0x00007fd0f91ed800 Threw 0x00000007aaf21e38 at /HUDSON/workspace/7u-2-build-macosx-x86_64/jdk7u67/1368/hotspot/src/share/vm/prims/jvm.cpp:1244
Event: 659.211 Thread 0x00007fd0f91ed800 Threw 0x00000007aaf25998 at /HUDSON/workspace/7u-2-build-macosx-x86_64/jdk7u67/1368/hotspot/src/share/vm/prims/jvm.cpp:1244
Event: 659.211 Thread 0x00007fd0f91ed800 Threw 0x00000007aaf29fb0 at /HUDSON/workspace/7u-2-build-macosx-x86_64/jdk7u67/1368/hotspot/src/share/vm/prims/jvm.cpp:1244
Event: 659.212 Thread 0x00007fd0f91ed800 Threw 0x00000007aaf2f590 at /HUDSON/workspace/7u-2-build-macosx-x86_64/jdk7u67/1368/hotspot/src/share/vm/prims/jvm.cpp:1244
Event: 659.212 Thread 0x00007fd0f91ed800 Threw 0x00000007aaf35140 at /HUDSON/workspace/7u-2-build-macosx-x86_64/jdk7u67/1368/hotspot/src/share/vm/prims/jvm.cpp:1244
Event: 659.212 Thread 0x00007fd0f91ed800 Threw 0x00000007aaf3b2b8 at /HUDSON/workspace/7u-2-build-macosx-x86_64/jdk7u67/1368/hotspot/src/share/vm/prims/jvm.cpp:1244
Event: 659.215 Thread 0x00007fd0f91ed800 Threw 0x00000007aaf6ace8 at /HUDSON/workspace/7u-2-build-macosx-x86_64/jdk7u67/1368/hotspot/src/share/vm/runtime/reflection.cpp:1030
Event: 735.490 Thread 0x00007fd0f91ed800 Threw 0x00000007aca06f50 at /HUDSON/workspace/7u-2-build-macosx-x86_64/jdk7u67/1368/hotspot/src/share/vm/runtime/reflection.cpp:1030
Event: 735.517 Thread 0x00007fd0f91ed800 Threw 0x00000007acb1bb10 at /HUDSON/workspace/7u-2-build-macosx-x86_64/jdk7u67/1368/hotspot/src/share/vm/prims/jvm.cpp:1244
Event: 735.521 Thread 0x00007fd0f91ed800 Threw 0x00000007acb204e0 at /HUDSON/workspace/7u-2-build-macosx-x86_64/jdk7u67/1368/hotspot/src/share/vm/prims/jvm.cpp:1244

Events (10 events):
Event: 744.770 loading class 0x000000011d207070
Event: 744.770 loading class 0x000000011d207070 done
Event: 744.770 Thread 0x00007fd10115e000 Thread added: 0x00007fd10115e000
Event: 744.770 loading class 0x00007fd0fb84d5a0
Event: 744.770 loading class 0x00007fd0fb84d5d0
Event: 744.770 loading class 0x00007fd0fb84d5d0 done
Event: 744.770 loading class 0x00007fd0fb84d5a0 done
Event: 744.770 Thread 0x00007fd0fb1e7800 Thread added: 0x00007fd0fb1e7800
Event: 744.770 Thread 0x00007fd0fb1e7800 Thread exited: 0x00007fd0fb1e7800
Event: 744.771 Executing VM operation: Exit


Dynamic libraries:
0x0000000003707000 	/System/Library/Frameworks/Cocoa.framework/Versions/A/Cocoa
0x0000000003707000 	/System/Library/Frameworks/Security.framework/Versions/A/Security
0x0000000003707000 	/System/Library/Frameworks/ApplicationServices.framework/Versions/A/ApplicationServices
0x0000000003707000 	/usr/lib/libz.1.dylib
0x0000000003707000 	/usr/lib/libSystem.B.dylib
0x0000000003707000 	/usr/lib/libobjc.A.dylib
0x0000000003707000 	/System/Library/Frameworks/CoreFoundation.framework/Versions/A/CoreFoundation
0x0000000003707000 	/System/Library/Frameworks/Foundation.framework/Versions/C/Foundation
0x0000000003707000 	/System/Library/Frameworks/AppKit.framework/Versions/C/AppKit
0x0000000003707000 	/System/Library/Frameworks/CoreData.framework/Versions/A/CoreData
0x0000000003707000 	/System/Library/PrivateFrameworks/RemoteViewServices.framework/Versions/A/RemoteViewServices
0x0000000003707000 	/System/Library/PrivateFrameworks/UIFoundation.framework/Versions/A/UIFoundation
0x0000000003707000 	/System/Library/Frameworks/IOSurface.framework/Versions/A/IOSurface
0x0000000003707000 	/System/Library/Frameworks/AudioToolbox.framework/Versions/A/AudioToolbox
0x0000000003707000 	/System/Library/Frameworks/AudioUnit.framework/Versions/A/AudioUnit
0x0000000003707000 	/System/Library/PrivateFrameworks/DataDetectorsCore.framework/Versions/A/DataDetectorsCore
0x0000000003707000 	/System/Library/PrivateFrameworks/DesktopServicesPriv.framework/Versions/A/DesktopServicesPriv
0x0000000003707000 	/System/Library/Frameworks/Carbon.framework/Versions/A/Frameworks/HIToolbox.framework/Versions/A/HIToolbox
0x0000000003707000 	/System/Library/Frameworks/QuartzCore.framework/Versions/A/QuartzCore
0x0000000003707000 	/System/Library/Frameworks/Carbon.framework/Versions/A/Frameworks/SpeechRecognition.framework/Versions/A/SpeechRecognition
0x0000000003707000 	/usr/lib/libauto.dylib
0x0000000003707000 	/usr/lib/libicucore.A.dylib
0x0000000003707000 	/usr/lib/libxml2.2.dylib
0x0000000003707000 	/System/Library/PrivateFrameworks/CoreUI.framework/Versions/A/CoreUI
0x0000000003707000 	/System/Library/Frameworks/CoreAudio.framework/Versions/A/CoreAudio
0x0000000003707000 	/System/Library/Frameworks/DiskArbitration.framework/Versions/A/DiskArbitration
0x0000000003707000 	/usr/lib/liblangid.dylib
0x0000000003707000 	/System/Library/PrivateFrameworks/MultitouchSupport.framework/Versions/A/MultitouchSupport
0x0000000003707000 	/System/Library/Frameworks/IOKit.framework/Versions/A/IOKit
0x0000000003707000 	/usr/lib/libDiagnosticMessagesClient.dylib
0x0000000003707000 	/System/Library/Frameworks/CoreServices.framework/Versions/A/CoreServices
0x0000000003707000 	/System/Library/PrivateFrameworks/PerformanceAnalysis.framework/Versions/A/PerformanceAnalysis
0x0000000003707000 	/System/Library/PrivateFrameworks/GenerationalStorage.framework/Versions/A/GenerationalStorage
0x0000000003707000 	/System/Library/Frameworks/OpenGL.framework/Versions/A/OpenGL
0x0000000003707000 	/System/Library/PrivateFrameworks/Sharing.framework/Versions/A/Sharing
0x0000000003707000 	/System/Library/Frameworks/CoreGraphics.framework/Versions/A/CoreGraphics
0x0000000003707000 	/System/Library/Frameworks/CoreText.framework/Versions/A/CoreText
0x0000000003707000 	/System/Library/Frameworks/ImageIO.framework/Versions/A/ImageIO
0x0000000003707000 	/usr/lib/libextension.dylib
0x0000000003707000 	/System/Library/PrivateFrameworks/Backup.framework/Versions/A/Backup
0x0000000003707000 	/usr/lib/libarchive.2.dylib
0x0000000003707000 	/System/Library/Frameworks/CFNetwork.framework/Versions/A/CFNetwork
0x0000000003707000 	/System/Library/Frameworks/SystemConfiguration.framework/Versions/A/SystemConfiguration
0x0000000003707000 	/usr/lib/libCRFSuite.dylib
0x0000000003707000 	/usr/lib/libc++.1.dylib
0x0000000003707000 	/usr/lib/libc++abi.dylib
0x0000000003707000 	/usr/lib/system/libcache.dylib
0x0000000003707000 	/usr/lib/system/libcommonCrypto.dylib
0x0000000003707000 	/usr/lib/system/libcompiler_rt.dylib
0x0000000003707000 	/usr/lib/system/libcopyfile.dylib
0x0000000003707000 	/usr/lib/system/libcorecrypto.dylib
0x0000000003707000 	/usr/lib/system/libdispatch.dylib
0x0000000003707000 	/usr/lib/system/libdyld.dylib
0x0000000003707000 	/usr/lib/system/libkeymgr.dylib
0x0000000003707000 	/usr/lib/system/liblaunch.dylib
0x0000000003707000 	/usr/lib/system/libmacho.dylib
0x0000000003707000 	/usr/lib/system/libquarantine.dylib
0x0000000003707000 	/usr/lib/system/libremovefile.dylib
0x0000000003707000 	/usr/lib/system/libsystem_asl.dylib
0x0000000003707000 	/usr/lib/system/libsystem_blocks.dylib
0x0000000003707000 	/usr/lib/system/libsystem_c.dylib
0x0000000003707000 	/usr/lib/system/libsystem_configuration.dylib
0x0000000003707000 	/usr/lib/system/libsystem_coreservices.dylib
0x0000000003707000 	/usr/lib/system/libsystem_coretls.dylib
0x0000000003707000 	/usr/lib/system/libsystem_dnssd.dylib
0x0000000003707000 	/usr/lib/system/libsystem_info.dylib
0x0000000003707000 	/usr/lib/system/libsystem_kernel.dylib
0x0000000003707000 	/usr/lib/system/libsystem_m.dylib
0x0000000003707000 	/usr/lib/system/libsystem_malloc.dylib
0x0000000003707000 	/usr/lib/system/libsystem_network.dylib
0x0000000003707000 	/usr/lib/system/libsystem_networkextension.dylib
0x0000000003707000 	/usr/lib/system/libsystem_notify.dylib
0x0000000003707000 	/usr/lib/system/libsystem_platform.dylib
0x0000000003707000 	/usr/lib/system/libsystem_pthread.dylib
0x0000000003707000 	/usr/lib/system/libsystem_sandbox.dylib
0x0000000003707000 	/usr/lib/system/libsystem_secinit.dylib
0x0000000003707000 	/usr/lib/system/libsystem_stats.dylib
0x0000000003707000 	/usr/lib/system/libsystem_trace.dylib
0x0000000003707000 	/usr/lib/system/libunc.dylib
0x0000000003707000 	/usr/lib/system/libunwind.dylib
0x0000000003707000 	/usr/lib/system/libxpc.dylib
0x0000000003707000 	/usr/lib/libbz2.1.0.dylib
0x0000000003707000 	/usr/lib/liblzma.5.dylib
0x0000000003707000 	/usr/lib/libbsm.0.dylib
0x0000000003707000 	/usr/lib/libsqlite3.dylib
0x0000000003707000 	/usr/lib/system/libkxld.dylib
0x0000000003707000 	/usr/lib/libxar.1.dylib
0x0000000003707000 	/usr/lib/libpam.2.dylib
0x0000000003707000 	/usr/lib/libOpenScriptingUtil.dylib
0x0000000003707000 	/System/Library/Frameworks/CoreServices.framework/Versions/A/Frameworks/FSEvents.framework/Versions/A/FSEvents
0x0000000003707000 	/System/Library/Frameworks/CoreServices.framework/Versions/A/Frameworks/CarbonCore.framework/Versions/A/CarbonCore
0x0000000003707000 	/System/Library/Frameworks/CoreServices.framework/Versions/A/Frameworks/Metadata.framework/Versions/A/Metadata
0x0000000003707000 	/System/Library/Frameworks/CoreServices.framework/Versions/A/Frameworks/OSServices.framework/Versions/A/OSServices
0x0000000003707000 	/System/Library/Frameworks/CoreServices.framework/Versions/A/Frameworks/SearchKit.framework/Versions/A/SearchKit
0x0000000003707000 	/System/Library/Frameworks/CoreServices.framework/Versions/A/Frameworks/AE.framework/Versions/A/AE
0x0000000003707000 	/System/Library/Frameworks/CoreServices.framework/Versions/A/Frameworks/LaunchServices.framework/Versions/A/LaunchServices
0x0000000003707000 	/System/Library/Frameworks/CoreServices.framework/Versions/A/Frameworks/DictionaryServices.framework/Versions/A/DictionaryServices
0x0000000003707000 	/System/Library/Frameworks/NetFS.framework/Versions/A/NetFS
0x0000000003707000 	/System/Library/PrivateFrameworks/NetAuth.framework/Versions/A/NetAuth
0x0000000003707000 	/System/Library/PrivateFrameworks/login.framework/Versions/A/Frameworks/loginsupport.framework/Versions/A/loginsupport
0x0000000003707000 	/System/Library/PrivateFrameworks/TCC.framework/Versions/A/TCC
0x0000000003707000 	/usr/lib/libmecabra.dylib
0x0000000003707000 	/System/Library/PrivateFrameworks/LanguageModeling.framework/Versions/A/LanguageModeling
0x0000000003707000 	/usr/lib/libcmph.dylib
0x0000000003707000 	/usr/lib/libiconv.2.dylib
0x0000000003707000 	/System/Library/Frameworks/OpenDirectory.framework/Versions/A/Frameworks/CFOpenDirectory.framework/Versions/A/CFOpenDirectory
0x0000000003707000 	/System/Library/Frameworks/ServiceManagement.framework/Versions/A/ServiceManagement
0x0000000003707000 	/usr/lib/libxslt.1.dylib
0x0000000003707000 	/System/Library/Frameworks/Carbon.framework/Versions/A/Frameworks/Ink.framework/Versions/A/Ink
0x0000000003707000 	/System/Library/Frameworks/ApplicationServices.framework/Versions/A/Frameworks/ATS.framework/Versions/A/ATS
0x0000000003707000 	/System/Library/Frameworks/ApplicationServices.framework/Versions/A/Frameworks/ColorSync.framework/Versions/A/ColorSync
0x0000000003707000 	/System/Library/Frameworks/ApplicationServices.framework/Versions/A/Frameworks/HIServices.framework/Versions/A/HIServices
0x0000000003707000 	/System/Library/Frameworks/ApplicationServices.framework/Versions/A/Frameworks/LangAnalysis.framework/Versions/A/LangAnalysis
0x0000000003707000 	/System/Library/Frameworks/ApplicationServices.framework/Versions/A/Frameworks/PrintCore.framework/Versions/A/PrintCore
0x0000000003707000 	/System/Library/Frameworks/ApplicationServices.framework/Versions/A/Frameworks/QD.framework/Versions/A/QD
0x0000000003707000 	/System/Library/Frameworks/ApplicationServices.framework/Versions/A/Frameworks/SpeechSynthesis.framework/Versions/A/SpeechSynthesis
0x0000000003707000 	/System/Library/Frameworks/Accelerate.framework/Versions/A/Accelerate
0x0000000003707000 	/System/Library/Frameworks/Accelerate.framework/Versions/A/Frameworks/vImage.framework/Versions/A/vImage
0x0000000003707000 	/System/Library/Frameworks/Accelerate.framework/Versions/A/Frameworks/vecLib.framework/Versions/A/vecLib
0x0000000003707000 	/System/Library/Frameworks/Accelerate.framework/Versions/A/Frameworks/vecLib.framework/Versions/A/libvDSP.dylib
0x0000000003707000 	/System/Library/Frameworks/Accelerate.framework/Versions/A/Frameworks/vecLib.framework/Versions/A/libvMisc.dylib
0x0000000003707000 	/System/Library/Frameworks/Accelerate.framework/Versions/A/Frameworks/vecLib.framework/Versions/A/libLAPACK.dylib
0x0000000003707000 	/System/Library/Frameworks/Accelerate.framework/Versions/A/Frameworks/vecLib.framework/Versions/A/libBLAS.dylib
0x0000000003707000 	/System/Library/Frameworks/Accelerate.framework/Versions/A/Frameworks/vecLib.framework/Versions/A/libLinearAlgebra.dylib
0x0000000003707000 	/System/Library/Frameworks/ApplicationServices.framework/Versions/A/Frameworks/ATS.framework/Versions/A/Resources/libFontParser.dylib
0x0000000003707000 	/System/Library/Frameworks/ApplicationServices.framework/Versions/A/Frameworks/ATS.framework/Versions/A/Resources/libFontRegistry.dylib
0x0000000003707000 	/System/Library/PrivateFrameworks/AppleVPA.framework/Versions/A/AppleVPA
0x0000000003707000 	/System/Library/PrivateFrameworks/AppleJPEG.framework/Versions/A/AppleJPEG
0x0000000003707000 	/System/Library/Frameworks/ImageIO.framework/Versions/A/Resources/libJPEG.dylib
0x0000000003707000 	/System/Library/Frameworks/ImageIO.framework/Versions/A/Resources/libTIFF.dylib
0x0000000003707000 	/System/Library/Frameworks/ImageIO.framework/Versions/A/Resources/libPng.dylib
0x0000000003707000 	/System/Library/Frameworks/ImageIO.framework/Versions/A/Resources/libGIF.dylib
0x0000000003707000 	/System/Library/Frameworks/ImageIO.framework/Versions/A/Resources/libJP2.dylib
0x0000000003707000 	/System/Library/Frameworks/ImageIO.framework/Versions/A/Resources/libRadiance.dylib
0x0000000003707000 	/System/Library/Frameworks/CoreVideo.framework/Versions/A/CoreVideo
0x0000000003707000 	/System/Library/Frameworks/OpenGL.framework/Versions/A/Libraries/libGLU.dylib
0x0000000003707000 	/System/Library/Frameworks/OpenGL.framework/Versions/A/Libraries/libGFXShared.dylib
0x0000000003707000 	/System/Library/Frameworks/OpenGL.framework/Versions/A/Libraries/libGL.dylib
0x0000000003707000 	/System/Library/Frameworks/OpenGL.framework/Versions/A/Libraries/libGLImage.dylib
0x0000000003707000 	/System/Library/Frameworks/OpenGL.framework/Versions/A/Libraries/libCVMSPluginSupport.dylib
0x0000000003707000 	/System/Library/Frameworks/OpenGL.framework/Versions/A/Libraries/libCoreVMClient.dylib
0x0000000003707000 	/usr/lib/libcups.2.dylib
0x0000000003707000 	/System/Library/Frameworks/Kerberos.framework/Versions/A/Kerberos
0x0000000003707000 	/System/Library/Frameworks/GSS.framework/Versions/A/GSS
0x0000000003707000 	/usr/lib/libresolv.9.dylib
0x0000000003707000 	/System/Library/PrivateFrameworks/Heimdal.framework/Versions/A/Heimdal
0x0000000003707000 	/usr/lib/libheimdal-asn1.dylib
0x0000000003707000 	/System/Library/Frameworks/OpenDirectory.framework/Versions/A/OpenDirectory
0x0000000003707000 	/System/Library/PrivateFrameworks/CommonAuth.framework/Versions/A/CommonAuth
0x0000000003707000 	/System/Library/Frameworks/SecurityFoundation.framework/Versions/A/SecurityFoundation
0x0000000003707000 	/System/Library/Frameworks/QuartzCore.framework/Versions/A/Frameworks/CoreImage.framework/Versions/A/CoreImage
0x0000000003707000 	/System/Library/PrivateFrameworks/CrashReporterSupport.framework/Versions/A/CrashReporterSupport
0x0000000003707000 	/System/Library/Frameworks/OpenCL.framework/Versions/A/OpenCL
0x0000000003707000 	/System/Library/PrivateFrameworks/FaceCore.framework/Versions/A/FaceCore
0x0000000003707000 	/System/Library/PrivateFrameworks/Ubiquity.framework/Versions/A/Ubiquity
0x0000000003707000 	/System/Library/PrivateFrameworks/IconServices.framework/Versions/A/IconServices
0x0000000003707000 	/System/Library/PrivateFrameworks/ChunkingLibrary.framework/Versions/A/ChunkingLibrary
0x0000000003707000 	/System/Library/PrivateFrameworks/Apple80211.framework/Versions/A/Apple80211
0x0000000003707000 	/System/Library/Frameworks/CoreWLAN.framework/Versions/A/CoreWLAN
0x0000000003707000 	/System/Library/Frameworks/IOBluetooth.framework/Versions/A/IOBluetooth
0x0000000003707000 	/System/Library/PrivateFrameworks/CoreWiFi.framework/Versions/A/CoreWiFi
0x0000000003707000 	/System/Library/Frameworks/CoreBluetooth.framework/Versions/A/CoreBluetooth
0x0000000003707000 	/System/Library/PrivateFrameworks/DebugSymbols.framework/Versions/A/DebugSymbols
0x0000000003707000 	/System/Library/PrivateFrameworks/CoreSymbolication.framework/Versions/A/CoreSymbolication
0x0000000003707000 	/System/Library/PrivateFrameworks/Symbolication.framework/Versions/A/Symbolication
0x0000000003707000 	/System/Library/PrivateFrameworks/SpeechRecognitionCore.framework/Versions/A/SpeechRecognitionCore
0x000000010f600000 	/Library/Java/JavaVirtualMachines/jdk1.7.0_67.jdk/Contents/Home/jre/lib/server/libjvm.dylib
0x0000000003707000 	/usr/lib/libstdc++.6.dylib
0x000000010e55d000 	/Library/Java/JavaVirtualMachines/jdk1.7.0_67.jdk/Contents/Home/jre/lib/libverify.dylib
0x000000010e56a000 	/Library/Java/JavaVirtualMachines/jdk1.7.0_67.jdk/Contents/Home/jre/lib/libjava.dylib
0x000000010e5a3000 	/Library/Java/JavaVirtualMachines/jdk1.7.0_67.jdk/Contents/Home/jre/lib/libzip.dylib
0x000000011f3da000 	/System/Library/Frameworks/JavaVM.framework/Frameworks/JavaRuntimeSupport.framework/JavaRuntimeSupport
0x000000011f3f0000 	/System/Library/Frameworks/JavaVM.framework/Versions/A/Frameworks/JavaNativeFoundation.framework/Versions/A/JavaNativeFoundation
0x000000011f404000 	/System/Library/Frameworks/JavaVM.framework/Versions/A/JavaVM
0x0000000003707000 	/System/Library/Frameworks/Carbon.framework/Versions/A/Carbon
0x000000011f410000 	/System/Library/PrivateFrameworks/JavaLaunching.framework/Versions/A/JavaLaunching
0x0000000003707000 	/System/Library/Frameworks/Carbon.framework/Versions/A/Frameworks/CommonPanels.framework/Versions/A/CommonPanels
0x0000000003707000 	/System/Library/Frameworks/Carbon.framework/Versions/A/Frameworks/Help.framework/Versions/A/Help
0x0000000003707000 	/System/Library/Frameworks/Carbon.framework/Versions/A/Frameworks/ImageCapture.framework/Versions/A/ImageCapture
0x0000000003707000 	/System/Library/Frameworks/Carbon.framework/Versions/A/Frameworks/OpenScripting.framework/Versions/A/OpenScripting
0x0000000003707000 	/System/Library/Frameworks/Carbon.framework/Versions/A/Frameworks/Print.framework/Versions/A/Print
0x0000000003707000 	/System/Library/Frameworks/Carbon.framework/Versions/A/Frameworks/SecurityHI.framework/Versions/A/SecurityHI
0x0000000121540000 	/Users/tony/.swt/lib/macosx/x86_64/libswt-cocoa-4427.jnilib
0x0000000003707000 	/System/Library/Frameworks/WebKit.framework/Versions/A/WebKit
0x0000000003707000 	/System/Library/Frameworks/JavaScriptCore.framework/Versions/A/JavaScriptCore
0x0000000003707000 	/System/Library/Frameworks/SecurityInterface.framework/Versions/A/SecurityInterface
0x0000000003707000 	/System/Library/Frameworks/WebKit.framework/Versions/A/Frameworks/WebKitLegacy.framework/Versions/A/WebKitLegacy
0x0000000003707000 	/System/Library/Frameworks/WebKit.framework/Versions/A/Frameworks/WebCore.framework/Versions/A/WebCore
0x000000012158d000 	/Users/tony/.swt/lib/macosx/x86_64/libswt-pi-cocoa-4427.jnilib
0x0000000003707000 	/System/Library/PrivateFrameworks/CoreServicesInternal.framework/Versions/A/CoreServicesInternal
0x0000000003707000 	/System/Library/PrivateFrameworks/CloudDocs.framework/Versions/A/CloudDocs
0x0000000003707000 	/System/Library/PrivateFrameworks/CoreDuet.framework/Versions/A/CoreDuet
0x0000000003707000 	/System/Library/Frameworks/CloudKit.framework/Versions/A/CloudKit
0x0000000003707000 	/System/Library/PrivateFrameworks/ProtocolBuffer.framework/Versions/A/ProtocolBuffer
0x0000000003707000 	/System/Library/PrivateFrameworks/CoreDuetDaemonProtocol.framework/Versions/A/CoreDuetDaemonProtocol
0x0000000003707000 	/System/Library/PrivateFrameworks/CoreDuetDebugLogging.framework/Versions/A/CoreDuetDebugLogging
0x0000000003707000 	/System/Library/Frameworks/CoreLocation.framework/Versions/A/CoreLocation
0x0000000003707000 	/System/Library/Frameworks/Accounts.framework/Versions/A/Accounts
0x0000000003707000 	/System/Library/PrivateFrameworks/ApplePushService.framework/Versions/A/ApplePushService
0x0000000003707000 	/System/Library/PrivateFrameworks/GeoServices.framework/Versions/A/GeoServices
0x0000000003707000 	/System/Library/PrivateFrameworks/OAuth.framework/Versions/A/OAuth
0x0000000003707000 	/System/Library/PrivateFrameworks/CoreDaemon.framework/Versions/B/CoreDaemon
0x0000000003707000 	/usr/lib/libcrypto.0.9.8.dylib
0x0000000003707000 	/System/Library/PrivateFrameworks/AppleSRP.framework/Versions/A/AppleSRP
0x0000000003707000 	/System/Library/PrivateFrameworks/TrustEvaluationAgent.framework/Versions/A/TrustEvaluationAgent
0x0000000003707000 	/System/Library/Frameworks/CoreGraphics.framework/Versions/A/Resources/libCGCMS.A.dylib
0x0000000003707000 	/System/Library/Frameworks/CoreGraphics.framework/Versions/A/Resources/libCGXType.A.dylib
0x0000000003707000 	/System/Library/Frameworks/CoreGraphics.framework/Versions/A/Resources/libRIP.A.dylib
0x0000000003707000 	/System/Library/PrivateFrameworks/FinderKit.framework/Versions/A/FinderKit
0x0000000003707000 	/System/Library/PrivateFrameworks/Suggestions.framework/Versions/A/Suggestions
0x0000000003707000 	/System/Library/Frameworks/Quartz.framework/Versions/A/Frameworks/QuickLookUI.framework/Versions/A/QuickLookUI
0x0000000003707000 	/System/Library/Frameworks/Quartz.framework/Versions/A/Frameworks/ImageKit.framework/Versions/A/ImageKit
0x0000000003707000 	/System/Library/PrivateFrameworks/Bom.framework/Versions/A/Bom
0x0000000003707000 	/System/Library/Frameworks/QuickLook.framework/Versions/A/QuickLook
0x0000000003707000 	/System/Library/PrivateFrameworks/SystemAdministration.framework/Versions/A/SystemAdministration
0x0000000003707000 	/System/Library/PrivateFrameworks/DiskImages.framework/Versions/A/DiskImages
0x0000000003707000 	/System/Library/PrivateFrameworks/AppleSystemInfo.framework/Versions/A/AppleSystemInfo
0x0000000003707000 	/System/Library/Frameworks/ImageCaptureCore.framework/Versions/A/ImageCaptureCore
0x0000000003707000 	/System/Library/Frameworks/AddressBook.framework/Versions/A/AddressBook
0x0000000003707000 	/System/Library/PrivateFrameworks/IntlPreferences.framework/Versions/A/IntlPreferences
0x0000000003707000 	/System/Library/PrivateFrameworks/ToneLibrary.framework/Versions/A/ToneLibrary
0x0000000003707000 	/System/Library/PrivateFrameworks/ToneKit.framework/Versions/A/ToneKit
0x0000000003707000 	/System/Library/PrivateFrameworks/vCard.framework/Versions/A/vCard
0x0000000003707000 	/System/Library/PrivateFrameworks/ContactsData.framework/Versions/A/ContactsData
0x0000000003707000 	/System/Library/PrivateFrameworks/ContactsFoundation.framework/Versions/A/ContactsFoundation
0x0000000003707000 	/System/Library/Frameworks/DirectoryService.framework/Versions/A/DirectoryService
0x0000000003707000 	/System/Library/PrivateFrameworks/PhoneNumbers.framework/Versions/A/PhoneNumbers
0x0000000003707000 	/System/Library/Frameworks/Quartz.framework/Versions/A/Quartz
0x0000000003707000 	/System/Library/Frameworks/LDAP.framework/Versions/A/LDAP
0x0000000003707000 	/System/Library/Frameworks/AVFoundation.framework/Versions/A/AVFoundation
0x0000000003707000 	/System/Library/Frameworks/AVFoundation.framework/Versions/A/Resources/libAVFAudio.dylib
0x0000000003707000 	/System/Library/Frameworks/CoreMedia.framework/Versions/A/CoreMedia
0x0000000003707000 	/System/Library/Frameworks/MediaToolbox.framework/Versions/A/MediaToolbox
0x0000000003707000 	/System/Library/Frameworks/VideoToolbox.framework/Versions/A/VideoToolbox
0x0000000003707000 	/System/Library/Frameworks/CoreMediaIO.framework/Versions/A/CoreMediaIO
0x0000000003707000 	/System/Library/PrivateFrameworks/MediaControlSender.framework/Versions/A/MediaControlSender
0x0000000003707000 	/System/Library/PrivateFrameworks/CoreAVCHD.framework/Versions/A/CoreAVCHD
0x0000000003707000 	/System/Library/Frameworks/MediaAccessibility.framework/Versions/A/MediaAccessibility
0x0000000003707000 	/System/Library/PrivateFrameworks/Mangrove.framework/Versions/A/Mangrove
0x0000000003707000 	/System/Library/PrivateFrameworks/CoreAUC.framework/Versions/A/CoreAUC
0x0000000003707000 	/System/Library/PrivateFrameworks/NetworkStatistics.framework/Versions/A/NetworkStatistics
0x0000000003707000 	/System/Library/PrivateFrameworks/AirPlaySupport.framework/Versions/A/AirPlaySupport
0x0000000003707000 	/System/Library/PrivateFrameworks/CoreUtils.framework/Versions/A/CoreUtils
0x0000000003707000 	/System/Library/PrivateFrameworks/AppleVA.framework/Versions/A/AppleVA
0x0000000003707000 	/System/Library/PrivateFrameworks/XPCService.framework/Versions/A/XPCService
0x0000000003707000 	/System/Library/PrivateFrameworks/AppSandbox.framework/Versions/A/AppSandbox
0x0000000003707000 	/usr/lib/libsandbox.1.dylib
0x0000000003707000 	/System/Library/PrivateFrameworks/AppContainer.framework/Versions/A/AppContainer
0x0000000003707000 	/System/Library/PrivateFrameworks/SecCodeWrapper.framework/Versions/A/SecCodeWrapper
0x0000000003707000 	/usr/lib/libMatch.1.dylib
0x0000000003707000 	/usr/lib/libspindump.dylib
0x0000000003707000 	/System/Library/Frameworks/QTKit.framework/Versions/A/QTKit
0x0000000003707000 	/System/Library/PrivateFrameworks/CoreMediaAuthoring.framework/Versions/A/CoreMediaAuthoring
0x0000000003707000 	/System/Library/Frameworks/Quartz.framework/Versions/A/Frameworks/QuartzComposer.framework/Versions/A/QuartzComposer
0x0000000003707000 	/System/Library/Frameworks/Quartz.framework/Versions/A/Frameworks/PDFKit.framework/Versions/A/PDFKit
0x0000000003707000 	/System/Library/Frameworks/Quartz.framework/Versions/A/Frameworks/QuartzFilters.framework/Versions/A/QuartzFilters
0x0000000003707000 	/System/Library/PrivateFrameworks/CorePDF.framework/Versions/A/CorePDF
0x0000000003707000 	/System/Library/PrivateFrameworks/DisplayServices.framework/Versions/A/DisplayServices
0x0000000003707000 	/usr/lib/libsasl2.2.dylib
0x0000000003707000 	/System/Library/PrivateFrameworks/AppleFSCompression.framework/Versions/A/AppleFSCompression
0x0000000003707000 	/System/Library/PrivateFrameworks/LoginUIKit.framework/Versions/A/Frameworks/LoginUICore.framework/Versions/A/LoginUICore
0x0000000003707000 	/usr/lib/libCoreStorage.dylib
0x0000000003707000 	/usr/lib/libcsfde.dylib
0x0000000003707000 	/usr/lib/libodfde.dylib
0x0000000003707000 	/System/Library/Frameworks/DiscRecording.framework/Versions/A/DiscRecording
0x0000000003707000 	/usr/lib/libcurl.4.dylib
0x0000000003707000 	/System/Library/PrivateFrameworks/MediaKit.framework/Versions/A/MediaKit
0x0000000003707000 	/System/Library/PrivateFrameworks/ProtectedCloudStorage.framework/Versions/A/ProtectedCloudStorage
0x0000000003707000 	/System/Library/PrivateFrameworks/EFILogin.framework/Versions/A/EFILogin
0x0000000003707000 	/usr/lib/libutil.dylib
0x0000000003707000 	/System/Library/PrivateFrameworks/FindMyDevice.framework/Versions/A/FindMyDevice
0x0000000123df2000 	/System/Library/PrivateFrameworks/CacheDelete.framework/CacheDelete
0x0000000003707000 	/System/Library/PrivateFrameworks/PlugInKit.framework/Versions/A/PlugInKit
0x0000000123e95000 	/System/Library/PrivateFrameworks/FileProvider.framework/FileProvider
0x0000000003707000 	/System/Library/Frameworks/OpenGL.framework/Versions/A/Resources/GLEngine.bundle/GLEngine
0x0000000003707000 	/System/Library/Frameworks/OpenGL.framework/Versions/A/Libraries/libGLProgrammability.dylib
0x0000000000000000 	/System/Library/Extensions/AppleIntelHD4000GraphicsGLDriver.bundle/Contents/MacOS/AppleIntelHD4000GraphicsGLDriver
0x0000000003707000 	/System/Library/PrivateFrameworks/IOAccelerator.framework/Versions/A/IOAccelerator
0x0000000003707000 	/System/Library/PrivateFrameworks/GPUSupport.framework/Versions/A/Libraries/libGPUSupportMercury.dylib
0x0000000000000000 	/System/Library/Extensions/GeForceGLDriver.bundle/Contents/MacOS/GeForceGLDriver
0x0000000003707000 	/System/Library/Extensions/GeForceGLDriver.bundle/Contents/MacOS/libclh.dylib
0x0000000003707000 	/System/Library/Frameworks/OpenGL.framework/Versions/A/Resources/GLRendererFloat.bundle/GLRendererFloat
0x0000000003707000 	/System/Library/Frameworks/OpenCL.framework/Versions/A/Libraries/libcldcpuengine.dylib
0x00000001266bf000 	cl_kernels
0x00000001266c1000 	/System/Library/Frameworks/OpenCL.framework/Versions/A/Libraries/ImageFormats/unorm8_bgra.dylib
0x00000001266b1000 	cl_kernels
0x00000001268ef000 	/System/Library/Frameworks/OpenCL.framework/Versions/A/Libraries/ImageFormats/unorm8_rgba.dylib
0x0000000127f20000 	cl_kernels
0x0000000003707000 	/System/Library/PrivateFrameworks/FamilyControls.framework/Versions/A/FamilyControls
0x0000000003707000 	/System/Library/PrivateFrameworks/CommerceKit.framework/Versions/A/Frameworks/CommerceCore.framework/Versions/A/CommerceCore
0x00000001275c0000 	cl_kernels
0x0000000127caf000 	cl_kernels
0x000000012ca08000 	/System/Library/Frameworks/Security.framework/PlugIns/csparser.bundle/Contents/MacOS/csparser
0x000000012e80a000 	/System/Library/CoreServices/RawCamera.bundle/Contents/MacOS/RawCamera
0x0000000129622000 	/Library/Java/JavaVirtualMachines/jdk1.7.0_67.jdk/Contents/Home/jre/lib/libnio.dylib
0x0000000129631000 	/Library/Java/JavaVirtualMachines/jdk1.7.0_67.jdk/Contents/Home/jre/lib/./libnet.dylib
0x0000000125412000 	/System/Library/Frameworks/ApplicationServices.framework/Frameworks/ATS.framework/Resources/libFontRegistryUI.dylib
0x000000012553a000 	/System/Library/Frameworks/ApplicationServices.framework/Versions/A/Frameworks/ATS.framework/Versions/A/Resources/ATSHI.dylib
0x0000000003707000 	/System/Library/PrivateFrameworks/Shortcut.framework/Versions/A/Shortcut
0x0000000003707000 	/System/Library/PrivateFrameworks/HelpData.framework/Versions/A/HelpData
0x0000000003707000 	/usr/lib/libtidy.A.dylib
0x0000000003707000 	/System/Library/Frameworks/Accelerate.framework/Versions/A/Frameworks/vImage.framework/Versions/A/Libraries/libCGInterfaces.dylib
0x0000000003707000 	/System/Library/PrivateFrameworks/DataDetectors.framework/Versions/A/DataDetectors
0x0000000003707000 	/System/Library/PrivateFrameworks/IDS.framework/Versions/A/IDS
0x0000000003707000 	/System/Library/PrivateFrameworks/WebKit2.framework/Versions/A/WebKit2
0x0000000003707000 	/System/Library/PrivateFrameworks/IMFoundation.framework/Versions/A/IMFoundation
0x0000000003707000 	/System/Library/PrivateFrameworks/Marco.framework/Versions/A/Marco
0x0000000003707000 	/System/Library/PrivateFrameworks/IDSFoundation.framework/Versions/A/IDSFoundation
0x0000000003707000 	/System/Library/PrivateFrameworks/FTServices.framework/Versions/A/FTServices
0x0000000003707000 	/System/Library/PrivateFrameworks/CommonUtilities.framework/Versions/A/CommonUtilities
0x0000000003707000 	/System/Library/PrivateFrameworks/DiagnosticLogCollection.framework/Versions/A/DiagnosticLogCollection

VM Arguments:
jvm_args: -Dfile.encoding=UTF-8 
java_command: tool.xmodeler.XModeler ./ini.txt
Launcher Type: SUN_STANDARD

Environment Variables:
PATH=/usr/bin:/bin:/usr/sbin:/sbin
SHELL=/bin/bash

Signal Handlers:
SIGSEGV: [libjvm.dylib+0x52b6c9], sa_mask[0]=0xfffefeff, sa_flags=0x00000043
SIGBUS: [libjvm.dylib+0x52b6c9], sa_mask[0]=0xfffefeff, sa_flags=0x00000042
SIGFPE: [libjvm.dylib+0x41deaa], sa_mask[0]=0xfffefeff, sa_flags=0x00000042
SIGPIPE: [libjvm.dylib+0x41deaa], sa_mask[0]=0xfffefeff, sa_flags=0x00000042
SIGXFSZ: [libjvm.dylib+0x41deaa], sa_mask[0]=0xfffefeff, sa_flags=0x00000042
SIGILL: [libjvm.dylib+0x41deaa], sa_mask[0]=0xfffefeff, sa_flags=0x00000042
SIGUSR1: SIG_DFL, sa_mask[0]=0x00000000, sa_flags=0x00000000
SIGUSR2: [libjvm.dylib+0x41d99c], sa_mask[0]=0x00000004, sa_flags=0x00000042
SIGHUP: [libjvm.dylib+0x41bc2d], sa_mask[0]=0xfffefeff, sa_flags=0x00000042
SIGINT: [libjvm.dylib+0x41bc2d], sa_mask[0]=0xfffefeff, sa_flags=0x00000042
SIGTERM: [libjvm.dylib+0x41bc2d], sa_mask[0]=0xfffefeff, sa_flags=0x00000042
SIGQUIT: [libjvm.dylib+0x41bc2d], sa_mask[0]=0xfffefeff, sa_flags=0x00000042


---------------  S Y S T E M  ---------------

OS:Bsduname:Darwin 14.0.0 Darwin Kernel Version 14.0.0: Fri Sep 19 00:26:44 PDT 2014; root:xnu-2782.1.97~2/RELEASE_X86_64 x86_64
rlimit: STACK 8192k, CORE 0k, NPROC 709, NOFILE 10240, AS infinity
load average:1.62 1.94 1.82

CPU:total 8 (4 cores per cpu, 2 threads per core) family 6 model 58 stepping 9, cmov, cx8, fxsr, mmx, sse, sse2, sse3, ssse3, sse4.1, sse4.2, popcnt, avx, aes, erms, ht, tsc, tscinvbit, tscinv

Memory: 4k page, physical 16777216k(4194304k free)

/proc/meminfo:


vm_info: Java HotSpot(TM) 64-Bit Server VM (24.65-b04) for bsd-amd64 JRE (1.7.0_67-b01), built on Jul 25 2014 08:51:51 by "java_re" with gcc 4.2.1 (Based on Apple Inc. build 5658) (LLVM build 2336.11.00)

time: Mon Dec 29 14:49:42 2014
elapsed time: 744 seconds

