#
# A fatal error has been detected by the Java Runtime Environment:
#
#  SIGSEGV (0xb) at pc=0x000000011c6d2ce9, pid=3865, tid=12547
#
# JRE version: Java(TM) SE Runtime Environment (7.0_67-b01) (build 1.7.0_67-b01)
# Java VM: Java HotSpot(TM) 64-Bit Server VM (24.65-b04 mixed mode bsd-amd64 compressed oops)
# Problematic frame:
# C  [libswt-cocoa-4427.jnilib+0x25ce9]  callback+0x297
#
# Failed to write core dump. Core dumps have been disabled. To enable core dumping, try "ulimit -c unlimited" before starting Java again
#
# If you would like to submit a bug report, please visit:
#   http://bugreport.sun.com/bugreport/crash.jsp
#

---------------  T H R E A D  ---------------

Current thread (0x00007f85e3014000):  VMThread [stack: 0x000000011a3e8000,0x000000011a4e8000] [id=12547]

siginfo:si_signo=SIGSEGV: si_errno=0, si_code=1 (SEGV_MAPERR), si_addr=0x0000000000000078

Registers:
RAX=0x0000000000000000, RBX=0x00007f85e15ace90, RCX=0x000000011a4e7774, RDX=0x0000000000000001
RSP=0x000000011a4e77a0, RBP=0x000000011a4e78d0, RSI=0x0000000000000000, RDI=0x0000000000000000
R8 =0x0000000000000000, R9 =0x0000000000000003, R10=0x00007f85e21cf010, R11=0x00007f85e1515140
R12=0x00007fff8eb5e0c0, R13=0x000000011a4e79a0, R14=0x0000000000000000, R15=0x0000000000000000
RIP=0x000000011c6d2ce9, EFLAGS=0x0000000000010206, ERR=0x0000000000000004
  TRAPNO=0x000000000000000e

Top of Stack: (sp=0x000000011a4e77a0)
0x000000011a4e77a0:   000000011c6d2adb 00007fff00000000
0x000000011a4e77b0:   00007fff7dcd78e0 000000007dcd78e4
0x000000011a4e77c0:   00007fff7dcd78e8 00007fff8fd2cd61
0x000000011a4e77d0:   00007fff7dcd78e4 00007f85e30141e8
0x000000011a4e77e0:   00007f85e1609828 00007f85e160ba08
0x000000011a4e77f0:   00000002000109cc 0000000000000000
0x000000011a4e7800:   00007fff7dcd78c8 00007fff00000000
0x000000011a4e7810:   000000011a4e7860 00007fff8eb72aea
0x000000011a4e7820:   00007f85e15ace90 00007f85e14527d0
0x000000011a4e7830:   00007fff8fd2e6a1 0000000000000000
0x000000011a4e7840:   0000000000000000 0000000000000003
0x000000011a4e7850:   0000000000000000 0000000000000000
0x000000011a4e7860:   000000011a4e7930 00007fff8eb5e1ac
0x000000011a4e7870:   0000000000000003 0000000000000000
0x000000011a4e7880:   0000000000000000 0000000000000000
0x000000011a4e7890:   00007fff8fd2cd61 00007f85e15ace90
0x000000011a4e78a0:   0000000000000000 00007fff7f442c40
0x000000011a4e78b0:   0000000000000000 0000000000000000
0x000000011a4e78c0:   0000000000000000 0000000000000000
0x000000011a4e78d0:   000000011a4e78f0 000000011c6b125e
0x000000011a4e78e0:   00007fff8fd2e6a1 00007f85e14527d0
0x000000011a4e78f0:   000000011a4e7930 00007fff8f4f0a42
0x000000011a4e7900:   000000010b509483 000000011c1b0001
0x000000011a4e7910:   00007fff8eb5e0c0 00000000000000e0
0x000000011a4e7920:   0000000000000000 0000000000000000
0x000000011a4e7930:   000000011a4e7970 00007fff8f5ea587
0x000000011a4e7940:   0000000000000000 00007f85e15ace90
0x000000011a4e7950:   00000000000000f8 00007fff8eb5e0c0
0x000000011a4e7960:   0000000000000000 00007fff7dcd9980
0x000000011a4e7970:   000000011a4e79f0 00007fff8f5ea395
0x000000011a4e7980:   0000000000000000 0000000000000000
0x000000011a4e7990:   0000000000000000 0000000000000000 

Instructions: (pc=0x000000011c6d2ce9)
0x000000011c6d2cc9:   ff ff 01 00 00 00 48 8b 85 08 ff ff ff 48 85 c0
0x000000011c6d2cd9:   0f 84 9f 03 00 00 48 8b 85 08 ff ff ff 48 8b 00
0x000000011c6d2ce9:   48 8b 40 78 48 8b bd 08 ff ff ff ff d0 48 89 85
0x000000011c6d2cf9:   30 ff ff ff 48 83 bd 30 ff ff ff 00 74 26 48 8b 

Register to memory mapping:

RAX=0x0000000000000000 is an unknown value
RBX=0x00007f85e15ace90 is an unknown value
RCX=0x000000011a4e7774 is an unknown value
RDX=0x0000000000000001 is an unknown value
RSP=0x000000011a4e77a0 is an unknown value
RBP=0x000000011a4e78d0 is an unknown value
RSI=0x0000000000000000 is an unknown value
RDI=0x0000000000000000 is an unknown value
R8 =0x0000000000000000 is an unknown value
R9 =0x0000000000000003 is an unknown value
R10=0x00007f85e21cf010 is an unknown value
R11=0x00007f85e1515140 is an unknown value
R12=0x00007fff8eb5e0c0: objc_msgSend+0 in /usr/lib/libobjc.A.dylib at 0x00007fff8eb5d000
R13=0x000000011a4e79a0 is an unknown value
R14=0x0000000000000000 is an unknown value
R15=0x0000000000000000 is an unknown value


Stack: [0x000000011a3e8000,0x000000011a4e8000],  sp=0x000000011a4e77a0,  free space=1021k
Native frames: (J=compiled Java code, j=interpreted, Vv=VM code, C=native code)
C  [libswt-cocoa-4427.jnilib+0x25ce9]  callback+0x297
C  [libswt-cocoa-4427.jnilib+0x425e]  fn0_2+0x27
C  [AppKit+0x142a42]  -[NSWindow orderWindow:relativeTo:]+0x76
C  [AppKit+0x23c587]  __18-[NSWindow _close]_block_invoke+0x1bc
C  [AppKit+0x23c395]  -[NSWindow _close]+0x16b
C  [FinderKit+0xa1aff]  -[FI_TFloatingInputWindowController dealloc]+0x45
C  [libobjc.A.dylib+0x1f68c]  _ZN11objc_object17sidetable_releaseEb+0xec
C  [AppKit+0x122804]  -[NSWindowController release]+0x9a
C  [FinderKit+0xa24cc]  _ZN4TRefIP33FI_TFloatingInputWindowController23OBJCRetainReleasePolicyIS1_EED2Ev+0xc
C  [libsystem_c.dylib+0x5e8ed]  __cxa_finalize_ranges+0x142
C  [libsystem_c.dylib+0x5ebf0]  exit+0x37
V  [libjvm.dylib+0x2d9a9e]
V  [libjvm.dylib+0x532237]
V  [libjvm.dylib+0x53089b]
V  [libjvm.dylib+0x530ce8]
V  [libjvm.dylib+0x53060f]
V  [libjvm.dylib+0x420772]
C  [libsystem_pthread.dylib+0x32fc]  _pthread_body+0x83
C  [libsystem_pthread.dylib+0x3279]  _pthread_body+0x0
C  [libsystem_pthread.dylib+0x14b1]  thread_start+0xd

VM_Operation (0x0000000124fa1718): Exit, mode: safepoint, requested by thread 0x00007f85e2843800


---------------  P R O C E S S  ---------------

Java Threads: ( => current thread )
  0x00007f85e2843800 JavaThread "SIGTERM handler" daemon [_thread_blocked, id=14855, stack(0x0000000124ea2000,0x0000000124fa2000)]
  0x00007f85e2a4f000 JavaThread "Thread-11" [_thread_blocked, id=90883, stack(0x0000000122529000,0x0000000122629000)]
  0x00007f85e2a4e800 JavaThread "Thread-10" [_thread_blocked, id=90371, stack(0x0000000122426000,0x0000000122526000)]
  0x00007f85e29a3000 JavaThread "Thread-9" [_thread_blocked, id=89859, stack(0x0000000122323000,0x0000000122423000)]
  0x00007f85e19da000 JavaThread "Thread-8" [_thread_blocked, id=89347, stack(0x0000000122220000,0x0000000122320000)]
  0x00007f85e19d8000 JavaThread "Thread-7" [_thread_blocked, id=88835, stack(0x0000000121f8d000,0x000000012208d000)]
  0x00007f85e197f800 JavaThread "Thread-6" [_thread_blocked, id=88323, stack(0x0000000121b5a000,0x0000000121c5a000)]
  0x00007f85e21d9000 JavaThread "Thread-5" [_thread_blocked, id=87811, stack(0x0000000121a57000,0x0000000121b57000)]
  0x00007f85e215e800 JavaThread "Thread-4" [_thread_blocked, id=87307, stack(0x0000000121954000,0x0000000121a54000)]
  0x00007f85e2a4d000 JavaThread "Thread-3" [_thread_blocked, id=86547, stack(0x0000000121851000,0x0000000121951000)]
  0x00007f85e2a52800 JavaThread "Thread-2" [_thread_blocked, id=50451, stack(0x0000000120e24000,0x0000000120f24000)]
  0x00007f85e29c7800 JavaThread "Thread-1" [_thread_blocked, id=49435, stack(0x0000000120d21000,0x0000000120e21000)]
  0x00007f85e181e000 JavaThread "Service Thread" daemon [_thread_blocked, id=19203, stack(0x000000011c2bb000,0x000000011c3bb000)]
  0x00007f85e181d800 JavaThread "C2 CompilerThread1" daemon [_thread_blocked, id=18691, stack(0x000000011c1b8000,0x000000011c2b8000)]
  0x00007f85e181b000 JavaThread "C2 CompilerThread0" daemon [_thread_blocked, id=18179, stack(0x000000011c0b5000,0x000000011c1b5000)]
  0x00007f85e1819800 JavaThread "Signal Dispatcher" daemon [_thread_blocked, id=17931, stack(0x000000011bfb2000,0x000000011c0b2000)]
  0x00007f85e180c800 JavaThread "Finalizer" daemon [_thread_blocked, id=13571, stack(0x000000011a5ee000,0x000000011a6ee000)]
  0x00007f85e3016800 JavaThread "Reference Handler" daemon [_thread_blocked, id=13059, stack(0x000000011a4eb000,0x000000011a5eb000)]
  0x00007f85e3004000 JavaThread "main" [_thread_blocked, id=1811, stack(0x00007fff5642e000,0x00007fff564ae000)]

Other Threads:
=>0x00007f85e3014000 VMThread [stack: 0x000000011a3e8000,0x000000011a4e8000] [id=12547]

VM state:at safepoint (shutting down)

VM Mutex/Monitor currently owned by a thread:  ([mutex/lock_event])
[0x00007f85e1702890] Threads_lock - owner thread: 0x00007f85e3014000

Heap
 PSYoungGen      total 76800K, used 59784K [0x00000007aaa80000, 0x00000007b0000000, 0x0000000800000000)
  eden space 66048K, 84% used [0x00000007aaa80000,0x00000007ae118008,0x00000007aeb00000)
  from space 10752K, 36% used [0x00000007af580000,0x00000007af94a0f0,0x00000007b0000000)
  to   space 10752K, 0% used [0x00000007aeb00000,0x00000007aeb00000,0x00000007af580000)
 ParOldGen       total 235008K, used 180016K [0x0000000700000000, 0x000000070e580000, 0x00000007aaa80000)
  object space 235008K, 76% used [0x0000000700000000,0x000000070afcc030,0x000000070e580000)
 PSPermGen       total 21504K, used 10440K [0x00000006fae00000, 0x00000006fc300000, 0x0000000700000000)
  object space 21504K, 48% used [0x00000006fae00000,0x00000006fb8320a0,0x00000006fc300000)

Card table byte_map: [0x000000010e45f000,0x000000010ec89000] byte_map_base: 0x000000010ac88000

Polling page: 0x00000001098a5000

Code Cache  [0x000000010b45f000, 0x000000010b6cf000, 0x000000010e45f000)
 total_blobs=692 nmethods=304 adapters=342 free_code_cache=47837Kb largest_free_block=48934144

Compilation events (10 events):
Event: 26.292 Thread 0x00007f85e181b000  299             org.eclipse.swt.widgets.Display::LookupWidget (64 bytes)
Event: 26.295 Thread 0x00007f85e181b000 nmethod 299 0x000000010b5a0550 code [0x000000010b5a06e0, 0x000000010b5a0960]
Event: 27.534 Thread 0x00007f85e181d800  300   !         org.eclipse.swt.widgets.EventTable::sendEvent (253 bytes)
Event: 27.556 Thread 0x00007f85e181d800 nmethod 300 0x000000010b5a2950 code [0x000000010b5a2b40, 0x000000010b5a3838]
Event: 27.586 Thread 0x00007f85e181b000  301             org.eclipse.swt.internal.cocoa.objc_super::<init> (5 bytes)
Event: 27.587 Thread 0x00007f85e181b000 nmethod 301 0x000000010b5a0c90 code [0x000000010b5a0dc0, 0x000000010b5a0e18]
Event: 28.168 Thread 0x00007f85e181d800  303             org.eclipse.swt.internal.cocoa.NSPoint::<init> (5 bytes)
Event: 28.168 Thread 0x00007f85e181d800 nmethod 303 0x000000010b577290 code [0x000000010b5773c0, 0x000000010b577418]
Event: 28.406 Thread 0x00007f85e181b000  304             org.eclipse.swt.widgets.Display::windowProc (2606 bytes)
Event: 28.456 Thread 0x00007f85e181b000 nmethod 304 0x000000010b5ad350 code [0x000000010b5adaa0, 0x000000010b5b0870]

GC Heap History (4 events):
Event: 3.810 GC heap before
{Heap before GC invocations=1 (full 0):
 PSYoungGen      total 76800K, used 66048K [0x00000007aaa80000, 0x00000007b0000000, 0x0000000800000000)
  eden space 66048K, 100% used [0x00000007aaa80000,0x00000007aeb00000,0x00000007aeb00000)
  from space 10752K, 0% used [0x00000007af580000,0x00000007af580000,0x00000007b0000000)
  to   space 10752K, 0% used [0x00000007aeb00000,0x00000007aeb00000,0x00000007af580000)
 ParOldGen       total 235008K, used 180000K [0x0000000700000000, 0x000000070e580000, 0x00000007aaa80000)
  object space 235008K, 76% used [0x0000000700000000,0x000000070afc8030,0x000000070e580000)
 PSPermGen       total 21504K, used 8905K [0x00000006fae00000, 0x00000006fc300000, 0x0000000700000000)
  object space 21504K, 41% used [0x00000006fae00000,0x00000006fb6b26c8,0x00000006fc300000)
Event: 3.816 GC heap after
Heap after GC invocations=1 (full 0):
 PSYoungGen      total 76800K, used 5684K [0x00000007aaa80000, 0x00000007b0000000, 0x0000000800000000)
  eden space 66048K, 0% used [0x00000007aaa80000,0x00000007aaa80000,0x00000007aeb00000)
  from space 10752K, 52% used [0x00000007aeb00000,0x00000007af08d258,0x00000007af580000)
  to   space 10752K, 0% used [0x00000007af580000,0x00000007af580000,0x00000007b0000000)
 ParOldGen       total 235008K, used 180008K [0x0000000700000000, 0x000000070e580000, 0x00000007aaa80000)
  object space 235008K, 76% used [0x0000000700000000,0x000000070afca030,0x000000070e580000)
 PSPermGen       total 21504K, used 8905K [0x00000006fae00000, 0x00000006fc300000, 0x0000000700000000)
  object space 21504K, 41% used [0x00000006fae00000,0x00000006fb6b26c8,0x00000006fc300000)
}
Event: 15.289 GC heap before
{Heap before GC invocations=2 (full 0):
 PSYoungGen      total 76800K, used 71732K [0x00000007aaa80000, 0x00000007b0000000, 0x0000000800000000)
  eden space 66048K, 100% used [0x00000007aaa80000,0x00000007aeb00000,0x00000007aeb00000)
  from space 10752K, 52% used [0x00000007aeb00000,0x00000007af08d258,0x00000007af580000)
  to   space 10752K, 0% used [0x00000007af580000,0x00000007af580000,0x00000007b0000000)
 ParOldGen       total 235008K, used 180008K [0x0000000700000000, 0x000000070e580000, 0x00000007aaa80000)
  object space 235008K, 76% used [0x0000000700000000,0x000000070afca030,0x000000070e580000)
 PSPermGen       total 21504K, used 10217K [0x00000006fae00000, 0x00000006fc300000, 0x0000000700000000)
  object space 21504K, 47% used [0x00000006fae00000,0x00000006fb7fa700,0x00000006fc300000)
Event: 15.294 GC heap after
Heap after GC invocations=2 (full 0):
 PSYoungGen      total 76800K, used 3880K [0x00000007aaa80000, 0x00000007b0000000, 0x0000000800000000)
  eden space 66048K, 0% used [0x00000007aaa80000,0x00000007aaa80000,0x00000007aeb00000)
  from space 10752K, 36% used [0x00000007af580000,0x00000007af94a0f0,0x00000007b0000000)
  to   space 10752K, 0% used [0x00000007aeb00000,0x00000007aeb00000,0x00000007af580000)
 ParOldGen       total 235008K, used 180016K [0x0000000700000000, 0x000000070e580000, 0x00000007aaa80000)
  object space 235008K, 76% used [0x0000000700000000,0x000000070afcc030,0x000000070e580000)
 PSPermGen       total 21504K, used 10217K [0x00000006fae00000, 0x00000006fc300000, 0x0000000700000000)
  object space 21504K, 47% used [0x00000006fae00000,0x00000006fb7fa700,0x00000006fc300000)
}

Deoptimization events (9 events):
Event: 3.539 Thread 0x00007f85e29c7800 Uncommon trap: reason=unloaded action=reinterpret pc=0x000000010b5058b8 method=engine.Machine.mkInt(I)I @ 7
Event: 3.647 Thread 0x00007f85e29c7800 Uncommon trap: reason=null_assert action=make_not_entrant pc=0x000000010b52cff0 method=engine.Machine.dynamicSlotReference(I)I @ 143
Event: 15.342 Thread 0x00007f85e3004000 Uncommon trap: reason=class_check action=maybe_recompile pc=0x000000010b562b14 method=java.lang.Character.getType(I)I @ 5
Event: 15.342 Thread 0x00007f85e3004000 Uncommon trap: reason=class_check action=maybe_recompile pc=0x000000010b562b14 method=java.lang.Character.getType(I)I @ 5
Event: 15.342 Thread 0x00007f85e3004000 Uncommon trap: reason=class_check action=maybe_recompile pc=0x000000010b562b14 method=java.lang.Character.getType(I)I @ 5
Event: 15.342 Thread 0x00007f85e3004000 Uncommon trap: reason=class_check action=maybe_recompile pc=0x000000010b562b14 method=java.lang.Character.getType(I)I @ 5
Event: 15.342 Thread 0x00007f85e3004000 Uncommon trap: reason=class_check action=maybe_recompile pc=0x000000010b560920 method=java.lang.Character.getType(I)I @ 5
Event: 30.504 Thread 0x00007f85e3004000 Uncommon trap: reason=bimorphic action=maybe_recompile pc=0x000000010b5afea4 method=org.eclipse.swt.widgets.Display.windowProc(JJJ)J @ 783
Event: 30.504 Thread 0x00007f85e3004000 Uncommon trap: reason=bimorphic action=maybe_recompile pc=0x000000010b5afeb4 method=org.eclipse.swt.widgets.Display.windowProc(JJJ)J @ 425

Internal exceptions (10 events):
Event: 26.301 Thread 0x00007f85e3004000 Threw 0x00000007add68e50 at /HUDSON/workspace/7u-2-build-macosx-x86_64/jdk7u67/1368/hotspot/src/share/vm/prims/jvm.cpp:1244
Event: 26.302 Thread 0x00007f85e3004000 Threw 0x00000007add6c9d0 at /HUDSON/workspace/7u-2-build-macosx-x86_64/jdk7u67/1368/hotspot/src/share/vm/prims/jvm.cpp:1244
Event: 26.302 Thread 0x00007f85e3004000 Threw 0x00000007add70920 at /HUDSON/workspace/7u-2-build-macosx-x86_64/jdk7u67/1368/hotspot/src/share/vm/prims/jvm.cpp:1244
Event: 26.307 Thread 0x00007f85e3004000 Threw 0x00000007add76a78 at /HUDSON/workspace/7u-2-build-macosx-x86_64/jdk7u67/1368/hotspot/src/share/vm/prims/jvm.cpp:1244
Event: 26.312 Thread 0x00007f85e3004000 Threw 0x00000007add80378 at /HUDSON/workspace/7u-2-build-macosx-x86_64/jdk7u67/1368/hotspot/src/share/vm/prims/jvm.cpp:1244
Event: 26.321 Thread 0x00007f85e3004000 Threw 0x00000007add84c58 at /HUDSON/workspace/7u-2-build-macosx-x86_64/jdk7u67/1368/hotspot/src/share/vm/prims/jvm.cpp:1244
Event: 26.324 Thread 0x00007f85e3004000 Threw 0x00000007add8b488 at /HUDSON/workspace/7u-2-build-macosx-x86_64/jdk7u67/1368/hotspot/src/share/vm/prims/jvm.cpp:1244
Event: 26.760 Thread 0x00007f85e3004000 Threw 0x00000007add9b3f8 at /HUDSON/workspace/7u-2-build-macosx-x86_64/jdk7u67/1368/hotspot/src/share/vm/prims/jvm.cpp:1244
Event: 31.265 Thread 0x00007f85e3004000 Threw 0x00000007adea75e0 at /HUDSON/workspace/7u-2-build-macosx-x86_64/jdk7u67/1368/hotspot/src/share/vm/prims/jvm.cpp:1244
Event: 32.849 Thread 0x00007f85e3004000 Threw 0x00000007adeb7dc8 at /HUDSON/workspace/7u-2-build-macosx-x86_64/jdk7u67/1368/hotspot/src/share/vm/prims/jvm.cpp:1244

Events (10 events):
Event: 50.117 Thread 0x00007f85e2843800 Thread added: 0x00007f85e2843800
Event: 50.117 loading class 0x00007f85e183b260
Event: 50.117 loading class 0x00007f85e183b260 done
Event: 50.117 loading class 0x00007f85e183b3a0
Event: 50.118 loading class 0x00007f85e183b3d0
Event: 50.118 loading class 0x00007f85e183b3d0 done
Event: 50.118 loading class 0x00007f85e183b3a0 done
Event: 50.118 Thread 0x00007f85e4001000 Thread added: 0x00007f85e4001000
Event: 50.118 Thread 0x00007f85e4001000 Thread exited: 0x00007f85e4001000
Event: 50.118 Executing VM operation: Exit


Dynamic libraries:
0x000000000da16000 	/System/Library/Frameworks/Cocoa.framework/Versions/A/Cocoa
0x000000000da16000 	/System/Library/Frameworks/Security.framework/Versions/A/Security
0x000000000da16000 	/System/Library/Frameworks/ApplicationServices.framework/Versions/A/ApplicationServices
0x000000000da16000 	/usr/lib/libz.1.dylib
0x000000000da16000 	/usr/lib/libSystem.B.dylib
0x000000000da16000 	/usr/lib/libobjc.A.dylib
0x000000000da16000 	/System/Library/Frameworks/CoreFoundation.framework/Versions/A/CoreFoundation
0x000000000da16000 	/System/Library/Frameworks/Foundation.framework/Versions/C/Foundation
0x000000000da16000 	/System/Library/Frameworks/AppKit.framework/Versions/C/AppKit
0x000000000da16000 	/System/Library/Frameworks/CoreData.framework/Versions/A/CoreData
0x000000000da16000 	/System/Library/PrivateFrameworks/RemoteViewServices.framework/Versions/A/RemoteViewServices
0x000000000da16000 	/System/Library/PrivateFrameworks/UIFoundation.framework/Versions/A/UIFoundation
0x000000000da16000 	/System/Library/Frameworks/IOSurface.framework/Versions/A/IOSurface
0x000000000da16000 	/System/Library/Frameworks/AudioToolbox.framework/Versions/A/AudioToolbox
0x000000000da16000 	/System/Library/Frameworks/AudioUnit.framework/Versions/A/AudioUnit
0x000000000da16000 	/System/Library/PrivateFrameworks/DataDetectorsCore.framework/Versions/A/DataDetectorsCore
0x000000000da16000 	/System/Library/PrivateFrameworks/DesktopServicesPriv.framework/Versions/A/DesktopServicesPriv
0x000000000da16000 	/System/Library/Frameworks/Carbon.framework/Versions/A/Frameworks/HIToolbox.framework/Versions/A/HIToolbox
0x000000000da16000 	/System/Library/Frameworks/QuartzCore.framework/Versions/A/QuartzCore
0x000000000da16000 	/System/Library/Frameworks/Carbon.framework/Versions/A/Frameworks/SpeechRecognition.framework/Versions/A/SpeechRecognition
0x000000000da16000 	/usr/lib/libauto.dylib
0x000000000da16000 	/usr/lib/libicucore.A.dylib
0x000000000da16000 	/usr/lib/libxml2.2.dylib
0x000000000da16000 	/System/Library/PrivateFrameworks/CoreUI.framework/Versions/A/CoreUI
0x000000000da16000 	/System/Library/Frameworks/CoreAudio.framework/Versions/A/CoreAudio
0x000000000da16000 	/System/Library/Frameworks/DiskArbitration.framework/Versions/A/DiskArbitration
0x000000000da16000 	/usr/lib/liblangid.dylib
0x000000000da16000 	/System/Library/PrivateFrameworks/MultitouchSupport.framework/Versions/A/MultitouchSupport
0x000000000da16000 	/System/Library/Frameworks/IOKit.framework/Versions/A/IOKit
0x000000000da16000 	/usr/lib/libDiagnosticMessagesClient.dylib
0x000000000da16000 	/System/Library/Frameworks/CoreServices.framework/Versions/A/CoreServices
0x000000000da16000 	/System/Library/PrivateFrameworks/PerformanceAnalysis.framework/Versions/A/PerformanceAnalysis
0x000000000da16000 	/System/Library/PrivateFrameworks/GenerationalStorage.framework/Versions/A/GenerationalStorage
0x000000000da16000 	/System/Library/Frameworks/OpenGL.framework/Versions/A/OpenGL
0x000000000da16000 	/System/Library/PrivateFrameworks/Sharing.framework/Versions/A/Sharing
0x000000000da16000 	/System/Library/Frameworks/CoreGraphics.framework/Versions/A/CoreGraphics
0x000000000da16000 	/System/Library/Frameworks/CoreText.framework/Versions/A/CoreText
0x000000000da16000 	/System/Library/Frameworks/ImageIO.framework/Versions/A/ImageIO
0x000000000da16000 	/usr/lib/libextension.dylib
0x000000000da16000 	/System/Library/PrivateFrameworks/Backup.framework/Versions/A/Backup
0x000000000da16000 	/usr/lib/libarchive.2.dylib
0x000000000da16000 	/System/Library/Frameworks/CFNetwork.framework/Versions/A/CFNetwork
0x000000000da16000 	/System/Library/Frameworks/SystemConfiguration.framework/Versions/A/SystemConfiguration
0x000000000da16000 	/usr/lib/libCRFSuite.dylib
0x000000000da16000 	/usr/lib/libc++.1.dylib
0x000000000da16000 	/usr/lib/libc++abi.dylib
0x000000000da16000 	/usr/lib/system/libcache.dylib
0x000000000da16000 	/usr/lib/system/libcommonCrypto.dylib
0x000000000da16000 	/usr/lib/system/libcompiler_rt.dylib
0x000000000da16000 	/usr/lib/system/libcopyfile.dylib
0x000000000da16000 	/usr/lib/system/libcorecrypto.dylib
0x000000000da16000 	/usr/lib/system/libdispatch.dylib
0x000000000da16000 	/usr/lib/system/libdyld.dylib
0x000000000da16000 	/usr/lib/system/libkeymgr.dylib
0x000000000da16000 	/usr/lib/system/liblaunch.dylib
0x000000000da16000 	/usr/lib/system/libmacho.dylib
0x000000000da16000 	/usr/lib/system/libquarantine.dylib
0x000000000da16000 	/usr/lib/system/libremovefile.dylib
0x000000000da16000 	/usr/lib/system/libsystem_asl.dylib
0x000000000da16000 	/usr/lib/system/libsystem_blocks.dylib
0x000000000da16000 	/usr/lib/system/libsystem_c.dylib
0x000000000da16000 	/usr/lib/system/libsystem_configuration.dylib
0x000000000da16000 	/usr/lib/system/libsystem_coreservices.dylib
0x000000000da16000 	/usr/lib/system/libsystem_coretls.dylib
0x000000000da16000 	/usr/lib/system/libsystem_dnssd.dylib
0x000000000da16000 	/usr/lib/system/libsystem_info.dylib
0x000000000da16000 	/usr/lib/system/libsystem_kernel.dylib
0x000000000da16000 	/usr/lib/system/libsystem_m.dylib
0x000000000da16000 	/usr/lib/system/libsystem_malloc.dylib
0x000000000da16000 	/usr/lib/system/libsystem_network.dylib
0x000000000da16000 	/usr/lib/system/libsystem_networkextension.dylib
0x000000000da16000 	/usr/lib/system/libsystem_notify.dylib
0x000000000da16000 	/usr/lib/system/libsystem_platform.dylib
0x000000000da16000 	/usr/lib/system/libsystem_pthread.dylib
0x000000000da16000 	/usr/lib/system/libsystem_sandbox.dylib
0x000000000da16000 	/usr/lib/system/libsystem_secinit.dylib
0x000000000da16000 	/usr/lib/system/libsystem_stats.dylib
0x000000000da16000 	/usr/lib/system/libsystem_trace.dylib
0x000000000da16000 	/usr/lib/system/libunc.dylib
0x000000000da16000 	/usr/lib/system/libunwind.dylib
0x000000000da16000 	/usr/lib/system/libxpc.dylib
0x000000000da16000 	/usr/lib/libbz2.1.0.dylib
0x000000000da16000 	/usr/lib/liblzma.5.dylib
0x000000000da16000 	/usr/lib/libbsm.0.dylib
0x000000000da16000 	/usr/lib/libsqlite3.dylib
0x000000000da16000 	/usr/lib/system/libkxld.dylib
0x000000000da16000 	/usr/lib/libxar.1.dylib
0x000000000da16000 	/usr/lib/libpam.2.dylib
0x000000000da16000 	/usr/lib/libOpenScriptingUtil.dylib
0x000000000da16000 	/System/Library/Frameworks/CoreServices.framework/Versions/A/Frameworks/FSEvents.framework/Versions/A/FSEvents
0x000000000da16000 	/System/Library/Frameworks/CoreServices.framework/Versions/A/Frameworks/CarbonCore.framework/Versions/A/CarbonCore
0x000000000da16000 	/System/Library/Frameworks/CoreServices.framework/Versions/A/Frameworks/Metadata.framework/Versions/A/Metadata
0x000000000da16000 	/System/Library/Frameworks/CoreServices.framework/Versions/A/Frameworks/OSServices.framework/Versions/A/OSServices
0x000000000da16000 	/System/Library/Frameworks/CoreServices.framework/Versions/A/Frameworks/SearchKit.framework/Versions/A/SearchKit
0x000000000da16000 	/System/Library/Frameworks/CoreServices.framework/Versions/A/Frameworks/AE.framework/Versions/A/AE
0x000000000da16000 	/System/Library/Frameworks/CoreServices.framework/Versions/A/Frameworks/LaunchServices.framework/Versions/A/LaunchServices
0x000000000da16000 	/System/Library/Frameworks/CoreServices.framework/Versions/A/Frameworks/DictionaryServices.framework/Versions/A/DictionaryServices
0x000000000da16000 	/System/Library/Frameworks/NetFS.framework/Versions/A/NetFS
0x000000000da16000 	/System/Library/PrivateFrameworks/NetAuth.framework/Versions/A/NetAuth
0x000000000da16000 	/System/Library/PrivateFrameworks/login.framework/Versions/A/Frameworks/loginsupport.framework/Versions/A/loginsupport
0x000000000da16000 	/System/Library/PrivateFrameworks/TCC.framework/Versions/A/TCC
0x000000000da16000 	/usr/lib/libmecabra.dylib
0x000000000da16000 	/System/Library/PrivateFrameworks/LanguageModeling.framework/Versions/A/LanguageModeling
0x000000000da16000 	/usr/lib/libcmph.dylib
0x000000000da16000 	/usr/lib/libiconv.2.dylib
0x000000000da16000 	/System/Library/Frameworks/OpenDirectory.framework/Versions/A/Frameworks/CFOpenDirectory.framework/Versions/A/CFOpenDirectory
0x000000000da16000 	/System/Library/Frameworks/ServiceManagement.framework/Versions/A/ServiceManagement
0x000000000da16000 	/usr/lib/libxslt.1.dylib
0x000000000da16000 	/System/Library/Frameworks/Carbon.framework/Versions/A/Frameworks/Ink.framework/Versions/A/Ink
0x000000000da16000 	/System/Library/Frameworks/ApplicationServices.framework/Versions/A/Frameworks/ATS.framework/Versions/A/ATS
0x000000000da16000 	/System/Library/Frameworks/ApplicationServices.framework/Versions/A/Frameworks/ColorSync.framework/Versions/A/ColorSync
0x000000000da16000 	/System/Library/Frameworks/ApplicationServices.framework/Versions/A/Frameworks/HIServices.framework/Versions/A/HIServices
0x000000000da16000 	/System/Library/Frameworks/ApplicationServices.framework/Versions/A/Frameworks/LangAnalysis.framework/Versions/A/LangAnalysis
0x000000000da16000 	/System/Library/Frameworks/ApplicationServices.framework/Versions/A/Frameworks/PrintCore.framework/Versions/A/PrintCore
0x000000000da16000 	/System/Library/Frameworks/ApplicationServices.framework/Versions/A/Frameworks/QD.framework/Versions/A/QD
0x000000000da16000 	/System/Library/Frameworks/ApplicationServices.framework/Versions/A/Frameworks/SpeechSynthesis.framework/Versions/A/SpeechSynthesis
0x000000000da16000 	/System/Library/Frameworks/Accelerate.framework/Versions/A/Accelerate
0x000000000da16000 	/System/Library/Frameworks/Accelerate.framework/Versions/A/Frameworks/vImage.framework/Versions/A/vImage
0x000000000da16000 	/System/Library/Frameworks/Accelerate.framework/Versions/A/Frameworks/vecLib.framework/Versions/A/vecLib
0x000000000da16000 	/System/Library/Frameworks/Accelerate.framework/Versions/A/Frameworks/vecLib.framework/Versions/A/libvDSP.dylib
0x000000000da16000 	/System/Library/Frameworks/Accelerate.framework/Versions/A/Frameworks/vecLib.framework/Versions/A/libvMisc.dylib
0x000000000da16000 	/System/Library/Frameworks/Accelerate.framework/Versions/A/Frameworks/vecLib.framework/Versions/A/libLAPACK.dylib
0x000000000da16000 	/System/Library/Frameworks/Accelerate.framework/Versions/A/Frameworks/vecLib.framework/Versions/A/libBLAS.dylib
0x000000000da16000 	/System/Library/Frameworks/Accelerate.framework/Versions/A/Frameworks/vecLib.framework/Versions/A/libLinearAlgebra.dylib
0x000000000da16000 	/System/Library/Frameworks/ApplicationServices.framework/Versions/A/Frameworks/ATS.framework/Versions/A/Resources/libFontParser.dylib
0x000000000da16000 	/System/Library/Frameworks/ApplicationServices.framework/Versions/A/Frameworks/ATS.framework/Versions/A/Resources/libFontRegistry.dylib
0x000000000da16000 	/System/Library/PrivateFrameworks/AppleVPA.framework/Versions/A/AppleVPA
0x000000000da16000 	/System/Library/PrivateFrameworks/AppleJPEG.framework/Versions/A/AppleJPEG
0x000000000da16000 	/System/Library/Frameworks/ImageIO.framework/Versions/A/Resources/libJPEG.dylib
0x000000000da16000 	/System/Library/Frameworks/ImageIO.framework/Versions/A/Resources/libTIFF.dylib
0x000000000da16000 	/System/Library/Frameworks/ImageIO.framework/Versions/A/Resources/libPng.dylib
0x000000000da16000 	/System/Library/Frameworks/ImageIO.framework/Versions/A/Resources/libGIF.dylib
0x000000000da16000 	/System/Library/Frameworks/ImageIO.framework/Versions/A/Resources/libJP2.dylib
0x000000000da16000 	/System/Library/Frameworks/ImageIO.framework/Versions/A/Resources/libRadiance.dylib
0x000000000da16000 	/System/Library/Frameworks/CoreVideo.framework/Versions/A/CoreVideo
0x000000000da16000 	/System/Library/Frameworks/OpenGL.framework/Versions/A/Libraries/libGLU.dylib
0x000000000da16000 	/System/Library/Frameworks/OpenGL.framework/Versions/A/Libraries/libGFXShared.dylib
0x000000000da16000 	/System/Library/Frameworks/OpenGL.framework/Versions/A/Libraries/libGL.dylib
0x000000000da16000 	/System/Library/Frameworks/OpenGL.framework/Versions/A/Libraries/libGLImage.dylib
0x000000000da16000 	/System/Library/Frameworks/OpenGL.framework/Versions/A/Libraries/libCVMSPluginSupport.dylib
0x000000000da16000 	/System/Library/Frameworks/OpenGL.framework/Versions/A/Libraries/libCoreVMClient.dylib
0x000000000da16000 	/usr/lib/libcups.2.dylib
0x000000000da16000 	/System/Library/Frameworks/Kerberos.framework/Versions/A/Kerberos
0x000000000da16000 	/System/Library/Frameworks/GSS.framework/Versions/A/GSS
0x000000000da16000 	/usr/lib/libresolv.9.dylib
0x000000000da16000 	/System/Library/PrivateFrameworks/Heimdal.framework/Versions/A/Heimdal
0x000000000da16000 	/usr/lib/libheimdal-asn1.dylib
0x000000000da16000 	/System/Library/Frameworks/OpenDirectory.framework/Versions/A/OpenDirectory
0x000000000da16000 	/System/Library/PrivateFrameworks/CommonAuth.framework/Versions/A/CommonAuth
0x000000000da16000 	/System/Library/Frameworks/SecurityFoundation.framework/Versions/A/SecurityFoundation
0x000000000da16000 	/System/Library/Frameworks/QuartzCore.framework/Versions/A/Frameworks/CoreImage.framework/Versions/A/CoreImage
0x000000000da16000 	/System/Library/PrivateFrameworks/CrashReporterSupport.framework/Versions/A/CrashReporterSupport
0x000000000da16000 	/System/Library/Frameworks/OpenCL.framework/Versions/A/OpenCL
0x000000000da16000 	/System/Library/PrivateFrameworks/FaceCore.framework/Versions/A/FaceCore
0x000000000da16000 	/System/Library/PrivateFrameworks/Ubiquity.framework/Versions/A/Ubiquity
0x000000000da16000 	/System/Library/PrivateFrameworks/IconServices.framework/Versions/A/IconServices
0x000000000da16000 	/System/Library/PrivateFrameworks/ChunkingLibrary.framework/Versions/A/ChunkingLibrary
0x000000000da16000 	/System/Library/PrivateFrameworks/Apple80211.framework/Versions/A/Apple80211
0x000000000da16000 	/System/Library/Frameworks/CoreWLAN.framework/Versions/A/CoreWLAN
0x000000000da16000 	/System/Library/Frameworks/IOBluetooth.framework/Versions/A/IOBluetooth
0x000000000da16000 	/System/Library/PrivateFrameworks/CoreWiFi.framework/Versions/A/CoreWiFi
0x000000000da16000 	/System/Library/Frameworks/CoreBluetooth.framework/Versions/A/CoreBluetooth
0x000000000da16000 	/System/Library/PrivateFrameworks/DebugSymbols.framework/Versions/A/DebugSymbols
0x000000000da16000 	/System/Library/PrivateFrameworks/CoreSymbolication.framework/Versions/A/CoreSymbolication
0x000000000da16000 	/System/Library/PrivateFrameworks/Symbolication.framework/Versions/A/Symbolication
0x000000000da16000 	/System/Library/PrivateFrameworks/SpeechRecognitionCore.framework/Versions/A/SpeechRecognitionCore
0x000000010aa00000 	/Library/Java/JavaVirtualMachines/jdk1.7.0_67.jdk/Contents/Home/jre/lib/server/libjvm.dylib
0x000000000da16000 	/usr/lib/libstdc++.6.dylib
0x0000000109868000 	/Library/Java/JavaVirtualMachines/jdk1.7.0_67.jdk/Contents/Home/jre/lib/libverify.dylib
0x0000000109875000 	/Library/Java/JavaVirtualMachines/jdk1.7.0_67.jdk/Contents/Home/jre/lib/libjava.dylib
0x00000001098ae000 	/Library/Java/JavaVirtualMachines/jdk1.7.0_67.jdk/Contents/Home/jre/lib/libzip.dylib
0x000000011a6f0000 	/System/Library/Frameworks/JavaVM.framework/Frameworks/JavaRuntimeSupport.framework/JavaRuntimeSupport
0x000000011a706000 	/System/Library/Frameworks/JavaVM.framework/Versions/A/Frameworks/JavaNativeFoundation.framework/Versions/A/JavaNativeFoundation
0x00000001099f3000 	/System/Library/Frameworks/JavaVM.framework/Versions/A/JavaVM
0x000000000da16000 	/System/Library/Frameworks/Carbon.framework/Versions/A/Carbon
0x000000011a71a000 	/System/Library/PrivateFrameworks/JavaLaunching.framework/Versions/A/JavaLaunching
0x000000000da16000 	/System/Library/Frameworks/Carbon.framework/Versions/A/Frameworks/CommonPanels.framework/Versions/A/CommonPanels
0x000000000da16000 	/System/Library/Frameworks/Carbon.framework/Versions/A/Frameworks/Help.framework/Versions/A/Help
0x000000000da16000 	/System/Library/Frameworks/Carbon.framework/Versions/A/Frameworks/ImageCapture.framework/Versions/A/ImageCapture
0x000000000da16000 	/System/Library/Frameworks/Carbon.framework/Versions/A/Frameworks/OpenScripting.framework/Versions/A/OpenScripting
0x000000000da16000 	/System/Library/Frameworks/Carbon.framework/Versions/A/Frameworks/Print.framework/Versions/A/Print
0x000000000da16000 	/System/Library/Frameworks/Carbon.framework/Versions/A/Frameworks/SecurityHI.framework/Versions/A/SecurityHI
0x000000011c6ad000 	/Users/tony/.swt/lib/macosx/x86_64/libswt-cocoa-4427.jnilib
0x000000000da16000 	/System/Library/Frameworks/WebKit.framework/Versions/A/WebKit
0x000000000da16000 	/System/Library/Frameworks/JavaScriptCore.framework/Versions/A/JavaScriptCore
0x000000000da16000 	/System/Library/Frameworks/SecurityInterface.framework/Versions/A/SecurityInterface
0x000000000da16000 	/System/Library/Frameworks/WebKit.framework/Versions/A/Frameworks/WebKitLegacy.framework/Versions/A/WebKitLegacy
0x000000000da16000 	/System/Library/Frameworks/WebKit.framework/Versions/A/Frameworks/WebCore.framework/Versions/A/WebCore
0x000000011c6fa000 	/Users/tony/.swt/lib/macosx/x86_64/libswt-pi-cocoa-4427.jnilib
0x000000000da16000 	/System/Library/PrivateFrameworks/CoreServicesInternal.framework/Versions/A/CoreServicesInternal
0x000000000da16000 	/System/Library/PrivateFrameworks/CloudDocs.framework/Versions/A/CloudDocs
0x000000000da16000 	/System/Library/PrivateFrameworks/CoreDuet.framework/Versions/A/CoreDuet
0x000000000da16000 	/System/Library/Frameworks/CloudKit.framework/Versions/A/CloudKit
0x000000000da16000 	/System/Library/PrivateFrameworks/ProtocolBuffer.framework/Versions/A/ProtocolBuffer
0x000000000da16000 	/System/Library/PrivateFrameworks/CoreDuetDaemonProtocol.framework/Versions/A/CoreDuetDaemonProtocol
0x000000000da16000 	/System/Library/PrivateFrameworks/CoreDuetDebugLogging.framework/Versions/A/CoreDuetDebugLogging
0x000000000da16000 	/System/Library/Frameworks/CoreLocation.framework/Versions/A/CoreLocation
0x000000000da16000 	/System/Library/Frameworks/Accounts.framework/Versions/A/Accounts
0x000000000da16000 	/System/Library/PrivateFrameworks/ApplePushService.framework/Versions/A/ApplePushService
0x000000000da16000 	/System/Library/PrivateFrameworks/GeoServices.framework/Versions/A/GeoServices
0x000000000da16000 	/System/Library/PrivateFrameworks/OAuth.framework/Versions/A/OAuth
0x000000000da16000 	/System/Library/PrivateFrameworks/CoreDaemon.framework/Versions/B/CoreDaemon
0x000000000da16000 	/usr/lib/libcrypto.0.9.8.dylib
0x000000000da16000 	/System/Library/PrivateFrameworks/AppleSRP.framework/Versions/A/AppleSRP
0x000000000da16000 	/System/Library/PrivateFrameworks/TrustEvaluationAgent.framework/Versions/A/TrustEvaluationAgent
0x000000000da16000 	/System/Library/Frameworks/CoreGraphics.framework/Versions/A/Resources/libCGCMS.A.dylib
0x000000000da16000 	/System/Library/Frameworks/CoreGraphics.framework/Versions/A/Resources/libCGXType.A.dylib
0x000000000da16000 	/System/Library/Frameworks/CoreGraphics.framework/Versions/A/Resources/libRIP.A.dylib
0x000000000da16000 	/System/Library/PrivateFrameworks/FinderKit.framework/Versions/A/FinderKit
0x000000000da16000 	/System/Library/PrivateFrameworks/Suggestions.framework/Versions/A/Suggestions
0x000000000da16000 	/System/Library/Frameworks/Quartz.framework/Versions/A/Frameworks/QuickLookUI.framework/Versions/A/QuickLookUI
0x000000000da16000 	/System/Library/Frameworks/Quartz.framework/Versions/A/Frameworks/ImageKit.framework/Versions/A/ImageKit
0x000000000da16000 	/System/Library/PrivateFrameworks/Bom.framework/Versions/A/Bom
0x000000000da16000 	/System/Library/Frameworks/QuickLook.framework/Versions/A/QuickLook
0x000000000da16000 	/System/Library/PrivateFrameworks/SystemAdministration.framework/Versions/A/SystemAdministration
0x000000000da16000 	/System/Library/PrivateFrameworks/DiskImages.framework/Versions/A/DiskImages
0x000000000da16000 	/System/Library/PrivateFrameworks/AppleSystemInfo.framework/Versions/A/AppleSystemInfo
0x000000000da16000 	/System/Library/Frameworks/ImageCaptureCore.framework/Versions/A/ImageCaptureCore
0x000000000da16000 	/System/Library/Frameworks/AddressBook.framework/Versions/A/AddressBook
0x000000000da16000 	/System/Library/PrivateFrameworks/IntlPreferences.framework/Versions/A/IntlPreferences
0x000000000da16000 	/System/Library/PrivateFrameworks/ToneLibrary.framework/Versions/A/ToneLibrary
0x000000000da16000 	/System/Library/PrivateFrameworks/ToneKit.framework/Versions/A/ToneKit
0x000000000da16000 	/System/Library/PrivateFrameworks/vCard.framework/Versions/A/vCard
0x000000000da16000 	/System/Library/PrivateFrameworks/ContactsData.framework/Versions/A/ContactsData
0x000000000da16000 	/System/Library/PrivateFrameworks/ContactsFoundation.framework/Versions/A/ContactsFoundation
0x000000000da16000 	/System/Library/Frameworks/DirectoryService.framework/Versions/A/DirectoryService
0x000000000da16000 	/System/Library/PrivateFrameworks/PhoneNumbers.framework/Versions/A/PhoneNumbers
0x000000000da16000 	/System/Library/Frameworks/Quartz.framework/Versions/A/Quartz
0x000000000da16000 	/System/Library/Frameworks/LDAP.framework/Versions/A/LDAP
0x000000000da16000 	/System/Library/Frameworks/AVFoundation.framework/Versions/A/AVFoundation
0x000000000da16000 	/System/Library/Frameworks/AVFoundation.framework/Versions/A/Resources/libAVFAudio.dylib
0x000000000da16000 	/System/Library/Frameworks/CoreMedia.framework/Versions/A/CoreMedia
0x000000000da16000 	/System/Library/Frameworks/MediaToolbox.framework/Versions/A/MediaToolbox
0x000000000da16000 	/System/Library/Frameworks/VideoToolbox.framework/Versions/A/VideoToolbox
0x000000000da16000 	/System/Library/Frameworks/CoreMediaIO.framework/Versions/A/CoreMediaIO
0x000000000da16000 	/System/Library/PrivateFrameworks/MediaControlSender.framework/Versions/A/MediaControlSender
0x000000000da16000 	/System/Library/PrivateFrameworks/CoreAVCHD.framework/Versions/A/CoreAVCHD
0x000000000da16000 	/System/Library/Frameworks/MediaAccessibility.framework/Versions/A/MediaAccessibility
0x000000000da16000 	/System/Library/PrivateFrameworks/Mangrove.framework/Versions/A/Mangrove
0x000000000da16000 	/System/Library/PrivateFrameworks/CoreAUC.framework/Versions/A/CoreAUC
0x000000000da16000 	/System/Library/PrivateFrameworks/NetworkStatistics.framework/Versions/A/NetworkStatistics
0x000000000da16000 	/System/Library/PrivateFrameworks/AirPlaySupport.framework/Versions/A/AirPlaySupport
0x000000000da16000 	/System/Library/PrivateFrameworks/CoreUtils.framework/Versions/A/CoreUtils
0x000000000da16000 	/System/Library/PrivateFrameworks/AppleVA.framework/Versions/A/AppleVA
0x000000000da16000 	/System/Library/PrivateFrameworks/XPCService.framework/Versions/A/XPCService
0x000000000da16000 	/System/Library/PrivateFrameworks/AppSandbox.framework/Versions/A/AppSandbox
0x000000000da16000 	/usr/lib/libsandbox.1.dylib
0x000000000da16000 	/System/Library/PrivateFrameworks/AppContainer.framework/Versions/A/AppContainer
0x000000000da16000 	/System/Library/PrivateFrameworks/SecCodeWrapper.framework/Versions/A/SecCodeWrapper
0x000000000da16000 	/usr/lib/libMatch.1.dylib
0x000000000da16000 	/usr/lib/libspindump.dylib
0x000000000da16000 	/System/Library/Frameworks/QTKit.framework/Versions/A/QTKit
0x000000000da16000 	/System/Library/PrivateFrameworks/CoreMediaAuthoring.framework/Versions/A/CoreMediaAuthoring
0x000000000da16000 	/System/Library/Frameworks/Quartz.framework/Versions/A/Frameworks/QuartzComposer.framework/Versions/A/QuartzComposer
0x000000000da16000 	/System/Library/Frameworks/Quartz.framework/Versions/A/Frameworks/PDFKit.framework/Versions/A/PDFKit
0x000000000da16000 	/System/Library/Frameworks/Quartz.framework/Versions/A/Frameworks/QuartzFilters.framework/Versions/A/QuartzFilters
0x000000000da16000 	/System/Library/PrivateFrameworks/CorePDF.framework/Versions/A/CorePDF
0x000000000da16000 	/System/Library/PrivateFrameworks/DisplayServices.framework/Versions/A/DisplayServices
0x000000000da16000 	/usr/lib/libsasl2.2.dylib
0x000000000da16000 	/System/Library/PrivateFrameworks/AppleFSCompression.framework/Versions/A/AppleFSCompression
0x000000000da16000 	/System/Library/PrivateFrameworks/LoginUIKit.framework/Versions/A/Frameworks/LoginUICore.framework/Versions/A/LoginUICore
0x000000000da16000 	/usr/lib/libCoreStorage.dylib
0x000000000da16000 	/usr/lib/libcsfde.dylib
0x000000000da16000 	/usr/lib/libodfde.dylib
0x000000000da16000 	/System/Library/Frameworks/DiscRecording.framework/Versions/A/DiscRecording
0x000000000da16000 	/usr/lib/libcurl.4.dylib
0x000000000da16000 	/System/Library/PrivateFrameworks/MediaKit.framework/Versions/A/MediaKit
0x000000000da16000 	/System/Library/PrivateFrameworks/ProtectedCloudStorage.framework/Versions/A/ProtectedCloudStorage
0x000000000da16000 	/System/Library/PrivateFrameworks/EFILogin.framework/Versions/A/EFILogin
0x000000000da16000 	/usr/lib/libutil.dylib
0x000000000da16000 	/System/Library/PrivateFrameworks/FindMyDevice.framework/Versions/A/FindMyDevice
0x000000011ef60000 	/System/Library/PrivateFrameworks/CacheDelete.framework/CacheDelete
0x000000000da16000 	/System/Library/PrivateFrameworks/PlugInKit.framework/Versions/A/PlugInKit
0x000000011f2a8000 	/System/Library/PrivateFrameworks/FileProvider.framework/FileProvider
0x000000000da16000 	/System/Library/Frameworks/OpenGL.framework/Versions/A/Resources/GLEngine.bundle/GLEngine
0x000000000da16000 	/System/Library/Frameworks/OpenGL.framework/Versions/A/Libraries/libGLProgrammability.dylib
0x0000000000000000 	/System/Library/Extensions/AppleIntelHD4000GraphicsGLDriver.bundle/Contents/MacOS/AppleIntelHD4000GraphicsGLDriver
0x000000000da16000 	/System/Library/PrivateFrameworks/IOAccelerator.framework/Versions/A/IOAccelerator
0x000000000da16000 	/System/Library/PrivateFrameworks/GPUSupport.framework/Versions/A/Libraries/libGPUSupportMercury.dylib
0x0000000000000000 	/System/Library/Extensions/GeForceGLDriver.bundle/Contents/MacOS/GeForceGLDriver
0x000000000da16000 	/System/Library/Extensions/GeForceGLDriver.bundle/Contents/MacOS/libclh.dylib
0x000000000da16000 	/System/Library/Frameworks/OpenGL.framework/Versions/A/Resources/GLRendererFloat.bundle/GLRendererFloat
0x000000000da16000 	/System/Library/Frameworks/OpenCL.framework/Versions/A/Libraries/libcldcpuengine.dylib
0x000000012139c000 	cl_kernels
0x000000012139e000 	/System/Library/Frameworks/OpenCL.framework/Versions/A/Libraries/ImageFormats/unorm8_bgra.dylib
0x000000012138e000 	cl_kernels
0x0000000121549000 	/System/Library/Frameworks/OpenCL.framework/Versions/A/Libraries/ImageFormats/unorm8_rgba.dylib
0x0000000122b9a000 	cl_kernels
0x000000000da16000 	/System/Library/PrivateFrameworks/FamilyControls.framework/Versions/A/FamilyControls
0x000000000da16000 	/System/Library/PrivateFrameworks/CommerceKit.framework/Versions/A/Frameworks/CommerceCore.framework/Versions/A/CommerceCore
0x0000000122177000 	cl_kernels
0x000000012217b000 	cl_kernels
0x00000001265a8000 	/System/Library/Frameworks/Security.framework/PlugIns/csparser.bundle/Contents/MacOS/csparser
0x000000000da16000 	/System/Library/CoreServices/RawCamera.bundle/Contents/MacOS/RawCamera
0x000000012337d000 	/Library/Java/JavaVirtualMachines/jdk1.7.0_67.jdk/Contents/Home/jre/lib/libnio.dylib
0x00000001245dd000 	/Library/Java/JavaVirtualMachines/jdk1.7.0_67.jdk/Contents/Home/jre/lib/./libnet.dylib
0x0000000120651000 	/System/Library/Frameworks/ApplicationServices.framework/Frameworks/ATS.framework/Resources/libFontRegistryUI.dylib
0x0000000120040000 	/System/Library/Frameworks/ApplicationServices.framework/Versions/A/Frameworks/ATS.framework/Versions/A/Resources/ATSHI.dylib
0x000000000da16000 	/System/Library/PrivateFrameworks/Shortcut.framework/Versions/A/Shortcut
0x000000000da16000 	/System/Library/PrivateFrameworks/HelpData.framework/Versions/A/HelpData
0x000000000da16000 	/usr/lib/libtidy.A.dylib
0x000000000da16000 	/System/Library/PrivateFrameworks/DataDetectors.framework/Versions/A/DataDetectors
0x000000000da16000 	/System/Library/PrivateFrameworks/IDS.framework/Versions/A/IDS
0x000000000da16000 	/System/Library/PrivateFrameworks/WebKit2.framework/Versions/A/WebKit2
0x000000000da16000 	/System/Library/PrivateFrameworks/IMFoundation.framework/Versions/A/IMFoundation
0x000000000da16000 	/System/Library/PrivateFrameworks/Marco.framework/Versions/A/Marco
0x000000000da16000 	/System/Library/PrivateFrameworks/IDSFoundation.framework/Versions/A/IDSFoundation
0x000000000da16000 	/System/Library/PrivateFrameworks/FTServices.framework/Versions/A/FTServices
0x000000000da16000 	/System/Library/PrivateFrameworks/CommonUtilities.framework/Versions/A/CommonUtilities
0x000000000da16000 	/System/Library/PrivateFrameworks/DiagnosticLogCollection.framework/Versions/A/DiagnosticLogCollection

VM Arguments:
jvm_args: -Dfile.encoding=UTF-8 
java_command: tool.xmodeler.XModeler ./ini.txt
Launcher Type: SUN_STANDARD

Environment Variables:
PATH=/usr/bin:/bin:/usr/sbin:/sbin
SHELL=/bin/bash

Signal Handlers:
SIGSEGV: [libjvm.dylib+0x52b6c9], sa_mask[0]=0xfffefeff, sa_flags=0x00000043
SIGBUS: [libjvm.dylib+0x52b6c9], sa_mask[0]=0xfffefeff, sa_flags=0x00000042
SIGFPE: [libjvm.dylib+0x41deaa], sa_mask[0]=0xfffefeff, sa_flags=0x00000042
SIGPIPE: [libjvm.dylib+0x41deaa], sa_mask[0]=0xfffefeff, sa_flags=0x00000042
SIGXFSZ: [libjvm.dylib+0x41deaa], sa_mask[0]=0xfffefeff, sa_flags=0x00000042
SIGILL: [libjvm.dylib+0x41deaa], sa_mask[0]=0xfffefeff, sa_flags=0x00000042
SIGUSR1: SIG_DFL, sa_mask[0]=0x00000000, sa_flags=0x00000000
SIGUSR2: [libjvm.dylib+0x41d99c], sa_mask[0]=0x00000004, sa_flags=0x00000042
SIGHUP: [libjvm.dylib+0x41bc2d], sa_mask[0]=0xfffefeff, sa_flags=0x00000042
SIGINT: [libjvm.dylib+0x41bc2d], sa_mask[0]=0xfffefeff, sa_flags=0x00000042
SIGTERM: [libjvm.dylib+0x41bc2d], sa_mask[0]=0xfffefeff, sa_flags=0x00000042
SIGQUIT: [libjvm.dylib+0x41bc2d], sa_mask[0]=0xfffefeff, sa_flags=0x00000042


---------------  S Y S T E M  ---------------

OS:Bsduname:Darwin 14.0.0 Darwin Kernel Version 14.0.0: Fri Sep 19 00:26:44 PDT 2014; root:xnu-2782.1.97~2/RELEASE_X86_64 x86_64
rlimit: STACK 8192k, CORE 0k, NPROC 709, NOFILE 10240, AS infinity
load average:1.51 1.90 1.68

CPU:total 8 (4 cores per cpu, 2 threads per core) family 6 model 58 stepping 9, cmov, cx8, fxsr, mmx, sse, sse2, sse3, ssse3, sse4.1, sse4.2, popcnt, avx, aes, erms, ht, tsc, tscinvbit, tscinv

Memory: 4k page, physical 16777216k(4194304k free)

/proc/meminfo:


vm_info: Java HotSpot(TM) 64-Bit Server VM (24.65-b04) for bsd-amd64 JRE (1.7.0_67-b01), built on Jul 25 2014 08:51:51 by "java_re" with gcc 4.2.1 (Based on Apple Inc. build 5658) (LLVM build 2336.11.00)

time: Fri Nov 14 09:36:19 2014
elapsed time: 50 seconds

