#
# A fatal error has been detected by the Java Runtime Environment:
#
#  SIGSEGV (0xb) at pc=0x0000000113fb2ce9, pid=4357, tid=12547
#
# JRE version: Java(TM) SE Runtime Environment (7.0_67-b01) (build 1.7.0_67-b01)
# Java VM: Java HotSpot(TM) 64-Bit Server VM (24.65-b04 mixed mode bsd-amd64 compressed oops)
# Problematic frame:
# C  [libswt-cocoa-4427.jnilib+0x25ce9]  callback+0x297
#
# Failed to write core dump. Core dumps have been disabled. To enable core dumping, try "ulimit -c unlimited" before starting Java again
#
# If you would like to submit a bug report, please visit:
#   http://bugreport.sun.com/bugreport/crash.jsp
#

---------------  T H R E A D  ---------------

Current thread (0x00007fe964045800):  VMThread [stack: 0x0000000111cb2000,0x0000000111db2000] [id=12547]

siginfo:si_signo=SIGSEGV: si_errno=0, si_code=1 (SEGV_MAPERR), si_addr=0x0000000000000078

Registers:
RAX=0x0000000000000000, RBX=0x00007fe964b0a970, RCX=0x0000000111db1774, RDX=0x0000000000000001
RSP=0x0000000111db17a0, RBP=0x0000000111db18d0, RSI=0x0000000000000000, RDI=0x0000000000000000
R8 =0x0000000000000000, R9 =0x0000000000000003, R10=0x00007fe9638ac110, R11=0x00007fe964b00800
R12=0x00007fff974470c0, R13=0x0000000111db19a0, R14=0x0000000000000000, R15=0x0000000000000000
RIP=0x0000000113fb2ce9, EFLAGS=0x0000000000010206, ERR=0x0000000000000004
  TRAPNO=0x000000000000000e

Top of Stack: (sp=0x0000000111db17a0)
0x0000000111db17a0:   0000000113fb2adb 00007fff00000000
0x0000000111db17b0:   00007fff7aeaa8e0 000000007aeaa8e4
0x0000000111db17c0:   00007fff7aeaa8e8 00007fff95973cf1
0x0000000111db17d0:   00007fff7aeaa8e4 00007fe9640459e8
0x0000000111db17e0:   00007fe96270ba08 00007fe964800ed8
0x0000000111db17f0:   000000020001787c 0000000000000000
0x0000000111db1800:   00007fff7aeaa8c8 00007fff00000000
0x0000000111db1810:   0000000111db1860 00007fff9745baea
0x0000000111db1820:   00007fe964b0a970 00007fe962422640
0x0000000111db1830:   00007fff95975631 0000000000000000
0x0000000111db1840:   0000000000000000 0000000000000003
0x0000000111db1850:   0000000000000000 0000000000000000
0x0000000111db1860:   0000000111db1930 00007fff974471ac
0x0000000111db1870:   0000000000000003 0000000000000000
0x0000000111db1880:   0000000000000000 0000000000000000
0x0000000111db1890:   00007fff95973cf1 00007fe964b0a970
0x0000000111db18a0:   0000000000000000 00007fff7a680c40
0x0000000111db18b0:   0000000000000000 0000000000000000
0x0000000111db18c0:   0000000000000000 0000000000000000
0x0000000111db18d0:   0000000111db18f0 0000000113f9125e
0x0000000111db18e0:   00007fff95975631 00007fe962422640
0x0000000111db18f0:   0000000111db1930 00007fff951378f2
0x0000000111db1900:   00007fe96b0369e0 0000000500000004
0x0000000111db1910:   00007fff974470c0 00000000000000e0
0x0000000111db1920:   0000000000000000 0000000000000000
0x0000000111db1930:   0000000111db1970 00007fff95231437
0x0000000111db1940:   0000000000000000 00007fe964b0a970
0x0000000111db1950:   00000000000000f8 00007fff974470c0
0x0000000111db1960:   0000000000000000 00007fff7aead600
0x0000000111db1970:   0000000111db19f0 00007fff95231245
0x0000000111db1980:   0000000000000000 0000000000000000
0x0000000111db1990:   0000000000000000 0000000000000000 

Instructions: (pc=0x0000000113fb2ce9)
0x0000000113fb2cc9:   ff ff 01 00 00 00 48 8b 85 08 ff ff ff 48 85 c0
0x0000000113fb2cd9:   0f 84 9f 03 00 00 48 8b 85 08 ff ff ff 48 8b 00
0x0000000113fb2ce9:   48 8b 40 78 48 8b bd 08 ff ff ff ff d0 48 89 85
0x0000000113fb2cf9:   30 ff ff ff 48 83 bd 30 ff ff ff 00 74 26 48 8b 

Register to memory mapping:

RAX=0x0000000000000000 is an unknown value
RBX=0x00007fe964b0a970 is an unknown value
RCX=0x0000000111db1774 is an unknown value
RDX=0x0000000000000001 is an unknown value
RSP=0x0000000111db17a0 is an unknown value
RBP=0x0000000111db18d0 is an unknown value
RSI=0x0000000000000000 is an unknown value
RDI=0x0000000000000000 is an unknown value
R8 =0x0000000000000000 is an unknown value
R9 =0x0000000000000003 is an unknown value
R10=0x00007fe9638ac110 is an unknown value
R11=0x00007fe964b00800 is an unknown value
R12=0x00007fff974470c0: objc_msgSend+0 in /usr/lib/libobjc.A.dylib at 0x00007fff97446000
R13=0x0000000111db19a0 is an unknown value
R14=0x0000000000000000 is an unknown value
R15=0x0000000000000000 is an unknown value


Stack: [0x0000000111cb2000,0x0000000111db2000],  sp=0x0000000111db17a0,  free space=1021k
Native frames: (J=compiled Java code, j=interpreted, Vv=VM code, C=native code)
C  [libswt-cocoa-4427.jnilib+0x25ce9]  callback+0x297
C  [libswt-cocoa-4427.jnilib+0x425e]  fn0_2+0x27
C  [AppKit+0x1428f2]  -[NSWindow orderWindow:relativeTo:]+0x76
C  [AppKit+0x23c437]  __18-[NSWindow _close]_block_invoke+0x1bc
C  [AppKit+0x23c245]  -[NSWindow _close]+0x16b
C  [FinderKit+0xa252f]  -[FI_TFloatingInputWindowController dealloc]+0x45
C  [libobjc.A.dylib+0x1f68c]  objc_object::sidetable_release(bool)+0xec
C  [AppKit+0x1226b4]  -[NSWindowController release]+0x9a
C  [FinderKit+0xa2efc]  TRef<FI_TFloatingInputWindowController*, OBJCRetainReleasePolicy<FI_TFloatingInputWindowController*> >::~TRef()+0xc
C  [libsystem_c.dylib+0x5e8ed]  __cxa_finalize_ranges+0x142
C  [libsystem_c.dylib+0x5ebf0]  exit+0x37
V  [libjvm.dylib+0x2d9a9e]  vm_exit(int)+0x0
V  [libjvm.dylib+0x532237]  VM_Operation::evaluate()+0x4f
V  [libjvm.dylib+0x53089b]  VMThread::evaluate_operation(VM_Operation*)+0xdf
V  [libjvm.dylib+0x530ce8]  VMThread::loop()+0x328
V  [libjvm.dylib+0x53060f]  VMThread::run()+0x79
V  [libjvm.dylib+0x420772]  java_start(Thread*)+0x126
C  [libsystem_pthread.dylib+0x32fc]  _pthread_body+0x83
C  [libsystem_pthread.dylib+0x3279]  _pthread_body+0x0
C  [libsystem_pthread.dylib+0x14b1]  thread_start+0xd

VM_Operation (0x000000011905c718): Exit, mode: safepoint, requested by thread 0x00007fe96a8a1800


---------------  P R O C E S S  ---------------

Java Threads: ( => current thread )
  0x00007fe96a8a1800 JavaThread "SIGTERM handler" daemon [_thread_blocked, id=58383, stack(0x0000000118f5d000,0x000000011905d000)]
  0x00007fe962b45000 JavaThread "Thread-12" [_thread_blocked, id=92423, stack(0x0000000119d2b000,0x0000000119e2b000)]
  0x00007fe96b048800 JavaThread "Thread-11" [_thread_blocked, id=92179, stack(0x000000011982e000,0x000000011992e000)]
  0x00007fe96428d000 JavaThread "Thread-10" [_thread_blocked, id=87299, stack(0x000000011c355000,0x000000011c455000)]
  0x00007fe963949000 JavaThread "Thread-9" [_thread_blocked, id=86787, stack(0x000000011c252000,0x000000011c352000)]
  0x00007fe9639ab800 JavaThread "Thread-8" [_thread_blocked, id=86275, stack(0x000000011c14f000,0x000000011c24f000)]
  0x00007fe963900800 JavaThread "Thread-7" [_thread_blocked, id=85763, stack(0x0000000119516000,0x0000000119616000)]
  0x00007fe962919800 JavaThread "Thread-6" [_thread_blocked, id=85251, stack(0x0000000119413000,0x0000000119513000)]
  0x00007fe9628c1000 JavaThread "Thread-5" [_thread_blocked, id=84739, stack(0x0000000119310000,0x0000000119410000)]
  0x00007fe962997000 JavaThread "Thread-4" [_thread_blocked, id=84227, stack(0x000000011920d000,0x000000011930d000)]
  0x00007fe962a12800 JavaThread "Thread-3" [_thread_blocked, id=83715, stack(0x000000011910a000,0x000000011920a000)]
  0x00007fe964242000 JavaThread "Thread-2" [_thread_blocked, id=77571, stack(0x000000011d3f4000,0x000000011d4f4000)]
  0x00007fe96284c000 JavaThread "Thread-1" [_thread_blocked, id=77075, stack(0x000000011d2f1000,0x000000011d3f1000)]
  0x00007fe96282c800 JavaThread "Service Thread" daemon [_thread_blocked, id=19203, stack(0x0000000113b8f000,0x0000000113c8f000)]
  0x00007fe96281e000 JavaThread "C2 CompilerThread1" daemon [_thread_blocked, id=18691, stack(0x0000000113a8c000,0x0000000113b8c000)]
  0x00007fe963803000 JavaThread "C2 CompilerThread0" daemon [_thread_blocked, id=18179, stack(0x0000000113989000,0x0000000113a89000)]
  0x00007fe963802000 JavaThread "Signal Dispatcher" daemon [_thread_blocked, id=17679, stack(0x0000000113886000,0x0000000113986000)]
  0x00007fe965000000 JavaThread "Finalizer" daemon [_thread_blocked, id=13571, stack(0x0000000111eb8000,0x0000000111fb8000)]
  0x00007fe962824800 JavaThread "Reference Handler" daemon [_thread_blocked, id=13059, stack(0x0000000111db5000,0x0000000111eb5000)]
  0x00007fe962813800 JavaThread "main" [_thread_blocked, id=1811, stack(0x00007fff5eb5c000,0x00007fff5ebdc000)]

Other Threads:
=>0x00007fe964045800 VMThread [stack: 0x0000000111cb2000,0x0000000111db2000] [id=12547]

VM state:at safepoint (shutting down)

VM Mutex/Monitor currently owned by a thread:  ([mutex/lock_event])
[0x00007fe962522070] Threads_lock - owner thread: 0x00007fe964045800

Heap
 PSYoungGen      total 76800K, used 25980K [0x00000007aaa80000, 0x00000007b0000000, 0x0000000800000000)
  eden space 66048K, 39% used [0x00000007aaa80000,0x00000007ac3df100,0x00000007aeb00000)
  from space 10752K, 0% used [0x00000007aeb00000,0x00000007aeb00000,0x00000007af580000)
  to   space 10752K, 0% used [0x00000007af580000,0x00000007af580000,0x00000007b0000000)
 ParOldGen       total 200704K, used 126243K [0x0000000700000000, 0x000000070c400000, 0x00000007aaa80000)
  object space 200704K, 62% used [0x0000000700000000,0x0000000707b48cc0,0x000000070c400000)
 PSPermGen       total 21504K, used 11369K [0x00000006fae00000, 0x00000006fc300000, 0x0000000700000000)
  object space 21504K, 52% used [0x00000006fae00000,0x00000006fb91a4b8,0x00000006fc300000)

Card table byte_map: [0x0000000105d1f000,0x0000000106549000] byte_map_base: 0x0000000102548000

Polling page: 0x0000000101177000

Code Cache  [0x0000000102c5f000, 0x0000000102ecf000, 0x0000000105c5f000)
 total_blobs=688 nmethods=279 adapters=363 free_code_cache=47781Kb largest_free_block=48900672

Compilation events (10 events):
Event: 58.461 Thread 0x00007fe96281e000  284             org.eclipse.swt.widgets.Control::release (104 bytes)
Event: 58.465 Thread 0x00007fe96281e000 nmethod 284 0x0000000102db5450 code [0x0000000102db55e0, 0x0000000102db59d8]
Event: 58.640 Thread 0x00007fe963803000  285             org.eclipse.swt.widgets.Shell::isEnabled (9 bytes)
Event: 58.643 Thread 0x00007fe963803000 nmethod 285 0x0000000102d52f90 code [0x0000000102d53100, 0x0000000102d53298]
Event: 104.753 Thread 0x00007fe96281e000  286             org.eclipse.swt.widgets.Composite::isOpaque (66 bytes)
Event: 104.756 Thread 0x00007fe96281e000 nmethod 286 0x0000000102d48190 code [0x0000000102d48380, 0x0000000102d48780]
Event: 104.765 Thread 0x00007fe963803000  287             org.eclipse.swt.internal.cocoa.NSColor::<init> (6 bytes)
Event: 104.766 Thread 0x00007fe963803000 nmethod 287 0x0000000102d52d10 code [0x0000000102d52e40, 0x0000000102d52e98]
Event: 105.614 Thread 0x00007fe96281e000  288             org.eclipse.swt.internal.cocoa.NSColor::colorWithDeviceRed (38 bytes)
Event: 105.615 Thread 0x00007fe96281e000 nmethod 288 0x0000000102db5d90 code [0x0000000102db5ee0, 0x0000000102db5fa8]

GC Heap History (4 events):
Event: 10.583 GC heap before
{Heap before GC invocations=1 (full 0):
 PSYoungGen      total 76800K, used 66048K [0x00000007aaa80000, 0x00000007b0000000, 0x0000000800000000)
  eden space 66048K, 100% used [0x00000007aaa80000,0x00000007aeb00000,0x00000007aeb00000)
  from space 10752K, 0% used [0x00000007af580000,0x00000007af580000,0x00000007b0000000)
  to   space 10752K, 0% used [0x00000007aeb00000,0x00000007aeb00000,0x00000007af580000)
 ParOldGen       total 235008K, used 231386K [0x0000000700000000, 0x000000070e580000, 0x00000007aaa80000)
  object space 235008K, 98% used [0x0000000700000000,0x000000070e1f6bc8,0x000000070e580000)
 PSPermGen       total 21504K, used 10738K [0x00000006fae00000, 0x00000006fc300000, 0x0000000700000000)
  object space 21504K, 49% used [0x00000006fae00000,0x00000006fb87c998,0x00000006fc300000)
Event: 10.591 GC heap after
Heap after GC invocations=1 (full 0):
 PSYoungGen      total 76800K, used 6467K [0x00000007aaa80000, 0x00000007b0000000, 0x0000000800000000)
  eden space 66048K, 0% used [0x00000007aaa80000,0x00000007aaa80000,0x00000007aeb00000)
  from space 10752K, 60% used [0x00000007aeb00000,0x00000007af150c18,0x00000007af580000)
  to   space 10752K, 0% used [0x00000007af580000,0x00000007af580000,0x00000007b0000000)
 ParOldGen       total 235008K, used 231473K [0x0000000700000000, 0x000000070e580000, 0x00000007aaa80000)
  object space 235008K, 98% used [0x0000000700000000,0x000000070e20c750,0x000000070e580000)
 PSPermGen       total 21504K, used 10738K [0x00000006fae00000, 0x00000006fc300000, 0x0000000700000000)
  object space 21504K, 49% used [0x00000006fae00000,0x00000006fb87c998,0x00000006fc300000)
}
Event: 10.591 GC heap before
{Heap before GC invocations=2 (full 1):
 PSYoungGen      total 76800K, used 6467K [0x00000007aaa80000, 0x00000007b0000000, 0x0000000800000000)
  eden space 66048K, 0% used [0x00000007aaa80000,0x00000007aaa80000,0x00000007aeb00000)
  from space 10752K, 60% used [0x00000007aeb00000,0x00000007af150c18,0x00000007af580000)
  to   space 10752K, 0% used [0x00000007af580000,0x00000007af580000,0x00000007b0000000)
 ParOldGen       total 235008K, used 231473K [0x0000000700000000, 0x000000070e580000, 0x00000007aaa80000)
  object space 235008K, 98% used [0x0000000700000000,0x000000070e20c750,0x000000070e580000)
 PSPermGen       total 21504K, used 10738K [0x00000006fae00000, 0x00000006fc300000, 0x0000000700000000)
  object space 21504K, 49% used [0x00000006fae00000,0x00000006fb87c998,0x00000006fc300000)
Event: 10.638 GC heap after
Heap after GC invocations=2 (full 1):
 PSYoungGen      total 76800K, used 0K [0x00000007aaa80000, 0x00000007b0000000, 0x0000000800000000)
  eden space 66048K, 0% used [0x00000007aaa80000,0x00000007aaa80000,0x00000007aeb00000)
  from space 10752K, 0% used [0x00000007aeb00000,0x00000007aeb00000,0x00000007af580000)
  to   space 10752K, 0% used [0x00000007af580000,0x00000007af580000,0x00000007b0000000)
 ParOldGen       total 200704K, used 126243K [0x0000000700000000, 0x000000070c400000, 0x00000007aaa80000)
  object space 200704K, 62% used [0x0000000700000000,0x0000000707b48cc0,0x000000070c400000)
 PSPermGen       total 21504K, used 10735K [0x00000006fae00000, 0x00000006fc300000, 0x0000000700000000)
  object space 21504K, 49% used [0x00000006fae00000,0x00000006fb87beb0,0x00000006fc300000)
}

Deoptimization events (10 events):
Event: 13.981 Thread 0x00007fe962813800 Uncommon trap: reason=class_check action=maybe_recompile pc=0x0000000102d57998 method=org.eclipse.swt.widgets.Display.windowProc(JJJ)J @ 1817
Event: 13.981 Thread 0x00007fe962813800 Uncommon trap: reason=class_check action=maybe_recompile pc=0x0000000102d57998 method=org.eclipse.swt.widgets.Display.windowProc(JJJ)J @ 1817
Event: 14.153 Thread 0x00007fe962813800 Uncommon trap: reason=class_check action=maybe_recompile pc=0x0000000102d822f4 method=org.eclipse.swt.widgets.Display.windowProc(JJ)J @ 218
Event: 14.153 Thread 0x00007fe962813800 Uncommon trap: reason=class_check action=maybe_recompile pc=0x0000000102d822f4 method=org.eclipse.swt.widgets.Display.windowProc(JJ)J @ 218
Event: 14.190 Thread 0x00007fe962813800 Uncommon trap: reason=unreached action=reinterpret pc=0x0000000102d8811c method=org.eclipse.swt.layout.GridLayout.layout(Lorg/eclipse/swt/widgets/Composite;ZIIIIZ)Lorg/eclipse/swt/graphics/Point; @ 1000
Event: 20.776 Thread 0x00007fe962813800 Uncommon trap: reason=unreached action=reinterpret pc=0x0000000102dade50 method=org.eclipse.swt.widgets.Display.windowProc(JJ)J @ 87
Event: 22.253 Thread 0x00007fe962813800 Uncommon trap: reason=class_check action=maybe_recompile pc=0x0000000102da81c4 method=org.eclipse.swt.widgets.Display.windowProc(JJJ)J @ 445
Event: 22.254 Thread 0x00007fe962813800 Uncommon trap: reason=class_check action=maybe_recompile pc=0x0000000102da8194 method=org.eclipse.swt.widgets.Display.windowProc(JJJ)J @ 1337
Event: 22.589 Thread 0x00007fe962813800 Uncommon trap: reason=class_check action=maybe_recompile pc=0x0000000102da81c4 method=org.eclipse.swt.widgets.Display.windowProc(JJJ)J @ 445
Event: 24.730 Thread 0x00007fe962813800 Uncommon trap: reason=unreached action=reinterpret pc=0x0000000102d96c90 method=org.eclipse.swt.widgets.Display.removeContext(Lorg/eclipse/swt/graphics/GCData;)V @ 37

Internal exceptions (10 events):
Event: 14.185 Thread 0x00007fe962813800 Threw 0x00000007ab2b2448 at /HUDSON/workspace/7u-2-build-macosx-x86_64/jdk7u67/1368/hotspot/src/share/vm/prims/jvm.cpp:1244
Event: 14.193 Thread 0x00007fe962813800 Threw 0x00000007ab2bd718 at /HUDSON/workspace/7u-2-build-macosx-x86_64/jdk7u67/1368/hotspot/src/share/vm/prims/jvm.cpp:1244
Event: 14.202 Thread 0x00007fe962813800 Threw 0x00000007ab2c4f68 at /HUDSON/workspace/7u-2-build-macosx-x86_64/jdk7u67/1368/hotspot/src/share/vm/prims/jvm.cpp:1244
Event: 14.203 Thread 0x00007fe962813800 Threw 0x00000007ab2c99f8 at /HUDSON/workspace/7u-2-build-macosx-x86_64/jdk7u67/1368/hotspot/src/share/vm/prims/jvm.cpp:1244
Event: 14.695 Thread 0x00007fe962813800 Threw 0x00000007ab31ad60 at /HUDSON/workspace/7u-2-build-macosx-x86_64/jdk7u67/1368/hotspot/src/share/vm/prims/jvm.cpp:1244
Event: 19.203 Thread 0x00007fe962813800 Threw 0x00000007ab68ef38 at /HUDSON/workspace/7u-2-build-macosx-x86_64/jdk7u67/1368/hotspot/src/share/vm/prims/jvm.cpp:1244
Event: 23.000 Thread 0x00007fe96284c000 Threw 0x00000007ab814e80 at /HUDSON/workspace/7u-2-build-macosx-x86_64/jdk7u67/1368/hotspot/src/share/vm/prims/jvm.cpp:1244
Event: 24.617 Thread 0x00007fe96284c000 Threw 0x00000007ab84e090 at /HUDSON/workspace/7u-2-build-macosx-x86_64/jdk7u67/1368/hotspot/src/share/vm/prims/jvm.cpp:1244
Event: 24.718 Thread 0x00007fe96284c000 Threw 0x00000007ab852e38 at /HUDSON/workspace/7u-2-build-macosx-x86_64/jdk7u67/1368/hotspot/src/share/vm/prims/jvm.cpp:1244
Event: 106.793 Thread 0x00007fe96284c000 Threw 0x00000007ab8a3f90 at /HUDSON/workspace/7u-2-build-macosx-x86_64/jdk7u67/1368/hotspot/src/share/vm/prims/jvm.cpp:1244

Events (10 events):
Event: 106.794 loading class 0x00007fe965047c60 done
Event: 106.794 loading class 0x00007fe965047da0
Event: 106.794 loading class 0x00007fe965047dd0
Event: 106.794 loading class 0x00007fe965047dd0 done
Event: 106.794 loading class 0x00007fe965047da0 done
Event: 106.794 Thread 0x00007fe96a8a3000 Thread added: 0x00007fe96a8a3000
Event: 106.794 Executing VM operation: RevokeBias
Event: 106.794 Executing VM operation: RevokeBias done
Event: 106.794 Thread 0x00007fe96a8a3000 Thread exited: 0x00007fe96a8a3000
Event: 106.795 Executing VM operation: Exit


Dynamic libraries:
0x0000000008bf5000 	/System/Library/Frameworks/Cocoa.framework/Versions/A/Cocoa
0x0000000008bf5000 	/System/Library/Frameworks/Security.framework/Versions/A/Security
0x0000000008bf5000 	/System/Library/Frameworks/ApplicationServices.framework/Versions/A/ApplicationServices
0x0000000008bf5000 	/usr/lib/libz.1.dylib
0x0000000008bf5000 	/usr/lib/libSystem.B.dylib
0x0000000008bf5000 	/usr/lib/libobjc.A.dylib
0x0000000008bf5000 	/System/Library/Frameworks/CoreFoundation.framework/Versions/A/CoreFoundation
0x0000000008bf5000 	/System/Library/Frameworks/Foundation.framework/Versions/C/Foundation
0x0000000008bf5000 	/System/Library/Frameworks/AppKit.framework/Versions/C/AppKit
0x0000000008bf5000 	/System/Library/Frameworks/CoreData.framework/Versions/A/CoreData
0x0000000008bf5000 	/System/Library/PrivateFrameworks/RemoteViewServices.framework/Versions/A/RemoteViewServices
0x0000000008bf5000 	/System/Library/PrivateFrameworks/UIFoundation.framework/Versions/A/UIFoundation
0x0000000008bf5000 	/System/Library/Frameworks/IOSurface.framework/Versions/A/IOSurface
0x0000000008bf5000 	/System/Library/Frameworks/AudioToolbox.framework/Versions/A/AudioToolbox
0x0000000008bf5000 	/System/Library/Frameworks/AudioUnit.framework/Versions/A/AudioUnit
0x0000000008bf5000 	/System/Library/PrivateFrameworks/DataDetectorsCore.framework/Versions/A/DataDetectorsCore
0x0000000008bf5000 	/System/Library/PrivateFrameworks/DesktopServicesPriv.framework/Versions/A/DesktopServicesPriv
0x0000000008bf5000 	/System/Library/Frameworks/Carbon.framework/Versions/A/Frameworks/HIToolbox.framework/Versions/A/HIToolbox
0x0000000008bf5000 	/System/Library/Frameworks/QuartzCore.framework/Versions/A/QuartzCore
0x0000000008bf5000 	/System/Library/Frameworks/Carbon.framework/Versions/A/Frameworks/SpeechRecognition.framework/Versions/A/SpeechRecognition
0x0000000008bf5000 	/usr/lib/libauto.dylib
0x0000000008bf5000 	/usr/lib/libicucore.A.dylib
0x0000000008bf5000 	/usr/lib/libxml2.2.dylib
0x0000000008bf5000 	/System/Library/PrivateFrameworks/CoreUI.framework/Versions/A/CoreUI
0x0000000008bf5000 	/System/Library/Frameworks/CoreAudio.framework/Versions/A/CoreAudio
0x0000000008bf5000 	/System/Library/Frameworks/DiskArbitration.framework/Versions/A/DiskArbitration
0x0000000008bf5000 	/usr/lib/liblangid.dylib
0x0000000008bf5000 	/System/Library/PrivateFrameworks/MultitouchSupport.framework/Versions/A/MultitouchSupport
0x0000000008bf5000 	/System/Library/Frameworks/IOKit.framework/Versions/A/IOKit
0x0000000008bf5000 	/usr/lib/libDiagnosticMessagesClient.dylib
0x0000000008bf5000 	/System/Library/Frameworks/CoreServices.framework/Versions/A/CoreServices
0x0000000008bf5000 	/System/Library/PrivateFrameworks/PerformanceAnalysis.framework/Versions/A/PerformanceAnalysis
0x0000000008bf5000 	/System/Library/PrivateFrameworks/GenerationalStorage.framework/Versions/A/GenerationalStorage
0x0000000008bf5000 	/System/Library/Frameworks/OpenGL.framework/Versions/A/OpenGL
0x0000000008bf5000 	/System/Library/PrivateFrameworks/Sharing.framework/Versions/A/Sharing
0x0000000008bf5000 	/System/Library/Frameworks/CoreGraphics.framework/Versions/A/CoreGraphics
0x0000000008bf5000 	/System/Library/Frameworks/CoreText.framework/Versions/A/CoreText
0x0000000008bf5000 	/System/Library/Frameworks/ImageIO.framework/Versions/A/ImageIO
0x0000000008bf5000 	/usr/lib/libextension.dylib
0x0000000008bf5000 	/System/Library/PrivateFrameworks/Backup.framework/Versions/A/Backup
0x0000000008bf5000 	/usr/lib/libarchive.2.dylib
0x0000000008bf5000 	/System/Library/Frameworks/CFNetwork.framework/Versions/A/CFNetwork
0x0000000008bf5000 	/System/Library/Frameworks/SystemConfiguration.framework/Versions/A/SystemConfiguration
0x0000000008bf5000 	/usr/lib/libCRFSuite.dylib
0x0000000008bf5000 	/usr/lib/libc++.1.dylib
0x0000000008bf5000 	/usr/lib/libc++abi.dylib
0x0000000008bf5000 	/usr/lib/system/libcache.dylib
0x0000000008bf5000 	/usr/lib/system/libcommonCrypto.dylib
0x0000000008bf5000 	/usr/lib/system/libcompiler_rt.dylib
0x0000000008bf5000 	/usr/lib/system/libcopyfile.dylib
0x0000000008bf5000 	/usr/lib/system/libcorecrypto.dylib
0x0000000008bf5000 	/usr/lib/system/libdispatch.dylib
0x0000000008bf5000 	/usr/lib/system/libdyld.dylib
0x0000000008bf5000 	/usr/lib/system/libkeymgr.dylib
0x0000000008bf5000 	/usr/lib/system/liblaunch.dylib
0x0000000008bf5000 	/usr/lib/system/libmacho.dylib
0x0000000008bf5000 	/usr/lib/system/libquarantine.dylib
0x0000000008bf5000 	/usr/lib/system/libremovefile.dylib
0x0000000008bf5000 	/usr/lib/system/libsystem_asl.dylib
0x0000000008bf5000 	/usr/lib/system/libsystem_blocks.dylib
0x0000000008bf5000 	/usr/lib/system/libsystem_c.dylib
0x0000000008bf5000 	/usr/lib/system/libsystem_configuration.dylib
0x0000000008bf5000 	/usr/lib/system/libsystem_coreservices.dylib
0x0000000008bf5000 	/usr/lib/system/libsystem_coretls.dylib
0x0000000008bf5000 	/usr/lib/system/libsystem_dnssd.dylib
0x0000000008bf5000 	/usr/lib/system/libsystem_info.dylib
0x0000000008bf5000 	/usr/lib/system/libsystem_kernel.dylib
0x0000000008bf5000 	/usr/lib/system/libsystem_m.dylib
0x0000000008bf5000 	/usr/lib/system/libsystem_malloc.dylib
0x0000000008bf5000 	/usr/lib/system/libsystem_network.dylib
0x0000000008bf5000 	/usr/lib/system/libsystem_networkextension.dylib
0x0000000008bf5000 	/usr/lib/system/libsystem_notify.dylib
0x0000000008bf5000 	/usr/lib/system/libsystem_platform.dylib
0x0000000008bf5000 	/usr/lib/system/libsystem_pthread.dylib
0x0000000008bf5000 	/usr/lib/system/libsystem_sandbox.dylib
0x0000000008bf5000 	/usr/lib/system/libsystem_secinit.dylib
0x0000000008bf5000 	/usr/lib/system/libsystem_stats.dylib
0x0000000008bf5000 	/usr/lib/system/libsystem_trace.dylib
0x0000000008bf5000 	/usr/lib/system/libunc.dylib
0x0000000008bf5000 	/usr/lib/system/libunwind.dylib
0x0000000008bf5000 	/usr/lib/system/libxpc.dylib
0x0000000008bf5000 	/usr/lib/libbz2.1.0.dylib
0x0000000008bf5000 	/usr/lib/liblzma.5.dylib
0x0000000008bf5000 	/usr/lib/libbsm.0.dylib
0x0000000008bf5000 	/usr/lib/libsqlite3.dylib
0x0000000008bf5000 	/usr/lib/system/libkxld.dylib
0x0000000008bf5000 	/usr/lib/libxar.1.dylib
0x0000000008bf5000 	/usr/lib/libpam.2.dylib
0x0000000008bf5000 	/usr/lib/libOpenScriptingUtil.dylib
0x0000000008bf5000 	/System/Library/Frameworks/CoreServices.framework/Versions/A/Frameworks/FSEvents.framework/Versions/A/FSEvents
0x0000000008bf5000 	/System/Library/Frameworks/CoreServices.framework/Versions/A/Frameworks/CarbonCore.framework/Versions/A/CarbonCore
0x0000000008bf5000 	/System/Library/Frameworks/CoreServices.framework/Versions/A/Frameworks/Metadata.framework/Versions/A/Metadata
0x0000000008bf5000 	/System/Library/Frameworks/CoreServices.framework/Versions/A/Frameworks/OSServices.framework/Versions/A/OSServices
0x0000000008bf5000 	/System/Library/Frameworks/CoreServices.framework/Versions/A/Frameworks/SearchKit.framework/Versions/A/SearchKit
0x0000000008bf5000 	/System/Library/Frameworks/CoreServices.framework/Versions/A/Frameworks/AE.framework/Versions/A/AE
0x0000000008bf5000 	/System/Library/Frameworks/CoreServices.framework/Versions/A/Frameworks/LaunchServices.framework/Versions/A/LaunchServices
0x0000000008bf5000 	/System/Library/Frameworks/CoreServices.framework/Versions/A/Frameworks/DictionaryServices.framework/Versions/A/DictionaryServices
0x0000000008bf5000 	/System/Library/Frameworks/NetFS.framework/Versions/A/NetFS
0x0000000008bf5000 	/System/Library/PrivateFrameworks/NetAuth.framework/Versions/A/NetAuth
0x0000000008bf5000 	/System/Library/PrivateFrameworks/login.framework/Versions/A/Frameworks/loginsupport.framework/Versions/A/loginsupport
0x0000000008bf5000 	/System/Library/PrivateFrameworks/TCC.framework/Versions/A/TCC
0x0000000008bf5000 	/usr/lib/libmecabra.dylib
0x0000000008bf5000 	/System/Library/PrivateFrameworks/LanguageModeling.framework/Versions/A/LanguageModeling
0x0000000008bf5000 	/usr/lib/libcmph.dylib
0x0000000008bf5000 	/usr/lib/libiconv.2.dylib
0x0000000008bf5000 	/System/Library/Frameworks/OpenDirectory.framework/Versions/A/Frameworks/CFOpenDirectory.framework/Versions/A/CFOpenDirectory
0x0000000008bf5000 	/System/Library/Frameworks/ServiceManagement.framework/Versions/A/ServiceManagement
0x0000000008bf5000 	/usr/lib/libxslt.1.dylib
0x0000000008bf5000 	/System/Library/Frameworks/Carbon.framework/Versions/A/Frameworks/Ink.framework/Versions/A/Ink
0x0000000008bf5000 	/System/Library/Frameworks/ApplicationServices.framework/Versions/A/Frameworks/ATS.framework/Versions/A/ATS
0x0000000008bf5000 	/System/Library/Frameworks/ApplicationServices.framework/Versions/A/Frameworks/ColorSync.framework/Versions/A/ColorSync
0x0000000008bf5000 	/System/Library/Frameworks/ApplicationServices.framework/Versions/A/Frameworks/HIServices.framework/Versions/A/HIServices
0x0000000008bf5000 	/System/Library/Frameworks/ApplicationServices.framework/Versions/A/Frameworks/LangAnalysis.framework/Versions/A/LangAnalysis
0x0000000008bf5000 	/System/Library/Frameworks/ApplicationServices.framework/Versions/A/Frameworks/PrintCore.framework/Versions/A/PrintCore
0x0000000008bf5000 	/System/Library/Frameworks/ApplicationServices.framework/Versions/A/Frameworks/QD.framework/Versions/A/QD
0x0000000008bf5000 	/System/Library/Frameworks/ApplicationServices.framework/Versions/A/Frameworks/SpeechSynthesis.framework/Versions/A/SpeechSynthesis
0x0000000008bf5000 	/System/Library/Frameworks/Accelerate.framework/Versions/A/Accelerate
0x0000000008bf5000 	/System/Library/Frameworks/Accelerate.framework/Versions/A/Frameworks/vImage.framework/Versions/A/vImage
0x0000000008bf5000 	/System/Library/Frameworks/Accelerate.framework/Versions/A/Frameworks/vecLib.framework/Versions/A/vecLib
0x0000000008bf5000 	/System/Library/Frameworks/Accelerate.framework/Versions/A/Frameworks/vecLib.framework/Versions/A/libvDSP.dylib
0x0000000008bf5000 	/System/Library/Frameworks/Accelerate.framework/Versions/A/Frameworks/vecLib.framework/Versions/A/libvMisc.dylib
0x0000000008bf5000 	/System/Library/Frameworks/Accelerate.framework/Versions/A/Frameworks/vecLib.framework/Versions/A/libLAPACK.dylib
0x0000000008bf5000 	/System/Library/Frameworks/Accelerate.framework/Versions/A/Frameworks/vecLib.framework/Versions/A/libBLAS.dylib
0x0000000008bf5000 	/System/Library/Frameworks/Accelerate.framework/Versions/A/Frameworks/vecLib.framework/Versions/A/libLinearAlgebra.dylib
0x0000000008bf5000 	/System/Library/Frameworks/ApplicationServices.framework/Versions/A/Frameworks/ATS.framework/Versions/A/Resources/libFontParser.dylib
0x0000000008bf5000 	/System/Library/Frameworks/ApplicationServices.framework/Versions/A/Frameworks/ATS.framework/Versions/A/Resources/libFontRegistry.dylib
0x0000000008bf5000 	/System/Library/PrivateFrameworks/AppleVPA.framework/Versions/A/AppleVPA
0x0000000008bf5000 	/System/Library/PrivateFrameworks/AppleJPEG.framework/Versions/A/AppleJPEG
0x0000000008bf5000 	/System/Library/Frameworks/ImageIO.framework/Versions/A/Resources/libJPEG.dylib
0x0000000008bf5000 	/System/Library/Frameworks/ImageIO.framework/Versions/A/Resources/libTIFF.dylib
0x0000000008bf5000 	/System/Library/Frameworks/ImageIO.framework/Versions/A/Resources/libPng.dylib
0x0000000008bf5000 	/System/Library/Frameworks/ImageIO.framework/Versions/A/Resources/libGIF.dylib
0x0000000008bf5000 	/System/Library/Frameworks/ImageIO.framework/Versions/A/Resources/libJP2.dylib
0x0000000008bf5000 	/System/Library/Frameworks/ImageIO.framework/Versions/A/Resources/libRadiance.dylib
0x0000000008bf5000 	/System/Library/Frameworks/CoreVideo.framework/Versions/A/CoreVideo
0x0000000008bf5000 	/System/Library/Frameworks/OpenGL.framework/Versions/A/Libraries/libGLU.dylib
0x0000000008bf5000 	/System/Library/Frameworks/OpenGL.framework/Versions/A/Libraries/libGFXShared.dylib
0x0000000008bf5000 	/System/Library/Frameworks/OpenGL.framework/Versions/A/Libraries/libGL.dylib
0x0000000008bf5000 	/System/Library/Frameworks/OpenGL.framework/Versions/A/Libraries/libGLImage.dylib
0x0000000008bf5000 	/System/Library/Frameworks/OpenGL.framework/Versions/A/Libraries/libCVMSPluginSupport.dylib
0x0000000008bf5000 	/System/Library/Frameworks/OpenGL.framework/Versions/A/Libraries/libCoreVMClient.dylib
0x0000000008bf5000 	/usr/lib/libcups.2.dylib
0x0000000008bf5000 	/System/Library/Frameworks/Kerberos.framework/Versions/A/Kerberos
0x0000000008bf5000 	/System/Library/Frameworks/GSS.framework/Versions/A/GSS
0x0000000008bf5000 	/usr/lib/libresolv.9.dylib
0x0000000008bf5000 	/System/Library/PrivateFrameworks/Heimdal.framework/Versions/A/Heimdal
0x0000000008bf5000 	/usr/lib/libheimdal-asn1.dylib
0x0000000008bf5000 	/System/Library/Frameworks/OpenDirectory.framework/Versions/A/OpenDirectory
0x0000000008bf5000 	/System/Library/PrivateFrameworks/CommonAuth.framework/Versions/A/CommonAuth
0x0000000008bf5000 	/System/Library/Frameworks/SecurityFoundation.framework/Versions/A/SecurityFoundation
0x0000000008bf5000 	/System/Library/Frameworks/QuartzCore.framework/Versions/A/Frameworks/CoreImage.framework/Versions/A/CoreImage
0x0000000008bf5000 	/System/Library/PrivateFrameworks/CrashReporterSupport.framework/Versions/A/CrashReporterSupport
0x0000000008bf5000 	/System/Library/Frameworks/OpenCL.framework/Versions/A/OpenCL
0x0000000008bf5000 	/System/Library/PrivateFrameworks/FaceCore.framework/Versions/A/FaceCore
0x0000000008bf5000 	/System/Library/PrivateFrameworks/Ubiquity.framework/Versions/A/Ubiquity
0x0000000008bf5000 	/System/Library/PrivateFrameworks/IconServices.framework/Versions/A/IconServices
0x0000000008bf5000 	/System/Library/PrivateFrameworks/ChunkingLibrary.framework/Versions/A/ChunkingLibrary
0x0000000008bf5000 	/System/Library/PrivateFrameworks/Apple80211.framework/Versions/A/Apple80211
0x0000000008bf5000 	/System/Library/Frameworks/CoreWLAN.framework/Versions/A/CoreWLAN
0x0000000008bf5000 	/System/Library/Frameworks/IOBluetooth.framework/Versions/A/IOBluetooth
0x0000000008bf5000 	/System/Library/PrivateFrameworks/CoreWiFi.framework/Versions/A/CoreWiFi
0x0000000008bf5000 	/System/Library/Frameworks/CoreBluetooth.framework/Versions/A/CoreBluetooth
0x0000000008bf5000 	/System/Library/PrivateFrameworks/DebugSymbols.framework/Versions/A/DebugSymbols
0x0000000008bf5000 	/System/Library/PrivateFrameworks/CoreSymbolication.framework/Versions/A/CoreSymbolication
0x0000000008bf5000 	/System/Library/PrivateFrameworks/Symbolication.framework/Versions/A/Symbolication
0x0000000008bf5000 	/System/Library/PrivateFrameworks/SpeechRecognitionCore.framework/Versions/A/SpeechRecognitionCore
0x0000000102200000 	/Library/Java/JavaVirtualMachines/jdk1.7.0_67.jdk/Contents/Home/jre/lib/server/libjvm.dylib
0x0000000008bf5000 	/usr/lib/libstdc++.6.dylib
0x000000010113a000 	/Library/Java/JavaVirtualMachines/jdk1.7.0_67.jdk/Contents/Home/jre/lib/libverify.dylib
0x0000000101147000 	/Library/Java/JavaVirtualMachines/jdk1.7.0_67.jdk/Contents/Home/jre/lib/libjava.dylib
0x0000000101180000 	/Library/Java/JavaVirtualMachines/jdk1.7.0_67.jdk/Contents/Home/jre/lib/libzip.dylib
0x0000000111fba000 	/System/Library/Frameworks/JavaVM.framework/Frameworks/JavaRuntimeSupport.framework/JavaRuntimeSupport
0x0000000111fd0000 	/System/Library/Frameworks/JavaVM.framework/Versions/A/Frameworks/JavaNativeFoundation.framework/Versions/A/JavaNativeFoundation
0x0000000111fe4000 	/System/Library/Frameworks/JavaVM.framework/Versions/A/JavaVM
0x0000000008bf5000 	/System/Library/Frameworks/Carbon.framework/Versions/A/Carbon
0x0000000111ff0000 	/System/Library/PrivateFrameworks/JavaLaunching.framework/Versions/A/JavaLaunching
0x0000000008bf5000 	/System/Library/Frameworks/Carbon.framework/Versions/A/Frameworks/CommonPanels.framework/Versions/A/CommonPanels
0x0000000008bf5000 	/System/Library/Frameworks/Carbon.framework/Versions/A/Frameworks/Help.framework/Versions/A/Help
0x0000000008bf5000 	/System/Library/Frameworks/Carbon.framework/Versions/A/Frameworks/ImageCapture.framework/Versions/A/ImageCapture
0x0000000008bf5000 	/System/Library/Frameworks/Carbon.framework/Versions/A/Frameworks/OpenScripting.framework/Versions/A/OpenScripting
0x0000000008bf5000 	/System/Library/Frameworks/Carbon.framework/Versions/A/Frameworks/Print.framework/Versions/A/Print
0x0000000008bf5000 	/System/Library/Frameworks/Carbon.framework/Versions/A/Frameworks/SecurityHI.framework/Versions/A/SecurityHI
0x0000000113f8d000 	/Users/tony/.swt/lib/macosx/x86_64/libswt-cocoa-4427.jnilib
0x0000000008bf5000 	/System/Library/Frameworks/WebKit.framework/Versions/A/WebKit
0x0000000008bf5000 	/System/Library/Frameworks/JavaScriptCore.framework/Versions/A/JavaScriptCore
0x0000000008bf5000 	/System/Library/Frameworks/SecurityInterface.framework/Versions/A/SecurityInterface
0x0000000008bf5000 	/System/Library/Frameworks/WebKit.framework/Versions/A/Frameworks/WebKitLegacy.framework/Versions/A/WebKitLegacy
0x0000000008bf5000 	/System/Library/Frameworks/WebKit.framework/Versions/A/Frameworks/WebCore.framework/Versions/A/WebCore
0x0000000113fda000 	/Users/tony/.swt/lib/macosx/x86_64/libswt-pi-cocoa-4427.jnilib
0x0000000008bf5000 	/System/Library/PrivateFrameworks/CoreServicesInternal.framework/Versions/A/CoreServicesInternal
0x0000000008bf5000 	/System/Library/PrivateFrameworks/CloudDocs.framework/Versions/A/CloudDocs
0x0000000008bf5000 	/System/Library/PrivateFrameworks/CoreDuet.framework/Versions/A/CoreDuet
0x0000000008bf5000 	/System/Library/Frameworks/CloudKit.framework/Versions/A/CloudKit
0x0000000008bf5000 	/System/Library/PrivateFrameworks/ProtocolBuffer.framework/Versions/A/ProtocolBuffer
0x0000000008bf5000 	/System/Library/PrivateFrameworks/CoreDuetDaemonProtocol.framework/Versions/A/CoreDuetDaemonProtocol
0x0000000008bf5000 	/System/Library/PrivateFrameworks/CoreDuetDebugLogging.framework/Versions/A/CoreDuetDebugLogging
0x0000000008bf5000 	/System/Library/Frameworks/CoreLocation.framework/Versions/A/CoreLocation
0x0000000008bf5000 	/System/Library/Frameworks/Accounts.framework/Versions/A/Accounts
0x0000000008bf5000 	/System/Library/PrivateFrameworks/ApplePushService.framework/Versions/A/ApplePushService
0x0000000008bf5000 	/System/Library/PrivateFrameworks/GeoServices.framework/Versions/A/GeoServices
0x0000000008bf5000 	/System/Library/PrivateFrameworks/OAuth.framework/Versions/A/OAuth
0x0000000008bf5000 	/System/Library/PrivateFrameworks/CoreDaemon.framework/Versions/B/CoreDaemon
0x0000000008bf5000 	/usr/lib/libcrypto.0.9.8.dylib
0x0000000008bf5000 	/System/Library/PrivateFrameworks/AppleSRP.framework/Versions/A/AppleSRP
0x0000000008bf5000 	/System/Library/PrivateFrameworks/TrustEvaluationAgent.framework/Versions/A/TrustEvaluationAgent
0x0000000008bf5000 	/System/Library/Frameworks/CoreGraphics.framework/Versions/A/Resources/libCGCMS.A.dylib
0x0000000008bf5000 	/System/Library/Frameworks/CoreGraphics.framework/Versions/A/Resources/libCGXType.A.dylib
0x0000000008bf5000 	/System/Library/Frameworks/CoreGraphics.framework/Versions/A/Resources/libRIP.A.dylib
0x0000000008bf5000 	/System/Library/PrivateFrameworks/FinderKit.framework/Versions/A/FinderKit
0x0000000008bf5000 	/System/Library/PrivateFrameworks/Suggestions.framework/Versions/A/Suggestions
0x0000000008bf5000 	/System/Library/Frameworks/Quartz.framework/Versions/A/Frameworks/QuickLookUI.framework/Versions/A/QuickLookUI
0x0000000008bf5000 	/System/Library/Frameworks/Quartz.framework/Versions/A/Frameworks/ImageKit.framework/Versions/A/ImageKit
0x0000000008bf5000 	/System/Library/PrivateFrameworks/Bom.framework/Versions/A/Bom
0x0000000008bf5000 	/System/Library/Frameworks/QuickLook.framework/Versions/A/QuickLook
0x0000000008bf5000 	/System/Library/PrivateFrameworks/SystemAdministration.framework/Versions/A/SystemAdministration
0x0000000008bf5000 	/System/Library/PrivateFrameworks/DiskImages.framework/Versions/A/DiskImages
0x0000000008bf5000 	/System/Library/PrivateFrameworks/AppleSystemInfo.framework/Versions/A/AppleSystemInfo
0x0000000008bf5000 	/System/Library/Frameworks/ImageCaptureCore.framework/Versions/A/ImageCaptureCore
0x0000000008bf5000 	/System/Library/Frameworks/AddressBook.framework/Versions/A/AddressBook
0x0000000008bf5000 	/System/Library/PrivateFrameworks/IntlPreferences.framework/Versions/A/IntlPreferences
0x0000000008bf5000 	/System/Library/PrivateFrameworks/ToneLibrary.framework/Versions/A/ToneLibrary
0x0000000008bf5000 	/System/Library/PrivateFrameworks/ToneKit.framework/Versions/A/ToneKit
0x0000000008bf5000 	/System/Library/PrivateFrameworks/vCard.framework/Versions/A/vCard
0x0000000008bf5000 	/System/Library/PrivateFrameworks/ContactsData.framework/Versions/A/ContactsData
0x0000000008bf5000 	/System/Library/PrivateFrameworks/ContactsFoundation.framework/Versions/A/ContactsFoundation
0x0000000008bf5000 	/System/Library/Frameworks/DirectoryService.framework/Versions/A/DirectoryService
0x0000000008bf5000 	/System/Library/PrivateFrameworks/PhoneNumbers.framework/Versions/A/PhoneNumbers
0x0000000008bf5000 	/System/Library/Frameworks/Quartz.framework/Versions/A/Quartz
0x0000000008bf5000 	/System/Library/Frameworks/LDAP.framework/Versions/A/LDAP
0x0000000008bf5000 	/System/Library/Frameworks/AVFoundation.framework/Versions/A/AVFoundation
0x0000000008bf5000 	/System/Library/Frameworks/AVFoundation.framework/Versions/A/Resources/libAVFAudio.dylib
0x0000000008bf5000 	/System/Library/Frameworks/CoreMedia.framework/Versions/A/CoreMedia
0x0000000008bf5000 	/System/Library/Frameworks/MediaToolbox.framework/Versions/A/MediaToolbox
0x0000000008bf5000 	/System/Library/Frameworks/VideoToolbox.framework/Versions/A/VideoToolbox
0x0000000008bf5000 	/System/Library/Frameworks/CoreMediaIO.framework/Versions/A/CoreMediaIO
0x0000000008bf5000 	/System/Library/PrivateFrameworks/MediaControlSender.framework/Versions/A/MediaControlSender
0x0000000008bf5000 	/System/Library/PrivateFrameworks/CoreAVCHD.framework/Versions/A/CoreAVCHD
0x0000000008bf5000 	/System/Library/Frameworks/MediaAccessibility.framework/Versions/A/MediaAccessibility
0x0000000008bf5000 	/System/Library/PrivateFrameworks/Mangrove.framework/Versions/A/Mangrove
0x0000000008bf5000 	/System/Library/PrivateFrameworks/CoreAUC.framework/Versions/A/CoreAUC
0x0000000008bf5000 	/System/Library/PrivateFrameworks/NetworkStatistics.framework/Versions/A/NetworkStatistics
0x0000000008bf5000 	/System/Library/PrivateFrameworks/AirPlaySupport.framework/Versions/A/AirPlaySupport
0x0000000008bf5000 	/System/Library/PrivateFrameworks/CoreUtils.framework/Versions/A/CoreUtils
0x0000000008bf5000 	/System/Library/PrivateFrameworks/AppleVA.framework/Versions/A/AppleVA
0x0000000008bf5000 	/System/Library/PrivateFrameworks/XPCService.framework/Versions/A/XPCService
0x0000000008bf5000 	/System/Library/PrivateFrameworks/AppSandbox.framework/Versions/A/AppSandbox
0x0000000008bf5000 	/usr/lib/libsandbox.1.dylib
0x0000000008bf5000 	/System/Library/PrivateFrameworks/AppContainer.framework/Versions/A/AppContainer
0x0000000008bf5000 	/System/Library/PrivateFrameworks/SecCodeWrapper.framework/Versions/A/SecCodeWrapper
0x0000000008bf5000 	/usr/lib/libMatch.1.dylib
0x0000000008bf5000 	/usr/lib/libspindump.dylib
0x0000000008bf5000 	/System/Library/Frameworks/QTKit.framework/Versions/A/QTKit
0x0000000008bf5000 	/System/Library/PrivateFrameworks/CoreMediaAuthoring.framework/Versions/A/CoreMediaAuthoring
0x0000000008bf5000 	/System/Library/Frameworks/Quartz.framework/Versions/A/Frameworks/QuartzComposer.framework/Versions/A/QuartzComposer
0x0000000008bf5000 	/System/Library/Frameworks/Quartz.framework/Versions/A/Frameworks/PDFKit.framework/Versions/A/PDFKit
0x0000000008bf5000 	/System/Library/Frameworks/Quartz.framework/Versions/A/Frameworks/QuartzFilters.framework/Versions/A/QuartzFilters
0x0000000008bf5000 	/System/Library/PrivateFrameworks/CorePDF.framework/Versions/A/CorePDF
0x0000000008bf5000 	/System/Library/PrivateFrameworks/DisplayServices.framework/Versions/A/DisplayServices
0x0000000008bf5000 	/usr/lib/libsasl2.2.dylib
0x0000000008bf5000 	/System/Library/PrivateFrameworks/AppleFSCompression.framework/Versions/A/AppleFSCompression
0x0000000008bf5000 	/System/Library/PrivateFrameworks/LoginUIKit.framework/Versions/A/Frameworks/LoginUICore.framework/Versions/A/LoginUICore
0x0000000008bf5000 	/usr/lib/libCoreStorage.dylib
0x0000000008bf5000 	/usr/lib/libcsfde.dylib
0x0000000008bf5000 	/usr/lib/libodfde.dylib
0x0000000008bf5000 	/System/Library/Frameworks/DiscRecording.framework/Versions/A/DiscRecording
0x0000000008bf5000 	/usr/lib/libcurl.4.dylib
0x0000000008bf5000 	/System/Library/PrivateFrameworks/MediaKit.framework/Versions/A/MediaKit
0x0000000008bf5000 	/System/Library/PrivateFrameworks/ProtectedCloudStorage.framework/Versions/A/ProtectedCloudStorage
0x0000000008bf5000 	/System/Library/PrivateFrameworks/EFILogin.framework/Versions/A/EFILogin
0x0000000008bf5000 	/usr/lib/libutil.dylib
0x0000000008bf5000 	/System/Library/PrivateFrameworks/FindMyDevice.framework/Versions/A/FindMyDevice
0x0000000116814000 	/System/Library/PrivateFrameworks/CacheDelete.framework/CacheDelete
0x0000000008bf5000 	/System/Library/PrivateFrameworks/PlugInKit.framework/Versions/A/PlugInKit
0x0000000116ad8000 	/System/Library/PrivateFrameworks/FileProvider.framework/FileProvider
0x0000000008bf5000 	/System/Library/Frameworks/OpenGL.framework/Versions/A/Resources/GLEngine.bundle/GLEngine
0x0000000008bf5000 	/System/Library/Frameworks/OpenGL.framework/Versions/A/Libraries/libGLProgrammability.dylib
0x0000000000000000 	/System/Library/Extensions/AppleIntelHD4000GraphicsGLDriver.bundle/Contents/MacOS/AppleIntelHD4000GraphicsGLDriver
0x0000000008bf5000 	/System/Library/PrivateFrameworks/IOAccelerator.framework/Versions/A/IOAccelerator
0x0000000008bf5000 	/System/Library/PrivateFrameworks/GPUSupport.framework/Versions/A/Libraries/libGPUSupportMercury.dylib
0x0000000000000000 	/System/Library/Extensions/GeForceGLDriver.bundle/Contents/MacOS/GeForceGLDriver
0x0000000008bf5000 	/System/Library/Extensions/GeForceGLDriver.bundle/Contents/MacOS/libclh.dylib
0x0000000008bf5000 	/System/Library/Frameworks/OpenGL.framework/Versions/A/Resources/GLRendererFloat.bundle/GLRendererFloat
0x0000000008bf5000 	/System/Library/Frameworks/OpenCL.framework/Versions/A/Libraries/libcldcpuengine.dylib
0x0000000118c8d000 	cl_kernels
0x0000000118c8f000 	/System/Library/Frameworks/OpenCL.framework/Versions/A/Libraries/ImageFormats/unorm8_bgra.dylib
0x0000000118c7f000 	cl_kernels
0x0000000118e3a000 	/System/Library/Frameworks/OpenCL.framework/Versions/A/Libraries/ImageFormats/unorm8_rgba.dylib
0x000000011a4ee000 	cl_kernels
0x0000000008bf5000 	/System/Library/PrivateFrameworks/FamilyControls.framework/Versions/A/FamilyControls
0x0000000008bf5000 	/System/Library/PrivateFrameworks/CommerceKit.framework/Versions/A/Frameworks/CommerceCore.framework/Versions/A/CommerceCore
0x000000011a84d000 	/System/Library/Frameworks/Security.framework/PlugIns/csparser.bundle/Contents/MacOS/csparser
0x000000011a2ee000 	cl_kernels
0x000000011a2f2000 	cl_kernels
0x0000000008bf5000 	/System/Library/CoreServices/RawCamera.bundle/Contents/MacOS/RawCamera
0x0000000117def000 	/Library/Java/JavaVirtualMachines/jdk1.7.0_67.jdk/Contents/Home/jre/lib/libnio.dylib
0x000000011a3e7000 	/Library/Java/JavaVirtualMachines/jdk1.7.0_67.jdk/Contents/Home/jre/lib/./libnet.dylib
0x0000000008bf5000 	/System/Library/Frameworks/Accelerate.framework/Versions/A/Frameworks/vImage.framework/Versions/A/Libraries/libCGInterfaces.dylib
0x0000000117d4e000 	/System/Library/Frameworks/ApplicationServices.framework/Frameworks/ATS.framework/Resources/libFontRegistryUI.dylib
0x0000000117d07000 	/System/Library/Frameworks/ApplicationServices.framework/Versions/A/Frameworks/ATS.framework/Versions/A/Resources/ATSHI.dylib

VM Arguments:
jvm_args: -Dfile.encoding=UTF-8 
java_command: tool.xmodeler.XModeler ./ini.txt
Launcher Type: SUN_STANDARD

Environment Variables:
PATH=/usr/bin:/bin:/usr/sbin:/sbin
SHELL=/bin/bash

Signal Handlers:
SIGSEGV: [libjvm.dylib+0x52b6c9], sa_mask[0]=0xfffefeff, sa_flags=0x00000043
SIGBUS: [libjvm.dylib+0x52b6c9], sa_mask[0]=0xfffefeff, sa_flags=0x00000042
SIGFPE: [libjvm.dylib+0x41deaa], sa_mask[0]=0xfffefeff, sa_flags=0x00000042
SIGPIPE: [libjvm.dylib+0x41deaa], sa_mask[0]=0xfffefeff, sa_flags=0x00000042
SIGXFSZ: [libjvm.dylib+0x41deaa], sa_mask[0]=0xfffefeff, sa_flags=0x00000042
SIGILL: [libjvm.dylib+0x41deaa], sa_mask[0]=0xfffefeff, sa_flags=0x00000042
SIGUSR1: SIG_DFL, sa_mask[0]=0x00000000, sa_flags=0x00000000
SIGUSR2: [libjvm.dylib+0x41d99c], sa_mask[0]=0x00000004, sa_flags=0x00000042
SIGHUP: [libjvm.dylib+0x41bc2d], sa_mask[0]=0xfffefeff, sa_flags=0x00000042
SIGINT: [libjvm.dylib+0x41bc2d], sa_mask[0]=0xfffefeff, sa_flags=0x00000042
SIGTERM: [libjvm.dylib+0x41bc2d], sa_mask[0]=0xfffefeff, sa_flags=0x00000042
SIGQUIT: [libjvm.dylib+0x41bc2d], sa_mask[0]=0xfffefeff, sa_flags=0x00000042


---------------  S Y S T E M  ---------------

OS:Bsduname:Darwin 14.0.0 Darwin Kernel Version 14.0.0: Fri Sep 19 00:26:44 PDT 2014; root:xnu-2782.1.97~2/RELEASE_X86_64 x86_64
rlimit: STACK 8192k, CORE 0k, NPROC 709, NOFILE 10240, AS infinity
load average:1.94 1.72 1.60

CPU:total 8 (4 cores per cpu, 2 threads per core) family 6 model 58 stepping 9, cmov, cx8, fxsr, mmx, sse, sse2, sse3, ssse3, sse4.1, sse4.2, popcnt, avx, aes, erms, ht, tsc, tscinvbit, tscinv

Memory: 4k page, physical 16777216k(4194304k free)

/proc/meminfo:


vm_info: Java HotSpot(TM) 64-Bit Server VM (24.65-b04) for bsd-amd64 JRE (1.7.0_67-b01), built on Jul 25 2014 08:51:51 by "java_re" with gcc 4.2.1 (Based on Apple Inc. build 5658) (LLVM build 2336.11.00)

time: Tue Nov 25 14:42:44 2014
elapsed time: 106 seconds

