#
# A fatal error has been detected by the Java Runtime Environment:
#
#  SIGSEGV (0xb) at pc=0x0000000119732ce9, pid=5975, tid=12547
#
# JRE version: Java(TM) SE Runtime Environment (7.0_67-b01) (build 1.7.0_67-b01)
# Java VM: Java HotSpot(TM) 64-Bit Server VM (24.65-b04 mixed mode bsd-amd64 compressed oops)
# Problematic frame:
# C  [libswt-cocoa-4427.jnilib+0x25ce9]  callback+0x297
#
# Failed to write core dump. Core dumps have been disabled. To enable core dumping, try "ulimit -c unlimited" before starting Java again
#
# If you would like to submit a bug report, please visit:
#   http://bugreport.sun.com/bugreport/crash.jsp
#

---------------  T H R E A D  ---------------

Current thread (0x00007fb36280e800):  VMThread [stack: 0x00000001172a8000,0x00000001173a8000] [id=12547]

siginfo:si_signo=SIGSEGV: si_errno=0, si_code=1 (SEGV_MAPERR), si_addr=0x0000000000000078

Registers:
RAX=0x0000000000000000, RBX=0x00007fb3634208f0, RCX=0x00000001173a7774, RDX=0x0000000000000001
RSP=0x00000001173a77a0, RBP=0x00000001173a78d0, RSI=0x0000000000000000, RDI=0x0000000000000000
R8 =0x0000000000000001, R9 =0x00007fb368400000, R10=0x00007fb3619cc510, R11=0x00007fb360f602b0
R12=0x00007fff8e8b30c0, R13=0x00000001173a79a0, R14=0x0000000000000000, R15=0x0000000000000000
RIP=0x0000000119732ce9, EFLAGS=0x0000000000010206, ERR=0x0000000000000004
  TRAPNO=0x000000000000000e

Top of Stack: (sp=0x00000001173a77a0)
0x00000001173a77a0:   0000000119732adb 00007fff00000000
0x00000001173a77b0:   00007fff7d45c8e0 000000007d45c8e4
0x00000001173a77c0:   00007fff7d45c8e8 00007fff9b16dcf1
0x00000001173a77d0:   00007fff7d45c8e4 00007fb36280e9e8
0x00000001173a77e0:   00007fb360d01088 00007fb360c34658
0x00000001173a77f0:   000000020001187c 0000000000000000
0x00000001173a7800:   00007fff7d45c8c8 00007fff00000000
0x00000001173a7810:   00000001173a7860 00007fff8e8c7aea
0x00000001173a7820:   00007fb3634208f0 00007fb360f5fd20
0x00000001173a7830:   00007fff9b16f631 0000000000000000
0x00000001173a7840:   0000000000000001 00007fb368400000
0x00000001173a7850:   0000000000000000 0000000000000000
0x00000001173a7860:   00000001173a7930 00007fff8e8b31ac
0x00000001173a7870:   00007fb368400000 0000000000000001
0x00000001173a7880:   0000000000000000 0000000000000000
0x00000001173a7890:   00007fff9b16dcf1 00007fb3634208f0
0x00000001173a78a0:   0000000000000000 00007fff7deedc40
0x00000001173a78b0:   0000000000000000 0000000000000000
0x00000001173a78c0:   0000000000000000 0000000000000000
0x00000001173a78d0:   00000001173a78f0 000000011971125e
0x00000001173a78e0:   00007fff9b16f631 00007fb360f5fd20
0x00000001173a78f0:   00000001173a7930 00007fff9a9318f2
0x00000001173a7900:   0000000000000000 0000000000000000
0x00000001173a7910:   00007fff8e8b30c0 00000000000000e0
0x00000001173a7920:   0000000000000000 0000000000000000
0x00000001173a7930:   00000001173a7970 00007fff9aa2b437
0x00000001173a7940:   0000000000000000 00007fb3634208f0
0x00000001173a7950:   00000000000000f8 00007fff8e8b30c0
0x00000001173a7960:   0000000000000000 00007fff7d45ef00
0x00000001173a7970:   00000001173a79f0 00007fff9aa2b245
0x00000001173a7980:   0000000000000000 0000000000000000
0x00000001173a7990:   0000000000000000 0000000000000000 

Instructions: (pc=0x0000000119732ce9)
0x0000000119732cc9:   ff ff 01 00 00 00 48 8b 85 08 ff ff ff 48 85 c0
0x0000000119732cd9:   0f 84 9f 03 00 00 48 8b 85 08 ff ff ff 48 8b 00
0x0000000119732ce9:   48 8b 40 78 48 8b bd 08 ff ff ff ff d0 48 89 85
0x0000000119732cf9:   30 ff ff ff 48 83 bd 30 ff ff ff 00 74 26 48 8b 

Register to memory mapping:

RAX=0x0000000000000000 is an unknown value
RBX=0x00007fb3634208f0 is an unknown value
RCX=0x00000001173a7774 is an unknown value
RDX=0x0000000000000001 is an unknown value
RSP=0x00000001173a77a0 is an unknown value
RBP=0x00000001173a78d0 is an unknown value
RSI=0x0000000000000000 is an unknown value
RDI=0x0000000000000000 is an unknown value
R8 =0x0000000000000001 is an unknown value
R9 =0x00007fb368400000 is an unknown value
R10=0x00007fb3619cc510 is an unknown value
R11=0x00007fb360f602b0 is an unknown value
R12=0x00007fff8e8b30c0: objc_msgSend+0 in /usr/lib/libobjc.A.dylib at 0x00007fff8e8b2000
R13=0x00000001173a79a0 is an unknown value
R14=0x0000000000000000 is an unknown value
R15=0x0000000000000000 is an unknown value


Stack: [0x00000001172a8000,0x00000001173a8000],  sp=0x00000001173a77a0,  free space=1021k
Native frames: (J=compiled Java code, j=interpreted, Vv=VM code, C=native code)
C  [libswt-cocoa-4427.jnilib+0x25ce9]  callback+0x297
C  [libswt-cocoa-4427.jnilib+0x425e]  fn0_2+0x27
C  [AppKit+0x1428f2]  -[NSWindow orderWindow:relativeTo:]+0x76
C  [AppKit+0x23c437]  __18-[NSWindow _close]_block_invoke+0x1bc
C  [AppKit+0x23c245]  -[NSWindow _close]+0x16b
C  [FinderKit+0xa252f]  -[FI_TFloatingInputWindowController dealloc]+0x45
C  [libobjc.A.dylib+0x1f68c]  _ZN11objc_object17sidetable_releaseEb+0xec
C  [AppKit+0x1226b4]  -[NSWindowController release]+0x9a
C  [FinderKit+0xa2efc]  _ZN4TRefIP33FI_TFloatingInputWindowController23OBJCRetainReleasePolicyIS1_EED2Ev+0xc
C  [libsystem_c.dylib+0x5e8ed]  __cxa_finalize_ranges+0x142
C  [libsystem_c.dylib+0x5ebf0]  exit+0x37
V  [libjvm.dylib+0x2d9a9e]
V  [libjvm.dylib+0x532237]
V  [libjvm.dylib+0x53089b]
V  [libjvm.dylib+0x530ce8]
V  [libjvm.dylib+0x53060f]
V  [libjvm.dylib+0x420772]
C  [libsystem_pthread.dylib+0x32fc]  _pthread_body+0x83
C  [libsystem_pthread.dylib+0x3279]  _pthread_body+0x0
C  [libsystem_pthread.dylib+0x14b1]  thread_start+0xd

VM_Operation (0x000000011e07d668): Exit, mode: safepoint, requested by thread 0x00007fb36296e000


---------------  P R O C E S S  ---------------

Java Threads: ( => current thread )
  0x00007fb369253800 JavaThread "DestroyJavaVM" [_thread_blocked, id=1811, stack(0x00007fff59572000,0x00007fff595f2000)]
  0x00007fb3618fe000 JavaThread "Thread-11" [_thread_blocked, id=92419, stack(0x000000011e590000,0x000000011e690000)]
  0x00007fb3629a2000 JavaThread "Thread-10" [_thread_blocked, id=91907, stack(0x000000011e48d000,0x000000011e58d000)]
  0x00007fb3628ae000 JavaThread "Thread-9" [_thread_blocked, id=91395, stack(0x000000011e38a000,0x000000011e48a000)]
  0x00007fb3618ab000 JavaThread "Thread-8" [_thread_blocked, id=90887, stack(0x000000011e287000,0x000000011e387000)]
  0x00007fb36217b800 JavaThread "Thread-7" [_thread_blocked, id=90371, stack(0x000000011e184000,0x000000011e284000)]
  0x00007fb3612b2000 JavaThread "Thread-6" [_thread_blocked, id=89859, stack(0x000000011e081000,0x000000011e181000)]
  0x00007fb36296e000 JavaThread "Thread-5" [_thread_blocked, id=89355, stack(0x000000011df7e000,0x000000011e07e000)]
  0x00007fb3618c7000 JavaThread "Thread-4" [_thread_blocked, id=88591, stack(0x000000011de7b000,0x000000011df7b000)]
  0x00007fb361283800 JavaThread "Thread-3" [_thread_blocked, id=88359, stack(0x000000011dd78000,0x000000011de78000)]
  0x00007fb3619f5000 JavaThread "Thread-2" [_thread_blocked, id=78595, stack(0x00000001265b6000,0x00000001266b6000)]
  0x00007fb361199800 JavaThread "Thread-1" [_thread_blocked, id=78019, stack(0x00000001247fa000,0x00000001248fa000)]
  0x00007fb362011800 JavaThread "Service Thread" daemon [_thread_blocked, id=19459, stack(0x00000001191fd000,0x00000001192fd000)]
  0x00007fb362813000 JavaThread "C2 CompilerThread1" daemon [_thread_blocked, id=18947, stack(0x00000001190fa000,0x00000001191fa000)]
  0x00007fb362811000 JavaThread "C2 CompilerThread0" daemon [_thread_blocked, id=18435, stack(0x0000000118ff7000,0x00000001190f7000)]
  0x00007fb36106a000 JavaThread "Signal Dispatcher" daemon [_thread_blocked, id=17931, stack(0x0000000118ef4000,0x0000000118ff4000)]
  0x00007fb36280f000 JavaThread "Finalizer" daemon [_thread_blocked, id=13571, stack(0x00000001174ae000,0x00000001175ae000)]
  0x00007fb36104b800 JavaThread "Reference Handler" daemon [_thread_blocked, id=13059, stack(0x00000001173ab000,0x00000001174ab000)]

Other Threads:
=>0x00007fb36280e800 VMThread [stack: 0x00000001172a8000,0x00000001173a8000] [id=12547]

VM state:at safepoint (shutting down)

VM Mutex/Monitor currently owned by a thread:  ([mutex/lock_event])
[0x00007fb360e041d0] Threads_lock - owner thread: 0x00007fb36280e800

Heap
 PSYoungGen      total 49664K, used 39273K [0x00000007aaa80000, 0x00000007ae680000, 0x0000000800000000)
  eden space 49152K, 79% used [0x00000007aaa80000,0x00000007ad09a520,0x00000007ada80000)
  from space 512K, 50% used [0x00000007adb80000,0x00000007adbc0000,0x00000007adc00000)
  to   space 6144K, 0% used [0x00000007ae080000,0x00000007ae080000,0x00000007ae680000)
 ParOldGen       total 235008K, used 185361K [0x0000000700000000, 0x000000070e580000, 0x00000007aaa80000)
  object space 235008K, 78% used [0x0000000700000000,0x000000070b504700,0x000000070e580000)
 PSPermGen       total 21504K, used 11544K [0x00000006fae00000, 0x00000006fc300000, 0x0000000700000000)
  object space 21504K, 53% used [0x00000006fae00000,0x00000006fb9462a0,0x00000006fc300000)

Card table byte_map: [0x000000010b31f000,0x000000010bb49000] byte_map_base: 0x0000000107b48000

Polling page: 0x0000000106761000

Code Cache  [0x000000010825f000, 0x00000001084ff000, 0x000000010b25f000)
 total_blobs=1131 nmethods=731 adapters=354 free_code_cache=46539Kb largest_free_block=47599168

Compilation events (10 events):
Event: 3934.478 Thread 0x00007fb362811000  758             org.eclipse.swt.custom.StyledText::setScrollBar (88 bytes)
Event: 3934.487 Thread 0x00007fb362811000 nmethod 758 0x000000010845ff90 code [0x0000000108460280, 0x0000000108460fc0]
Event: 3942.277 Thread 0x00007fb362813000  759             org.eclipse.swt.internal.Callback::<init> (9 bytes)
Event: 3942.277 Thread 0x00007fb362811000  760             org.eclipse.swt.internal.Callback::<init> (11 bytes)
Event: 3942.279 Thread 0x00007fb362813000 nmethod 759 0x0000000108462b90 code [0x0000000108462d00, 0x0000000108462f58]
Event: 3942.279 Thread 0x00007fb362811000 nmethod 760 0x00000001084625d0 code [0x0000000108462740, 0x00000001084629f8]
Event: 3942.279 Thread 0x00007fb362811000  761             org.eclipse.swt.internal.Callback::<init> (170 bytes)
Event: 3942.281 Thread 0x00007fb362811000 nmethod 761 0x000000010845f9d0 code [0x000000010845fb40, 0x000000010845fe18]
Event: 3942.488 Thread 0x00007fb362813000  763             org.eclipse.swt.internal.Callback::dispose (33 bytes)
Event: 3942.488 Thread 0x00007fb362813000 nmethod 763 0x000000010845f210 code [0x000000010845f360, 0x000000010845f408]

GC Heap History (10 events):
Event: 3749.016 GC heap before
{Heap before GC invocations=15 (full 0):
 PSYoungGen      total 60416K, used 54496K [0x00000007aaa80000, 0x00000007aed80000, 0x0000000800000000)
  eden space 54272K, 100% used [0x00000007aaa80000,0x00000007adf80000,0x00000007adf80000)
  from space 6144K, 3% used [0x00000007ae780000,0x00000007ae7b8000,0x00000007aed80000)
  to   space 7168K, 0% used [0x00000007adf80000,0x00000007adf80000,0x00000007ae680000)
 ParOldGen       total 235008K, used 185108K [0x0000000700000000, 0x000000070e580000, 0x00000007aaa80000)
  object space 235008K, 78% used [0x0000000700000000,0x000000070b4c5148,0x000000070e580000)
 PSPermGen       total 21504K, used 11491K [0x00000006fae00000, 0x00000006fc300000, 0x0000000700000000)
  object space 21504K, 53% used [0x00000006fae00000,0x00000006fb938c10,0x00000006fc300000)
Event: 3749.018 GC heap after
Heap after GC invocations=15 (full 0):
 PSYoungGen      total 53760K, used 243K [0x00000007aaa80000, 0x00000007aec80000, 0x0000000800000000)
  eden space 53248K, 0% used [0x00000007aaa80000,0x00000007aaa80000,0x00000007ade80000)
  from space 512K, 47% used [0x00000007adf80000,0x00000007adfbcd28,0x00000007ae000000)
  to   space 7168K, 0% used [0x00000007ae580000,0x00000007ae580000,0x00000007aec80000)
 ParOldGen       total 235008K, used 185148K [0x0000000700000000, 0x000000070e580000, 0x00000007aaa80000)
  object space 235008K, 78% used [0x0000000700000000,0x000000070b4cf148,0x000000070e580000)
 PSPermGen       total 21504K, used 11491K [0x00000006fae00000, 0x00000006fc300000, 0x0000000700000000)
  object space 21504K, 53% used [0x00000006fae00000,0x00000006fb938c10,0x00000006fc300000)
}
Event: 3781.594 GC heap before
{Heap before GC invocations=16 (full 0):
 PSYoungGen      total 53760K, used 53491K [0x00000007aaa80000, 0x00000007aec80000, 0x0000000800000000)
  eden space 53248K, 100% used [0x00000007aaa80000,0x00000007ade80000,0x00000007ade80000)
  from space 512K, 47% used [0x00000007adf80000,0x00000007adfbcd28,0x00000007ae000000)
  to   space 7168K, 0% used [0x00000007ae580000,0x00000007ae580000,0x00000007aec80000)
 ParOldGen       total 235008K, used 185148K [0x0000000700000000, 0x000000070e580000, 0x00000007aaa80000)
  object space 235008K, 78% used [0x0000000700000000,0x000000070b4cf148,0x000000070e580000)
 PSPermGen       total 21504K, used 11505K [0x00000006fae00000, 0x00000006fc300000, 0x0000000700000000)
  object space 21504K, 53% used [0x00000006fae00000,0x00000006fb93c7f0,0x00000006fc300000)
Event: 3781.596 GC heap after
Heap after GC invocations=16 (full 0):
 PSYoungGen      total 57344K, used 256K [0x00000007aaa80000, 0x00000007aea80000, 0x0000000800000000)
  eden space 52224K, 0% used [0x00000007aaa80000,0x00000007aaa80000,0x00000007add80000)
  from space 5120K, 5% used [0x00000007ae580000,0x00000007ae5c0000,0x00000007aea80000)
  to   space 6656K, 0% used [0x00000007add80000,0x00000007add80000,0x00000007ae400000)
 ParOldGen       total 235008K, used 185196K [0x0000000700000000, 0x000000070e580000, 0x00000007aaa80000)
  object space 235008K, 78% used [0x0000000700000000,0x000000070b4db148,0x000000070e580000)
 PSPermGen       total 21504K, used 11505K [0x00000006fae00000, 0x00000006fc300000, 0x0000000700000000)
  object space 21504K, 53% used [0x00000006fae00000,0x00000006fb93c7f0,0x00000006fc300000)
}
Event: 3820.091 GC heap before
{Heap before GC invocations=17 (full 0):
 PSYoungGen      total 57344K, used 52480K [0x00000007aaa80000, 0x00000007aea80000, 0x0000000800000000)
  eden space 52224K, 100% used [0x00000007aaa80000,0x00000007add80000,0x00000007add80000)
  from space 5120K, 5% used [0x00000007ae580000,0x00000007ae5c0000,0x00000007aea80000)
  to   space 6656K, 0% used [0x00000007add80000,0x00000007add80000,0x00000007ae400000)
 ParOldGen       total 235008K, used 185196K [0x0000000700000000, 0x000000070e580000, 0x00000007aaa80000)
  object space 235008K, 78% used [0x0000000700000000,0x000000070b4db148,0x000000070e580000)
 PSPermGen       total 21504K, used 11513K [0x00000006fae00000, 0x00000006fc300000, 0x0000000700000000)
  object space 21504K, 53% used [0x00000006fae00000,0x00000006fb93e788,0x00000006fc300000)
Event: 3820.093 GC heap after
Heap after GC invocations=17 (full 0):
 PSYoungGen      total 51712K, used 224K [0x00000007aaa80000, 0x00000007ae980000, 0x0000000800000000)
  eden space 51200K, 0% used [0x00000007aaa80000,0x00000007aaa80000,0x00000007adc80000)
  from space 512K, 43% used [0x00000007add80000,0x00000007addb8000,0x00000007ade00000)
  to   space 6656K, 0% used [0x00000007ae300000,0x00000007ae300000,0x00000007ae980000)
 ParOldGen       total 235008K, used 185260K [0x0000000700000000, 0x000000070e580000, 0x00000007aaa80000)
  object space 235008K, 78% used [0x0000000700000000,0x000000070b4eb148,0x000000070e580000)
 PSPermGen       total 21504K, used 11513K [0x00000006fae00000, 0x00000006fc300000, 0x0000000700000000)
  object space 21504K, 53% used [0x00000006fae00000,0x00000006fb93e788,0x00000006fc300000)
}
Event: 3861.080 GC heap before
{Heap before GC invocations=18 (full 0):
 PSYoungGen      total 51712K, used 51424K [0x00000007aaa80000, 0x00000007ae980000, 0x0000000800000000)
  eden space 51200K, 100% used [0x00000007aaa80000,0x00000007adc80000,0x00000007adc80000)
  from space 512K, 43% used [0x00000007add80000,0x00000007addb8000,0x00000007ade00000)
  to   space 6656K, 0% used [0x00000007ae300000,0x00000007ae300000,0x00000007ae980000)
 ParOldGen       total 235008K, used 185260K [0x0000000700000000, 0x000000070e580000, 0x00000007aaa80000)
  object space 235008K, 78% used [0x0000000700000000,0x000000070b4eb148,0x000000070e580000)
 PSPermGen       total 21504K, used 11518K [0x00000006fae00000, 0x00000006fc300000, 0x0000000700000000)
  object space 21504K, 53% used [0x00000006fae00000,0x00000006fb93fa98,0x00000006fc300000)
Event: 3861.082 GC heap after
Heap after GC invocations=18 (full 0):
 PSYoungGen      total 54784K, used 244K [0x00000007aaa80000, 0x00000007ae780000, 0x0000000800000000)
  eden space 50176K, 0% used [0x00000007aaa80000,0x00000007aaa80000,0x00000007adb80000)
  from space 4608K, 5% used [0x00000007ae300000,0x00000007ae33d018,0x00000007ae780000)
  to   space 6144K, 0% used [0x00000007adb80000,0x00000007adb80000,0x00000007ae180000)
 ParOldGen       total 235008K, used 185316K [0x0000000700000000, 0x000000070e580000, 0x00000007aaa80000)
  object space 235008K, 78% used [0x0000000700000000,0x000000070b4f9148,0x000000070e580000)
 PSPermGen       total 21504K, used 11518K [0x00000006fae00000, 0x00000006fc300000, 0x0000000700000000)
  object space 21504K, 53% used [0x00000006fae00000,0x00000006fb93fa98,0x00000006fc300000)
}
Event: 3901.749 GC heap before
{Heap before GC invocations=19 (full 0):
 PSYoungGen      total 54784K, used 50420K [0x00000007aaa80000, 0x00000007ae780000, 0x0000000800000000)
  eden space 50176K, 100% used [0x00000007aaa80000,0x00000007adb80000,0x00000007adb80000)
  from space 4608K, 5% used [0x00000007ae300000,0x00000007ae33d018,0x00000007ae780000)
  to   space 6144K, 0% used [0x00000007adb80000,0x00000007adb80000,0x00000007ae180000)
 ParOldGen       total 235008K, used 185316K [0x0000000700000000, 0x000000070e580000, 0x00000007aaa80000)
  object space 235008K, 78% used [0x0000000700000000,0x000000070b4f9148,0x000000070e580000)
 PSPermGen       total 21504K, used 11523K [0x00000006fae00000, 0x00000006fc300000, 0x0000000700000000)
  object space 21504K, 53% used [0x00000006fae00000,0x00000006fb940de0,0x00000006fc300000)
Event: 3901.750 GC heap after
Heap after GC invocations=19 (full 0):
 PSYoungGen      total 49664K, used 256K [0x00000007aaa80000, 0x00000007ae680000, 0x0000000800000000)
  eden space 49152K, 0% used [0x00000007aaa80000,0x00000007aaa80000,0x00000007ada80000)
  from space 512K, 50% used [0x00000007adb80000,0x00000007adbc0000,0x00000007adc00000)
  to   space 6144K, 0% used [0x00000007ae080000,0x00000007ae080000,0x00000007ae680000)
 ParOldGen       total 235008K, used 185361K [0x0000000700000000, 0x000000070e580000, 0x00000007aaa80000)
  object space 235008K, 78% used [0x0000000700000000,0x000000070b504700,0x000000070e580000)
 PSPermGen       total 21504K, used 11523K [0x00000006fae00000, 0x00000006fc300000, 0x0000000700000000)
  object space 21504K, 53% used [0x00000006fae00000,0x00000006fb940de0,0x00000006fc300000)
}

Deoptimization events (10 events):
Event: 3490.156 Thread 0x00007fb362800000 Uncommon trap: reason=class_check action=maybe_recompile pc=0x00000001083f5e00 method=org.eclipse.swt.widgets.Display.windowProc(JJJ)J @ 445
Event: 3492.977 Thread 0x00007fb362800000 Uncommon trap: reason=class_check action=maybe_recompile pc=0x0000000108409b58 method=org.eclipse.swt.graphics.TextLayout.setStyle(Lorg/eclipse/swt/graphics/TextStyle;II)V @ 214
Event: 3492.978 Thread 0x00007fb362800000 Uncommon trap: reason=unreached action=reinterpret pc=0x000000010842abf0 method=org.eclipse.swt.graphics.TextLayout.computeRuns()V @ 696
Event: 3492.979 Thread 0x00007fb362800000 Uncommon trap: reason=unreached action=reinterpret pc=0x0000000108464f7c method=org.eclipse.swt.custom.StyledTextRenderer.getTextLayout(IIII)Lorg/eclipse/swt/graphics/TextLayout; @ 39
Event: 3492.981 Thread 0x00007fb362800000 Uncommon trap: reason=class_check action=maybe_recompile pc=0x0000000108409b58 method=org.eclipse.swt.graphics.TextLayout.setStyle(Lorg/eclipse/swt/graphics/TextStyle;II)V @ 214
Event: 3492.991 Thread 0x00007fb362800000 Uncommon trap: reason=unreached action=reinterpret pc=0x000000010833d2b0 method=org.eclipse.swt.widgets.Display.GetWidget(J)Lorg/eclipse/swt/widgets/Widget; @ 30
Event: 3493.030 Thread 0x00007fb362800000 Uncommon trap: reason=unreached action=reinterpret pc=0x0000000108361618 method=org.eclipse.swt.widgets.Display.GetWidget(J)Lorg/eclipse/swt/widgets/Widget; @ 30
Event: 3493.053 Thread 0x00007fb362800000 Uncommon trap: reason=unreached action=reinterpret pc=0x000000010838fc90 method=org.eclipse.swt.widgets.Display.GetWidget(J)Lorg/eclipse/swt/widgets/Widget; @ 30
Event: 3516.939 Thread 0x00007fb362800000 Uncommon trap: reason=bimorphic action=maybe_recompile pc=0x0000000108485208 method=org.eclipse.swt.widgets.Control.calculateVisibleRegion(Lorg/eclipse/swt/internal/cocoa/NSView;JZ)V @ 13
Event: 3516.940 Thread 0x00007fb362800000 Uncommon trap: reason=bimorphic action=maybe_recompile pc=0x0000000108485208 method=org.eclipse.swt.widgets.Control.calculateVisibleRegion(Lorg/eclipse/swt/internal/cocoa/NSView;JZ)V @ 13

Internal exceptions (10 events):
Event: 3493.001 Thread 0x00007fb362800000 Threw 0x00000007ad80b5f0 at /HUDSON/workspace/7u-2-build-macosx-x86_64/jdk7u67/1368/hotspot/src/share/vm/prims/jvm.cpp:1244
Event: 3493.002 Thread 0x00007fb362800000 Threw 0x00000007ad811250 at /HUDSON/workspace/7u-2-build-macosx-x86_64/jdk7u67/1368/hotspot/src/share/vm/prims/jvm.cpp:1244
Event: 3493.003 Thread 0x00007fb362800000 Threw 0x00000007ad8164e8 at /HUDSON/workspace/7u-2-build-macosx-x86_64/jdk7u67/1368/hotspot/src/share/vm/prims/jvm.cpp:1244
Event: 3493.003 Thread 0x00007fb362800000 Threw 0x00000007ad81b720 at /HUDSON/workspace/7u-2-build-macosx-x86_64/jdk7u67/1368/hotspot/src/share/vm/prims/jvm.cpp:1244
Event: 3493.004 Thread 0x00007fb362800000 Threw 0x00000007ad821128 at /HUDSON/workspace/7u-2-build-macosx-x86_64/jdk7u67/1368/hotspot/src/share/vm/prims/jvm.cpp:1244
Event: 3493.019 Thread 0x00007fb362800000 Threw 0x00000007ad838df0 at /HUDSON/workspace/7u-2-build-macosx-x86_64/jdk7u67/1368/hotspot/src/share/vm/prims/jvm.cpp:1244
Event: 3493.021 Thread 0x00007fb362800000 Threw 0x00000007ad83ff10 at /HUDSON/workspace/7u-2-build-macosx-x86_64/jdk7u67/1368/hotspot/src/share/vm/prims/jvm.cpp:1244
Event: 3493.023 Thread 0x00007fb362800000 Threw 0x00000007ad845b90 at /HUDSON/workspace/7u-2-build-macosx-x86_64/jdk7u67/1368/hotspot/src/share/vm/prims/jvm.cpp:1244
Event: 3493.030 Thread 0x00007fb362800000 Threw 0x00000007ad854b50 at /HUDSON/workspace/7u-2-build-macosx-x86_64/jdk7u67/1368/hotspot/src/share/vm/prims/jvm.cpp:1244
Event: 3782.739 Thread 0x00007fb362800000 Threw 0x00000007aab63ce8 at /HUDSON/workspace/7u-2-build-macosx-x86_64/jdk7u67/1368/hotspot/src/share/vm/prims/jvm.cpp:1244

Events (10 events):
Event: 3953.839 Executing VM operation: RevokeBias done
Event: 3953.839 Executing VM operation: RevokeBias
Event: 3953.839 Executing VM operation: RevokeBias done
Event: 3953.840 loading class 0x00007fb361158da0
Event: 3953.840 loading class 0x00007fb361158dd0
Event: 3953.840 loading class 0x00007fb361158dd0 done
Event: 3953.840 loading class 0x00007fb361158da0 done
Event: 3953.840 Thread 0x00007fb369254800 Thread added: 0x00007fb369254800
Event: 3953.840 Thread 0x00007fb369254800 Thread exited: 0x00007fb369254800
Event: 3953.841 Executing VM operation: Exit


Dynamic libraries:
0x000000000d155000 	/System/Library/Frameworks/Cocoa.framework/Versions/A/Cocoa
0x000000000d155000 	/System/Library/Frameworks/Security.framework/Versions/A/Security
0x000000000d155000 	/System/Library/Frameworks/ApplicationServices.framework/Versions/A/ApplicationServices
0x000000000d155000 	/usr/lib/libz.1.dylib
0x000000000d155000 	/usr/lib/libSystem.B.dylib
0x000000000d155000 	/usr/lib/libobjc.A.dylib
0x000000000d155000 	/System/Library/Frameworks/CoreFoundation.framework/Versions/A/CoreFoundation
0x000000000d155000 	/System/Library/Frameworks/Foundation.framework/Versions/C/Foundation
0x000000000d155000 	/System/Library/Frameworks/AppKit.framework/Versions/C/AppKit
0x000000000d155000 	/System/Library/Frameworks/CoreData.framework/Versions/A/CoreData
0x000000000d155000 	/System/Library/PrivateFrameworks/RemoteViewServices.framework/Versions/A/RemoteViewServices
0x000000000d155000 	/System/Library/PrivateFrameworks/UIFoundation.framework/Versions/A/UIFoundation
0x000000000d155000 	/System/Library/Frameworks/IOSurface.framework/Versions/A/IOSurface
0x000000000d155000 	/System/Library/Frameworks/AudioToolbox.framework/Versions/A/AudioToolbox
0x000000000d155000 	/System/Library/Frameworks/AudioUnit.framework/Versions/A/AudioUnit
0x000000000d155000 	/System/Library/PrivateFrameworks/DataDetectorsCore.framework/Versions/A/DataDetectorsCore
0x000000000d155000 	/System/Library/PrivateFrameworks/DesktopServicesPriv.framework/Versions/A/DesktopServicesPriv
0x000000000d155000 	/System/Library/Frameworks/Carbon.framework/Versions/A/Frameworks/HIToolbox.framework/Versions/A/HIToolbox
0x000000000d155000 	/System/Library/Frameworks/QuartzCore.framework/Versions/A/QuartzCore
0x000000000d155000 	/System/Library/Frameworks/Carbon.framework/Versions/A/Frameworks/SpeechRecognition.framework/Versions/A/SpeechRecognition
0x000000000d155000 	/usr/lib/libauto.dylib
0x000000000d155000 	/usr/lib/libicucore.A.dylib
0x000000000d155000 	/usr/lib/libxml2.2.dylib
0x000000000d155000 	/System/Library/PrivateFrameworks/CoreUI.framework/Versions/A/CoreUI
0x000000000d155000 	/System/Library/Frameworks/CoreAudio.framework/Versions/A/CoreAudio
0x000000000d155000 	/System/Library/Frameworks/DiskArbitration.framework/Versions/A/DiskArbitration
0x000000000d155000 	/usr/lib/liblangid.dylib
0x000000000d155000 	/System/Library/PrivateFrameworks/MultitouchSupport.framework/Versions/A/MultitouchSupport
0x000000000d155000 	/System/Library/Frameworks/IOKit.framework/Versions/A/IOKit
0x000000000d155000 	/usr/lib/libDiagnosticMessagesClient.dylib
0x000000000d155000 	/System/Library/Frameworks/CoreServices.framework/Versions/A/CoreServices
0x000000000d155000 	/System/Library/PrivateFrameworks/PerformanceAnalysis.framework/Versions/A/PerformanceAnalysis
0x000000000d155000 	/System/Library/PrivateFrameworks/GenerationalStorage.framework/Versions/A/GenerationalStorage
0x000000000d155000 	/System/Library/Frameworks/OpenGL.framework/Versions/A/OpenGL
0x000000000d155000 	/System/Library/PrivateFrameworks/Sharing.framework/Versions/A/Sharing
0x000000000d155000 	/System/Library/Frameworks/CoreGraphics.framework/Versions/A/CoreGraphics
0x000000000d155000 	/System/Library/Frameworks/CoreText.framework/Versions/A/CoreText
0x000000000d155000 	/System/Library/Frameworks/ImageIO.framework/Versions/A/ImageIO
0x000000000d155000 	/usr/lib/libextension.dylib
0x000000000d155000 	/System/Library/PrivateFrameworks/Backup.framework/Versions/A/Backup
0x000000000d155000 	/usr/lib/libarchive.2.dylib
0x000000000d155000 	/System/Library/Frameworks/CFNetwork.framework/Versions/A/CFNetwork
0x000000000d155000 	/System/Library/Frameworks/SystemConfiguration.framework/Versions/A/SystemConfiguration
0x000000000d155000 	/usr/lib/libCRFSuite.dylib
0x000000000d155000 	/usr/lib/libc++.1.dylib
0x000000000d155000 	/usr/lib/libc++abi.dylib
0x000000000d155000 	/usr/lib/system/libcache.dylib
0x000000000d155000 	/usr/lib/system/libcommonCrypto.dylib
0x000000000d155000 	/usr/lib/system/libcompiler_rt.dylib
0x000000000d155000 	/usr/lib/system/libcopyfile.dylib
0x000000000d155000 	/usr/lib/system/libcorecrypto.dylib
0x000000000d155000 	/usr/lib/system/libdispatch.dylib
0x000000000d155000 	/usr/lib/system/libdyld.dylib
0x000000000d155000 	/usr/lib/system/libkeymgr.dylib
0x000000000d155000 	/usr/lib/system/liblaunch.dylib
0x000000000d155000 	/usr/lib/system/libmacho.dylib
0x000000000d155000 	/usr/lib/system/libquarantine.dylib
0x000000000d155000 	/usr/lib/system/libremovefile.dylib
0x000000000d155000 	/usr/lib/system/libsystem_asl.dylib
0x000000000d155000 	/usr/lib/system/libsystem_blocks.dylib
0x000000000d155000 	/usr/lib/system/libsystem_c.dylib
0x000000000d155000 	/usr/lib/system/libsystem_configuration.dylib
0x000000000d155000 	/usr/lib/system/libsystem_coreservices.dylib
0x000000000d155000 	/usr/lib/system/libsystem_coretls.dylib
0x000000000d155000 	/usr/lib/system/libsystem_dnssd.dylib
0x000000000d155000 	/usr/lib/system/libsystem_info.dylib
0x000000000d155000 	/usr/lib/system/libsystem_kernel.dylib
0x000000000d155000 	/usr/lib/system/libsystem_m.dylib
0x000000000d155000 	/usr/lib/system/libsystem_malloc.dylib
0x000000000d155000 	/usr/lib/system/libsystem_network.dylib
0x000000000d155000 	/usr/lib/system/libsystem_networkextension.dylib
0x000000000d155000 	/usr/lib/system/libsystem_notify.dylib
0x000000000d155000 	/usr/lib/system/libsystem_platform.dylib
0x000000000d155000 	/usr/lib/system/libsystem_pthread.dylib
0x000000000d155000 	/usr/lib/system/libsystem_sandbox.dylib
0x000000000d155000 	/usr/lib/system/libsystem_secinit.dylib
0x000000000d155000 	/usr/lib/system/libsystem_stats.dylib
0x000000000d155000 	/usr/lib/system/libsystem_trace.dylib
0x000000000d155000 	/usr/lib/system/libunc.dylib
0x000000000d155000 	/usr/lib/system/libunwind.dylib
0x000000000d155000 	/usr/lib/system/libxpc.dylib
0x000000000d155000 	/usr/lib/libbz2.1.0.dylib
0x000000000d155000 	/usr/lib/liblzma.5.dylib
0x000000000d155000 	/usr/lib/libbsm.0.dylib
0x000000000d155000 	/usr/lib/libsqlite3.dylib
0x000000000d155000 	/usr/lib/system/libkxld.dylib
0x000000000d155000 	/usr/lib/libxar.1.dylib
0x000000000d155000 	/usr/lib/libpam.2.dylib
0x000000000d155000 	/usr/lib/libOpenScriptingUtil.dylib
0x000000000d155000 	/System/Library/Frameworks/CoreServices.framework/Versions/A/Frameworks/FSEvents.framework/Versions/A/FSEvents
0x000000000d155000 	/System/Library/Frameworks/CoreServices.framework/Versions/A/Frameworks/CarbonCore.framework/Versions/A/CarbonCore
0x000000000d155000 	/System/Library/Frameworks/CoreServices.framework/Versions/A/Frameworks/Metadata.framework/Versions/A/Metadata
0x000000000d155000 	/System/Library/Frameworks/CoreServices.framework/Versions/A/Frameworks/OSServices.framework/Versions/A/OSServices
0x000000000d155000 	/System/Library/Frameworks/CoreServices.framework/Versions/A/Frameworks/SearchKit.framework/Versions/A/SearchKit
0x000000000d155000 	/System/Library/Frameworks/CoreServices.framework/Versions/A/Frameworks/AE.framework/Versions/A/AE
0x000000000d155000 	/System/Library/Frameworks/CoreServices.framework/Versions/A/Frameworks/LaunchServices.framework/Versions/A/LaunchServices
0x000000000d155000 	/System/Library/Frameworks/CoreServices.framework/Versions/A/Frameworks/DictionaryServices.framework/Versions/A/DictionaryServices
0x000000000d155000 	/System/Library/Frameworks/NetFS.framework/Versions/A/NetFS
0x000000000d155000 	/System/Library/PrivateFrameworks/NetAuth.framework/Versions/A/NetAuth
0x000000000d155000 	/System/Library/PrivateFrameworks/login.framework/Versions/A/Frameworks/loginsupport.framework/Versions/A/loginsupport
0x000000000d155000 	/System/Library/PrivateFrameworks/TCC.framework/Versions/A/TCC
0x000000000d155000 	/usr/lib/libmecabra.dylib
0x000000000d155000 	/System/Library/PrivateFrameworks/LanguageModeling.framework/Versions/A/LanguageModeling
0x000000000d155000 	/usr/lib/libcmph.dylib
0x000000000d155000 	/usr/lib/libiconv.2.dylib
0x000000000d155000 	/System/Library/Frameworks/OpenDirectory.framework/Versions/A/Frameworks/CFOpenDirectory.framework/Versions/A/CFOpenDirectory
0x000000000d155000 	/System/Library/Frameworks/ServiceManagement.framework/Versions/A/ServiceManagement
0x000000000d155000 	/usr/lib/libxslt.1.dylib
0x000000000d155000 	/System/Library/Frameworks/Carbon.framework/Versions/A/Frameworks/Ink.framework/Versions/A/Ink
0x000000000d155000 	/System/Library/Frameworks/ApplicationServices.framework/Versions/A/Frameworks/ATS.framework/Versions/A/ATS
0x000000000d155000 	/System/Library/Frameworks/ApplicationServices.framework/Versions/A/Frameworks/ColorSync.framework/Versions/A/ColorSync
0x000000000d155000 	/System/Library/Frameworks/ApplicationServices.framework/Versions/A/Frameworks/HIServices.framework/Versions/A/HIServices
0x000000000d155000 	/System/Library/Frameworks/ApplicationServices.framework/Versions/A/Frameworks/LangAnalysis.framework/Versions/A/LangAnalysis
0x000000000d155000 	/System/Library/Frameworks/ApplicationServices.framework/Versions/A/Frameworks/PrintCore.framework/Versions/A/PrintCore
0x000000000d155000 	/System/Library/Frameworks/ApplicationServices.framework/Versions/A/Frameworks/QD.framework/Versions/A/QD
0x000000000d155000 	/System/Library/Frameworks/ApplicationServices.framework/Versions/A/Frameworks/SpeechSynthesis.framework/Versions/A/SpeechSynthesis
0x000000000d155000 	/System/Library/Frameworks/Accelerate.framework/Versions/A/Accelerate
0x000000000d155000 	/System/Library/Frameworks/Accelerate.framework/Versions/A/Frameworks/vImage.framework/Versions/A/vImage
0x000000000d155000 	/System/Library/Frameworks/Accelerate.framework/Versions/A/Frameworks/vecLib.framework/Versions/A/vecLib
0x000000000d155000 	/System/Library/Frameworks/Accelerate.framework/Versions/A/Frameworks/vecLib.framework/Versions/A/libvDSP.dylib
0x000000000d155000 	/System/Library/Frameworks/Accelerate.framework/Versions/A/Frameworks/vecLib.framework/Versions/A/libvMisc.dylib
0x000000000d155000 	/System/Library/Frameworks/Accelerate.framework/Versions/A/Frameworks/vecLib.framework/Versions/A/libLAPACK.dylib
0x000000000d155000 	/System/Library/Frameworks/Accelerate.framework/Versions/A/Frameworks/vecLib.framework/Versions/A/libBLAS.dylib
0x000000000d155000 	/System/Library/Frameworks/Accelerate.framework/Versions/A/Frameworks/vecLib.framework/Versions/A/libLinearAlgebra.dylib
0x000000000d155000 	/System/Library/Frameworks/ApplicationServices.framework/Versions/A/Frameworks/ATS.framework/Versions/A/Resources/libFontParser.dylib
0x000000000d155000 	/System/Library/Frameworks/ApplicationServices.framework/Versions/A/Frameworks/ATS.framework/Versions/A/Resources/libFontRegistry.dylib
0x000000000d155000 	/System/Library/PrivateFrameworks/AppleVPA.framework/Versions/A/AppleVPA
0x000000000d155000 	/System/Library/PrivateFrameworks/AppleJPEG.framework/Versions/A/AppleJPEG
0x000000000d155000 	/System/Library/Frameworks/ImageIO.framework/Versions/A/Resources/libJPEG.dylib
0x000000000d155000 	/System/Library/Frameworks/ImageIO.framework/Versions/A/Resources/libTIFF.dylib
0x000000000d155000 	/System/Library/Frameworks/ImageIO.framework/Versions/A/Resources/libPng.dylib
0x000000000d155000 	/System/Library/Frameworks/ImageIO.framework/Versions/A/Resources/libGIF.dylib
0x000000000d155000 	/System/Library/Frameworks/ImageIO.framework/Versions/A/Resources/libJP2.dylib
0x000000000d155000 	/System/Library/Frameworks/ImageIO.framework/Versions/A/Resources/libRadiance.dylib
0x000000000d155000 	/System/Library/Frameworks/CoreVideo.framework/Versions/A/CoreVideo
0x000000000d155000 	/System/Library/Frameworks/OpenGL.framework/Versions/A/Libraries/libGLU.dylib
0x000000000d155000 	/System/Library/Frameworks/OpenGL.framework/Versions/A/Libraries/libGFXShared.dylib
0x000000000d155000 	/System/Library/Frameworks/OpenGL.framework/Versions/A/Libraries/libGL.dylib
0x000000000d155000 	/System/Library/Frameworks/OpenGL.framework/Versions/A/Libraries/libGLImage.dylib
0x000000000d155000 	/System/Library/Frameworks/OpenGL.framework/Versions/A/Libraries/libCVMSPluginSupport.dylib
0x000000000d155000 	/System/Library/Frameworks/OpenGL.framework/Versions/A/Libraries/libCoreVMClient.dylib
0x000000000d155000 	/usr/lib/libcups.2.dylib
0x000000000d155000 	/System/Library/Frameworks/Kerberos.framework/Versions/A/Kerberos
0x000000000d155000 	/System/Library/Frameworks/GSS.framework/Versions/A/GSS
0x000000000d155000 	/usr/lib/libresolv.9.dylib
0x000000000d155000 	/System/Library/PrivateFrameworks/Heimdal.framework/Versions/A/Heimdal
0x000000000d155000 	/usr/lib/libheimdal-asn1.dylib
0x000000000d155000 	/System/Library/Frameworks/OpenDirectory.framework/Versions/A/OpenDirectory
0x000000000d155000 	/System/Library/PrivateFrameworks/CommonAuth.framework/Versions/A/CommonAuth
0x000000000d155000 	/System/Library/Frameworks/SecurityFoundation.framework/Versions/A/SecurityFoundation
0x000000000d155000 	/System/Library/Frameworks/QuartzCore.framework/Versions/A/Frameworks/CoreImage.framework/Versions/A/CoreImage
0x000000000d155000 	/System/Library/PrivateFrameworks/CrashReporterSupport.framework/Versions/A/CrashReporterSupport
0x000000000d155000 	/System/Library/Frameworks/OpenCL.framework/Versions/A/OpenCL
0x000000000d155000 	/System/Library/PrivateFrameworks/FaceCore.framework/Versions/A/FaceCore
0x000000000d155000 	/System/Library/PrivateFrameworks/Ubiquity.framework/Versions/A/Ubiquity
0x000000000d155000 	/System/Library/PrivateFrameworks/IconServices.framework/Versions/A/IconServices
0x000000000d155000 	/System/Library/PrivateFrameworks/ChunkingLibrary.framework/Versions/A/ChunkingLibrary
0x000000000d155000 	/System/Library/PrivateFrameworks/Apple80211.framework/Versions/A/Apple80211
0x000000000d155000 	/System/Library/Frameworks/CoreWLAN.framework/Versions/A/CoreWLAN
0x000000000d155000 	/System/Library/Frameworks/IOBluetooth.framework/Versions/A/IOBluetooth
0x000000000d155000 	/System/Library/PrivateFrameworks/CoreWiFi.framework/Versions/A/CoreWiFi
0x000000000d155000 	/System/Library/Frameworks/CoreBluetooth.framework/Versions/A/CoreBluetooth
0x000000000d155000 	/System/Library/PrivateFrameworks/DebugSymbols.framework/Versions/A/DebugSymbols
0x000000000d155000 	/System/Library/PrivateFrameworks/CoreSymbolication.framework/Versions/A/CoreSymbolication
0x000000000d155000 	/System/Library/PrivateFrameworks/Symbolication.framework/Versions/A/Symbolication
0x000000000d155000 	/System/Library/PrivateFrameworks/SpeechRecognitionCore.framework/Versions/A/SpeechRecognitionCore
0x0000000107800000 	/Library/Java/JavaVirtualMachines/jdk1.7.0_67.jdk/Contents/Home/jre/lib/server/libjvm.dylib
0x000000000d155000 	/usr/lib/libstdc++.6.dylib
0x0000000106724000 	/Library/Java/JavaVirtualMachines/jdk1.7.0_67.jdk/Contents/Home/jre/lib/libverify.dylib
0x0000000106731000 	/Library/Java/JavaVirtualMachines/jdk1.7.0_67.jdk/Contents/Home/jre/lib/libjava.dylib
0x000000010676a000 	/Library/Java/JavaVirtualMachines/jdk1.7.0_67.jdk/Contents/Home/jre/lib/libzip.dylib
0x00000001175b0000 	/System/Library/Frameworks/JavaVM.framework/Frameworks/JavaRuntimeSupport.framework/JavaRuntimeSupport
0x00000001175c6000 	/System/Library/Frameworks/JavaVM.framework/Versions/A/Frameworks/JavaNativeFoundation.framework/Versions/A/JavaNativeFoundation
0x00000001067ef000 	/System/Library/Frameworks/JavaVM.framework/Versions/A/JavaVM
0x000000000d155000 	/System/Library/Frameworks/Carbon.framework/Versions/A/Carbon
0x00000001175da000 	/System/Library/PrivateFrameworks/JavaLaunching.framework/Versions/A/JavaLaunching
0x000000000d155000 	/System/Library/Frameworks/Carbon.framework/Versions/A/Frameworks/CommonPanels.framework/Versions/A/CommonPanels
0x000000000d155000 	/System/Library/Frameworks/Carbon.framework/Versions/A/Frameworks/Help.framework/Versions/A/Help
0x000000000d155000 	/System/Library/Frameworks/Carbon.framework/Versions/A/Frameworks/ImageCapture.framework/Versions/A/ImageCapture
0x000000000d155000 	/System/Library/Frameworks/Carbon.framework/Versions/A/Frameworks/OpenScripting.framework/Versions/A/OpenScripting
0x000000000d155000 	/System/Library/Frameworks/Carbon.framework/Versions/A/Frameworks/Print.framework/Versions/A/Print
0x000000000d155000 	/System/Library/Frameworks/Carbon.framework/Versions/A/Frameworks/SecurityHI.framework/Versions/A/SecurityHI
0x000000011970d000 	/Users/tony/.swt/lib/macosx/x86_64/libswt-cocoa-4427.jnilib
0x000000000d155000 	/System/Library/Frameworks/WebKit.framework/Versions/A/WebKit
0x000000000d155000 	/System/Library/Frameworks/JavaScriptCore.framework/Versions/A/JavaScriptCore
0x000000000d155000 	/System/Library/Frameworks/SecurityInterface.framework/Versions/A/SecurityInterface
0x000000000d155000 	/System/Library/Frameworks/WebKit.framework/Versions/A/Frameworks/WebKitLegacy.framework/Versions/A/WebKitLegacy
0x000000000d155000 	/System/Library/Frameworks/WebKit.framework/Versions/A/Frameworks/WebCore.framework/Versions/A/WebCore
0x000000011975a000 	/Users/tony/.swt/lib/macosx/x86_64/libswt-pi-cocoa-4427.jnilib
0x000000000d155000 	/System/Library/PrivateFrameworks/CoreServicesInternal.framework/Versions/A/CoreServicesInternal
0x000000000d155000 	/System/Library/PrivateFrameworks/CloudDocs.framework/Versions/A/CloudDocs
0x000000000d155000 	/System/Library/PrivateFrameworks/CoreDuet.framework/Versions/A/CoreDuet
0x000000000d155000 	/System/Library/Frameworks/CloudKit.framework/Versions/A/CloudKit
0x000000000d155000 	/System/Library/PrivateFrameworks/ProtocolBuffer.framework/Versions/A/ProtocolBuffer
0x000000000d155000 	/System/Library/PrivateFrameworks/CoreDuetDaemonProtocol.framework/Versions/A/CoreDuetDaemonProtocol
0x000000000d155000 	/System/Library/PrivateFrameworks/CoreDuetDebugLogging.framework/Versions/A/CoreDuetDebugLogging
0x000000000d155000 	/System/Library/Frameworks/CoreLocation.framework/Versions/A/CoreLocation
0x000000000d155000 	/System/Library/Frameworks/Accounts.framework/Versions/A/Accounts
0x000000000d155000 	/System/Library/PrivateFrameworks/ApplePushService.framework/Versions/A/ApplePushService
0x000000000d155000 	/System/Library/PrivateFrameworks/GeoServices.framework/Versions/A/GeoServices
0x000000000d155000 	/System/Library/PrivateFrameworks/OAuth.framework/Versions/A/OAuth
0x000000000d155000 	/System/Library/PrivateFrameworks/CoreDaemon.framework/Versions/B/CoreDaemon
0x000000000d155000 	/usr/lib/libcrypto.0.9.8.dylib
0x000000000d155000 	/System/Library/PrivateFrameworks/AppleSRP.framework/Versions/A/AppleSRP
0x000000000d155000 	/System/Library/PrivateFrameworks/TrustEvaluationAgent.framework/Versions/A/TrustEvaluationAgent
0x000000000d155000 	/System/Library/Frameworks/CoreGraphics.framework/Versions/A/Resources/libCGCMS.A.dylib
0x000000000d155000 	/System/Library/Frameworks/CoreGraphics.framework/Versions/A/Resources/libCGXType.A.dylib
0x000000000d155000 	/System/Library/Frameworks/CoreGraphics.framework/Versions/A/Resources/libRIP.A.dylib
0x000000000d155000 	/System/Library/PrivateFrameworks/FinderKit.framework/Versions/A/FinderKit
0x000000000d155000 	/System/Library/PrivateFrameworks/Suggestions.framework/Versions/A/Suggestions
0x000000000d155000 	/System/Library/Frameworks/Quartz.framework/Versions/A/Frameworks/QuickLookUI.framework/Versions/A/QuickLookUI
0x000000000d155000 	/System/Library/Frameworks/Quartz.framework/Versions/A/Frameworks/ImageKit.framework/Versions/A/ImageKit
0x000000000d155000 	/System/Library/PrivateFrameworks/Bom.framework/Versions/A/Bom
0x000000000d155000 	/System/Library/Frameworks/QuickLook.framework/Versions/A/QuickLook
0x000000000d155000 	/System/Library/PrivateFrameworks/SystemAdministration.framework/Versions/A/SystemAdministration
0x000000000d155000 	/System/Library/PrivateFrameworks/DiskImages.framework/Versions/A/DiskImages
0x000000000d155000 	/System/Library/PrivateFrameworks/AppleSystemInfo.framework/Versions/A/AppleSystemInfo
0x000000000d155000 	/System/Library/Frameworks/ImageCaptureCore.framework/Versions/A/ImageCaptureCore
0x000000000d155000 	/System/Library/Frameworks/AddressBook.framework/Versions/A/AddressBook
0x000000000d155000 	/System/Library/PrivateFrameworks/IntlPreferences.framework/Versions/A/IntlPreferences
0x000000000d155000 	/System/Library/PrivateFrameworks/ToneLibrary.framework/Versions/A/ToneLibrary
0x000000000d155000 	/System/Library/PrivateFrameworks/ToneKit.framework/Versions/A/ToneKit
0x000000000d155000 	/System/Library/PrivateFrameworks/vCard.framework/Versions/A/vCard
0x000000000d155000 	/System/Library/PrivateFrameworks/ContactsData.framework/Versions/A/ContactsData
0x000000000d155000 	/System/Library/PrivateFrameworks/ContactsFoundation.framework/Versions/A/ContactsFoundation
0x000000000d155000 	/System/Library/Frameworks/DirectoryService.framework/Versions/A/DirectoryService
0x000000000d155000 	/System/Library/PrivateFrameworks/PhoneNumbers.framework/Versions/A/PhoneNumbers
0x000000000d155000 	/System/Library/Frameworks/Quartz.framework/Versions/A/Quartz
0x000000000d155000 	/System/Library/Frameworks/LDAP.framework/Versions/A/LDAP
0x000000000d155000 	/System/Library/Frameworks/AVFoundation.framework/Versions/A/AVFoundation
0x000000000d155000 	/System/Library/Frameworks/AVFoundation.framework/Versions/A/Resources/libAVFAudio.dylib
0x000000000d155000 	/System/Library/Frameworks/CoreMedia.framework/Versions/A/CoreMedia
0x000000000d155000 	/System/Library/Frameworks/MediaToolbox.framework/Versions/A/MediaToolbox
0x000000000d155000 	/System/Library/Frameworks/VideoToolbox.framework/Versions/A/VideoToolbox
0x000000000d155000 	/System/Library/Frameworks/CoreMediaIO.framework/Versions/A/CoreMediaIO
0x000000000d155000 	/System/Library/PrivateFrameworks/MediaControlSender.framework/Versions/A/MediaControlSender
0x000000000d155000 	/System/Library/PrivateFrameworks/CoreAVCHD.framework/Versions/A/CoreAVCHD
0x000000000d155000 	/System/Library/Frameworks/MediaAccessibility.framework/Versions/A/MediaAccessibility
0x000000000d155000 	/System/Library/PrivateFrameworks/Mangrove.framework/Versions/A/Mangrove
0x000000000d155000 	/System/Library/PrivateFrameworks/CoreAUC.framework/Versions/A/CoreAUC
0x000000000d155000 	/System/Library/PrivateFrameworks/NetworkStatistics.framework/Versions/A/NetworkStatistics
0x000000000d155000 	/System/Library/PrivateFrameworks/AirPlaySupport.framework/Versions/A/AirPlaySupport
0x000000000d155000 	/System/Library/PrivateFrameworks/CoreUtils.framework/Versions/A/CoreUtils
0x000000000d155000 	/System/Library/PrivateFrameworks/AppleVA.framework/Versions/A/AppleVA
0x000000000d155000 	/System/Library/PrivateFrameworks/XPCService.framework/Versions/A/XPCService
0x000000000d155000 	/System/Library/PrivateFrameworks/AppSandbox.framework/Versions/A/AppSandbox
0x000000000d155000 	/usr/lib/libsandbox.1.dylib
0x000000000d155000 	/System/Library/PrivateFrameworks/AppContainer.framework/Versions/A/AppContainer
0x000000000d155000 	/System/Library/PrivateFrameworks/SecCodeWrapper.framework/Versions/A/SecCodeWrapper
0x000000000d155000 	/usr/lib/libMatch.1.dylib
0x000000000d155000 	/usr/lib/libspindump.dylib
0x000000000d155000 	/System/Library/Frameworks/QTKit.framework/Versions/A/QTKit
0x000000000d155000 	/System/Library/PrivateFrameworks/CoreMediaAuthoring.framework/Versions/A/CoreMediaAuthoring
0x000000000d155000 	/System/Library/Frameworks/Quartz.framework/Versions/A/Frameworks/QuartzComposer.framework/Versions/A/QuartzComposer
0x000000000d155000 	/System/Library/Frameworks/Quartz.framework/Versions/A/Frameworks/PDFKit.framework/Versions/A/PDFKit
0x000000000d155000 	/System/Library/Frameworks/Quartz.framework/Versions/A/Frameworks/QuartzFilters.framework/Versions/A/QuartzFilters
0x000000000d155000 	/System/Library/PrivateFrameworks/CorePDF.framework/Versions/A/CorePDF
0x000000000d155000 	/System/Library/PrivateFrameworks/DisplayServices.framework/Versions/A/DisplayServices
0x000000000d155000 	/usr/lib/libsasl2.2.dylib
0x000000000d155000 	/System/Library/PrivateFrameworks/AppleFSCompression.framework/Versions/A/AppleFSCompression
0x000000000d155000 	/System/Library/PrivateFrameworks/LoginUIKit.framework/Versions/A/Frameworks/LoginUICore.framework/Versions/A/LoginUICore
0x000000000d155000 	/usr/lib/libCoreStorage.dylib
0x000000000d155000 	/usr/lib/libcsfde.dylib
0x000000000d155000 	/usr/lib/libodfde.dylib
0x000000000d155000 	/System/Library/Frameworks/DiscRecording.framework/Versions/A/DiscRecording
0x000000000d155000 	/usr/lib/libcurl.4.dylib
0x000000000d155000 	/System/Library/PrivateFrameworks/MediaKit.framework/Versions/A/MediaKit
0x000000000d155000 	/System/Library/PrivateFrameworks/ProtectedCloudStorage.framework/Versions/A/ProtectedCloudStorage
0x000000000d155000 	/System/Library/PrivateFrameworks/EFILogin.framework/Versions/A/EFILogin
0x000000000d155000 	/usr/lib/libutil.dylib
0x000000000d155000 	/System/Library/PrivateFrameworks/FindMyDevice.framework/Versions/A/FindMyDevice
0x000000011bfc0000 	/System/Library/PrivateFrameworks/CacheDelete.framework/CacheDelete
0x000000000d155000 	/System/Library/PrivateFrameworks/PlugInKit.framework/Versions/A/PlugInKit
0x000000011bfe1000 	/System/Library/PrivateFrameworks/FileProvider.framework/FileProvider
0x000000000d155000 	/System/Library/Frameworks/OpenGL.framework/Versions/A/Resources/GLEngine.bundle/GLEngine
0x000000000d155000 	/System/Library/Frameworks/OpenGL.framework/Versions/A/Libraries/libGLProgrammability.dylib
0x0000000000000000 	/System/Library/Extensions/AppleIntelHD4000GraphicsGLDriver.bundle/Contents/MacOS/AppleIntelHD4000GraphicsGLDriver
0x000000000d155000 	/System/Library/PrivateFrameworks/IOAccelerator.framework/Versions/A/IOAccelerator
0x000000000d155000 	/System/Library/PrivateFrameworks/GPUSupport.framework/Versions/A/Libraries/libGPUSupportMercury.dylib
0x0000000000000000 	/System/Library/Extensions/GeForceGLDriver.bundle/Contents/MacOS/GeForceGLDriver
0x000000000d155000 	/System/Library/Extensions/GeForceGLDriver.bundle/Contents/MacOS/libclh.dylib
0x000000000d155000 	/System/Library/Frameworks/OpenGL.framework/Versions/A/Resources/GLRendererFloat.bundle/GLRendererFloat
0x000000000d155000 	/System/Library/Frameworks/OpenCL.framework/Versions/A/Libraries/libcldcpuengine.dylib
0x000000011e7ec000 	cl_kernels
0x000000011e7ee000 	/System/Library/Frameworks/OpenCL.framework/Versions/A/Libraries/ImageFormats/unorm8_bgra.dylib
0x000000011e7de000 	cl_kernels
0x000000011e999000 	/System/Library/Frameworks/OpenCL.framework/Versions/A/Libraries/ImageFormats/unorm8_rgba.dylib
0x000000011ffca000 	cl_kernels
0x000000000d155000 	/System/Library/PrivateFrameworks/FamilyControls.framework/Versions/A/FamilyControls
0x000000000d155000 	/System/Library/PrivateFrameworks/CommerceKit.framework/Versions/A/Frameworks/CommerceCore.framework/Versions/A/CommerceCore
0x000000011f575000 	cl_kernels
0x000000011f579000 	cl_kernels
0x000000012437b000 	/System/Library/Frameworks/Security.framework/PlugIns/csparser.bundle/Contents/MacOS/csparser
0x000000000d155000 	/System/Library/CoreServices/RawCamera.bundle/Contents/MacOS/RawCamera
0x000000012169f000 	/Library/Java/JavaVirtualMachines/jdk1.7.0_67.jdk/Contents/Home/jre/lib/libnio.dylib
0x00000001216ae000 	/Library/Java/JavaVirtualMachines/jdk1.7.0_67.jdk/Contents/Home/jre/lib/./libnet.dylib
0x000000011d6b1000 	/System/Library/Frameworks/ApplicationServices.framework/Frameworks/ATS.framework/Resources/libFontRegistryUI.dylib
0x000000011d947000 	/System/Library/Frameworks/ApplicationServices.framework/Versions/A/Frameworks/ATS.framework/Versions/A/Resources/ATSHI.dylib
0x000000000d155000 	/System/Library/PrivateFrameworks/Shortcut.framework/Versions/A/Shortcut
0x000000000d155000 	/System/Library/PrivateFrameworks/HelpData.framework/Versions/A/HelpData
0x000000000d155000 	/usr/lib/libtidy.A.dylib
0x000000000d155000 	/System/Library/PrivateFrameworks/DataDetectors.framework/Versions/A/DataDetectors
0x000000000d155000 	/System/Library/PrivateFrameworks/IDS.framework/Versions/A/IDS
0x000000000d155000 	/System/Library/PrivateFrameworks/WebKit2.framework/Versions/A/WebKit2
0x000000000d155000 	/System/Library/PrivateFrameworks/IMFoundation.framework/Versions/A/IMFoundation
0x000000000d155000 	/System/Library/PrivateFrameworks/Marco.framework/Versions/A/Marco
0x000000000d155000 	/System/Library/PrivateFrameworks/IDSFoundation.framework/Versions/A/IDSFoundation
0x000000000d155000 	/System/Library/PrivateFrameworks/FTServices.framework/Versions/A/FTServices
0x000000000d155000 	/System/Library/PrivateFrameworks/CommonUtilities.framework/Versions/A/CommonUtilities
0x000000000d155000 	/System/Library/PrivateFrameworks/DiagnosticLogCollection.framework/Versions/A/DiagnosticLogCollection
0x000000000d155000 	/System/Library/Frameworks/CoreGraphics.framework/Versions/A/Resources/libCGXCoreImage.A.dylib
0x000000011c04f000 	cl_kernels
0x000000000d155000 	/System/Library/Frameworks/Accelerate.framework/Versions/A/Frameworks/vImage.framework/Versions/A/Libraries/libCGInterfaces.dylib

VM Arguments:
jvm_args: -Dfile.encoding=UTF-8 
java_command: tool.xmodeler.XModeler ./ini.txt
Launcher Type: SUN_STANDARD

Environment Variables:
PATH=/usr/bin:/bin:/usr/sbin:/sbin
SHELL=/bin/bash

Signal Handlers:
SIGSEGV: [libjvm.dylib+0x52b6c9], sa_mask[0]=0xfffefeff, sa_flags=0x00000043
SIGBUS: [libjvm.dylib+0x52b6c9], sa_mask[0]=0xfffefeff, sa_flags=0x00000042
SIGFPE: [libjvm.dylib+0x41deaa], sa_mask[0]=0xfffefeff, sa_flags=0x00000042
SIGPIPE: [libjvm.dylib+0x41deaa], sa_mask[0]=0xfffefeff, sa_flags=0x00000042
SIGXFSZ: [libjvm.dylib+0x41deaa], sa_mask[0]=0xfffefeff, sa_flags=0x00000042
SIGILL: [libjvm.dylib+0x41deaa], sa_mask[0]=0xfffefeff, sa_flags=0x00000042
SIGUSR1: SIG_DFL, sa_mask[0]=0x00000000, sa_flags=0x00000000
SIGUSR2: [libjvm.dylib+0x41d99c], sa_mask[0]=0x00000004, sa_flags=0x00000042
SIGHUP: [libjvm.dylib+0x41bc2d], sa_mask[0]=0xfffefeff, sa_flags=0x00000042
SIGINT: [libjvm.dylib+0x41bc2d], sa_mask[0]=0xfffefeff, sa_flags=0x00000042
SIGTERM: [libjvm.dylib+0x41bc2d], sa_mask[0]=0xfffefeff, sa_flags=0x00000042
SIGQUIT: [libjvm.dylib+0x41bc2d], sa_mask[0]=0xfffefeff, sa_flags=0x00000042


---------------  S Y S T E M  ---------------

OS:Bsduname:Darwin 14.0.0 Darwin Kernel Version 14.0.0: Fri Sep 19 00:26:44 PDT 2014; root:xnu-2782.1.97~2/RELEASE_X86_64 x86_64
rlimit: STACK 8192k, CORE 0k, NPROC 709, NOFILE 10240, AS infinity
load average:1.20 1.65 1.93

CPU:total 8 (4 cores per cpu, 2 threads per core) family 6 model 58 stepping 9, cmov, cx8, fxsr, mmx, sse, sse2, sse3, ssse3, sse4.1, sse4.2, popcnt, avx, aes, erms, ht, tsc, tscinvbit, tscinv

Memory: 4k page, physical 16777216k(4194304k free)

/proc/meminfo:


vm_info: Java HotSpot(TM) 64-Bit Server VM (24.65-b04) for bsd-amd64 JRE (1.7.0_67-b01), built on Jul 25 2014 08:51:51 by "java_re" with gcc 4.2.1 (Based on Apple Inc. build 5658) (LLVM build 2336.11.00)

time: Sun Jan 11 15:48:22 2015
elapsed time: 3953 seconds

