#
# A fatal error has been detected by the Java Runtime Environment:
#
#  SIGSEGV (0xb) at pc=0x0000000116209ce9, pid=4226, tid=12547
#
# JRE version: Java(TM) SE Runtime Environment (7.0_67-b01) (build 1.7.0_67-b01)
# Java VM: Java HotSpot(TM) 64-Bit Server VM (24.65-b04 mixed mode bsd-amd64 compressed oops)
# Problematic frame:
# C  [libswt-cocoa-4427.jnilib+0x25ce9]  callback+0x297
#
# Failed to write core dump. Core dumps have been disabled. To enable core dumping, try "ulimit -c unlimited" before starting Java again
#
# If you would like to submit a bug report, please visit:
#   http://bugreport.sun.com/bugreport/crash.jsp
#

---------------  T H R E A D  ---------------

Current thread (0x00007fbea400b800):  VMThread [stack: 0x0000000113f23000,0x0000000114023000] [id=12547]

siginfo:si_signo=SIGSEGV: si_errno=0, si_code=1 (SEGV_MAPERR), si_addr=0x0000000000000078

Registers:
RAX=0x0000000000000000, RBX=0x00007fbea52e6600, RCX=0x0000000114022774, RDX=0x0000000000000001
RSP=0x00000001140227a0, RBP=0x00000001140228d0, RSI=0x0000000000000000, RDI=0x0000000000000000
R8 =0x0000000000000001, R9 =0x00007fbea3f00000, R10=0x00007fbea81bba10, R11=0x00007fbea3f51360
R12=0x00007fff8eb5e0c0, R13=0x00000001140229a0, R14=0x0000000000000000, R15=0x0000000000000000
RIP=0x0000000116209ce9, EFLAGS=0x0000000000010206, ERR=0x0000000000000004
  TRAPNO=0x000000000000000e

Top of Stack: (sp=0x00000001140227a0)
0x00000001140227a0:   0000000116209adb 00007fff00000000
0x00000001140227b0:   00007fff7dcd78e0 000000007dcd78e4
0x00000001140227c0:   00007fff7dcd78e8 00007fff8fd2cd61
0x00000001140227d0:   00007fff7dcd78e4 00007fbea400b9e8
0x00000001140227e0:   00007fbea51008a8 00007fbea530ece8
0x00000001140227f0:   00000002000109cc 0000000000000000
0x0000000114022800:   00007fff7dcd78c8 00007fff00000000
0x0000000114022810:   0000000114022860 00007fff8eb72aea
0x0000000114022820:   00007fbea52e6600 00007fbea3f3be30
0x0000000114022830:   00007fff8fd2e6a1 0000000000000000
0x0000000114022840:   0000000000000001 00007fbea3f00000
0x0000000114022850:   0000000000000000 0000000000000000
0x0000000114022860:   0000000114022930 00007fff8eb5e1ac
0x0000000114022870:   00007fbea3f00000 0000000000000001
0x0000000114022880:   0000000000000000 0000000000000000
0x0000000114022890:   00007fff8fd2cd61 00007fbea52e6600
0x00000001140228a0:   0000000000000000 00007fff7f442c40
0x00000001140228b0:   0000000000000000 0000000000000000
0x00000001140228c0:   0000000000000000 0000000000000000
0x00000001140228d0:   00000001140228f0 00000001161e825e
0x00000001140228e0:   00007fff8fd2e6a1 00007fbea3f3be30
0x00000001140228f0:   0000000114022930 00007fff8f4f0a42
0x0000000114022900:   0000000104fb1320 0000000104fb4020
0x0000000114022910:   00007fff8eb5e0c0 00000000000000e0
0x0000000114022920:   0000000000000000 0000000000000000
0x0000000114022930:   0000000114022970 00007fff8f5ea587
0x0000000114022940:   0000000000000000 00007fbea52e6600
0x0000000114022950:   00000000000000f8 00007fff8eb5e0c0
0x0000000114022960:   0000000000000000 00007fff7dcd9480
0x0000000114022970:   00000001140229f0 00007fff8f5ea395
0x0000000114022980:   0000000000000000 0000000000000000
0x0000000114022990:   0000000000000000 0000000000000000 

Instructions: (pc=0x0000000116209ce9)
0x0000000116209cc9:   ff ff 01 00 00 00 48 8b 85 08 ff ff ff 48 85 c0
0x0000000116209cd9:   0f 84 9f 03 00 00 48 8b 85 08 ff ff ff 48 8b 00
0x0000000116209ce9:   48 8b 40 78 48 8b bd 08 ff ff ff ff d0 48 89 85
0x0000000116209cf9:   30 ff ff ff 48 83 bd 30 ff ff ff 00 74 26 48 8b 

Register to memory mapping:

RAX=0x0000000000000000 is an unknown value
RBX=0x00007fbea52e6600 is an unknown value
RCX=0x0000000114022774 is an unknown value
RDX=0x0000000000000001 is an unknown value
RSP=0x00000001140227a0 is an unknown value
RBP=0x00000001140228d0 is an unknown value
RSI=0x0000000000000000 is an unknown value
RDI=0x0000000000000000 is an unknown value
R8 =0x0000000000000001 is an unknown value
R9 =0x00007fbea3f00000 is an unknown value
R10=0x00007fbea81bba10 is an unknown value
R11=0x00007fbea3f51360 is an unknown value
R12=0x00007fff8eb5e0c0: objc_msgSend+0 in /usr/lib/libobjc.A.dylib at 0x00007fff8eb5d000
R13=0x00000001140229a0 is an unknown value
R14=0x0000000000000000 is an unknown value
R15=0x0000000000000000 is an unknown value


Stack: [0x0000000113f23000,0x0000000114023000],  sp=0x00000001140227a0,  free space=1021k
Native frames: (J=compiled Java code, j=interpreted, Vv=VM code, C=native code)
C  [libswt-cocoa-4427.jnilib+0x25ce9]  callback+0x297
C  [libswt-cocoa-4427.jnilib+0x425e]  fn0_2+0x27
C  [AppKit+0x142a42]  -[NSWindow orderWindow:relativeTo:]+0x76
C  [AppKit+0x23c587]  __18-[NSWindow _close]_block_invoke+0x1bc
C  [AppKit+0x23c395]  -[NSWindow _close]+0x16b
C  [FinderKit+0xa1aff]  -[FI_TFloatingInputWindowController dealloc]+0x45
C  [libobjc.A.dylib+0x1f68c]  objc_object::sidetable_release(bool)+0xec
C  [AppKit+0x122804]  -[NSWindowController release]+0x9a
C  [FinderKit+0xa24cc]  TRef<FI_TFloatingInputWindowController*, OBJCRetainReleasePolicy<FI_TFloatingInputWindowController*> >::~TRef()+0xc
C  [libsystem_c.dylib+0x5e8ed]  __cxa_finalize_ranges+0x142
C  [libsystem_c.dylib+0x5ebf0]  exit+0x37
V  [libjvm.dylib+0x2d9a9e]  vm_exit(int)+0x0
V  [libjvm.dylib+0x532237]  VM_Operation::evaluate()+0x4f
V  [libjvm.dylib+0x53089b]  VMThread::evaluate_operation(VM_Operation*)+0xdf
V  [libjvm.dylib+0x530ce8]  VMThread::loop()+0x328
V  [libjvm.dylib+0x53060f]  VMThread::run()+0x79
V  [libjvm.dylib+0x420772]  java_start(Thread*)+0x126
C  [libsystem_pthread.dylib+0x32fc]  _pthread_body+0x83
C  [libsystem_pthread.dylib+0x3279]  _pthread_body+0x0
C  [libsystem_pthread.dylib+0x14b1]  thread_start+0xd

VM_Operation (0x000000011de69718): Exit, mode: safepoint, requested by thread 0x00007fbea7879000


---------------  P R O C E S S  ---------------

Java Threads: ( => current thread )
  0x00007fbea7879000 JavaThread "SIGTERM handler" daemon [_thread_blocked, id=17439, stack(0x000000011dd6a000,0x000000011de6a000)]
  0x00007fbea4805000 JavaThread "DestroyJavaVM" [_thread_blocked, id=1811, stack(0x00007fff5c8f7000,0x00007fff5c977000)]
  0x00007fbea6807000 JavaThread "Thread-11" [_thread_blocked, id=91651, stack(0x000000011bd89000,0x000000011be89000)]
  0x00007fbea4977000 JavaThread "Thread-10" [_thread_blocked, id=91139, stack(0x000000011bc86000,0x000000011bd86000)]
  0x00007fbea7950000 JavaThread "Thread-9" [_thread_blocked, id=90627, stack(0x000000011b85d000,0x000000011b95d000)]
  0x00007fbea79cd800 JavaThread "Thread-8" [_thread_blocked, id=90115, stack(0x000000011b58f000,0x000000011b68f000)]
  0x00007fbea7995800 JavaThread "Thread-7" [_thread_blocked, id=89603, stack(0x000000011b300000,0x000000011b400000)]
  0x00007fbea7943000 JavaThread "Thread-6" [_thread_blocked, id=89091, stack(0x000000011b1fd000,0x000000011b2fd000)]
  0x00007fbea4926800 JavaThread "Thread-5" [_thread_blocked, id=88583, stack(0x000000011ac4a000,0x000000011ad4a000)]
  0x00007fbea6009800 JavaThread "Thread-4" [_thread_blocked, id=86803, stack(0x000000011aa11000,0x000000011ab11000)]
  0x00007fbea81c6000 JavaThread "Thread-3" [_thread_blocked, id=86563, stack(0x000000011a822000,0x000000011a922000)]
  0x00007fbea48e4800 JavaThread "Thread-2" [_thread_blocked, id=77075, stack(0x00000001228ac000,0x00000001229ac000)]
  0x00007fbea419c800 JavaThread "Thread-1" [_thread_blocked, id=73819, stack(0x0000000120885000,0x0000000120985000)]
  0x00007fbea781c800 JavaThread "Service Thread" daemon [_thread_blocked, id=19203, stack(0x0000000115df2000,0x0000000115ef2000)]
  0x00007fbea781b800 JavaThread "C2 CompilerThread1" daemon [_thread_blocked, id=18691, stack(0x0000000115cef000,0x0000000115def000)]
  0x00007fbea781a000 JavaThread "C2 CompilerThread0" daemon [_thread_blocked, id=18179, stack(0x0000000115bec000,0x0000000115cec000)]
  0x00007fbea7815000 JavaThread "Signal Dispatcher" daemon [_thread_blocked, id=15379, stack(0x0000000115ae9000,0x0000000115be9000)]
  0x00007fbea400f000 JavaThread "Finalizer" daemon [_thread_blocked, id=13571, stack(0x0000000114129000,0x0000000114229000)]
  0x00007fbea400e000 JavaThread "Reference Handler" daemon [_thread_blocked, id=13059, stack(0x0000000114026000,0x0000000114126000)]

Other Threads:
=>0x00007fbea400b800 VMThread [stack: 0x0000000113f23000,0x0000000114023000] [id=12547]

VM state:at safepoint (shutting down)

VM Mutex/Monitor currently owned by a thread:  ([mutex/lock_event])
[0x00007fbea3d02a80] Threads_lock - owner thread: 0x00007fbea400b800

Heap
 PSYoungGen      total 64512K, used 28862K [0x00000007aaa80000, 0x00000007af180000, 0x0000000800000000)
  eden space 58368K, 48% used [0x00000007aaa80000,0x00000007ac62f8f0,0x00000007ae380000)
  from space 6144K, 8% used [0x00000007aeb80000,0x00000007aec00000,0x00000007af180000)
  to   space 7168K, 0% used [0x00000007ae380000,0x00000007ae380000,0x00000007aea80000)
 ParOldGen       total 235008K, used 218205K [0x0000000700000000, 0x000000070e580000, 0x00000007aaa80000)
  object space 235008K, 92% used [0x0000000700000000,0x000000070d5175a8,0x000000070e580000)
 PSPermGen       total 21504K, used 12067K [0x00000006fae00000, 0x00000006fc300000, 0x0000000700000000)
  object space 21504K, 56% used [0x00000006fae00000,0x00000006fb9c8e28,0x00000006fc300000)

Card table byte_map: [0x0000000107f1f000,0x0000000108749000] byte_map_base: 0x0000000104748000

Polling page: 0x00000001033dc000

Code Cache  [0x0000000104e5f000, 0x00000001050cf000, 0x0000000107e5f000)
 total_blobs=828 nmethods=426 adapters=356 free_code_cache=47397Kb largest_free_block=48502208

Compilation events (10 events):
Event: 147.826 Thread 0x00007fbea781b800 nmethod 432 0x0000000104f2c050 code [0x0000000104f2c180, 0x0000000104f2c1b8]
Event: 147.827 Thread 0x00007fbea781a000 nmethod 431 0x0000000105016710 code [0x0000000105016860, 0x0000000105016998]
Event: 147.827 Thread 0x00007fbea781a000  433 %           images.ImageSerializer::serializeHeap @ 27 (43 bytes)
Event: 147.831 Thread 0x00007fbea781a000 nmethod 433% 0x0000000105017e10 code [0x0000000105017f60, 0x0000000105018398]
Event: 147.846 Thread 0x00007fbea781b800  434             images.ImageSerializer::writeString (35 bytes)
Event: 147.850 Thread 0x00007fbea781b800 nmethod 434 0x0000000105017810 code [0x0000000105017960, 0x0000000105017c38]
Event: 148.022 Thread 0x00007fbea781a000  435             org.eclipse.swt.graphics.Region::isDisposed (15 bytes)
Event: 148.022 Thread 0x00007fbea781a000 nmethod 435 0x0000000105016510 code [0x0000000105016640, 0x00000001050166b8]
Event: 148.985 Thread 0x00007fbea781b800  437             sun.nio.cs.UTF_8$Encoder::encodeArrayLoop (489 bytes)
Event: 148.996 Thread 0x00007fbea781b800 nmethod 437 0x000000010501a810 code [0x000000010501aa00, 0x000000010501b2a0]

GC Heap History (10 events):
Event: 109.263 GC heap before
{Heap before GC invocations=6 (full 0):
 PSYoungGen      total 69120K, used 69112K [0x00000007aaa80000, 0x00000007af600000, 0x0000000800000000)
  eden space 64512K, 100% used [0x00000007aaa80000,0x00000007ae980000,0x00000007ae980000)
  from space 4608K, 99% used [0x00000007aeb00000,0x00000007aef7e100,0x00000007aef80000)
  to   space 5632K, 0% used [0x00000007af080000,0x00000007af080000,0x00000007af600000)
 ParOldGen       total 235008K, used 180040K [0x0000000700000000, 0x000000070e580000, 0x00000007aaa80000)
  object space 235008K, 76% used [0x0000000700000000,0x000000070afd2030,0x000000070e580000)
 PSPermGen       total 21504K, used 10481K [0x00000006fae00000, 0x00000006fc300000, 0x0000000700000000)
  object space 21504K, 48% used [0x00000006fae00000,0x00000006fb83c6b8,0x00000006fc300000)
Event: 109.268 GC heap after
Heap after GC invocations=6 (full 0):
 PSYoungGen      total 68096K, used 4792K [0x00000007aaa80000, 0x00000007af580000, 0x0000000800000000)
  eden space 62976K, 0% used [0x00000007aaa80000,0x00000007aaa80000,0x00000007ae800000)
  from space 5120K, 93% used [0x00000007af080000,0x00000007af52e100,0x00000007af580000)
  to   space 5632K, 0% used [0x00000007aea80000,0x00000007aea80000,0x00000007af000000)
 ParOldGen       total 235008K, used 180048K [0x0000000700000000, 0x000000070e580000, 0x00000007aaa80000)
  object space 235008K, 76% used [0x0000000700000000,0x000000070afd4030,0x000000070e580000)
 PSPermGen       total 21504K, used 10481K [0x00000006fae00000, 0x00000006fc300000, 0x0000000700000000)
  object space 21504K, 48% used [0x00000006fae00000,0x00000006fb83c6b8,0x00000006fc300000)
}
Event: 111.461 GC heap before
{Heap before GC invocations=7 (full 0):
 PSYoungGen      total 68096K, used 67768K [0x00000007aaa80000, 0x00000007af580000, 0x0000000800000000)
  eden space 62976K, 100% used [0x00000007aaa80000,0x00000007ae800000,0x00000007ae800000)
  from space 5120K, 93% used [0x00000007af080000,0x00000007af52e100,0x00000007af580000)
  to   space 5632K, 0% used [0x00000007aea80000,0x00000007aea80000,0x00000007af000000)
 ParOldGen       total 235008K, used 180048K [0x0000000700000000, 0x000000070e580000, 0x00000007aaa80000)
  object space 235008K, 76% used [0x0000000700000000,0x000000070afd4030,0x000000070e580000)
 PSPermGen       total 21504K, used 10499K [0x00000006fae00000, 0x00000006fc300000, 0x0000000700000000)
  object space 21504K, 48% used [0x00000006fae00000,0x00000006fb840e38,0x00000006fc300000)
Event: 111.465 GC heap after
Heap after GC invocations=7 (full 0):
 PSYoungGen      total 62976K, used 1184K [0x00000007aaa80000, 0x00000007af280000, 0x0000000800000000)
  eden space 61440K, 0% used [0x00000007aaa80000,0x00000007aaa80000,0x00000007ae680000)
  from space 1536K, 77% used [0x00000007aea80000,0x00000007aeba8000,0x00000007aec00000)
  to   space 6144K, 0% used [0x00000007aec80000,0x00000007aec80000,0x00000007af280000)
 ParOldGen       total 235008K, used 183937K [0x0000000700000000, 0x000000070e580000, 0x00000007aaa80000)
  object space 235008K, 78% used [0x0000000700000000,0x000000070b3a0548,0x000000070e580000)
 PSPermGen       total 21504K, used 10499K [0x00000006fae00000, 0x00000006fc300000, 0x0000000700000000)
  object space 21504K, 48% used [0x00000006fae00000,0x00000006fb840e38,0x00000006fc300000)
}
Event: 121.404 GC heap before
{Heap before GC invocations=8 (full 0):
 PSYoungGen      total 62976K, used 62624K [0x00000007aaa80000, 0x00000007af280000, 0x0000000800000000)
  eden space 61440K, 100% used [0x00000007aaa80000,0x00000007ae680000,0x00000007ae680000)
  from space 1536K, 77% used [0x00000007aea80000,0x00000007aeba8000,0x00000007aec00000)
  to   space 6144K, 0% used [0x00000007aec80000,0x00000007aec80000,0x00000007af280000)
 ParOldGen       total 235008K, used 183937K [0x0000000700000000, 0x000000070e580000, 0x00000007aaa80000)
  object space 235008K, 78% used [0x0000000700000000,0x000000070b3a0548,0x000000070e580000)
 PSPermGen       total 21504K, used 10527K [0x00000006fae00000, 0x00000006fc300000, 0x0000000700000000)
  object space 21504K, 48% used [0x00000006fae00000,0x00000006fb847e88,0x00000006fc300000)
Event: 121.405 GC heap after
Heap after GC invocations=8 (full 0):
 PSYoungGen      total 66560K, used 896K [0x00000007aaa80000, 0x00000007af280000, 0x0000000800000000)
  eden space 60416K, 0% used [0x00000007aaa80000,0x00000007aaa80000,0x00000007ae580000)
  from space 6144K, 14% used [0x00000007aec80000,0x00000007aed60000,0x00000007af280000)
  to   space 6656K, 0% used [0x00000007ae580000,0x00000007ae580000,0x00000007aec00000)
 ParOldGen       total 235008K, used 184373K [0x0000000700000000, 0x000000070e580000, 0x00000007aaa80000)
  object space 235008K, 78% used [0x0000000700000000,0x000000070b40d570,0x000000070e580000)
 PSPermGen       total 21504K, used 10527K [0x00000006fae00000, 0x00000006fc300000, 0x0000000700000000)
  object space 21504K, 48% used [0x00000006fae00000,0x00000006fb847e88,0x00000006fc300000)
}
Event: 123.338 GC heap before
{Heap before GC invocations=9 (full 0):
 PSYoungGen      total 66560K, used 61312K [0x00000007aaa80000, 0x00000007af280000, 0x0000000800000000)
  eden space 60416K, 100% used [0x00000007aaa80000,0x00000007ae580000,0x00000007ae580000)
  from space 6144K, 14% used [0x00000007aec80000,0x00000007aed60000,0x00000007af280000)
  to   space 6656K, 0% used [0x00000007ae580000,0x00000007ae580000,0x00000007aec00000)
 ParOldGen       total 235008K, used 184373K [0x0000000700000000, 0x000000070e580000, 0x00000007aaa80000)
  object space 235008K, 78% used [0x0000000700000000,0x000000070b40d570,0x000000070e580000)
 PSPermGen       total 21504K, used 10547K [0x00000006fae00000, 0x00000006fc300000, 0x0000000700000000)
  object space 21504K, 49% used [0x00000006fae00000,0x00000006fb84ce20,0x00000006fc300000)
Event: 123.339 GC heap after
Heap after GC invocations=9 (full 0):
 PSYoungGen      total 60416K, used 672K [0x00000007aaa80000, 0x00000007af280000, 0x0000000800000000)
  eden space 59392K, 0% used [0x00000007aaa80000,0x00000007aaa80000,0x00000007ae480000)
  from space 1024K, 65% used [0x00000007ae580000,0x00000007ae628000,0x00000007ae680000)
  to   space 7168K, 0% used [0x00000007aeb80000,0x00000007aeb80000,0x00000007af280000)
 ParOldGen       total 235008K, used 184841K [0x0000000700000000, 0x000000070e580000, 0x00000007aaa80000)
  object space 235008K, 78% used [0x0000000700000000,0x000000070b482598,0x000000070e580000)
 PSPermGen       total 21504K, used 10547K [0x00000006fae00000, 0x00000006fc300000, 0x0000000700000000)
  object space 21504K, 49% used [0x00000006fae00000,0x00000006fb84ce20,0x00000006fc300000)
}
Event: 124.767 GC heap before
{Heap before GC invocations=10 (full 0):
 PSYoungGen      total 60416K, used 60064K [0x00000007aaa80000, 0x00000007af280000, 0x0000000800000000)
  eden space 59392K, 100% used [0x00000007aaa80000,0x00000007ae480000,0x00000007ae480000)
  from space 1024K, 65% used [0x00000007ae580000,0x00000007ae628000,0x00000007ae680000)
  to   space 7168K, 0% used [0x00000007aeb80000,0x00000007aeb80000,0x00000007af280000)
 ParOldGen       total 235008K, used 184841K [0x0000000700000000, 0x000000070e580000, 0x00000007aaa80000)
  object space 235008K, 78% used [0x0000000700000000,0x000000070b482598,0x000000070e580000)
 PSPermGen       total 21504K, used 10553K [0x00000006fae00000, 0x00000006fc300000, 0x0000000700000000)
  object space 21504K, 49% used [0x00000006fae00000,0x00000006fb84e520,0x00000006fc300000)
Event: 124.769 GC heap after
Heap after GC invocations=10 (full 0):
 PSYoungGen      total 64512K, used 512K [0x00000007aaa80000, 0x00000007af180000, 0x0000000800000000)
  eden space 58368K, 0% used [0x00000007aaa80000,0x00000007aaa80000,0x00000007ae380000)
  from space 6144K, 8% used [0x00000007aeb80000,0x00000007aec00000,0x00000007af180000)
  to   space 7168K, 0% used [0x00000007ae380000,0x00000007ae380000,0x00000007aea80000)
 ParOldGen       total 235008K, used 185233K [0x0000000700000000, 0x000000070e580000, 0x00000007aaa80000)
  object space 235008K, 78% used [0x0000000700000000,0x000000070b4e4460,0x000000070e580000)
 PSPermGen       total 21504K, used 10553K [0x00000006fae00000, 0x00000006fc300000, 0x0000000700000000)
  object space 21504K, 49% used [0x00000006fae00000,0x00000006fb84e520,0x00000006fc300000)
}

Deoptimization events (10 events):
Event: 106.051 Thread 0x00007fbea4805000 Uncommon trap: reason=null_check action=make_not_entrant pc=0x0000000104febac4 method=org.eclipse.swt.custom.StyleRange.equals(Ljava/lang/Object;)Z @ 8
Event: 108.620 Thread 0x00007fbea4805000 Uncommon trap: reason=predicate action=maybe_recompile pc=0x0000000104fffe54 method=org.eclipse.swt.graphics.TextLayout.setStyle(Lorg/eclipse/swt/graphics/TextStyle;II)V @ 245
Event: 145.718 Thread 0x00007fbea4805000 Uncommon trap: reason=unreached action=reinterpret pc=0x0000000104fbc4e0 method=org.eclipse.swt.widgets.Control.isActive()Z @ 21
Event: 145.719 Thread 0x00007fbea4805000 Uncommon trap: reason=unreached action=reinterpret pc=0x0000000104fbde38 method=org.eclipse.swt.widgets.Control.isActive()Z @ 21
Event: 146.011 Thread 0x00007fbea4805000 Uncommon trap: reason=class_check action=maybe_recompile pc=0x0000000104ed1618 method=java.lang.String.equals(Ljava/lang/Object;)Z @ 8
Event: 146.312 Thread 0x00007fbea4805000 Uncommon trap: reason=class_check action=maybe_recompile pc=0x0000000104ed1618 method=java.lang.String.equals(Ljava/lang/Object;)Z @ 8
Event: 146.313 Thread 0x00007fbea4805000 Uncommon trap: reason=class_check action=maybe_recompile pc=0x0000000104ed1618 method=java.lang.String.equals(Ljava/lang/Object;)Z @ 8
Event: 146.322 Thread 0x00007fbea4805000 Uncommon trap: reason=unreached action=reinterpret pc=0x0000000104f2c3c0 method=org.eclipse.swt.widgets.Shell.getModalShell()Lorg/eclipse/swt/widgets/Shell; @ 11
Event: 147.973 Thread 0x00007fbea4805000 Uncommon trap: reason=class_check action=maybe_recompile pc=0x0000000104ed1618 method=java.lang.String.equals(Ljava/lang/Object;)Z @ 8
Event: 148.990 Thread 0x00007fbea4805000 Uncommon trap: reason=unreached action=reinterpret pc=0x0000000104f70d80 method=org.eclipse.swt.widgets.Widget.checkWidget()V @ 6

Internal exceptions (10 events):
Event: 146.312 Thread 0x00007fbea4805000 Threw 0x00000007ac32fea0 at /HUDSON/workspace/7u-2-build-macosx-x86_64/jdk7u67/1368/hotspot/src/share/vm/prims/jvm.cpp:1244
Event: 146.312 Thread 0x00007fbea4805000 Threw 0x00000007ac3338d0 at /HUDSON/workspace/7u-2-build-macosx-x86_64/jdk7u67/1368/hotspot/src/share/vm/prims/jvm.cpp:1244
Event: 146.315 Thread 0x00007fbea4805000 Threw 0x00000007ac33b268 at /HUDSON/workspace/7u-2-build-macosx-x86_64/jdk7u67/1368/hotspot/src/share/vm/prims/jvm.cpp:1244
Event: 146.315 Thread 0x00007fbea4805000 Threw 0x00000007ac33eef0 at /HUDSON/workspace/7u-2-build-macosx-x86_64/jdk7u67/1368/hotspot/src/share/vm/prims/jvm.cpp:1244
Event: 146.324 Thread 0x00007fbea4805000 Threw 0x00000007ac351620 at /HUDSON/workspace/7u-2-build-macosx-x86_64/jdk7u67/1368/hotspot/src/share/vm/prims/jvm.cpp:1244
Event: 147.779 Thread 0x00007fbea419c800 Threw 0x00000007abeeab20 at /HUDSON/workspace/7u-2-build-macosx-x86_64/jdk7u67/1368/hotspot/src/share/vm/prims/jvm.cpp:1244
Event: 147.950 Thread 0x00007fbea419c800 Threw 0x00000007abef6ac8 at /HUDSON/workspace/7u-2-build-macosx-x86_64/jdk7u67/1368/hotspot/src/share/vm/prims/jvm.cpp:1244
Event: 148.455 Thread 0x00007fbea419c800 Threw 0x00000007abf0c978 at /HUDSON/workspace/7u-2-build-macosx-x86_64/jdk7u67/1368/hotspot/src/share/vm/prims/jvm.cpp:1244
Event: 148.499 Thread 0x00007fbea4805000 Threw 0x00000007ac3d1e80 at /HUDSON/workspace/7u-2-build-macosx-x86_64/jdk7u67/1368/hotspot/src/share/vm/prims/jvm.cpp:1244
Event: 148.990 Thread 0x00007fbea4805000 Implicit null exception at 0x0000000104f70d10 to 0x0000000104f70d6e

Events (10 events):
Event: 241.481 loading class 0x0000000112058070
Event: 241.482 loading class 0x0000000112058070 done
Event: 241.482 Thread 0x00007fbea7879000 Thread added: 0x00007fbea7879000
Event: 241.482 loading class 0x00007fbea80a4ba0
Event: 241.482 loading class 0x00007fbea80a4bd0
Event: 241.482 loading class 0x00007fbea80a4bd0 done
Event: 241.482 loading class 0x00007fbea80a4ba0 done
Event: 241.483 Thread 0x00007fbea4ab6800 Thread added: 0x00007fbea4ab6800
Event: 241.483 Thread 0x00007fbea4ab6800 Thread exited: 0x00007fbea4ab6800
Event: 241.483 Executing VM operation: Exit


Dynamic libraries:
0x000000000da16000 	/System/Library/Frameworks/Cocoa.framework/Versions/A/Cocoa
0x000000000da16000 	/System/Library/Frameworks/Security.framework/Versions/A/Security
0x000000000da16000 	/System/Library/Frameworks/ApplicationServices.framework/Versions/A/ApplicationServices
0x000000000da16000 	/usr/lib/libz.1.dylib
0x000000000da16000 	/usr/lib/libSystem.B.dylib
0x000000000da16000 	/usr/lib/libobjc.A.dylib
0x000000000da16000 	/System/Library/Frameworks/CoreFoundation.framework/Versions/A/CoreFoundation
0x000000000da16000 	/System/Library/Frameworks/Foundation.framework/Versions/C/Foundation
0x000000000da16000 	/System/Library/Frameworks/AppKit.framework/Versions/C/AppKit
0x000000000da16000 	/System/Library/Frameworks/CoreData.framework/Versions/A/CoreData
0x000000000da16000 	/System/Library/PrivateFrameworks/RemoteViewServices.framework/Versions/A/RemoteViewServices
0x000000000da16000 	/System/Library/PrivateFrameworks/UIFoundation.framework/Versions/A/UIFoundation
0x000000000da16000 	/System/Library/Frameworks/IOSurface.framework/Versions/A/IOSurface
0x000000000da16000 	/System/Library/Frameworks/AudioToolbox.framework/Versions/A/AudioToolbox
0x000000000da16000 	/System/Library/Frameworks/AudioUnit.framework/Versions/A/AudioUnit
0x000000000da16000 	/System/Library/PrivateFrameworks/DataDetectorsCore.framework/Versions/A/DataDetectorsCore
0x000000000da16000 	/System/Library/PrivateFrameworks/DesktopServicesPriv.framework/Versions/A/DesktopServicesPriv
0x000000000da16000 	/System/Library/Frameworks/Carbon.framework/Versions/A/Frameworks/HIToolbox.framework/Versions/A/HIToolbox
0x000000000da16000 	/System/Library/Frameworks/QuartzCore.framework/Versions/A/QuartzCore
0x000000000da16000 	/System/Library/Frameworks/Carbon.framework/Versions/A/Frameworks/SpeechRecognition.framework/Versions/A/SpeechRecognition
0x000000000da16000 	/usr/lib/libauto.dylib
0x000000000da16000 	/usr/lib/libicucore.A.dylib
0x000000000da16000 	/usr/lib/libxml2.2.dylib
0x000000000da16000 	/System/Library/PrivateFrameworks/CoreUI.framework/Versions/A/CoreUI
0x000000000da16000 	/System/Library/Frameworks/CoreAudio.framework/Versions/A/CoreAudio
0x000000000da16000 	/System/Library/Frameworks/DiskArbitration.framework/Versions/A/DiskArbitration
0x000000000da16000 	/usr/lib/liblangid.dylib
0x000000000da16000 	/System/Library/PrivateFrameworks/MultitouchSupport.framework/Versions/A/MultitouchSupport
0x000000000da16000 	/System/Library/Frameworks/IOKit.framework/Versions/A/IOKit
0x000000000da16000 	/usr/lib/libDiagnosticMessagesClient.dylib
0x000000000da16000 	/System/Library/Frameworks/CoreServices.framework/Versions/A/CoreServices
0x000000000da16000 	/System/Library/PrivateFrameworks/PerformanceAnalysis.framework/Versions/A/PerformanceAnalysis
0x000000000da16000 	/System/Library/PrivateFrameworks/GenerationalStorage.framework/Versions/A/GenerationalStorage
0x000000000da16000 	/System/Library/Frameworks/OpenGL.framework/Versions/A/OpenGL
0x000000000da16000 	/System/Library/PrivateFrameworks/Sharing.framework/Versions/A/Sharing
0x000000000da16000 	/System/Library/Frameworks/CoreGraphics.framework/Versions/A/CoreGraphics
0x000000000da16000 	/System/Library/Frameworks/CoreText.framework/Versions/A/CoreText
0x000000000da16000 	/System/Library/Frameworks/ImageIO.framework/Versions/A/ImageIO
0x000000000da16000 	/usr/lib/libextension.dylib
0x000000000da16000 	/System/Library/PrivateFrameworks/Backup.framework/Versions/A/Backup
0x000000000da16000 	/usr/lib/libarchive.2.dylib
0x000000000da16000 	/System/Library/Frameworks/CFNetwork.framework/Versions/A/CFNetwork
0x000000000da16000 	/System/Library/Frameworks/SystemConfiguration.framework/Versions/A/SystemConfiguration
0x000000000da16000 	/usr/lib/libCRFSuite.dylib
0x000000000da16000 	/usr/lib/libc++.1.dylib
0x000000000da16000 	/usr/lib/libc++abi.dylib
0x000000000da16000 	/usr/lib/system/libcache.dylib
0x000000000da16000 	/usr/lib/system/libcommonCrypto.dylib
0x000000000da16000 	/usr/lib/system/libcompiler_rt.dylib
0x000000000da16000 	/usr/lib/system/libcopyfile.dylib
0x000000000da16000 	/usr/lib/system/libcorecrypto.dylib
0x000000000da16000 	/usr/lib/system/libdispatch.dylib
0x000000000da16000 	/usr/lib/system/libdyld.dylib
0x000000000da16000 	/usr/lib/system/libkeymgr.dylib
0x000000000da16000 	/usr/lib/system/liblaunch.dylib
0x000000000da16000 	/usr/lib/system/libmacho.dylib
0x000000000da16000 	/usr/lib/system/libquarantine.dylib
0x000000000da16000 	/usr/lib/system/libremovefile.dylib
0x000000000da16000 	/usr/lib/system/libsystem_asl.dylib
0x000000000da16000 	/usr/lib/system/libsystem_blocks.dylib
0x000000000da16000 	/usr/lib/system/libsystem_c.dylib
0x000000000da16000 	/usr/lib/system/libsystem_configuration.dylib
0x000000000da16000 	/usr/lib/system/libsystem_coreservices.dylib
0x000000000da16000 	/usr/lib/system/libsystem_coretls.dylib
0x000000000da16000 	/usr/lib/system/libsystem_dnssd.dylib
0x000000000da16000 	/usr/lib/system/libsystem_info.dylib
0x000000000da16000 	/usr/lib/system/libsystem_kernel.dylib
0x000000000da16000 	/usr/lib/system/libsystem_m.dylib
0x000000000da16000 	/usr/lib/system/libsystem_malloc.dylib
0x000000000da16000 	/usr/lib/system/libsystem_network.dylib
0x000000000da16000 	/usr/lib/system/libsystem_networkextension.dylib
0x000000000da16000 	/usr/lib/system/libsystem_notify.dylib
0x000000000da16000 	/usr/lib/system/libsystem_platform.dylib
0x000000000da16000 	/usr/lib/system/libsystem_pthread.dylib
0x000000000da16000 	/usr/lib/system/libsystem_sandbox.dylib
0x000000000da16000 	/usr/lib/system/libsystem_secinit.dylib
0x000000000da16000 	/usr/lib/system/libsystem_stats.dylib
0x000000000da16000 	/usr/lib/system/libsystem_trace.dylib
0x000000000da16000 	/usr/lib/system/libunc.dylib
0x000000000da16000 	/usr/lib/system/libunwind.dylib
0x000000000da16000 	/usr/lib/system/libxpc.dylib
0x000000000da16000 	/usr/lib/libbz2.1.0.dylib
0x000000000da16000 	/usr/lib/liblzma.5.dylib
0x000000000da16000 	/usr/lib/libbsm.0.dylib
0x000000000da16000 	/usr/lib/libsqlite3.dylib
0x000000000da16000 	/usr/lib/system/libkxld.dylib
0x000000000da16000 	/usr/lib/libxar.1.dylib
0x000000000da16000 	/usr/lib/libpam.2.dylib
0x000000000da16000 	/usr/lib/libOpenScriptingUtil.dylib
0x000000000da16000 	/System/Library/Frameworks/CoreServices.framework/Versions/A/Frameworks/FSEvents.framework/Versions/A/FSEvents
0x000000000da16000 	/System/Library/Frameworks/CoreServices.framework/Versions/A/Frameworks/CarbonCore.framework/Versions/A/CarbonCore
0x000000000da16000 	/System/Library/Frameworks/CoreServices.framework/Versions/A/Frameworks/Metadata.framework/Versions/A/Metadata
0x000000000da16000 	/System/Library/Frameworks/CoreServices.framework/Versions/A/Frameworks/OSServices.framework/Versions/A/OSServices
0x000000000da16000 	/System/Library/Frameworks/CoreServices.framework/Versions/A/Frameworks/SearchKit.framework/Versions/A/SearchKit
0x000000000da16000 	/System/Library/Frameworks/CoreServices.framework/Versions/A/Frameworks/AE.framework/Versions/A/AE
0x000000000da16000 	/System/Library/Frameworks/CoreServices.framework/Versions/A/Frameworks/LaunchServices.framework/Versions/A/LaunchServices
0x000000000da16000 	/System/Library/Frameworks/CoreServices.framework/Versions/A/Frameworks/DictionaryServices.framework/Versions/A/DictionaryServices
0x000000000da16000 	/System/Library/Frameworks/NetFS.framework/Versions/A/NetFS
0x000000000da16000 	/System/Library/PrivateFrameworks/NetAuth.framework/Versions/A/NetAuth
0x000000000da16000 	/System/Library/PrivateFrameworks/login.framework/Versions/A/Frameworks/loginsupport.framework/Versions/A/loginsupport
0x000000000da16000 	/System/Library/PrivateFrameworks/TCC.framework/Versions/A/TCC
0x000000000da16000 	/usr/lib/libmecabra.dylib
0x000000000da16000 	/System/Library/PrivateFrameworks/LanguageModeling.framework/Versions/A/LanguageModeling
0x000000000da16000 	/usr/lib/libcmph.dylib
0x000000000da16000 	/usr/lib/libiconv.2.dylib
0x000000000da16000 	/System/Library/Frameworks/OpenDirectory.framework/Versions/A/Frameworks/CFOpenDirectory.framework/Versions/A/CFOpenDirectory
0x000000000da16000 	/System/Library/Frameworks/ServiceManagement.framework/Versions/A/ServiceManagement
0x000000000da16000 	/usr/lib/libxslt.1.dylib
0x000000000da16000 	/System/Library/Frameworks/Carbon.framework/Versions/A/Frameworks/Ink.framework/Versions/A/Ink
0x000000000da16000 	/System/Library/Frameworks/ApplicationServices.framework/Versions/A/Frameworks/ATS.framework/Versions/A/ATS
0x000000000da16000 	/System/Library/Frameworks/ApplicationServices.framework/Versions/A/Frameworks/ColorSync.framework/Versions/A/ColorSync
0x000000000da16000 	/System/Library/Frameworks/ApplicationServices.framework/Versions/A/Frameworks/HIServices.framework/Versions/A/HIServices
0x000000000da16000 	/System/Library/Frameworks/ApplicationServices.framework/Versions/A/Frameworks/LangAnalysis.framework/Versions/A/LangAnalysis
0x000000000da16000 	/System/Library/Frameworks/ApplicationServices.framework/Versions/A/Frameworks/PrintCore.framework/Versions/A/PrintCore
0x000000000da16000 	/System/Library/Frameworks/ApplicationServices.framework/Versions/A/Frameworks/QD.framework/Versions/A/QD
0x000000000da16000 	/System/Library/Frameworks/ApplicationServices.framework/Versions/A/Frameworks/SpeechSynthesis.framework/Versions/A/SpeechSynthesis
0x000000000da16000 	/System/Library/Frameworks/Accelerate.framework/Versions/A/Accelerate
0x000000000da16000 	/System/Library/Frameworks/Accelerate.framework/Versions/A/Frameworks/vImage.framework/Versions/A/vImage
0x000000000da16000 	/System/Library/Frameworks/Accelerate.framework/Versions/A/Frameworks/vecLib.framework/Versions/A/vecLib
0x000000000da16000 	/System/Library/Frameworks/Accelerate.framework/Versions/A/Frameworks/vecLib.framework/Versions/A/libvDSP.dylib
0x000000000da16000 	/System/Library/Frameworks/Accelerate.framework/Versions/A/Frameworks/vecLib.framework/Versions/A/libvMisc.dylib
0x000000000da16000 	/System/Library/Frameworks/Accelerate.framework/Versions/A/Frameworks/vecLib.framework/Versions/A/libLAPACK.dylib
0x000000000da16000 	/System/Library/Frameworks/Accelerate.framework/Versions/A/Frameworks/vecLib.framework/Versions/A/libBLAS.dylib
0x000000000da16000 	/System/Library/Frameworks/Accelerate.framework/Versions/A/Frameworks/vecLib.framework/Versions/A/libLinearAlgebra.dylib
0x000000000da16000 	/System/Library/Frameworks/ApplicationServices.framework/Versions/A/Frameworks/ATS.framework/Versions/A/Resources/libFontParser.dylib
0x000000000da16000 	/System/Library/Frameworks/ApplicationServices.framework/Versions/A/Frameworks/ATS.framework/Versions/A/Resources/libFontRegistry.dylib
0x000000000da16000 	/System/Library/PrivateFrameworks/AppleVPA.framework/Versions/A/AppleVPA
0x000000000da16000 	/System/Library/PrivateFrameworks/AppleJPEG.framework/Versions/A/AppleJPEG
0x000000000da16000 	/System/Library/Frameworks/ImageIO.framework/Versions/A/Resources/libJPEG.dylib
0x000000000da16000 	/System/Library/Frameworks/ImageIO.framework/Versions/A/Resources/libTIFF.dylib
0x000000000da16000 	/System/Library/Frameworks/ImageIO.framework/Versions/A/Resources/libPng.dylib
0x000000000da16000 	/System/Library/Frameworks/ImageIO.framework/Versions/A/Resources/libGIF.dylib
0x000000000da16000 	/System/Library/Frameworks/ImageIO.framework/Versions/A/Resources/libJP2.dylib
0x000000000da16000 	/System/Library/Frameworks/ImageIO.framework/Versions/A/Resources/libRadiance.dylib
0x000000000da16000 	/System/Library/Frameworks/CoreVideo.framework/Versions/A/CoreVideo
0x000000000da16000 	/System/Library/Frameworks/OpenGL.framework/Versions/A/Libraries/libGLU.dylib
0x000000000da16000 	/System/Library/Frameworks/OpenGL.framework/Versions/A/Libraries/libGFXShared.dylib
0x000000000da16000 	/System/Library/Frameworks/OpenGL.framework/Versions/A/Libraries/libGL.dylib
0x000000000da16000 	/System/Library/Frameworks/OpenGL.framework/Versions/A/Libraries/libGLImage.dylib
0x000000000da16000 	/System/Library/Frameworks/OpenGL.framework/Versions/A/Libraries/libCVMSPluginSupport.dylib
0x000000000da16000 	/System/Library/Frameworks/OpenGL.framework/Versions/A/Libraries/libCoreVMClient.dylib
0x000000000da16000 	/usr/lib/libcups.2.dylib
0x000000000da16000 	/System/Library/Frameworks/Kerberos.framework/Versions/A/Kerberos
0x000000000da16000 	/System/Library/Frameworks/GSS.framework/Versions/A/GSS
0x000000000da16000 	/usr/lib/libresolv.9.dylib
0x000000000da16000 	/System/Library/PrivateFrameworks/Heimdal.framework/Versions/A/Heimdal
0x000000000da16000 	/usr/lib/libheimdal-asn1.dylib
0x000000000da16000 	/System/Library/Frameworks/OpenDirectory.framework/Versions/A/OpenDirectory
0x000000000da16000 	/System/Library/PrivateFrameworks/CommonAuth.framework/Versions/A/CommonAuth
0x000000000da16000 	/System/Library/Frameworks/SecurityFoundation.framework/Versions/A/SecurityFoundation
0x000000000da16000 	/System/Library/Frameworks/QuartzCore.framework/Versions/A/Frameworks/CoreImage.framework/Versions/A/CoreImage
0x000000000da16000 	/System/Library/PrivateFrameworks/CrashReporterSupport.framework/Versions/A/CrashReporterSupport
0x000000000da16000 	/System/Library/Frameworks/OpenCL.framework/Versions/A/OpenCL
0x000000000da16000 	/System/Library/PrivateFrameworks/FaceCore.framework/Versions/A/FaceCore
0x000000000da16000 	/System/Library/PrivateFrameworks/Ubiquity.framework/Versions/A/Ubiquity
0x000000000da16000 	/System/Library/PrivateFrameworks/IconServices.framework/Versions/A/IconServices
0x000000000da16000 	/System/Library/PrivateFrameworks/ChunkingLibrary.framework/Versions/A/ChunkingLibrary
0x000000000da16000 	/System/Library/PrivateFrameworks/Apple80211.framework/Versions/A/Apple80211
0x000000000da16000 	/System/Library/Frameworks/CoreWLAN.framework/Versions/A/CoreWLAN
0x000000000da16000 	/System/Library/Frameworks/IOBluetooth.framework/Versions/A/IOBluetooth
0x000000000da16000 	/System/Library/PrivateFrameworks/CoreWiFi.framework/Versions/A/CoreWiFi
0x000000000da16000 	/System/Library/Frameworks/CoreBluetooth.framework/Versions/A/CoreBluetooth
0x000000000da16000 	/System/Library/PrivateFrameworks/DebugSymbols.framework/Versions/A/DebugSymbols
0x000000000da16000 	/System/Library/PrivateFrameworks/CoreSymbolication.framework/Versions/A/CoreSymbolication
0x000000000da16000 	/System/Library/PrivateFrameworks/Symbolication.framework/Versions/A/Symbolication
0x000000000da16000 	/System/Library/PrivateFrameworks/SpeechRecognitionCore.framework/Versions/A/SpeechRecognitionCore
0x0000000104400000 	/Library/Java/JavaVirtualMachines/jdk1.7.0_67.jdk/Contents/Home/jre/lib/server/libjvm.dylib
0x000000000da16000 	/usr/lib/libstdc++.6.dylib
0x000000010339f000 	/Library/Java/JavaVirtualMachines/jdk1.7.0_67.jdk/Contents/Home/jre/lib/libverify.dylib
0x00000001033ac000 	/Library/Java/JavaVirtualMachines/jdk1.7.0_67.jdk/Contents/Home/jre/lib/libjava.dylib
0x00000001033e5000 	/Library/Java/JavaVirtualMachines/jdk1.7.0_67.jdk/Contents/Home/jre/lib/libzip.dylib
0x000000011422b000 	/System/Library/Frameworks/JavaVM.framework/Frameworks/JavaRuntimeSupport.framework/JavaRuntimeSupport
0x0000000114241000 	/System/Library/Frameworks/JavaVM.framework/Versions/A/Frameworks/JavaNativeFoundation.framework/Versions/A/JavaNativeFoundation
0x00000001033ef000 	/System/Library/Frameworks/JavaVM.framework/Versions/A/JavaVM
0x000000000da16000 	/System/Library/Frameworks/Carbon.framework/Versions/A/Carbon
0x0000000114255000 	/System/Library/PrivateFrameworks/JavaLaunching.framework/Versions/A/JavaLaunching
0x000000000da16000 	/System/Library/Frameworks/Carbon.framework/Versions/A/Frameworks/CommonPanels.framework/Versions/A/CommonPanels
0x000000000da16000 	/System/Library/Frameworks/Carbon.framework/Versions/A/Frameworks/Help.framework/Versions/A/Help
0x000000000da16000 	/System/Library/Frameworks/Carbon.framework/Versions/A/Frameworks/ImageCapture.framework/Versions/A/ImageCapture
0x000000000da16000 	/System/Library/Frameworks/Carbon.framework/Versions/A/Frameworks/OpenScripting.framework/Versions/A/OpenScripting
0x000000000da16000 	/System/Library/Frameworks/Carbon.framework/Versions/A/Frameworks/Print.framework/Versions/A/Print
0x000000000da16000 	/System/Library/Frameworks/Carbon.framework/Versions/A/Frameworks/SecurityHI.framework/Versions/A/SecurityHI
0x00000001161e4000 	/Users/tony/.swt/lib/macosx/x86_64/libswt-cocoa-4427.jnilib
0x000000000da16000 	/System/Library/Frameworks/WebKit.framework/Versions/A/WebKit
0x000000000da16000 	/System/Library/Frameworks/JavaScriptCore.framework/Versions/A/JavaScriptCore
0x000000000da16000 	/System/Library/Frameworks/SecurityInterface.framework/Versions/A/SecurityInterface
0x000000000da16000 	/System/Library/Frameworks/WebKit.framework/Versions/A/Frameworks/WebKitLegacy.framework/Versions/A/WebKitLegacy
0x000000000da16000 	/System/Library/Frameworks/WebKit.framework/Versions/A/Frameworks/WebCore.framework/Versions/A/WebCore
0x0000000116231000 	/Users/tony/.swt/lib/macosx/x86_64/libswt-pi-cocoa-4427.jnilib
0x000000000da16000 	/System/Library/PrivateFrameworks/CoreServicesInternal.framework/Versions/A/CoreServicesInternal
0x000000000da16000 	/System/Library/PrivateFrameworks/CloudDocs.framework/Versions/A/CloudDocs
0x000000000da16000 	/System/Library/PrivateFrameworks/CoreDuet.framework/Versions/A/CoreDuet
0x000000000da16000 	/System/Library/Frameworks/CloudKit.framework/Versions/A/CloudKit
0x000000000da16000 	/System/Library/PrivateFrameworks/ProtocolBuffer.framework/Versions/A/ProtocolBuffer
0x000000000da16000 	/System/Library/PrivateFrameworks/CoreDuetDaemonProtocol.framework/Versions/A/CoreDuetDaemonProtocol
0x000000000da16000 	/System/Library/PrivateFrameworks/CoreDuetDebugLogging.framework/Versions/A/CoreDuetDebugLogging
0x000000000da16000 	/System/Library/Frameworks/CoreLocation.framework/Versions/A/CoreLocation
0x000000000da16000 	/System/Library/Frameworks/Accounts.framework/Versions/A/Accounts
0x000000000da16000 	/System/Library/PrivateFrameworks/ApplePushService.framework/Versions/A/ApplePushService
0x000000000da16000 	/System/Library/PrivateFrameworks/GeoServices.framework/Versions/A/GeoServices
0x000000000da16000 	/System/Library/PrivateFrameworks/OAuth.framework/Versions/A/OAuth
0x000000000da16000 	/System/Library/PrivateFrameworks/CoreDaemon.framework/Versions/B/CoreDaemon
0x000000000da16000 	/usr/lib/libcrypto.0.9.8.dylib
0x000000000da16000 	/System/Library/PrivateFrameworks/AppleSRP.framework/Versions/A/AppleSRP
0x000000000da16000 	/System/Library/PrivateFrameworks/TrustEvaluationAgent.framework/Versions/A/TrustEvaluationAgent
0x000000000da16000 	/System/Library/Frameworks/CoreGraphics.framework/Versions/A/Resources/libCGCMS.A.dylib
0x000000000da16000 	/System/Library/Frameworks/CoreGraphics.framework/Versions/A/Resources/libCGXType.A.dylib
0x000000000da16000 	/System/Library/Frameworks/CoreGraphics.framework/Versions/A/Resources/libRIP.A.dylib
0x000000000da16000 	/System/Library/PrivateFrameworks/FinderKit.framework/Versions/A/FinderKit
0x000000000da16000 	/System/Library/PrivateFrameworks/Suggestions.framework/Versions/A/Suggestions
0x000000000da16000 	/System/Library/Frameworks/Quartz.framework/Versions/A/Frameworks/QuickLookUI.framework/Versions/A/QuickLookUI
0x000000000da16000 	/System/Library/Frameworks/Quartz.framework/Versions/A/Frameworks/ImageKit.framework/Versions/A/ImageKit
0x000000000da16000 	/System/Library/PrivateFrameworks/Bom.framework/Versions/A/Bom
0x000000000da16000 	/System/Library/Frameworks/QuickLook.framework/Versions/A/QuickLook
0x000000000da16000 	/System/Library/PrivateFrameworks/SystemAdministration.framework/Versions/A/SystemAdministration
0x000000000da16000 	/System/Library/PrivateFrameworks/DiskImages.framework/Versions/A/DiskImages
0x000000000da16000 	/System/Library/PrivateFrameworks/AppleSystemInfo.framework/Versions/A/AppleSystemInfo
0x000000000da16000 	/System/Library/Frameworks/ImageCaptureCore.framework/Versions/A/ImageCaptureCore
0x000000000da16000 	/System/Library/Frameworks/AddressBook.framework/Versions/A/AddressBook
0x000000000da16000 	/System/Library/PrivateFrameworks/IntlPreferences.framework/Versions/A/IntlPreferences
0x000000000da16000 	/System/Library/PrivateFrameworks/ToneLibrary.framework/Versions/A/ToneLibrary
0x000000000da16000 	/System/Library/PrivateFrameworks/ToneKit.framework/Versions/A/ToneKit
0x000000000da16000 	/System/Library/PrivateFrameworks/vCard.framework/Versions/A/vCard
0x000000000da16000 	/System/Library/PrivateFrameworks/ContactsData.framework/Versions/A/ContactsData
0x000000000da16000 	/System/Library/PrivateFrameworks/ContactsFoundation.framework/Versions/A/ContactsFoundation
0x000000000da16000 	/System/Library/Frameworks/DirectoryService.framework/Versions/A/DirectoryService
0x000000000da16000 	/System/Library/PrivateFrameworks/PhoneNumbers.framework/Versions/A/PhoneNumbers
0x000000000da16000 	/System/Library/Frameworks/Quartz.framework/Versions/A/Quartz
0x000000000da16000 	/System/Library/Frameworks/LDAP.framework/Versions/A/LDAP
0x000000000da16000 	/System/Library/Frameworks/AVFoundation.framework/Versions/A/AVFoundation
0x000000000da16000 	/System/Library/Frameworks/AVFoundation.framework/Versions/A/Resources/libAVFAudio.dylib
0x000000000da16000 	/System/Library/Frameworks/CoreMedia.framework/Versions/A/CoreMedia
0x000000000da16000 	/System/Library/Frameworks/MediaToolbox.framework/Versions/A/MediaToolbox
0x000000000da16000 	/System/Library/Frameworks/VideoToolbox.framework/Versions/A/VideoToolbox
0x000000000da16000 	/System/Library/Frameworks/CoreMediaIO.framework/Versions/A/CoreMediaIO
0x000000000da16000 	/System/Library/PrivateFrameworks/MediaControlSender.framework/Versions/A/MediaControlSender
0x000000000da16000 	/System/Library/PrivateFrameworks/CoreAVCHD.framework/Versions/A/CoreAVCHD
0x000000000da16000 	/System/Library/Frameworks/MediaAccessibility.framework/Versions/A/MediaAccessibility
0x000000000da16000 	/System/Library/PrivateFrameworks/Mangrove.framework/Versions/A/Mangrove
0x000000000da16000 	/System/Library/PrivateFrameworks/CoreAUC.framework/Versions/A/CoreAUC
0x000000000da16000 	/System/Library/PrivateFrameworks/NetworkStatistics.framework/Versions/A/NetworkStatistics
0x000000000da16000 	/System/Library/PrivateFrameworks/AirPlaySupport.framework/Versions/A/AirPlaySupport
0x000000000da16000 	/System/Library/PrivateFrameworks/CoreUtils.framework/Versions/A/CoreUtils
0x000000000da16000 	/System/Library/PrivateFrameworks/AppleVA.framework/Versions/A/AppleVA
0x000000000da16000 	/System/Library/PrivateFrameworks/XPCService.framework/Versions/A/XPCService
0x000000000da16000 	/System/Library/PrivateFrameworks/AppSandbox.framework/Versions/A/AppSandbox
0x000000000da16000 	/usr/lib/libsandbox.1.dylib
0x000000000da16000 	/System/Library/PrivateFrameworks/AppContainer.framework/Versions/A/AppContainer
0x000000000da16000 	/System/Library/PrivateFrameworks/SecCodeWrapper.framework/Versions/A/SecCodeWrapper
0x000000000da16000 	/usr/lib/libMatch.1.dylib
0x000000000da16000 	/usr/lib/libspindump.dylib
0x000000000da16000 	/System/Library/Frameworks/QTKit.framework/Versions/A/QTKit
0x000000000da16000 	/System/Library/PrivateFrameworks/CoreMediaAuthoring.framework/Versions/A/CoreMediaAuthoring
0x000000000da16000 	/System/Library/Frameworks/Quartz.framework/Versions/A/Frameworks/QuartzComposer.framework/Versions/A/QuartzComposer
0x000000000da16000 	/System/Library/Frameworks/Quartz.framework/Versions/A/Frameworks/PDFKit.framework/Versions/A/PDFKit
0x000000000da16000 	/System/Library/Frameworks/Quartz.framework/Versions/A/Frameworks/QuartzFilters.framework/Versions/A/QuartzFilters
0x000000000da16000 	/System/Library/PrivateFrameworks/CorePDF.framework/Versions/A/CorePDF
0x000000000da16000 	/System/Library/PrivateFrameworks/DisplayServices.framework/Versions/A/DisplayServices
0x000000000da16000 	/usr/lib/libsasl2.2.dylib
0x000000000da16000 	/System/Library/PrivateFrameworks/AppleFSCompression.framework/Versions/A/AppleFSCompression
0x000000000da16000 	/System/Library/PrivateFrameworks/LoginUIKit.framework/Versions/A/Frameworks/LoginUICore.framework/Versions/A/LoginUICore
0x000000000da16000 	/usr/lib/libCoreStorage.dylib
0x000000000da16000 	/usr/lib/libcsfde.dylib
0x000000000da16000 	/usr/lib/libodfde.dylib
0x000000000da16000 	/System/Library/Frameworks/DiscRecording.framework/Versions/A/DiscRecording
0x000000000da16000 	/usr/lib/libcurl.4.dylib
0x000000000da16000 	/System/Library/PrivateFrameworks/MediaKit.framework/Versions/A/MediaKit
0x000000000da16000 	/System/Library/PrivateFrameworks/ProtectedCloudStorage.framework/Versions/A/ProtectedCloudStorage
0x000000000da16000 	/System/Library/PrivateFrameworks/EFILogin.framework/Versions/A/EFILogin
0x000000000da16000 	/usr/lib/libutil.dylib
0x000000000da16000 	/System/Library/PrivateFrameworks/FindMyDevice.framework/Versions/A/FindMyDevice
0x0000000118a97000 	/System/Library/PrivateFrameworks/CacheDelete.framework/CacheDelete
0x000000000da16000 	/System/Library/PrivateFrameworks/PlugInKit.framework/Versions/A/PlugInKit
0x0000000118b3a000 	/System/Library/PrivateFrameworks/FileProvider.framework/FileProvider
0x000000000da16000 	/System/Library/Frameworks/OpenGL.framework/Versions/A/Resources/GLEngine.bundle/GLEngine
0x000000000da16000 	/System/Library/Frameworks/OpenGL.framework/Versions/A/Libraries/libGLProgrammability.dylib
0x0000000000000000 	/System/Library/Extensions/AppleIntelHD4000GraphicsGLDriver.bundle/Contents/MacOS/AppleIntelHD4000GraphicsGLDriver
0x000000000da16000 	/System/Library/PrivateFrameworks/IOAccelerator.framework/Versions/A/IOAccelerator
0x000000000da16000 	/System/Library/PrivateFrameworks/GPUSupport.framework/Versions/A/Libraries/libGPUSupportMercury.dylib
0x0000000000000000 	/System/Library/Extensions/GeForceGLDriver.bundle/Contents/MacOS/GeForceGLDriver
0x000000000da16000 	/System/Library/Extensions/GeForceGLDriver.bundle/Contents/MacOS/libclh.dylib
0x000000000da16000 	/System/Library/Frameworks/OpenGL.framework/Versions/A/Resources/GLRendererFloat.bundle/GLRendererFloat
0x000000000da16000 	/System/Library/Frameworks/OpenCL.framework/Versions/A/Libraries/libcldcpuengine.dylib
0x000000011ad7f000 	cl_kernels
0x000000011ad81000 	/System/Library/Frameworks/OpenCL.framework/Versions/A/Libraries/ImageFormats/unorm8_bgra.dylib
0x000000011ad71000 	cl_kernels
0x000000011b032000 	/System/Library/Frameworks/OpenCL.framework/Versions/A/Libraries/ImageFormats/unorm8_rgba.dylib
0x000000011c6d1000 	cl_kernels
0x000000000da16000 	/System/Library/PrivateFrameworks/FamilyControls.framework/Versions/A/FamilyControls
0x000000000da16000 	/System/Library/PrivateFrameworks/CommerceKit.framework/Versions/A/Frameworks/CommerceCore.framework/Versions/A/CommerceCore
0x000000011bbdc000 	cl_kernels
0x000000011bbe0000 	cl_kernels
0x000000011c7f8000 	/System/Library/Frameworks/Security.framework/PlugIns/csparser.bundle/Contents/MacOS/csparser
0x0000000121f0a000 	/System/Library/CoreServices/RawCamera.bundle/Contents/MacOS/RawCamera
0x000000011dc9e000 	/Library/Java/JavaVirtualMachines/jdk1.7.0_67.jdk/Contents/Home/jre/lib/libnio.dylib
0x000000011dcad000 	/Library/Java/JavaVirtualMachines/jdk1.7.0_67.jdk/Contents/Home/jre/lib/./libnet.dylib
0x000000011a3b2000 	/System/Library/Frameworks/ApplicationServices.framework/Frameworks/ATS.framework/Resources/libFontRegistryUI.dylib
0x000000011a539000 	/System/Library/Frameworks/ApplicationServices.framework/Versions/A/Frameworks/ATS.framework/Versions/A/Resources/ATSHI.dylib
0x000000000da16000 	/System/Library/PrivateFrameworks/Shortcut.framework/Versions/A/Shortcut
0x000000000da16000 	/System/Library/PrivateFrameworks/HelpData.framework/Versions/A/HelpData
0x000000000da16000 	/usr/lib/libtidy.A.dylib
0x000000000da16000 	/System/Library/Frameworks/Accelerate.framework/Versions/A/Frameworks/vImage.framework/Versions/A/Libraries/libCGInterfaces.dylib

VM Arguments:
jvm_args: -Dfile.encoding=UTF-8 
java_command: tool.xmodeler.XModeler ./ini.txt
Launcher Type: SUN_STANDARD

Environment Variables:
PATH=/usr/bin:/bin:/usr/sbin:/sbin
SHELL=/bin/bash

Signal Handlers:
SIGSEGV: [libjvm.dylib+0x52b6c9], sa_mask[0]=0xfffefeff, sa_flags=0x00000043
SIGBUS: [libjvm.dylib+0x52b6c9], sa_mask[0]=0xfffefeff, sa_flags=0x00000042
SIGFPE: [libjvm.dylib+0x41deaa], sa_mask[0]=0xfffefeff, sa_flags=0x00000042
SIGPIPE: [libjvm.dylib+0x41deaa], sa_mask[0]=0xfffefeff, sa_flags=0x00000042
SIGXFSZ: [libjvm.dylib+0x41deaa], sa_mask[0]=0xfffefeff, sa_flags=0x00000042
SIGILL: [libjvm.dylib+0x41deaa], sa_mask[0]=0xfffefeff, sa_flags=0x00000042
SIGUSR1: SIG_DFL, sa_mask[0]=0x00000000, sa_flags=0x00000000
SIGUSR2: [libjvm.dylib+0x41d99c], sa_mask[0]=0x00000004, sa_flags=0x00000042
SIGHUP: [libjvm.dylib+0x41bc2d], sa_mask[0]=0xfffefeff, sa_flags=0x00000042
SIGINT: [libjvm.dylib+0x41bc2d], sa_mask[0]=0xfffefeff, sa_flags=0x00000042
SIGTERM: [libjvm.dylib+0x41bc2d], sa_mask[0]=0xfffefeff, sa_flags=0x00000042
SIGQUIT: [libjvm.dylib+0x41bc2d], sa_mask[0]=0xfffefeff, sa_flags=0x00000042


---------------  S Y S T E M  ---------------

OS:Bsduname:Darwin 14.0.0 Darwin Kernel Version 14.0.0: Fri Sep 19 00:26:44 PDT 2014; root:xnu-2782.1.97~2/RELEASE_X86_64 x86_64
rlimit: STACK 8192k, CORE 0k, NPROC 709, NOFILE 10240, AS infinity
load average:0.96 1.44 1.46

CPU:total 8 (4 cores per cpu, 2 threads per core) family 6 model 58 stepping 9, cmov, cx8, fxsr, mmx, sse, sse2, sse3, ssse3, sse4.1, sse4.2, popcnt, avx, aes, erms, ht, tsc, tscinvbit, tscinv

Memory: 4k page, physical 16777216k(4194304k free)

/proc/meminfo:


vm_info: Java HotSpot(TM) 64-Bit Server VM (24.65-b04) for bsd-amd64 JRE (1.7.0_67-b01), built on Jul 25 2014 08:51:51 by "java_re" with gcc 4.2.1 (Based on Apple Inc. build 5658) (LLVM build 2336.11.00)

time: Fri Nov 14 13:35:06 2014
elapsed time: 241 seconds

