#
# A fatal error has been detected by the Java Runtime Environment:
#
#  SIGSEGV (0xb) at pc=0x000000012202ece9, pid=3918, tid=12547
#
# JRE version: Java(TM) SE Runtime Environment (7.0_67-b01) (build 1.7.0_67-b01)
# Java VM: Java HotSpot(TM) 64-Bit Server VM (24.65-b04 mixed mode bsd-amd64 compressed oops)
# Problematic frame:
# C  [libswt-cocoa-4427.jnilib+0x25ce9]  callback+0x297
#
# Failed to write core dump. Core dumps have been disabled. To enable core dumping, try "ulimit -c unlimited" before starting Java again
#
# If you would like to submit a bug report, please visit:
#   http://bugreport.sun.com/bugreport/crash.jsp
#

---------------  T H R E A D  ---------------

Current thread (0x00007fb5cc00f000):  VMThread [stack: 0x000000011fd36000,0x000000011fe36000] [id=12547]

siginfo:si_signo=SIGSEGV: si_errno=0, si_code=1 (SEGV_MAPERR), si_addr=0x0000000000000078

Registers:
RAX=0x0000000000000000, RBX=0x00007fb5cbcf5d10, RCX=0x000000011fe35774, RDX=0x0000000000000001
RSP=0x000000011fe357a0, RBP=0x000000011fe358d0, RSI=0x0000000000000000, RDI=0x0000000000000000
R8 =0x0000000000000000, R9 =0x0000000000000003, R10=0x00007fb5cc149e10, R11=0x00007fb5cd83af50
R12=0x00007fff8eb5e0c0, R13=0x000000011fe359a0, R14=0x0000000000000000, R15=0x0000000000000000
RIP=0x000000012202ece9, EFLAGS=0x0000000000010206, ERR=0x0000000000000004
  TRAPNO=0x000000000000000e

Top of Stack: (sp=0x000000011fe357a0)
0x000000011fe357a0:   000000012202eadb 00007fff00000000
0x000000011fe357b0:   00007fff7dcd78e0 000000007dcd78e4
0x000000011fe357c0:   00007fff7dcd78e8 00007fff8fd2cd61
0x000000011fe357d0:   00007fff7dcd78e4 00007fb5cc00f1e8
0x000000011fe357e0:   00007fb5cbc0ebe8 00007fb5cbc18028
0x000000011fe357f0:   00000002000109cc 0000000000000000
0x000000011fe35800:   00007fff7dcd78c8 00007fff00000000
0x000000011fe35810:   000000011fe35860 00007fff8eb72aea
0x000000011fe35820:   00007fb5cbcf5d10 00007fb5cbe332f0
0x000000011fe35830:   00007fff8fd2e6a1 0000000000000000
0x000000011fe35840:   0000000000000000 0000000000000003
0x000000011fe35850:   0000000000000000 0000000000000000
0x000000011fe35860:   000000011fe35930 00007fff8eb5e1ac
0x000000011fe35870:   0000000000000003 0000000000000000
0x000000011fe35880:   0000000000000000 0000000000000000
0x000000011fe35890:   00007fff8fd2cd61 00007fb5cbcf5d10
0x000000011fe358a0:   0000000000000000 00007fff7f442c40
0x000000011fe358b0:   0000000000000000 0000000000000000
0x000000011fe358c0:   0000000000000000 0000000000000000
0x000000011fe358d0:   000000011fe358f0 000000012200d25e
0x000000011fe358e0:   00007fff8fd2e6a1 00007fb5cbe332f0
0x000000011fe358f0:   000000011fe35930 00007fff8f4f0a42
0x000000011fe35900:   0000000110e82760 0000000110e83540
0x000000011fe35910:   00007fff8eb5e0c0 00000000000000e0
0x000000011fe35920:   0000000000000000 0000000000000000
0x000000011fe35930:   000000011fe35970 00007fff8f5ea587
0x000000011fe35940:   0000000000000000 00007fb5cbcf5d10
0x000000011fe35950:   00000000000000f8 00007fff8eb5e0c0
0x000000011fe35960:   0000000000000000 00007fff7dcda280
0x000000011fe35970:   000000011fe359f0 00007fff8f5ea395
0x000000011fe35980:   0000000000000000 0000000000000000
0x000000011fe35990:   0000000000000000 0000000000000000 

Instructions: (pc=0x000000012202ece9)
0x000000012202ecc9:   ff ff 01 00 00 00 48 8b 85 08 ff ff ff 48 85 c0
0x000000012202ecd9:   0f 84 9f 03 00 00 48 8b 85 08 ff ff ff 48 8b 00
0x000000012202ece9:   48 8b 40 78 48 8b bd 08 ff ff ff ff d0 48 89 85
0x000000012202ecf9:   30 ff ff ff 48 83 bd 30 ff ff ff 00 74 26 48 8b 

Register to memory mapping:

RAX=0x0000000000000000 is an unknown value
RBX=0x00007fb5cbcf5d10 is an unknown value
RCX=0x000000011fe35774 is an unknown value
RDX=0x0000000000000001 is an unknown value
RSP=0x000000011fe357a0 is an unknown value
RBP=0x000000011fe358d0 is an unknown value
RSI=0x0000000000000000 is an unknown value
RDI=0x0000000000000000 is an unknown value
R8 =0x0000000000000000 is an unknown value
R9 =0x0000000000000003 is an unknown value
R10=0x00007fb5cc149e10 is an unknown value
R11=0x00007fb5cd83af50 is an unknown value
R12=0x00007fff8eb5e0c0: objc_msgSend+0 in /usr/lib/libobjc.A.dylib at 0x00007fff8eb5d000
R13=0x000000011fe359a0 is an unknown value
R14=0x0000000000000000 is an unknown value
R15=0x0000000000000000 is an unknown value


Stack: [0x000000011fd36000,0x000000011fe36000],  sp=0x000000011fe357a0,  free space=1021k
Native frames: (J=compiled Java code, j=interpreted, Vv=VM code, C=native code)
C  [libswt-cocoa-4427.jnilib+0x25ce9]  callback+0x297
C  [libswt-cocoa-4427.jnilib+0x425e]  fn0_2+0x27
C  [AppKit+0x142a42]  -[NSWindow orderWindow:relativeTo:]+0x76
C  [AppKit+0x23c587]  __18-[NSWindow _close]_block_invoke+0x1bc
C  [AppKit+0x23c395]  -[NSWindow _close]+0x16b
C  [FinderKit+0xa1aff]  -[FI_TFloatingInputWindowController dealloc]+0x45
C  [libobjc.A.dylib+0x1f68c]  _ZN11objc_object17sidetable_releaseEb+0xec
C  [AppKit+0x122804]  -[NSWindowController release]+0x9a
C  [FinderKit+0xa24cc]  _ZN4TRefIP33FI_TFloatingInputWindowController23OBJCRetainReleasePolicyIS1_EED2Ev+0xc
C  [libsystem_c.dylib+0x5e8ed]  __cxa_finalize_ranges+0x142
C  [libsystem_c.dylib+0x5ebf0]  exit+0x37
V  [libjvm.dylib+0x2d9a9e]
V  [libjvm.dylib+0x532237]
V  [libjvm.dylib+0x53089b]
V  [libjvm.dylib+0x530ce8]
V  [libjvm.dylib+0x53060f]
V  [libjvm.dylib+0x420772]
C  [libsystem_pthread.dylib+0x32fc]  _pthread_body+0x83
C  [libsystem_pthread.dylib+0x3279]  _pthread_body+0x0
C  [libsystem_pthread.dylib+0x14b1]  thread_start+0xd

VM_Operation (0x000000012d0bd718): Exit, mode: safepoint, requested by thread 0x00007fb5d38be800


---------------  P R O C E S S  ---------------

Java Threads: ( => current thread )
  0x00007fb5d38be800 JavaThread "SIGTERM handler" daemon [_thread_blocked, id=100435, stack(0x000000012cfbe000,0x000000012d0be000)]
  0x00007fb5cc4e2800 JavaThread "Thread-11" [_thread_blocked, id=90883, stack(0x0000000127b9b000,0x0000000127c9b000)]
  0x00007fb5cc4e1800 JavaThread "Thread-10" [_thread_blocked, id=90371, stack(0x00000001278b8000,0x00000001279b8000)]
  0x00007fb5cc4e1000 JavaThread "Thread-9" [_thread_blocked, id=89859, stack(0x0000000127723000,0x0000000127823000)]
  0x00007fb5cc4b0000 JavaThread "Thread-8" [_thread_blocked, id=89347, stack(0x000000012751f000,0x000000012761f000)]
  0x00007fb5cc800000 JavaThread "Thread-7" [_thread_blocked, id=88835, stack(0x000000012741c000,0x000000012751c000)]
  0x00007fb5cc4af800 JavaThread "Thread-6" [_thread_blocked, id=88323, stack(0x0000000127319000,0x0000000127419000)]
  0x00007fb5cc16f000 JavaThread "Thread-5" [_thread_blocked, id=87815, stack(0x0000000127216000,0x0000000127316000)]
  0x00007fb5cd086800 JavaThread "Thread-4" [_thread_blocked, id=87299, stack(0x0000000127113000,0x0000000127213000)]
  0x00007fb5cc137800 JavaThread "Thread-3" [_thread_blocked, id=86807, stack(0x0000000126ab8000,0x0000000126bb8000)]
  0x00007fb5cc194800 JavaThread "Thread-2" [_thread_blocked, id=75275, stack(0x000000012e030000,0x000000012e130000)]
  0x00007fb5ce24c000 JavaThread "Thread-1" [_thread_blocked, id=74131, stack(0x000000012c697000,0x000000012c797000)]
  0x00007fb5ce818800 JavaThread "Service Thread" daemon [_thread_blocked, id=19203, stack(0x0000000121c15000,0x0000000121d15000)]
  0x00007fb5cf001000 JavaThread "C2 CompilerThread1" daemon [_thread_blocked, id=18691, stack(0x0000000121b12000,0x0000000121c12000)]
  0x00007fb5cc023800 JavaThread "C2 CompilerThread0" daemon [_thread_blocked, id=18179, stack(0x0000000121a0f000,0x0000000121b0f000)]
  0x00007fb5cc012800 JavaThread "Finalizer" daemon [_thread_blocked, id=13571, stack(0x000000011ff3c000,0x000000012003c000)]
  0x00007fb5cc012000 JavaThread "Reference Handler" daemon [_thread_blocked, id=13059, stack(0x000000011fe39000,0x000000011ff39000)]
  0x00007fb5ce800000 JavaThread "main" [_thread_blocked, id=1811, stack(0x00007fff50ad3000,0x00007fff50b53000)]

Other Threads:
=>0x00007fb5cc00f000 VMThread [stack: 0x000000011fd36000,0x000000011fe36000] [id=12547]

VM state:at safepoint (shutting down)

VM Mutex/Monitor currently owned by a thread:  ([mutex/lock_event])
[0x00007fb5cbc0d130] Threads_lock - owner thread: 0x00007fb5cc00f000

Heap
 PSYoungGen      total 62464K, used 34263K [0x00000007aaa80000, 0x00000007af280000, 0x0000000800000000)
  eden space 61440K, 54% used [0x00000007aaa80000,0x00000007acb2dd70,0x00000007ae680000)
  from space 1024K, 78% used [0x00000007aea00000,0x00000007aeac8000,0x00000007aeb00000)
  to   space 6144K, 0% used [0x00000007aec80000,0x00000007aec80000,0x00000007af280000)
 ParOldGen       total 235008K, used 183710K [0x0000000700000000, 0x000000070e580000, 0x00000007aaa80000)
  object space 235008K, 78% used [0x0000000700000000,0x000000070b367bc8,0x000000070e580000)
 PSPermGen       total 21504K, used 10993K [0x00000006fae00000, 0x00000006fc300000, 0x0000000700000000)
  object space 21504K, 51% used [0x00000006fae00000,0x00000006fb8bc6f0,0x00000006fc300000)

Card table byte_map: [0x0000000113d31000,0x000000011455b000] byte_map_base: 0x000000011055a000

Polling page: 0x0000000110c5f000

Code Cache  [0x0000000110c71000, 0x0000000110ee1000, 0x0000000113c71000)
 total_blobs=895 nmethods=503 adapters=346 free_code_cache=47079Kb largest_free_block=48154560

Compilation events (10 events):
Event: 199.785 Thread 0x00007fb5cf001000 nmethod 512 0x0000000110df8b50 code [0x0000000110df8ca0, 0x0000000110df8e18]
Event: 199.785 Thread 0x00007fb5cf001000  513             java.lang.reflect.Method::<init> (68 bytes)
Event: 199.786 Thread 0x00007fb5cf001000 nmethod 513 0x0000000110dfae10 code [0x0000000110dfaf40, 0x0000000110dfb038]
Event: 199.789 Thread 0x00007fb5cc023800 nmethod 511 0x0000000110dfbed0 code [0x0000000110dfc060, 0x0000000110dfc528]
Event: 199.820 Thread 0x00007fb5cf001000  514             engine.Machine::bufferStringEqual (73 bytes)
Event: 199.827 Thread 0x00007fb5cf001000 nmethod 514 0x0000000110dfb510 code [0x0000000110dfb680, 0x0000000110dfbad8]
Event: 199.828 Thread 0x00007fb5cc023800  515             engine.Machine::isNotVMNew (21 bytes)
Event: 199.828 Thread 0x00007fb5cc023800 nmethod 515 0x0000000110dfb210 code [0x0000000110dfb360, 0x0000000110dfb418]
Event: 207.566 Thread 0x00007fb5cf001000  516             org.eclipse.swt.widgets.Control::getEnabled (20 bytes)
Event: 207.567 Thread 0x00007fb5cf001000 nmethod 516 0x0000000110dfab90 code [0x0000000110dface0, 0x0000000110dfad78]

GC Heap History (10 events):
Event: 13.134 GC heap before
{Heap before GC invocations=3 (full 0):
 PSYoungGen      total 76800K, used 69848K [0x00000007aaa80000, 0x00000007b0000000, 0x0000000800000000)
  eden space 66048K, 100% used [0x00000007aaa80000,0x00000007aeb00000,0x00000007aeb00000)
  from space 10752K, 35% used [0x00000007af580000,0x00000007af936100,0x00000007b0000000)
  to   space 10752K, 0% used [0x00000007aeb00000,0x00000007aeb00000,0x00000007af580000)
 ParOldGen       total 235008K, used 180016K [0x0000000700000000, 0x000000070e580000, 0x00000007aaa80000)
  object space 235008K, 76% used [0x0000000700000000,0x000000070afcc030,0x000000070e580000)
 PSPermGen       total 21504K, used 10176K [0x00000006fae00000, 0x00000006fc300000, 0x0000000700000000)
  object space 21504K, 47% used [0x00000006fae00000,0x00000006fb7f01e8,0x00000006fc300000)
Event: 13.137 GC heap after
Heap after GC invocations=3 (full 0):
 PSYoungGen      total 76800K, used 3816K [0x00000007aaa80000, 0x00000007b0000000, 0x0000000800000000)
  eden space 66048K, 0% used [0x00000007aaa80000,0x00000007aaa80000,0x00000007aeb00000)
  from space 10752K, 35% used [0x00000007aeb00000,0x00000007aeeba0f0,0x00000007af580000)
  to   space 10752K, 0% used [0x00000007af580000,0x00000007af580000,0x00000007b0000000)
 ParOldGen       total 235008K, used 180024K [0x0000000700000000, 0x000000070e580000, 0x00000007aaa80000)
  object space 235008K, 76% used [0x0000000700000000,0x000000070afce030,0x000000070e580000)
 PSPermGen       total 21504K, used 10176K [0x00000006fae00000, 0x00000006fc300000, 0x0000000700000000)
  object space 21504K, 47% used [0x00000006fae00000,0x00000006fb7f01e8,0x00000006fc300000)
}
Event: 34.370 GC heap before
{Heap before GC invocations=4 (full 0):
 PSYoungGen      total 76800K, used 69864K [0x00000007aaa80000, 0x00000007b0000000, 0x0000000800000000)
  eden space 66048K, 100% used [0x00000007aaa80000,0x00000007aeb00000,0x00000007aeb00000)
  from space 10752K, 35% used [0x00000007aeb00000,0x00000007aeeba0f0,0x00000007af580000)
  to   space 10752K, 0% used [0x00000007af580000,0x00000007af580000,0x00000007b0000000)
 ParOldGen       total 235008K, used 180024K [0x0000000700000000, 0x000000070e580000, 0x00000007aaa80000)
  object space 235008K, 76% used [0x0000000700000000,0x000000070afce030,0x000000070e580000)
 PSPermGen       total 21504K, used 10330K [0x00000006fae00000, 0x00000006fc300000, 0x0000000700000000)
  object space 21504K, 48% used [0x00000006fae00000,0x00000006fb816840,0x00000006fc300000)
Event: 34.374 GC heap after
Heap after GC invocations=4 (full 0):
 PSYoungGen      total 76800K, used 3976K [0x00000007aaa80000, 0x00000007b0000000, 0x0000000800000000)
  eden space 66048K, 0% used [0x00000007aaa80000,0x00000007aaa80000,0x00000007aeb00000)
  from space 10752K, 36% used [0x00000007af580000,0x00000007af9620f0,0x00000007b0000000)
  to   space 10752K, 0% used [0x00000007aeb00000,0x00000007aeb00000,0x00000007af580000)
 ParOldGen       total 235008K, used 180046K [0x0000000700000000, 0x000000070e580000, 0x00000007aaa80000)
  object space 235008K, 76% used [0x0000000700000000,0x000000070afd3ba8,0x000000070e580000)
 PSPermGen       total 21504K, used 10330K [0x00000006fae00000, 0x00000006fc300000, 0x0000000700000000)
  object space 21504K, 48% used [0x00000006fae00000,0x00000006fb816840,0x00000006fc300000)
}
Event: 49.384 GC heap before
{Heap before GC invocations=5 (full 0):
 PSYoungGen      total 76800K, used 70024K [0x00000007aaa80000, 0x00000007b0000000, 0x0000000800000000)
  eden space 66048K, 100% used [0x00000007aaa80000,0x00000007aeb00000,0x00000007aeb00000)
  from space 10752K, 36% used [0x00000007af580000,0x00000007af9620f0,0x00000007b0000000)
  to   space 10752K, 0% used [0x00000007aeb00000,0x00000007aeb00000,0x00000007af580000)
 ParOldGen       total 235008K, used 180046K [0x0000000700000000, 0x000000070e580000, 0x00000007aaa80000)
  object space 235008K, 76% used [0x0000000700000000,0x000000070afd3ba8,0x000000070e580000)
 PSPermGen       total 21504K, used 10578K [0x00000006fae00000, 0x00000006fc300000, 0x0000000700000000)
  object space 21504K, 49% used [0x00000006fae00000,0x00000006fb8549d0,0x00000006fc300000)
Event: 49.389 GC heap after
Heap after GC invocations=5 (full 0):
 PSYoungGen      total 69120K, used 4168K [0x00000007aaa80000, 0x00000007af600000, 0x0000000800000000)
  eden space 64512K, 0% used [0x00000007aaa80000,0x00000007aaa80000,0x00000007ae980000)
  from space 4608K, 90% used [0x00000007aeb00000,0x00000007aef120f0,0x00000007aef80000)
  to   space 5632K, 0% used [0x00000007af080000,0x00000007af080000,0x00000007af600000)
 ParOldGen       total 235008K, used 180054K [0x0000000700000000, 0x000000070e580000, 0x00000007aaa80000)
  object space 235008K, 76% used [0x0000000700000000,0x000000070afd5ba8,0x000000070e580000)
 PSPermGen       total 21504K, used 10578K [0x00000006fae00000, 0x00000006fc300000, 0x0000000700000000)
  object space 21504K, 49% used [0x00000006fae00000,0x00000006fb8549d0,0x00000006fc300000)
}
Event: 94.635 GC heap before
{Heap before GC invocations=6 (full 0):
 PSYoungGen      total 69120K, used 68680K [0x00000007aaa80000, 0x00000007af600000, 0x0000000800000000)
  eden space 64512K, 100% used [0x00000007aaa80000,0x00000007ae980000,0x00000007ae980000)
  from space 4608K, 90% used [0x00000007aeb00000,0x00000007aef120f0,0x00000007aef80000)
  to   space 5632K, 0% used [0x00000007af080000,0x00000007af080000,0x00000007af600000)
 ParOldGen       total 235008K, used 180054K [0x0000000700000000, 0x000000070e580000, 0x00000007aaa80000)
  object space 235008K, 76% used [0x0000000700000000,0x000000070afd5ba8,0x000000070e580000)
 PSPermGen       total 21504K, used 10867K [0x00000006fae00000, 0x00000006fc300000, 0x0000000700000000)
  object space 21504K, 50% used [0x00000006fae00000,0x00000006fb89cfc0,0x00000006fc300000)
Event: 94.640 GC heap after
Heap after GC invocations=6 (full 0):
 PSYoungGen      total 67584K, used 4344K [0x00000007aaa80000, 0x00000007af500000, 0x0000000800000000)
  eden space 62976K, 0% used [0x00000007aaa80000,0x00000007aaa80000,0x00000007ae800000)
  from space 4608K, 94% used [0x00000007af080000,0x00000007af4be100,0x00000007af500000)
  to   space 5632K, 0% used [0x00000007aea00000,0x00000007aea00000,0x00000007aef80000)
 ParOldGen       total 235008K, used 180062K [0x0000000700000000, 0x000000070e580000, 0x00000007aaa80000)
  object space 235008K, 76% used [0x0000000700000000,0x000000070afd7ba8,0x000000070e580000)
 PSPermGen       total 21504K, used 10867K [0x00000006fae00000, 0x00000006fc300000, 0x0000000700000000)
  object space 21504K, 50% used [0x00000006fae00000,0x00000006fb89cfc0,0x00000006fc300000)
}
Event: 178.010 GC heap before
{Heap before GC invocations=7 (full 0):
 PSYoungGen      total 67584K, used 67320K [0x00000007aaa80000, 0x00000007af500000, 0x0000000800000000)
  eden space 62976K, 100% used [0x00000007aaa80000,0x00000007ae800000,0x00000007ae800000)
  from space 4608K, 94% used [0x00000007af080000,0x00000007af4be100,0x00000007af500000)
  to   space 5632K, 0% used [0x00000007aea00000,0x00000007aea00000,0x00000007aef80000)
 ParOldGen       total 235008K, used 180062K [0x0000000700000000, 0x000000070e580000, 0x00000007aaa80000)
  object space 235008K, 76% used [0x0000000700000000,0x000000070afd7ba8,0x000000070e580000)
 PSPermGen       total 21504K, used 10941K [0x00000006fae00000, 0x00000006fc300000, 0x0000000700000000)
  object space 21504K, 50% used [0x00000006fae00000,0x00000006fb8af708,0x00000006fc300000)
Event: 178.016 GC heap after
Heap after GC invocations=7 (full 0):
 PSYoungGen      total 62464K, used 800K [0x00000007aaa80000, 0x00000007af280000, 0x0000000800000000)
  eden space 61440K, 0% used [0x00000007aaa80000,0x00000007aaa80000,0x00000007ae680000)
  from space 1024K, 78% used [0x00000007aea00000,0x00000007aeac8000,0x00000007aeb00000)
  to   space 6144K, 0% used [0x00000007aec80000,0x00000007aec80000,0x00000007af280000)
 ParOldGen       total 235008K, used 183710K [0x0000000700000000, 0x000000070e580000, 0x00000007aaa80000)
  object space 235008K, 78% used [0x0000000700000000,0x000000070b367bc8,0x000000070e580000)
 PSPermGen       total 21504K, used 10941K [0x00000006fae00000, 0x00000006fc300000, 0x0000000700000000)
  object space 21504K, 50% used [0x00000006fae00000,0x00000006fb8af708,0x00000006fc300000)
}

Deoptimization events (10 events):
Event: 132.982 Thread 0x00007fb5ce24c000 Uncommon trap: reason=class_check action=maybe_recompile pc=0x0000000110d6ee70 method=java.util.regex.Pattern$Curly.match0(Ljava/util/regex/Matcher;IILjava/lang/CharSequence;)Z @ 141
Event: 132.982 Thread 0x00007fb5ce24c000 Uncommon trap: reason=class_check action=maybe_recompile pc=0x0000000110d73e44 method=java.util.regex.Matcher.match(II)Z @ 86
Event: 132.982 Thread 0x00007fb5ce24c000 Uncommon trap: reason=class_check action=maybe_recompile pc=0x0000000110d6ee70 method=java.util.regex.Pattern$Curly.match0(Ljava/util/regex/Matcher;IILjava/lang/CharSequence;)Z @ 141
Event: 136.445 Thread 0x00007fb5ce800000 Uncommon trap: reason=class_check action=maybe_recompile pc=0x0000000110e2d5fc method=org.eclipse.swt.graphics.TextLayout.setStyle(Lorg/eclipse/swt/graphics/TextStyle;II)V @ 214
Event: 136.449 Thread 0x00007fb5ce800000 Uncommon trap: reason=class_check action=maybe_recompile pc=0x0000000110e2d5fc method=org.eclipse.swt.graphics.TextLayout.setStyle(Lorg/eclipse/swt/graphics/TextStyle;II)V @ 214
Event: 138.952 Thread 0x00007fb5ce800000 Uncommon trap: reason=class_check action=maybe_recompile pc=0x0000000110e4dc80 method=org.eclipse.swt.widgets.Display.windowProc(JJJ)J @ 1113
Event: 138.952 Thread 0x00007fb5ce800000 Uncommon trap: reason=class_check action=maybe_recompile pc=0x0000000110e4dc80 method=org.eclipse.swt.widgets.Display.windowProc(JJJ)J @ 1113
Event: 138.952 Thread 0x00007fb5ce800000 Uncommon trap: reason=class_check action=maybe_recompile pc=0x0000000110e4dc80 method=org.eclipse.swt.widgets.Display.windowProc(JJJ)J @ 1113
Event: 138.952 Thread 0x00007fb5ce800000 Uncommon trap: reason=class_check action=maybe_recompile pc=0x0000000110e4dc80 method=org.eclipse.swt.widgets.Display.windowProc(JJJ)J @ 1113
Event: 169.814 Thread 0x00007fb5ce800000 Uncommon trap: reason=unreached action=reinterpret pc=0x0000000110e3fc48 method=org.eclipse.swt.graphics.TextLayout.draw(Lorg/eclipse/swt/graphics/GC;IIIILorg/eclipse/swt/graphics/Color;Lorg/eclipse/swt/graphics/Color;I)V @ 25

Internal exceptions (10 events):
Event: 72.698 Thread 0x00007fb5ce800000 Threw 0x00000007ad995708 at /HUDSON/workspace/7u-2-build-macosx-x86_64/jdk7u67/1368/hotspot/src/share/vm/prims/jvm.cpp:1244
Event: 72.699 Thread 0x00007fb5ce800000 Threw 0x00000007ad99f7d8 at /HUDSON/workspace/7u-2-build-macosx-x86_64/jdk7u67/1368/hotspot/src/share/vm/prims/jvm.cpp:1244
Event: 72.700 Thread 0x00007fb5ce800000 Threw 0x00000007ad9a3358 at /HUDSON/workspace/7u-2-build-macosx-x86_64/jdk7u67/1368/hotspot/src/share/vm/prims/jvm.cpp:1244
Event: 72.704 Thread 0x00007fb5ce800000 Threw 0x00000007ad9a94c8 at /HUDSON/workspace/7u-2-build-macosx-x86_64/jdk7u67/1368/hotspot/src/share/vm/prims/jvm.cpp:1244
Event: 72.709 Thread 0x00007fb5ce800000 Threw 0x00000007ad9b2b88 at /HUDSON/workspace/7u-2-build-macosx-x86_64/jdk7u67/1368/hotspot/src/share/vm/prims/jvm.cpp:1244
Event: 72.715 Thread 0x00007fb5ce800000 Threw 0x00000007ad9b7468 at /HUDSON/workspace/7u-2-build-macosx-x86_64/jdk7u67/1368/hotspot/src/share/vm/prims/jvm.cpp:1244
Event: 72.720 Thread 0x00007fb5ce800000 Threw 0x00000007ad9be3c0 at /HUDSON/workspace/7u-2-build-macosx-x86_64/jdk7u67/1368/hotspot/src/share/vm/prims/jvm.cpp:1244
Event: 73.131 Thread 0x00007fb5ce800000 Threw 0x00000007ad9c7798 at /HUDSON/workspace/7u-2-build-macosx-x86_64/jdk7u67/1368/hotspot/src/share/vm/prims/jvm.cpp:1244
Event: 77.632 Thread 0x00007fb5ce800000 Threw 0x00000007ada3c778 at /HUDSON/workspace/7u-2-build-macosx-x86_64/jdk7u67/1368/hotspot/src/share/vm/prims/jvm.cpp:1244
Event: 117.155 Thread 0x00007fb5ce800000 Threw 0x00000007ab9458c8 at /HUDSON/workspace/7u-2-build-macosx-x86_64/jdk7u67/1368/hotspot/src/share/vm/prims/jvm.cpp:1244

Events (10 events):
Event: 221.349 loading class 0x00007fb5ce834260
Event: 221.350 loading class 0x00007fb5ce834260 done
Event: 221.350 loading class 0x00007fb5ce8343a0
Event: 221.350 loading class 0x00007fb5ce8343d0
Event: 221.350 loading class 0x00007fb5ce8343d0 done
Event: 221.350 loading class 0x00007fb5ce8343a0 done
Event: 221.350 Thread 0x00007fb5cea61800 Thread added: 0x00007fb5cea61800
Event: 221.350 Thread 0x00007fb5cea61800 Thread exited: 0x00007fb5cea61800
Event: 221.351 Executing VM operation: Exit
Event: 221.351 Thread 0x00007fb5cd005000 Thread exited: 0x00007fb5cd005000


Dynamic libraries:
0x000000000da16000 	/System/Library/Frameworks/Cocoa.framework/Versions/A/Cocoa
0x000000000da16000 	/System/Library/Frameworks/Security.framework/Versions/A/Security
0x000000000da16000 	/System/Library/Frameworks/ApplicationServices.framework/Versions/A/ApplicationServices
0x000000000da16000 	/usr/lib/libz.1.dylib
0x000000000da16000 	/usr/lib/libSystem.B.dylib
0x000000000da16000 	/usr/lib/libobjc.A.dylib
0x000000000da16000 	/System/Library/Frameworks/CoreFoundation.framework/Versions/A/CoreFoundation
0x000000000da16000 	/System/Library/Frameworks/Foundation.framework/Versions/C/Foundation
0x000000000da16000 	/System/Library/Frameworks/AppKit.framework/Versions/C/AppKit
0x000000000da16000 	/System/Library/Frameworks/CoreData.framework/Versions/A/CoreData
0x000000000da16000 	/System/Library/PrivateFrameworks/RemoteViewServices.framework/Versions/A/RemoteViewServices
0x000000000da16000 	/System/Library/PrivateFrameworks/UIFoundation.framework/Versions/A/UIFoundation
0x000000000da16000 	/System/Library/Frameworks/IOSurface.framework/Versions/A/IOSurface
0x000000000da16000 	/System/Library/Frameworks/AudioToolbox.framework/Versions/A/AudioToolbox
0x000000000da16000 	/System/Library/Frameworks/AudioUnit.framework/Versions/A/AudioUnit
0x000000000da16000 	/System/Library/PrivateFrameworks/DataDetectorsCore.framework/Versions/A/DataDetectorsCore
0x000000000da16000 	/System/Library/PrivateFrameworks/DesktopServicesPriv.framework/Versions/A/DesktopServicesPriv
0x000000000da16000 	/System/Library/Frameworks/Carbon.framework/Versions/A/Frameworks/HIToolbox.framework/Versions/A/HIToolbox
0x000000000da16000 	/System/Library/Frameworks/QuartzCore.framework/Versions/A/QuartzCore
0x000000000da16000 	/System/Library/Frameworks/Carbon.framework/Versions/A/Frameworks/SpeechRecognition.framework/Versions/A/SpeechRecognition
0x000000000da16000 	/usr/lib/libauto.dylib
0x000000000da16000 	/usr/lib/libicucore.A.dylib
0x000000000da16000 	/usr/lib/libxml2.2.dylib
0x000000000da16000 	/System/Library/PrivateFrameworks/CoreUI.framework/Versions/A/CoreUI
0x000000000da16000 	/System/Library/Frameworks/CoreAudio.framework/Versions/A/CoreAudio
0x000000000da16000 	/System/Library/Frameworks/DiskArbitration.framework/Versions/A/DiskArbitration
0x000000000da16000 	/usr/lib/liblangid.dylib
0x000000000da16000 	/System/Library/PrivateFrameworks/MultitouchSupport.framework/Versions/A/MultitouchSupport
0x000000000da16000 	/System/Library/Frameworks/IOKit.framework/Versions/A/IOKit
0x000000000da16000 	/usr/lib/libDiagnosticMessagesClient.dylib
0x000000000da16000 	/System/Library/Frameworks/CoreServices.framework/Versions/A/CoreServices
0x000000000da16000 	/System/Library/PrivateFrameworks/PerformanceAnalysis.framework/Versions/A/PerformanceAnalysis
0x000000000da16000 	/System/Library/PrivateFrameworks/GenerationalStorage.framework/Versions/A/GenerationalStorage
0x000000000da16000 	/System/Library/Frameworks/OpenGL.framework/Versions/A/OpenGL
0x000000000da16000 	/System/Library/PrivateFrameworks/Sharing.framework/Versions/A/Sharing
0x000000000da16000 	/System/Library/Frameworks/CoreGraphics.framework/Versions/A/CoreGraphics
0x000000000da16000 	/System/Library/Frameworks/CoreText.framework/Versions/A/CoreText
0x000000000da16000 	/System/Library/Frameworks/ImageIO.framework/Versions/A/ImageIO
0x000000000da16000 	/usr/lib/libextension.dylib
0x000000000da16000 	/System/Library/PrivateFrameworks/Backup.framework/Versions/A/Backup
0x000000000da16000 	/usr/lib/libarchive.2.dylib
0x000000000da16000 	/System/Library/Frameworks/CFNetwork.framework/Versions/A/CFNetwork
0x000000000da16000 	/System/Library/Frameworks/SystemConfiguration.framework/Versions/A/SystemConfiguration
0x000000000da16000 	/usr/lib/libCRFSuite.dylib
0x000000000da16000 	/usr/lib/libc++.1.dylib
0x000000000da16000 	/usr/lib/libc++abi.dylib
0x000000000da16000 	/usr/lib/system/libcache.dylib
0x000000000da16000 	/usr/lib/system/libcommonCrypto.dylib
0x000000000da16000 	/usr/lib/system/libcompiler_rt.dylib
0x000000000da16000 	/usr/lib/system/libcopyfile.dylib
0x000000000da16000 	/usr/lib/system/libcorecrypto.dylib
0x000000000da16000 	/usr/lib/system/libdispatch.dylib
0x000000000da16000 	/usr/lib/system/libdyld.dylib
0x000000000da16000 	/usr/lib/system/libkeymgr.dylib
0x000000000da16000 	/usr/lib/system/liblaunch.dylib
0x000000000da16000 	/usr/lib/system/libmacho.dylib
0x000000000da16000 	/usr/lib/system/libquarantine.dylib
0x000000000da16000 	/usr/lib/system/libremovefile.dylib
0x000000000da16000 	/usr/lib/system/libsystem_asl.dylib
0x000000000da16000 	/usr/lib/system/libsystem_blocks.dylib
0x000000000da16000 	/usr/lib/system/libsystem_c.dylib
0x000000000da16000 	/usr/lib/system/libsystem_configuration.dylib
0x000000000da16000 	/usr/lib/system/libsystem_coreservices.dylib
0x000000000da16000 	/usr/lib/system/libsystem_coretls.dylib
0x000000000da16000 	/usr/lib/system/libsystem_dnssd.dylib
0x000000000da16000 	/usr/lib/system/libsystem_info.dylib
0x000000000da16000 	/usr/lib/system/libsystem_kernel.dylib
0x000000000da16000 	/usr/lib/system/libsystem_m.dylib
0x000000000da16000 	/usr/lib/system/libsystem_malloc.dylib
0x000000000da16000 	/usr/lib/system/libsystem_network.dylib
0x000000000da16000 	/usr/lib/system/libsystem_networkextension.dylib
0x000000000da16000 	/usr/lib/system/libsystem_notify.dylib
0x000000000da16000 	/usr/lib/system/libsystem_platform.dylib
0x000000000da16000 	/usr/lib/system/libsystem_pthread.dylib
0x000000000da16000 	/usr/lib/system/libsystem_sandbox.dylib
0x000000000da16000 	/usr/lib/system/libsystem_secinit.dylib
0x000000000da16000 	/usr/lib/system/libsystem_stats.dylib
0x000000000da16000 	/usr/lib/system/libsystem_trace.dylib
0x000000000da16000 	/usr/lib/system/libunc.dylib
0x000000000da16000 	/usr/lib/system/libunwind.dylib
0x000000000da16000 	/usr/lib/system/libxpc.dylib
0x000000000da16000 	/usr/lib/libbz2.1.0.dylib
0x000000000da16000 	/usr/lib/liblzma.5.dylib
0x000000000da16000 	/usr/lib/libbsm.0.dylib
0x000000000da16000 	/usr/lib/libsqlite3.dylib
0x000000000da16000 	/usr/lib/system/libkxld.dylib
0x000000000da16000 	/usr/lib/libxar.1.dylib
0x000000000da16000 	/usr/lib/libpam.2.dylib
0x000000000da16000 	/usr/lib/libOpenScriptingUtil.dylib
0x000000000da16000 	/System/Library/Frameworks/CoreServices.framework/Versions/A/Frameworks/FSEvents.framework/Versions/A/FSEvents
0x000000000da16000 	/System/Library/Frameworks/CoreServices.framework/Versions/A/Frameworks/CarbonCore.framework/Versions/A/CarbonCore
0x000000000da16000 	/System/Library/Frameworks/CoreServices.framework/Versions/A/Frameworks/Metadata.framework/Versions/A/Metadata
0x000000000da16000 	/System/Library/Frameworks/CoreServices.framework/Versions/A/Frameworks/OSServices.framework/Versions/A/OSServices
0x000000000da16000 	/System/Library/Frameworks/CoreServices.framework/Versions/A/Frameworks/SearchKit.framework/Versions/A/SearchKit
0x000000000da16000 	/System/Library/Frameworks/CoreServices.framework/Versions/A/Frameworks/AE.framework/Versions/A/AE
0x000000000da16000 	/System/Library/Frameworks/CoreServices.framework/Versions/A/Frameworks/LaunchServices.framework/Versions/A/LaunchServices
0x000000000da16000 	/System/Library/Frameworks/CoreServices.framework/Versions/A/Frameworks/DictionaryServices.framework/Versions/A/DictionaryServices
0x000000000da16000 	/System/Library/Frameworks/NetFS.framework/Versions/A/NetFS
0x000000000da16000 	/System/Library/PrivateFrameworks/NetAuth.framework/Versions/A/NetAuth
0x000000000da16000 	/System/Library/PrivateFrameworks/login.framework/Versions/A/Frameworks/loginsupport.framework/Versions/A/loginsupport
0x000000000da16000 	/System/Library/PrivateFrameworks/TCC.framework/Versions/A/TCC
0x000000000da16000 	/usr/lib/libmecabra.dylib
0x000000000da16000 	/System/Library/PrivateFrameworks/LanguageModeling.framework/Versions/A/LanguageModeling
0x000000000da16000 	/usr/lib/libcmph.dylib
0x000000000da16000 	/usr/lib/libiconv.2.dylib
0x000000000da16000 	/System/Library/Frameworks/OpenDirectory.framework/Versions/A/Frameworks/CFOpenDirectory.framework/Versions/A/CFOpenDirectory
0x000000000da16000 	/System/Library/Frameworks/ServiceManagement.framework/Versions/A/ServiceManagement
0x000000000da16000 	/usr/lib/libxslt.1.dylib
0x000000000da16000 	/System/Library/Frameworks/Carbon.framework/Versions/A/Frameworks/Ink.framework/Versions/A/Ink
0x000000000da16000 	/System/Library/Frameworks/ApplicationServices.framework/Versions/A/Frameworks/ATS.framework/Versions/A/ATS
0x000000000da16000 	/System/Library/Frameworks/ApplicationServices.framework/Versions/A/Frameworks/ColorSync.framework/Versions/A/ColorSync
0x000000000da16000 	/System/Library/Frameworks/ApplicationServices.framework/Versions/A/Frameworks/HIServices.framework/Versions/A/HIServices
0x000000000da16000 	/System/Library/Frameworks/ApplicationServices.framework/Versions/A/Frameworks/LangAnalysis.framework/Versions/A/LangAnalysis
0x000000000da16000 	/System/Library/Frameworks/ApplicationServices.framework/Versions/A/Frameworks/PrintCore.framework/Versions/A/PrintCore
0x000000000da16000 	/System/Library/Frameworks/ApplicationServices.framework/Versions/A/Frameworks/QD.framework/Versions/A/QD
0x000000000da16000 	/System/Library/Frameworks/ApplicationServices.framework/Versions/A/Frameworks/SpeechSynthesis.framework/Versions/A/SpeechSynthesis
0x000000000da16000 	/System/Library/Frameworks/Accelerate.framework/Versions/A/Accelerate
0x000000000da16000 	/System/Library/Frameworks/Accelerate.framework/Versions/A/Frameworks/vImage.framework/Versions/A/vImage
0x000000000da16000 	/System/Library/Frameworks/Accelerate.framework/Versions/A/Frameworks/vecLib.framework/Versions/A/vecLib
0x000000000da16000 	/System/Library/Frameworks/Accelerate.framework/Versions/A/Frameworks/vecLib.framework/Versions/A/libvDSP.dylib
0x000000000da16000 	/System/Library/Frameworks/Accelerate.framework/Versions/A/Frameworks/vecLib.framework/Versions/A/libvMisc.dylib
0x000000000da16000 	/System/Library/Frameworks/Accelerate.framework/Versions/A/Frameworks/vecLib.framework/Versions/A/libLAPACK.dylib
0x000000000da16000 	/System/Library/Frameworks/Accelerate.framework/Versions/A/Frameworks/vecLib.framework/Versions/A/libBLAS.dylib
0x000000000da16000 	/System/Library/Frameworks/Accelerate.framework/Versions/A/Frameworks/vecLib.framework/Versions/A/libLinearAlgebra.dylib
0x000000000da16000 	/System/Library/Frameworks/ApplicationServices.framework/Versions/A/Frameworks/ATS.framework/Versions/A/Resources/libFontParser.dylib
0x000000000da16000 	/System/Library/Frameworks/ApplicationServices.framework/Versions/A/Frameworks/ATS.framework/Versions/A/Resources/libFontRegistry.dylib
0x000000000da16000 	/System/Library/PrivateFrameworks/AppleVPA.framework/Versions/A/AppleVPA
0x000000000da16000 	/System/Library/PrivateFrameworks/AppleJPEG.framework/Versions/A/AppleJPEG
0x000000000da16000 	/System/Library/Frameworks/ImageIO.framework/Versions/A/Resources/libJPEG.dylib
0x000000000da16000 	/System/Library/Frameworks/ImageIO.framework/Versions/A/Resources/libTIFF.dylib
0x000000000da16000 	/System/Library/Frameworks/ImageIO.framework/Versions/A/Resources/libPng.dylib
0x000000000da16000 	/System/Library/Frameworks/ImageIO.framework/Versions/A/Resources/libGIF.dylib
0x000000000da16000 	/System/Library/Frameworks/ImageIO.framework/Versions/A/Resources/libJP2.dylib
0x000000000da16000 	/System/Library/Frameworks/ImageIO.framework/Versions/A/Resources/libRadiance.dylib
0x000000000da16000 	/System/Library/Frameworks/CoreVideo.framework/Versions/A/CoreVideo
0x000000000da16000 	/System/Library/Frameworks/OpenGL.framework/Versions/A/Libraries/libGLU.dylib
0x000000000da16000 	/System/Library/Frameworks/OpenGL.framework/Versions/A/Libraries/libGFXShared.dylib
0x000000000da16000 	/System/Library/Frameworks/OpenGL.framework/Versions/A/Libraries/libGL.dylib
0x000000000da16000 	/System/Library/Frameworks/OpenGL.framework/Versions/A/Libraries/libGLImage.dylib
0x000000000da16000 	/System/Library/Frameworks/OpenGL.framework/Versions/A/Libraries/libCVMSPluginSupport.dylib
0x000000000da16000 	/System/Library/Frameworks/OpenGL.framework/Versions/A/Libraries/libCoreVMClient.dylib
0x000000000da16000 	/usr/lib/libcups.2.dylib
0x000000000da16000 	/System/Library/Frameworks/Kerberos.framework/Versions/A/Kerberos
0x000000000da16000 	/System/Library/Frameworks/GSS.framework/Versions/A/GSS
0x000000000da16000 	/usr/lib/libresolv.9.dylib
0x000000000da16000 	/System/Library/PrivateFrameworks/Heimdal.framework/Versions/A/Heimdal
0x000000000da16000 	/usr/lib/libheimdal-asn1.dylib
0x000000000da16000 	/System/Library/Frameworks/OpenDirectory.framework/Versions/A/OpenDirectory
0x000000000da16000 	/System/Library/PrivateFrameworks/CommonAuth.framework/Versions/A/CommonAuth
0x000000000da16000 	/System/Library/Frameworks/SecurityFoundation.framework/Versions/A/SecurityFoundation
0x000000000da16000 	/System/Library/Frameworks/QuartzCore.framework/Versions/A/Frameworks/CoreImage.framework/Versions/A/CoreImage
0x000000000da16000 	/System/Library/PrivateFrameworks/CrashReporterSupport.framework/Versions/A/CrashReporterSupport
0x000000000da16000 	/System/Library/Frameworks/OpenCL.framework/Versions/A/OpenCL
0x000000000da16000 	/System/Library/PrivateFrameworks/FaceCore.framework/Versions/A/FaceCore
0x000000000da16000 	/System/Library/PrivateFrameworks/Ubiquity.framework/Versions/A/Ubiquity
0x000000000da16000 	/System/Library/PrivateFrameworks/IconServices.framework/Versions/A/IconServices
0x000000000da16000 	/System/Library/PrivateFrameworks/ChunkingLibrary.framework/Versions/A/ChunkingLibrary
0x000000000da16000 	/System/Library/PrivateFrameworks/Apple80211.framework/Versions/A/Apple80211
0x000000000da16000 	/System/Library/Frameworks/CoreWLAN.framework/Versions/A/CoreWLAN
0x000000000da16000 	/System/Library/Frameworks/IOBluetooth.framework/Versions/A/IOBluetooth
0x000000000da16000 	/System/Library/PrivateFrameworks/CoreWiFi.framework/Versions/A/CoreWiFi
0x000000000da16000 	/System/Library/Frameworks/CoreBluetooth.framework/Versions/A/CoreBluetooth
0x000000000da16000 	/System/Library/PrivateFrameworks/DebugSymbols.framework/Versions/A/DebugSymbols
0x000000000da16000 	/System/Library/PrivateFrameworks/CoreSymbolication.framework/Versions/A/CoreSymbolication
0x000000000da16000 	/System/Library/PrivateFrameworks/Symbolication.framework/Versions/A/Symbolication
0x000000000da16000 	/System/Library/PrivateFrameworks/SpeechRecognitionCore.framework/Versions/A/SpeechRecognitionCore
0x0000000110200000 	/Library/Java/JavaVirtualMachines/jdk1.7.0_67.jdk/Contents/Home/jre/lib/server/libjvm.dylib
0x000000000da16000 	/usr/lib/libstdc++.6.dylib
0x000000010f1c3000 	/Library/Java/JavaVirtualMachines/jdk1.7.0_67.jdk/Contents/Home/jre/lib/libverify.dylib
0x000000010f1d0000 	/Library/Java/JavaVirtualMachines/jdk1.7.0_67.jdk/Contents/Home/jre/lib/libjava.dylib
0x0000000110c68000 	/Library/Java/JavaVirtualMachines/jdk1.7.0_67.jdk/Contents/Home/jre/lib/libzip.dylib
0x000000012003e000 	/System/Library/Frameworks/JavaVM.framework/Frameworks/JavaRuntimeSupport.framework/JavaRuntimeSupport
0x0000000120054000 	/System/Library/Frameworks/JavaVM.framework/Versions/A/Frameworks/JavaNativeFoundation.framework/Versions/A/JavaNativeFoundation
0x0000000120068000 	/System/Library/Frameworks/JavaVM.framework/Versions/A/JavaVM
0x000000000da16000 	/System/Library/Frameworks/Carbon.framework/Versions/A/Carbon
0x0000000120074000 	/System/Library/PrivateFrameworks/JavaLaunching.framework/Versions/A/JavaLaunching
0x000000000da16000 	/System/Library/Frameworks/Carbon.framework/Versions/A/Frameworks/CommonPanels.framework/Versions/A/CommonPanels
0x000000000da16000 	/System/Library/Frameworks/Carbon.framework/Versions/A/Frameworks/Help.framework/Versions/A/Help
0x000000000da16000 	/System/Library/Frameworks/Carbon.framework/Versions/A/Frameworks/ImageCapture.framework/Versions/A/ImageCapture
0x000000000da16000 	/System/Library/Frameworks/Carbon.framework/Versions/A/Frameworks/OpenScripting.framework/Versions/A/OpenScripting
0x000000000da16000 	/System/Library/Frameworks/Carbon.framework/Versions/A/Frameworks/Print.framework/Versions/A/Print
0x000000000da16000 	/System/Library/Frameworks/Carbon.framework/Versions/A/Frameworks/SecurityHI.framework/Versions/A/SecurityHI
0x0000000122009000 	/Users/tony/.swt/lib/macosx/x86_64/libswt-cocoa-4427.jnilib
0x000000000da16000 	/System/Library/Frameworks/WebKit.framework/Versions/A/WebKit
0x000000000da16000 	/System/Library/Frameworks/JavaScriptCore.framework/Versions/A/JavaScriptCore
0x000000000da16000 	/System/Library/Frameworks/SecurityInterface.framework/Versions/A/SecurityInterface
0x000000000da16000 	/System/Library/Frameworks/WebKit.framework/Versions/A/Frameworks/WebKitLegacy.framework/Versions/A/WebKitLegacy
0x000000000da16000 	/System/Library/Frameworks/WebKit.framework/Versions/A/Frameworks/WebCore.framework/Versions/A/WebCore
0x0000000122056000 	/Users/tony/.swt/lib/macosx/x86_64/libswt-pi-cocoa-4427.jnilib
0x000000000da16000 	/System/Library/PrivateFrameworks/CoreServicesInternal.framework/Versions/A/CoreServicesInternal
0x000000000da16000 	/System/Library/PrivateFrameworks/CloudDocs.framework/Versions/A/CloudDocs
0x000000000da16000 	/System/Library/PrivateFrameworks/CoreDuet.framework/Versions/A/CoreDuet
0x000000000da16000 	/System/Library/Frameworks/CloudKit.framework/Versions/A/CloudKit
0x000000000da16000 	/System/Library/PrivateFrameworks/ProtocolBuffer.framework/Versions/A/ProtocolBuffer
0x000000000da16000 	/System/Library/PrivateFrameworks/CoreDuetDaemonProtocol.framework/Versions/A/CoreDuetDaemonProtocol
0x000000000da16000 	/System/Library/PrivateFrameworks/CoreDuetDebugLogging.framework/Versions/A/CoreDuetDebugLogging
0x000000000da16000 	/System/Library/Frameworks/CoreLocation.framework/Versions/A/CoreLocation
0x000000000da16000 	/System/Library/Frameworks/Accounts.framework/Versions/A/Accounts
0x000000000da16000 	/System/Library/PrivateFrameworks/ApplePushService.framework/Versions/A/ApplePushService
0x000000000da16000 	/System/Library/PrivateFrameworks/GeoServices.framework/Versions/A/GeoServices
0x000000000da16000 	/System/Library/PrivateFrameworks/OAuth.framework/Versions/A/OAuth
0x000000000da16000 	/System/Library/PrivateFrameworks/CoreDaemon.framework/Versions/B/CoreDaemon
0x000000000da16000 	/usr/lib/libcrypto.0.9.8.dylib
0x000000000da16000 	/System/Library/PrivateFrameworks/AppleSRP.framework/Versions/A/AppleSRP
0x000000000da16000 	/System/Library/PrivateFrameworks/TrustEvaluationAgent.framework/Versions/A/TrustEvaluationAgent
0x000000000da16000 	/System/Library/Frameworks/CoreGraphics.framework/Versions/A/Resources/libCGCMS.A.dylib
0x000000000da16000 	/System/Library/Frameworks/CoreGraphics.framework/Versions/A/Resources/libCGXType.A.dylib
0x000000000da16000 	/System/Library/Frameworks/CoreGraphics.framework/Versions/A/Resources/libRIP.A.dylib
0x000000000da16000 	/System/Library/PrivateFrameworks/FinderKit.framework/Versions/A/FinderKit
0x000000000da16000 	/System/Library/PrivateFrameworks/Suggestions.framework/Versions/A/Suggestions
0x000000000da16000 	/System/Library/Frameworks/Quartz.framework/Versions/A/Frameworks/QuickLookUI.framework/Versions/A/QuickLookUI
0x000000000da16000 	/System/Library/Frameworks/Quartz.framework/Versions/A/Frameworks/ImageKit.framework/Versions/A/ImageKit
0x000000000da16000 	/System/Library/PrivateFrameworks/Bom.framework/Versions/A/Bom
0x000000000da16000 	/System/Library/Frameworks/QuickLook.framework/Versions/A/QuickLook
0x000000000da16000 	/System/Library/PrivateFrameworks/SystemAdministration.framework/Versions/A/SystemAdministration
0x000000000da16000 	/System/Library/PrivateFrameworks/DiskImages.framework/Versions/A/DiskImages
0x000000000da16000 	/System/Library/PrivateFrameworks/AppleSystemInfo.framework/Versions/A/AppleSystemInfo
0x000000000da16000 	/System/Library/Frameworks/ImageCaptureCore.framework/Versions/A/ImageCaptureCore
0x000000000da16000 	/System/Library/Frameworks/AddressBook.framework/Versions/A/AddressBook
0x000000000da16000 	/System/Library/PrivateFrameworks/IntlPreferences.framework/Versions/A/IntlPreferences
0x000000000da16000 	/System/Library/PrivateFrameworks/ToneLibrary.framework/Versions/A/ToneLibrary
0x000000000da16000 	/System/Library/PrivateFrameworks/ToneKit.framework/Versions/A/ToneKit
0x000000000da16000 	/System/Library/PrivateFrameworks/vCard.framework/Versions/A/vCard
0x000000000da16000 	/System/Library/PrivateFrameworks/ContactsData.framework/Versions/A/ContactsData
0x000000000da16000 	/System/Library/PrivateFrameworks/ContactsFoundation.framework/Versions/A/ContactsFoundation
0x000000000da16000 	/System/Library/Frameworks/DirectoryService.framework/Versions/A/DirectoryService
0x000000000da16000 	/System/Library/PrivateFrameworks/PhoneNumbers.framework/Versions/A/PhoneNumbers
0x000000000da16000 	/System/Library/Frameworks/Quartz.framework/Versions/A/Quartz
0x000000000da16000 	/System/Library/Frameworks/LDAP.framework/Versions/A/LDAP
0x000000000da16000 	/System/Library/Frameworks/AVFoundation.framework/Versions/A/AVFoundation
0x000000000da16000 	/System/Library/Frameworks/AVFoundation.framework/Versions/A/Resources/libAVFAudio.dylib
0x000000000da16000 	/System/Library/Frameworks/CoreMedia.framework/Versions/A/CoreMedia
0x000000000da16000 	/System/Library/Frameworks/MediaToolbox.framework/Versions/A/MediaToolbox
0x000000000da16000 	/System/Library/Frameworks/VideoToolbox.framework/Versions/A/VideoToolbox
0x000000000da16000 	/System/Library/Frameworks/CoreMediaIO.framework/Versions/A/CoreMediaIO
0x000000000da16000 	/System/Library/PrivateFrameworks/MediaControlSender.framework/Versions/A/MediaControlSender
0x000000000da16000 	/System/Library/PrivateFrameworks/CoreAVCHD.framework/Versions/A/CoreAVCHD
0x000000000da16000 	/System/Library/Frameworks/MediaAccessibility.framework/Versions/A/MediaAccessibility
0x000000000da16000 	/System/Library/PrivateFrameworks/Mangrove.framework/Versions/A/Mangrove
0x000000000da16000 	/System/Library/PrivateFrameworks/CoreAUC.framework/Versions/A/CoreAUC
0x000000000da16000 	/System/Library/PrivateFrameworks/NetworkStatistics.framework/Versions/A/NetworkStatistics
0x000000000da16000 	/System/Library/PrivateFrameworks/AirPlaySupport.framework/Versions/A/AirPlaySupport
0x000000000da16000 	/System/Library/PrivateFrameworks/CoreUtils.framework/Versions/A/CoreUtils
0x000000000da16000 	/System/Library/PrivateFrameworks/AppleVA.framework/Versions/A/AppleVA
0x000000000da16000 	/System/Library/PrivateFrameworks/XPCService.framework/Versions/A/XPCService
0x000000000da16000 	/System/Library/PrivateFrameworks/AppSandbox.framework/Versions/A/AppSandbox
0x000000000da16000 	/usr/lib/libsandbox.1.dylib
0x000000000da16000 	/System/Library/PrivateFrameworks/AppContainer.framework/Versions/A/AppContainer
0x000000000da16000 	/System/Library/PrivateFrameworks/SecCodeWrapper.framework/Versions/A/SecCodeWrapper
0x000000000da16000 	/usr/lib/libMatch.1.dylib
0x000000000da16000 	/usr/lib/libspindump.dylib
0x000000000da16000 	/System/Library/Frameworks/QTKit.framework/Versions/A/QTKit
0x000000000da16000 	/System/Library/PrivateFrameworks/CoreMediaAuthoring.framework/Versions/A/CoreMediaAuthoring
0x000000000da16000 	/System/Library/Frameworks/Quartz.framework/Versions/A/Frameworks/QuartzComposer.framework/Versions/A/QuartzComposer
0x000000000da16000 	/System/Library/Frameworks/Quartz.framework/Versions/A/Frameworks/PDFKit.framework/Versions/A/PDFKit
0x000000000da16000 	/System/Library/Frameworks/Quartz.framework/Versions/A/Frameworks/QuartzFilters.framework/Versions/A/QuartzFilters
0x000000000da16000 	/System/Library/PrivateFrameworks/CorePDF.framework/Versions/A/CorePDF
0x000000000da16000 	/System/Library/PrivateFrameworks/DisplayServices.framework/Versions/A/DisplayServices
0x000000000da16000 	/usr/lib/libsasl2.2.dylib
0x000000000da16000 	/System/Library/PrivateFrameworks/AppleFSCompression.framework/Versions/A/AppleFSCompression
0x000000000da16000 	/System/Library/PrivateFrameworks/LoginUIKit.framework/Versions/A/Frameworks/LoginUICore.framework/Versions/A/LoginUICore
0x000000000da16000 	/usr/lib/libCoreStorage.dylib
0x000000000da16000 	/usr/lib/libcsfde.dylib
0x000000000da16000 	/usr/lib/libodfde.dylib
0x000000000da16000 	/System/Library/Frameworks/DiscRecording.framework/Versions/A/DiscRecording
0x000000000da16000 	/usr/lib/libcurl.4.dylib
0x000000000da16000 	/System/Library/PrivateFrameworks/MediaKit.framework/Versions/A/MediaKit
0x000000000da16000 	/System/Library/PrivateFrameworks/ProtectedCloudStorage.framework/Versions/A/ProtectedCloudStorage
0x000000000da16000 	/System/Library/PrivateFrameworks/EFILogin.framework/Versions/A/EFILogin
0x000000000da16000 	/usr/lib/libutil.dylib
0x000000000da16000 	/System/Library/PrivateFrameworks/FindMyDevice.framework/Versions/A/FindMyDevice
0x00000001248bb000 	/System/Library/PrivateFrameworks/CacheDelete.framework/CacheDelete
0x000000000da16000 	/System/Library/PrivateFrameworks/PlugInKit.framework/Versions/A/PlugInKit
0x0000000124c03000 	/System/Library/PrivateFrameworks/FileProvider.framework/FileProvider
0x000000000da16000 	/System/Library/Frameworks/OpenGL.framework/Versions/A/Resources/GLEngine.bundle/GLEngine
0x000000000da16000 	/System/Library/Frameworks/OpenGL.framework/Versions/A/Libraries/libGLProgrammability.dylib
0x0000000000000000 	/System/Library/Extensions/AppleIntelHD4000GraphicsGLDriver.bundle/Contents/MacOS/AppleIntelHD4000GraphicsGLDriver
0x000000000da16000 	/System/Library/PrivateFrameworks/IOAccelerator.framework/Versions/A/IOAccelerator
0x000000000da16000 	/System/Library/PrivateFrameworks/GPUSupport.framework/Versions/A/Libraries/libGPUSupportMercury.dylib
0x0000000000000000 	/System/Library/Extensions/GeForceGLDriver.bundle/Contents/MacOS/GeForceGLDriver
0x000000000da16000 	/System/Library/Extensions/GeForceGLDriver.bundle/Contents/MacOS/libclh.dylib
0x000000000da16000 	/System/Library/Frameworks/OpenGL.framework/Versions/A/Resources/GLRendererFloat.bundle/GLRendererFloat
0x000000000da16000 	/System/Library/Frameworks/OpenCL.framework/Versions/A/Libraries/libcldcpuengine.dylib
0x0000000126d17000 	cl_kernels
0x0000000126d19000 	/System/Library/Frameworks/OpenCL.framework/Versions/A/Libraries/ImageFormats/unorm8_bgra.dylib
0x0000000126d09000 	cl_kernels
0x0000000126ec4000 	/System/Library/Frameworks/OpenCL.framework/Versions/A/Libraries/ImageFormats/unorm8_rgba.dylib
0x00000001284f5000 	cl_kernels
0x000000000da16000 	/System/Library/PrivateFrameworks/FamilyControls.framework/Versions/A/FamilyControls
0x000000000da16000 	/System/Library/PrivateFrameworks/CommerceKit.framework/Versions/A/Frameworks/CommerceCore.framework/Versions/A/CommerceCore
0x0000000127aa2000 	cl_kernels
0x0000000127aa6000 	cl_kernels
0x0000000127b62000 	/System/Library/Frameworks/Security.framework/PlugIns/csparser.bundle/Contents/MacOS/csparser
0x000000000da16000 	/System/Library/CoreServices/RawCamera.bundle/Contents/MacOS/RawCamera
0x0000000129ae9000 	/Library/Java/JavaVirtualMachines/jdk1.7.0_67.jdk/Contents/Home/jre/lib/libnio.dylib
0x0000000129af8000 	/Library/Java/JavaVirtualMachines/jdk1.7.0_67.jdk/Contents/Home/jre/lib/./libnet.dylib
0x0000000125fa1000 	/System/Library/Frameworks/ApplicationServices.framework/Frameworks/ATS.framework/Resources/libFontRegistryUI.dylib
0x0000000126772000 	/System/Library/Frameworks/ApplicationServices.framework/Versions/A/Frameworks/ATS.framework/Versions/A/Resources/ATSHI.dylib
0x000000000da16000 	/System/Library/PrivateFrameworks/Shortcut.framework/Versions/A/Shortcut
0x000000000da16000 	/System/Library/PrivateFrameworks/HelpData.framework/Versions/A/HelpData
0x000000000da16000 	/usr/lib/libtidy.A.dylib
0x000000000da16000 	/System/Library/Frameworks/CoreGraphics.framework/Versions/A/Resources/libCGXCoreImage.A.dylib
0x00000001278af000 	cl_kernels
0x000000000da16000 	/System/Library/Frameworks/Accelerate.framework/Versions/A/Frameworks/vImage.framework/Versions/A/Libraries/libCGInterfaces.dylib
0x000000000da16000 	/System/Library/PrivateFrameworks/DataDetectors.framework/Versions/A/DataDetectors
0x000000000da16000 	/System/Library/PrivateFrameworks/IDS.framework/Versions/A/IDS
0x000000000da16000 	/System/Library/PrivateFrameworks/WebKit2.framework/Versions/A/WebKit2
0x000000000da16000 	/System/Library/PrivateFrameworks/IMFoundation.framework/Versions/A/IMFoundation
0x000000000da16000 	/System/Library/PrivateFrameworks/Marco.framework/Versions/A/Marco
0x000000000da16000 	/System/Library/PrivateFrameworks/IDSFoundation.framework/Versions/A/IDSFoundation
0x000000000da16000 	/System/Library/PrivateFrameworks/FTServices.framework/Versions/A/FTServices
0x000000000da16000 	/System/Library/PrivateFrameworks/CommonUtilities.framework/Versions/A/CommonUtilities
0x000000000da16000 	/System/Library/PrivateFrameworks/DiagnosticLogCollection.framework/Versions/A/DiagnosticLogCollection
0x0000000121f5b000 	/System/Library/PrivateFrameworks/WebContentAnalysis.framework/WebContentAnalysis
0x000000000da16000 	/System/Library/Frameworks/LatentSemanticMapping.framework/Versions/A/LatentSemanticMapping
0x000000012a7c2000 	/System/Library/Frameworks/NetworkExtension.framework/NetworkExtension
0x000000000da16000 	/System/Library/PrivateFrameworks/EAP8021X.framework/Versions/A/EAP8021X
0x00000001200d5000 	/System/Library/PrivateFrameworks/Symptoms.framework/Frameworks/SymptomReporter.framework/SymptomReporter

VM Arguments:
jvm_args: -Dfile.encoding=UTF-8 
java_command: tool.xmodeler.XModeler ./ini.txt
Launcher Type: SUN_STANDARD

Environment Variables:
PATH=/usr/bin:/bin:/usr/sbin:/sbin
SHELL=/bin/bash

Signal Handlers:
SIGSEGV: [libjvm.dylib+0x52b6c9], sa_mask[0]=0xfffefeff, sa_flags=0x00000043
SIGBUS: [libjvm.dylib+0x52b6c9], sa_mask[0]=0xfffefeff, sa_flags=0x00000042
SIGFPE: [libjvm.dylib+0x41deaa], sa_mask[0]=0xfffefeff, sa_flags=0x00000042
SIGPIPE: [libjvm.dylib+0x41deaa], sa_mask[0]=0xfffefeff, sa_flags=0x00000042
SIGXFSZ: [libjvm.dylib+0x41deaa], sa_mask[0]=0xfffefeff, sa_flags=0x00000042
SIGILL: [libjvm.dylib+0x41deaa], sa_mask[0]=0xfffefeff, sa_flags=0x00000042
SIGUSR1: SIG_DFL, sa_mask[0]=0x00000000, sa_flags=0x00000000
SIGUSR2: [libjvm.dylib+0x41d99c], sa_mask[0]=0x00000004, sa_flags=0x00000042
SIGHUP: [libjvm.dylib+0x41bc2d], sa_mask[0]=0xfffefeff, sa_flags=0x00000042
SIGINT: [libjvm.dylib+0x41bc2d], sa_mask[0]=0xfffefeff, sa_flags=0x00000042
SIGTERM: [libjvm.dylib+0x41bc2d], sa_mask[0]=0xfffefeff, sa_flags=0x00000042
SIGQUIT: [libjvm.dylib+0x41bc2d], sa_mask[0]=0xfffefeff, sa_flags=0x00000042


---------------  S Y S T E M  ---------------

OS:Bsduname:Darwin 14.0.0 Darwin Kernel Version 14.0.0: Fri Sep 19 00:26:44 PDT 2014; root:xnu-2782.1.97~2/RELEASE_X86_64 x86_64
rlimit: STACK 8192k, CORE 0k, NPROC 709, NOFILE 10240, AS infinity
load average:1.08 1.10 1.15

CPU:total 8 (4 cores per cpu, 2 threads per core) family 6 model 58 stepping 9, cmov, cx8, fxsr, mmx, sse, sse2, sse3, ssse3, sse4.1, sse4.2, popcnt, avx, aes, erms, ht, tsc, tscinvbit, tscinv

Memory: 4k page, physical 16777216k(4194304k free)

/proc/meminfo:


vm_info: Java HotSpot(TM) 64-Bit Server VM (24.65-b04) for bsd-amd64 JRE (1.7.0_67-b01), built on Jul 25 2014 08:51:51 by "java_re" with gcc 4.2.1 (Based on Apple Inc. build 5658) (LLVM build 2336.11.00)

time: Fri Nov 14 10:47:16 2014
elapsed time: 221 seconds

