#
# A fatal error has been detected by the Java Runtime Environment:
#
#  SIGSEGV (0xb) at pc=0x000000011df37ce9, pid=3994, tid=12547
#
# JRE version: Java(TM) SE Runtime Environment (7.0_67-b01) (build 1.7.0_67-b01)
# Java VM: Java HotSpot(TM) 64-Bit Server VM (24.65-b04 mixed mode bsd-amd64 compressed oops)
# Problematic frame:
# C  [libswt-cocoa-4427.jnilib+0x25ce9]  callback+0x297
#
# Failed to write core dump. Core dumps have been disabled. To enable core dumping, try "ulimit -c unlimited" before starting Java again
#
# If you would like to submit a bug report, please visit:
#   http://bugreport.sun.com/bugreport/crash.jsp
#

---------------  T H R E A D  ---------------

Current thread (0x00007f9729851000):  VMThread [stack: 0x000000011bc3a000,0x000000011bd3a000] [id=12547]

siginfo:si_signo=SIGSEGV: si_errno=0, si_code=1 (SEGV_MAPERR), si_addr=0x0000000000000078

Registers:
RAX=0x0000000000000000, RBX=0x00007f972a872d90, RCX=0x000000011bd39774, RDX=0x0000000000000001
RSP=0x000000011bd397a0, RBP=0x000000011bd398d0, RSI=0x0000000000000000, RDI=0x0000000000000000
R8 =0x0000000000000000, R9 =0x0000000000000003, R10=0x00007f9728c19310, R11=0x00007f972854afb0
R12=0x00007fff974470c0, R13=0x000000011bd399a0, R14=0x0000000000000000, R15=0x0000000000000000
RIP=0x000000011df37ce9, EFLAGS=0x0000000000010206, ERR=0x0000000000000004
  TRAPNO=0x000000000000000e

Top of Stack: (sp=0x000000011bd397a0)
0x000000011bd397a0:   000000011df37adb 00007fff00000000
0x000000011bd397b0:   00007fff7aeaa8e0 000000007aeaa8e4
0x000000011bd397c0:   00007fff7aeaa8e8 00007fff95973cf1
0x000000011bd397d0:   00007fff7aeaa8e4 00007f97298511e8
0x000000011bd397e0:   00007f9728513968 00007f9728547fe8
0x000000011bd397f0:   000000020001787c 0000000000000000
0x000000011bd39800:   00007fff7aeaa8c8 00007fff00000000
0x000000011bd39810:   000000011bd39860 00007fff9745baea
0x000000011bd39820:   00007f972a872d90 00007f97285853e0
0x000000011bd39830:   00007fff95975631 0000000000000000
0x000000011bd39840:   0000000000000000 0000000000000003
0x000000011bd39850:   0000000000000000 0000000000000000
0x000000011bd39860:   000000011bd39930 00007fff974471ac
0x000000011bd39870:   0000000000000003 0000000000000000
0x000000011bd39880:   0000000000000000 0000000000000000
0x000000011bd39890:   00007fff95973cf1 00007f972a872d90
0x000000011bd398a0:   0000000000000000 00007fff7a680c40
0x000000011bd398b0:   0000000000000000 0000000000000000
0x000000011bd398c0:   0000000000000000 0000000000000000
0x000000011bd398d0:   000000011bd398f0 000000011df1625e
0x000000011bd398e0:   00007fff95975631 00007f97285853e0
0x000000011bd398f0:   000000011bd39930 00007fff951378f2
0x000000011bd39900:   000000010cfa1ca0 000000010cfa2fc0
0x000000011bd39910:   00007fff974470c0 00000000000000e0
0x000000011bd39920:   0000000000000000 0000000000000000
0x000000011bd39930:   000000011bd39970 00007fff95231437
0x000000011bd39940:   0000000000000000 00007f972a872d90
0x000000011bd39950:   00000000000000f8 00007fff974470c0
0x000000011bd39960:   0000000000000000 00007fff7aeac100
0x000000011bd39970:   000000011bd399f0 00007fff95231245
0x000000011bd39980:   0000000000000000 0000000000000000
0x000000011bd39990:   0000000000000000 0000000000000000 

Instructions: (pc=0x000000011df37ce9)
0x000000011df37cc9:   ff ff 01 00 00 00 48 8b 85 08 ff ff ff 48 85 c0
0x000000011df37cd9:   0f 84 9f 03 00 00 48 8b 85 08 ff ff ff 48 8b 00
0x000000011df37ce9:   48 8b 40 78 48 8b bd 08 ff ff ff ff d0 48 89 85
0x000000011df37cf9:   30 ff ff ff 48 83 bd 30 ff ff ff 00 74 26 48 8b 

Register to memory mapping:

RAX=0x0000000000000000 is an unknown value
RBX=0x00007f972a872d90 is an unknown value
RCX=0x000000011bd39774 is an unknown value
RDX=0x0000000000000001 is an unknown value
RSP=0x000000011bd397a0 is an unknown value
RBP=0x000000011bd398d0 is an unknown value
RSI=0x0000000000000000 is an unknown value
RDI=0x0000000000000000 is an unknown value
R8 =0x0000000000000000 is an unknown value
R9 =0x0000000000000003 is an unknown value
R10=0x00007f9728c19310 is an unknown value
R11=0x00007f972854afb0 is an unknown value
R12=0x00007fff974470c0: objc_msgSend+0 in /usr/lib/libobjc.A.dylib at 0x00007fff97446000
R13=0x000000011bd399a0 is an unknown value
R14=0x0000000000000000 is an unknown value
R15=0x0000000000000000 is an unknown value


Stack: [0x000000011bc3a000,0x000000011bd3a000],  sp=0x000000011bd397a0,  free space=1021k
Native frames: (J=compiled Java code, j=interpreted, Vv=VM code, C=native code)
C  [libswt-cocoa-4427.jnilib+0x25ce9]  callback+0x297
C  [libswt-cocoa-4427.jnilib+0x425e]  fn0_2+0x27
C  [AppKit+0x1428f2]  -[NSWindow orderWindow:relativeTo:]+0x76
C  [AppKit+0x23c437]  __18-[NSWindow _close]_block_invoke+0x1bc
C  [AppKit+0x23c245]  -[NSWindow _close]+0x16b
C  [FinderKit+0xa252f]  -[FI_TFloatingInputWindowController dealloc]+0x45
C  [libobjc.A.dylib+0x1f68c]  _ZN11objc_object17sidetable_releaseEb+0xec
C  [AppKit+0x1226b4]  -[NSWindowController release]+0x9a
C  [FinderKit+0xa2efc]  _ZN4TRefIP33FI_TFloatingInputWindowController23OBJCRetainReleasePolicyIS1_EED2Ev+0xc
C  [libsystem_c.dylib+0x5e8ed]  __cxa_finalize_ranges+0x142
C  [libsystem_c.dylib+0x5ebf0]  exit+0x37
V  [libjvm.dylib+0x2d9a9e]
V  [libjvm.dylib+0x532237]
V  [libjvm.dylib+0x53089b]
V  [libjvm.dylib+0x530ce8]
V  [libjvm.dylib+0x53060f]
V  [libjvm.dylib+0x420772]
C  [libsystem_pthread.dylib+0x32fc]  _pthread_body+0x83
C  [libsystem_pthread.dylib+0x3279]  _pthread_body+0x0
C  [libsystem_pthread.dylib+0x14b1]  thread_start+0xd

VM_Operation (0x000000011e3a3718): Exit, mode: safepoint, requested by thread 0x00007f97301ba000


---------------  P R O C E S S  ---------------

Java Threads: ( => current thread )
  0x00007f97301ba000 JavaThread "SIGTERM handler" daemon [_thread_blocked, id=80635, stack(0x000000011e2a4000,0x000000011e3a4000)]
  0x00007f97289cb000 JavaThread "Thread-12" [_thread_blocked, id=93195, stack(0x00000001254d8000,0x00000001255d8000)]
  0x00007f972b17d000 JavaThread "Thread-11" [_thread_blocked, id=92947, stack(0x0000000124d5e000,0x0000000124e5e000)]
  0x00007f97299c2000 JavaThread "Thread-10" [_thread_blocked, id=63771, stack(0x00000001244b2000,0x00000001245b2000)]
  0x00007f972996a800 JavaThread "Thread-9" [_thread_blocked, id=70675, stack(0x00000001241b5000,0x00000001242b5000)]
  0x00007f972993e800 JavaThread "Thread-8" [_thread_blocked, id=44595, stack(0x0000000122d07000,0x0000000122e07000)]
  0x00007f972998c800 JavaThread "Thread-7" [_thread_blocked, id=47119, stack(0x00000001229f6000,0x0000000122af6000)]
  0x00007f972c086800 JavaThread "Thread-6" [_thread_blocked, id=45851, stack(0x00000001226af000,0x00000001227af000)]
  0x00007f972c13c000 JavaThread "Thread-5" [_thread_blocked, id=72967, stack(0x00000001218ba000,0x00000001219ba000)]
  0x00007f97289d5000 JavaThread "Thread-4" [_thread_blocked, id=72483, stack(0x000000012123b000,0x000000012133b000)]
  0x00007f9728948000 JavaThread "Thread-3" [_thread_blocked, id=49359, stack(0x0000000121138000,0x0000000121238000)]
  0x00007f972c171800 JavaThread "Thread-2" [_thread_blocked, id=78851, stack(0x0000000121ef1000,0x0000000121ff1000)]
  0x00007f97289e1800 JavaThread "Thread-1" [_thread_blocked, id=78347, stack(0x0000000121dee000,0x0000000121eee000)]
  0x00007f9729880000 JavaThread "Service Thread" daemon [_thread_blocked, id=19203, stack(0x000000011db17000,0x000000011dc17000)]
  0x00007f972987f800 JavaThread "C2 CompilerThread1" daemon [_thread_blocked, id=18691, stack(0x000000011da14000,0x000000011db14000)]
  0x00007f972987e000 JavaThread "C2 CompilerThread0" daemon [_thread_blocked, id=18179, stack(0x000000011d911000,0x000000011da11000)]
  0x00007f972b000000 JavaThread "Finalizer" daemon [_thread_blocked, id=13571, stack(0x000000011be40000,0x000000011bf40000)]
  0x00007f9729853800 JavaThread "Reference Handler" daemon [_thread_blocked, id=13059, stack(0x000000011bd3d000,0x000000011be3d000)]
  0x00007f9729805800 JavaThread "main" [_thread_blocked, id=1811, stack(0x00007fff54bd7000,0x00007fff54c57000)]

Other Threads:
=>0x00007f9729851000 VMThread [stack: 0x000000011bc3a000,0x000000011bd3a000] [id=12547]

VM state:at safepoint (shutting down)

VM Mutex/Monitor currently owned by a thread:  ([mutex/lock_event])
[0x00007f9728421a80] Threads_lock - owner thread: 0x00007f9729851000

Heap
 PSYoungGen      total 53760K, used 40421K [0x00000007aaa80000, 0x00000007ae480000, 0x0000000800000000)
  eden space 51200K, 74% used [0x00000007aaa80000,0x00000007acf875e8,0x00000007adc80000)
  from space 2560K, 97% used [0x00000007add80000,0x00000007adff2020,0x00000007ae000000)
  to   space 4096K, 0% used [0x00000007ae080000,0x00000007ae080000,0x00000007ae480000)
 ParOldGen       total 200704K, used 126403K [0x0000000700000000, 0x000000070c400000, 0x00000007aaa80000)
  object space 200704K, 62% used [0x0000000700000000,0x0000000707b70f50,0x000000070c400000)
 PSPermGen       total 21504K, used 14305K [0x00000006fae00000, 0x00000006fc300000, 0x0000000700000000)
  object space 21504K, 66% used [0x00000006fae00000,0x00000006fbbf8748,0x00000006fc300000)

Card table byte_map: [0x000000010fc5f000,0x0000000110489000] byte_map_base: 0x000000010c488000

Polling page: 0x000000010b0fc000

Code Cache  [0x000000010cc5f000, 0x000000010cfcf000, 0x000000010fc5f000)
 total_blobs=1342 nmethods=918 adapters=376 free_code_cache=45780Kb largest_free_block=46784832

Compilation events (10 events):
Event: 1459.538 Thread 0x00007f972987f800 1001             org.eclipse.swt.custom.StyledTextRenderer::getTextLayout (2437 bytes)
Event: 1459.754 Thread 0x00007f972987f800 nmethod 1001 0x000000010cfb2a10 code [0x000000010cfb3220, 0x000000010cfb8668]
Event: 1462.646 Thread 0x00007f972987e000 1002             org.eclipse.swt.custom.StyledText::handlePaint (425 bytes)
Event: 1462.670 Thread 0x00007f972987e000 nmethod 1002 0x000000010cfa1910 code [0x000000010cfa1ca0, 0x000000010cfa31a8]
Event: 1555.883 Thread 0x00007f972987f800 1004             org.eclipse.swt.widgets.Control::menuShell (8 bytes)
Event: 1555.883 Thread 0x00007f972987e000 1005             org.eclipse.swt.widgets.Control::getVisible (20 bytes)
Event: 1555.883 Thread 0x00007f972987f800 nmethod 1004 0x000000010cf03390 code [0x000000010cf034e0, 0x000000010cf03578]
Event: 1555.883 Thread 0x00007f972987e000 nmethod 1005 0x000000010cf04310 code [0x000000010cf04460, 0x000000010cf044f8]
Event: 6649.014 Thread 0x00007f972987e000 1006             org.eclipse.swt.internal.cocoa.NSImage::<init> (6 bytes)
Event: 6649.015 Thread 0x00007f972987e000 nmethod 1006 0x000000010cf828d0 code [0x000000010cf82a00, 0x000000010cf82a58]

GC Heap History (10 events):
Event: 1280.068 GC heap before
{Heap before GC invocations=14 (full 1):
 PSYoungGen      total 58880K, used 58528K [0x00000007aaa80000, 0x00000007ae980000, 0x0000000800000000)
  eden space 56320K, 100% used [0x00000007aaa80000,0x00000007ae180000,0x00000007ae180000)
  from space 2560K, 86% used [0x00000007ae700000,0x00000007ae928000,0x00000007ae980000)
  to   space 4096K, 0% used [0x00000007ae180000,0x00000007ae180000,0x00000007ae580000)
 ParOldGen       total 200704K, used 126257K [0x0000000700000000, 0x000000070c400000, 0x00000007aaa80000)
  object space 200704K, 62% used [0x0000000700000000,0x0000000707b4c760,0x000000070c400000)
 PSPermGen       total 21504K, used 14152K [0x00000006fae00000, 0x00000006fc300000, 0x0000000700000000)
  object space 21504K, 65% used [0x00000006fae00000,0x00000006fbbd21c8,0x00000006fc300000)
Event: 1280.070 GC heap after
Heap after GC invocations=14 (full 1):
 PSYoungGen      total 57856K, used 2344K [0x00000007aaa80000, 0x00000007ae880000, 0x0000000800000000)
  eden space 55296K, 0% used [0x00000007aaa80000,0x00000007aaa80000,0x00000007ae080000)
  from space 2560K, 91% used [0x00000007ae180000,0x00000007ae3ca020,0x00000007ae400000)
  to   space 4096K, 0% used [0x00000007ae480000,0x00000007ae480000,0x00000007ae880000)
 ParOldGen       total 200704K, used 126257K [0x0000000700000000, 0x000000070c400000, 0x00000007aaa80000)
  object space 200704K, 62% used [0x0000000700000000,0x0000000707b4c760,0x000000070c400000)
 PSPermGen       total 21504K, used 14152K [0x00000006fae00000, 0x00000006fc300000, 0x0000000700000000)
  object space 21504K, 65% used [0x00000006fae00000,0x00000006fbbd21c8,0x00000006fc300000)
}
Event: 1280.283 GC heap before
{Heap before GC invocations=15 (full 1):
 PSYoungGen      total 57856K, used 57640K [0x00000007aaa80000, 0x00000007ae880000, 0x0000000800000000)
  eden space 55296K, 100% used [0x00000007aaa80000,0x00000007ae080000,0x00000007ae080000)
  from space 2560K, 91% used [0x00000007ae180000,0x00000007ae3ca020,0x00000007ae400000)
  to   space 4096K, 0% used [0x00000007ae480000,0x00000007ae480000,0x00000007ae880000)
 ParOldGen       total 200704K, used 126257K [0x0000000700000000, 0x000000070c400000, 0x00000007aaa80000)
  object space 200704K, 62% used [0x0000000700000000,0x0000000707b4c760,0x000000070c400000)
 PSPermGen       total 21504K, used 14171K [0x00000006fae00000, 0x00000006fc300000, 0x0000000700000000)
  object space 21504K, 65% used [0x00000006fae00000,0x00000006fbbd6cb0,0x00000006fc300000)
Event: 1280.285 GC heap after
Heap after GC invocations=15 (full 1):
 PSYoungGen      total 57344K, used 2312K [0x00000007aaa80000, 0x00000007ae780000, 0x0000000800000000)
  eden space 54272K, 0% used [0x00000007aaa80000,0x00000007aaa80000,0x00000007adf80000)
  from space 3072K, 75% used [0x00000007ae480000,0x00000007ae6c2020,0x00000007ae780000)
  to   space 4096K, 0% used [0x00000007adf80000,0x00000007adf80000,0x00000007ae380000)
 ParOldGen       total 200704K, used 126257K [0x0000000700000000, 0x000000070c400000, 0x00000007aaa80000)
  object space 200704K, 62% used [0x0000000700000000,0x0000000707b4c760,0x000000070c400000)
 PSPermGen       total 21504K, used 14171K [0x00000006fae00000, 0x00000006fc300000, 0x0000000700000000)
  object space 21504K, 65% used [0x00000006fae00000,0x00000006fbbd6cb0,0x00000006fc300000)
}
Event: 1280.730 GC heap before
{Heap before GC invocations=16 (full 1):
 PSYoungGen      total 57344K, used 56584K [0x00000007aaa80000, 0x00000007ae780000, 0x0000000800000000)
  eden space 54272K, 100% used [0x00000007aaa80000,0x00000007adf80000,0x00000007adf80000)
  from space 3072K, 75% used [0x00000007ae480000,0x00000007ae6c2020,0x00000007ae780000)
  to   space 4096K, 0% used [0x00000007adf80000,0x00000007adf80000,0x00000007ae380000)
 ParOldGen       total 200704K, used 126257K [0x0000000700000000, 0x000000070c400000, 0x00000007aaa80000)
  object space 200704K, 62% used [0x0000000700000000,0x0000000707b4c760,0x000000070c400000)
 PSPermGen       total 21504K, used 14209K [0x00000006fae00000, 0x00000006fc300000, 0x0000000700000000)
  object space 21504K, 66% used [0x00000006fae00000,0x00000006fbbe0478,0x00000006fc300000)
Event: 1280.732 GC heap after
Heap after GC invocations=16 (full 1):
 PSYoungGen      total 55808K, used 2280K [0x00000007aaa80000, 0x00000007ae680000, 0x0000000800000000)
  eden space 53248K, 0% used [0x00000007aaa80000,0x00000007aaa80000,0x00000007ade80000)
  from space 2560K, 89% used [0x00000007adf80000,0x00000007ae1ba020,0x00000007ae200000)
  to   space 4096K, 0% used [0x00000007ae280000,0x00000007ae280000,0x00000007ae680000)
 ParOldGen       total 200704K, used 126257K [0x0000000700000000, 0x000000070c400000, 0x00000007aaa80000)
  object space 200704K, 62% used [0x0000000700000000,0x0000000707b4c760,0x000000070c400000)
 PSPermGen       total 21504K, used 14209K [0x00000006fae00000, 0x00000006fc300000, 0x0000000700000000)
  object space 21504K, 66% used [0x00000006fae00000,0x00000006fbbe0478,0x00000006fc300000)
}
Event: 1315.765 GC heap before
{Heap before GC invocations=17 (full 1):
 PSYoungGen      total 55808K, used 55528K [0x00000007aaa80000, 0x00000007ae680000, 0x0000000800000000)
  eden space 53248K, 100% used [0x00000007aaa80000,0x00000007ade80000,0x00000007ade80000)
  from space 2560K, 89% used [0x00000007adf80000,0x00000007ae1ba020,0x00000007ae200000)
  to   space 4096K, 0% used [0x00000007ae280000,0x00000007ae280000,0x00000007ae680000)
 ParOldGen       total 200704K, used 126257K [0x0000000700000000, 0x000000070c400000, 0x00000007aaa80000)
  object space 200704K, 62% used [0x0000000700000000,0x0000000707b4c760,0x000000070c400000)
 PSPermGen       total 21504K, used 14246K [0x00000006fae00000, 0x00000006fc300000, 0x0000000700000000)
  object space 21504K, 66% used [0x00000006fae00000,0x00000006fbbe9b50,0x00000006fc300000)
Event: 1315.767 GC heap after
Heap after GC invocations=17 (full 1):
 PSYoungGen      total 55296K, used 2536K [0x00000007aaa80000, 0x00000007ae580000, 0x0000000800000000)
  eden space 52224K, 0% used [0x00000007aaa80000,0x00000007aaa80000,0x00000007add80000)
  from space 3072K, 82% used [0x00000007ae280000,0x00000007ae4fa020,0x00000007ae580000)
  to   space 4096K, 0% used [0x00000007add80000,0x00000007add80000,0x00000007ae180000)
 ParOldGen       total 200704K, used 126257K [0x0000000700000000, 0x000000070c400000, 0x00000007aaa80000)
  object space 200704K, 62% used [0x0000000700000000,0x0000000707b4c760,0x000000070c400000)
 PSPermGen       total 21504K, used 14246K [0x00000006fae00000, 0x00000006fc300000, 0x0000000700000000)
  object space 21504K, 66% used [0x00000006fae00000,0x00000006fbbe9b50,0x00000006fc300000)
}
Event: 1339.314 GC heap before
{Heap before GC invocations=18 (full 1):
 PSYoungGen      total 55296K, used 54760K [0x00000007aaa80000, 0x00000007ae580000, 0x0000000800000000)
  eden space 52224K, 100% used [0x00000007aaa80000,0x00000007add80000,0x00000007add80000)
  from space 3072K, 82% used [0x00000007ae280000,0x00000007ae4fa020,0x00000007ae580000)
  to   space 4096K, 0% used [0x00000007add80000,0x00000007add80000,0x00000007ae180000)
 ParOldGen       total 200704K, used 126257K [0x0000000700000000, 0x000000070c400000, 0x00000007aaa80000)
  object space 200704K, 62% used [0x0000000700000000,0x0000000707b4c760,0x000000070c400000)
 PSPermGen       total 21504K, used 14259K [0x00000006fae00000, 0x00000006fc300000, 0x0000000700000000)
  object space 21504K, 66% used [0x00000006fae00000,0x00000006fbbecca0,0x00000006fc300000)
Event: 1339.317 GC heap after
Heap after GC invocations=18 (full 1):
 PSYoungGen      total 53760K, used 2504K [0x00000007aaa80000, 0x00000007ae480000, 0x0000000800000000)
  eden space 51200K, 0% used [0x00000007aaa80000,0x00000007aaa80000,0x00000007adc80000)
  from space 2560K, 97% used [0x00000007add80000,0x00000007adff2020,0x00000007ae000000)
  to   space 4096K, 0% used [0x00000007ae080000,0x00000007ae080000,0x00000007ae480000)
 ParOldGen       total 200704K, used 126403K [0x0000000700000000, 0x000000070c400000, 0x00000007aaa80000)
  object space 200704K, 62% used [0x0000000700000000,0x0000000707b70f50,0x000000070c400000)
 PSPermGen       total 21504K, used 14259K [0x00000006fae00000, 0x00000006fc300000, 0x0000000700000000)
  object space 21504K, 66% used [0x00000006fae00000,0x00000006fbbecca0,0x00000006fc300000)
}

Deoptimization events (10 events):
Event: 1312.225 Thread 0x00007f9729805800 Uncommon trap: reason=class_check action=maybe_recompile pc=0x000000010ce96c0c method=org.eclipse.swt.widgets.Display.windowProc(JJJJJ)J @ 475
Event: 1315.688 Thread 0x00007f9729805800 Uncommon trap: reason=class_check action=maybe_recompile pc=0x000000010cf0ffc4 method=org.eclipse.swt.widgets.Display.windowProc(JJ)J @ 136
Event: 1315.907 Thread 0x00007f9729805800 Uncommon trap: reason=class_check action=maybe_recompile pc=0x000000010cd5ed78 method=java.lang.Character.getType(I)I @ 5
Event: 1315.907 Thread 0x00007f9729805800 Uncommon trap: reason=class_check action=maybe_recompile pc=0x000000010cd62988 method=java.lang.Character.getType(I)I @ 5
Event: 1315.907 Thread 0x00007f9729805800 Uncommon trap: reason=class_check action=maybe_recompile pc=0x000000010cd62988 method=java.lang.Character.getType(I)I @ 5
Event: 1315.907 Thread 0x00007f9729805800 Uncommon trap: reason=class_check action=maybe_recompile pc=0x000000010cd62988 method=java.lang.Character.getType(I)I @ 5
Event: 1315.907 Thread 0x00007f9729805800 Uncommon trap: reason=class_check action=maybe_recompile pc=0x000000010cd5ed78 method=java.lang.Character.getType(I)I @ 5
Event: 1315.907 Thread 0x00007f9729805800 Uncommon trap: reason=class_check action=maybe_recompile pc=0x000000010cd5d918 method=java.lang.Character.getType(I)I @ 5
Event: 1315.907 Thread 0x00007f9729805800 Uncommon trap: reason=class_check action=maybe_recompile pc=0x000000010cd3e274 method=java.lang.Character.getType(I)I @ 5
Event: 1319.282 Thread 0x00007f9729805800 Uncommon trap: reason=class_check action=maybe_recompile pc=0x000000010cf0ffc4 method=org.eclipse.swt.widgets.Display.windowProc(JJ)J @ 136

Internal exceptions (10 events):
Event: 1264.548 Thread 0x00007f9729805800 Implicit null exception at 0x000000010ceb19ac to 0x000000010ceb1f51
Event: 1269.124 Thread 0x00007f97289e1800 Threw 0x00000007ac205290 at /HUDSON/workspace/7u-2-build-macosx-x86_64/jdk7u67/1368/hotspot/src/share/vm/prims/jvm.cpp:1244
Event: 1269.125 Thread 0x00007f9729805800 Threw 0x00000007ac090ec8 at /HUDSON/workspace/7u-2-build-macosx-x86_64/jdk7u67/1368/hotspot/src/share/vm/prims/jvm.cpp:1244
Event: 1279.892 Thread 0x00007f97289e1800 Threw 0x00000007ac219960 at /HUDSON/workspace/7u-2-build-macosx-x86_64/jdk7u67/1368/hotspot/src/share/vm/prims/jvm.cpp:1244
Event: 1315.885 Thread 0x00007f97289e1800 Threw 0x00000007ac10bed8 at /HUDSON/workspace/7u-2-build-macosx-x86_64/jdk7u67/1368/hotspot/src/share/vm/prims/jvm.cpp:1244
Event: 1315.894 Thread 0x00007f9729805800 Threw 0x00000007aab48778 at /HUDSON/workspace/7u-2-build-macosx-x86_64/jdk7u67/1368/hotspot/src/share/vm/prims/jvm.cpp:1244
Event: 1315.907 Thread 0x00007f9729805800 Threw 0x00000007aab64e08 at /HUDSON/workspace/7u-2-build-macosx-x86_64/jdk7u67/1368/hotspot/src/share/vm/prims/jvm.cpp:1244
Event: 1315.956 Thread 0x00007f97289e1800 Threw 0x00000007ac112a58 at /HUDSON/workspace/7u-2-build-macosx-x86_64/jdk7u67/1368/hotspot/src/share/vm/prims/jvm.cpp:1244
Event: 1392.937 Thread 0x00007f97289e1800 Threw 0x00000007ab226cf8 at /HUDSON/workspace/7u-2-build-macosx-x86_64/jdk7u67/1368/hotspot/src/share/vm/prims/jvm.cpp:1244
Event: 12930.255 Thread 0x00007f97289e1800 Threw 0x00000007ab244750 at /HUDSON/workspace/7u-2-build-macosx-x86_64/jdk7u67/1368/hotspot/src/share/vm/prims/jvm.cpp:1244

Events (10 events):
Event: 12930.256 loading class 0x00007f972b04ae60
Event: 12930.257 loading class 0x00007f972b04ae60 done
Event: 12930.257 loading class 0x00007f972b04afa0
Event: 12930.258 loading class 0x00007f972b04afd0
Event: 12930.258 loading class 0x00007f972b04afd0 done
Event: 12930.258 loading class 0x00007f972b04afa0 done
Event: 12930.258 Thread 0x00007f973016c000 Thread added: 0x00007f973016c000
Event: 12930.259 Thread 0x00007f973016c000 Thread exited: 0x00007f973016c000
Event: 12930.260 Executing VM operation: Exit
Event: 12930.260 Thread 0x00007f9729879000 Thread exited: 0x00007f9729879000


Dynamic libraries:
0x0000000008bf5000 	/System/Library/Frameworks/Cocoa.framework/Versions/A/Cocoa
0x0000000008bf5000 	/System/Library/Frameworks/Security.framework/Versions/A/Security
0x0000000008bf5000 	/System/Library/Frameworks/ApplicationServices.framework/Versions/A/ApplicationServices
0x0000000008bf5000 	/usr/lib/libz.1.dylib
0x0000000008bf5000 	/usr/lib/libSystem.B.dylib
0x0000000008bf5000 	/usr/lib/libobjc.A.dylib
0x0000000008bf5000 	/System/Library/Frameworks/CoreFoundation.framework/Versions/A/CoreFoundation
0x0000000008bf5000 	/System/Library/Frameworks/Foundation.framework/Versions/C/Foundation
0x0000000008bf5000 	/System/Library/Frameworks/AppKit.framework/Versions/C/AppKit
0x0000000008bf5000 	/System/Library/Frameworks/CoreData.framework/Versions/A/CoreData
0x0000000008bf5000 	/System/Library/PrivateFrameworks/RemoteViewServices.framework/Versions/A/RemoteViewServices
0x0000000008bf5000 	/System/Library/PrivateFrameworks/UIFoundation.framework/Versions/A/UIFoundation
0x0000000008bf5000 	/System/Library/Frameworks/IOSurface.framework/Versions/A/IOSurface
0x0000000008bf5000 	/System/Library/Frameworks/AudioToolbox.framework/Versions/A/AudioToolbox
0x0000000008bf5000 	/System/Library/Frameworks/AudioUnit.framework/Versions/A/AudioUnit
0x0000000008bf5000 	/System/Library/PrivateFrameworks/DataDetectorsCore.framework/Versions/A/DataDetectorsCore
0x0000000008bf5000 	/System/Library/PrivateFrameworks/DesktopServicesPriv.framework/Versions/A/DesktopServicesPriv
0x0000000008bf5000 	/System/Library/Frameworks/Carbon.framework/Versions/A/Frameworks/HIToolbox.framework/Versions/A/HIToolbox
0x0000000008bf5000 	/System/Library/Frameworks/QuartzCore.framework/Versions/A/QuartzCore
0x0000000008bf5000 	/System/Library/Frameworks/Carbon.framework/Versions/A/Frameworks/SpeechRecognition.framework/Versions/A/SpeechRecognition
0x0000000008bf5000 	/usr/lib/libauto.dylib
0x0000000008bf5000 	/usr/lib/libicucore.A.dylib
0x0000000008bf5000 	/usr/lib/libxml2.2.dylib
0x0000000008bf5000 	/System/Library/PrivateFrameworks/CoreUI.framework/Versions/A/CoreUI
0x0000000008bf5000 	/System/Library/Frameworks/CoreAudio.framework/Versions/A/CoreAudio
0x0000000008bf5000 	/System/Library/Frameworks/DiskArbitration.framework/Versions/A/DiskArbitration
0x0000000008bf5000 	/usr/lib/liblangid.dylib
0x0000000008bf5000 	/System/Library/PrivateFrameworks/MultitouchSupport.framework/Versions/A/MultitouchSupport
0x0000000008bf5000 	/System/Library/Frameworks/IOKit.framework/Versions/A/IOKit
0x0000000008bf5000 	/usr/lib/libDiagnosticMessagesClient.dylib
0x0000000008bf5000 	/System/Library/Frameworks/CoreServices.framework/Versions/A/CoreServices
0x0000000008bf5000 	/System/Library/PrivateFrameworks/PerformanceAnalysis.framework/Versions/A/PerformanceAnalysis
0x0000000008bf5000 	/System/Library/PrivateFrameworks/GenerationalStorage.framework/Versions/A/GenerationalStorage
0x0000000008bf5000 	/System/Library/Frameworks/OpenGL.framework/Versions/A/OpenGL
0x0000000008bf5000 	/System/Library/PrivateFrameworks/Sharing.framework/Versions/A/Sharing
0x0000000008bf5000 	/System/Library/Frameworks/CoreGraphics.framework/Versions/A/CoreGraphics
0x0000000008bf5000 	/System/Library/Frameworks/CoreText.framework/Versions/A/CoreText
0x0000000008bf5000 	/System/Library/Frameworks/ImageIO.framework/Versions/A/ImageIO
0x0000000008bf5000 	/usr/lib/libextension.dylib
0x0000000008bf5000 	/System/Library/PrivateFrameworks/Backup.framework/Versions/A/Backup
0x0000000008bf5000 	/usr/lib/libarchive.2.dylib
0x0000000008bf5000 	/System/Library/Frameworks/CFNetwork.framework/Versions/A/CFNetwork
0x0000000008bf5000 	/System/Library/Frameworks/SystemConfiguration.framework/Versions/A/SystemConfiguration
0x0000000008bf5000 	/usr/lib/libCRFSuite.dylib
0x0000000008bf5000 	/usr/lib/libc++.1.dylib
0x0000000008bf5000 	/usr/lib/libc++abi.dylib
0x0000000008bf5000 	/usr/lib/system/libcache.dylib
0x0000000008bf5000 	/usr/lib/system/libcommonCrypto.dylib
0x0000000008bf5000 	/usr/lib/system/libcompiler_rt.dylib
0x0000000008bf5000 	/usr/lib/system/libcopyfile.dylib
0x0000000008bf5000 	/usr/lib/system/libcorecrypto.dylib
0x0000000008bf5000 	/usr/lib/system/libdispatch.dylib
0x0000000008bf5000 	/usr/lib/system/libdyld.dylib
0x0000000008bf5000 	/usr/lib/system/libkeymgr.dylib
0x0000000008bf5000 	/usr/lib/system/liblaunch.dylib
0x0000000008bf5000 	/usr/lib/system/libmacho.dylib
0x0000000008bf5000 	/usr/lib/system/libquarantine.dylib
0x0000000008bf5000 	/usr/lib/system/libremovefile.dylib
0x0000000008bf5000 	/usr/lib/system/libsystem_asl.dylib
0x0000000008bf5000 	/usr/lib/system/libsystem_blocks.dylib
0x0000000008bf5000 	/usr/lib/system/libsystem_c.dylib
0x0000000008bf5000 	/usr/lib/system/libsystem_configuration.dylib
0x0000000008bf5000 	/usr/lib/system/libsystem_coreservices.dylib
0x0000000008bf5000 	/usr/lib/system/libsystem_coretls.dylib
0x0000000008bf5000 	/usr/lib/system/libsystem_dnssd.dylib
0x0000000008bf5000 	/usr/lib/system/libsystem_info.dylib
0x0000000008bf5000 	/usr/lib/system/libsystem_kernel.dylib
0x0000000008bf5000 	/usr/lib/system/libsystem_m.dylib
0x0000000008bf5000 	/usr/lib/system/libsystem_malloc.dylib
0x0000000008bf5000 	/usr/lib/system/libsystem_network.dylib
0x0000000008bf5000 	/usr/lib/system/libsystem_networkextension.dylib
0x0000000008bf5000 	/usr/lib/system/libsystem_notify.dylib
0x0000000008bf5000 	/usr/lib/system/libsystem_platform.dylib
0x0000000008bf5000 	/usr/lib/system/libsystem_pthread.dylib
0x0000000008bf5000 	/usr/lib/system/libsystem_sandbox.dylib
0x0000000008bf5000 	/usr/lib/system/libsystem_secinit.dylib
0x0000000008bf5000 	/usr/lib/system/libsystem_stats.dylib
0x0000000008bf5000 	/usr/lib/system/libsystem_trace.dylib
0x0000000008bf5000 	/usr/lib/system/libunc.dylib
0x0000000008bf5000 	/usr/lib/system/libunwind.dylib
0x0000000008bf5000 	/usr/lib/system/libxpc.dylib
0x0000000008bf5000 	/usr/lib/libbz2.1.0.dylib
0x0000000008bf5000 	/usr/lib/liblzma.5.dylib
0x0000000008bf5000 	/usr/lib/libbsm.0.dylib
0x0000000008bf5000 	/usr/lib/libsqlite3.dylib
0x0000000008bf5000 	/usr/lib/system/libkxld.dylib
0x0000000008bf5000 	/usr/lib/libxar.1.dylib
0x0000000008bf5000 	/usr/lib/libpam.2.dylib
0x0000000008bf5000 	/usr/lib/libOpenScriptingUtil.dylib
0x0000000008bf5000 	/System/Library/Frameworks/CoreServices.framework/Versions/A/Frameworks/FSEvents.framework/Versions/A/FSEvents
0x0000000008bf5000 	/System/Library/Frameworks/CoreServices.framework/Versions/A/Frameworks/CarbonCore.framework/Versions/A/CarbonCore
0x0000000008bf5000 	/System/Library/Frameworks/CoreServices.framework/Versions/A/Frameworks/Metadata.framework/Versions/A/Metadata
0x0000000008bf5000 	/System/Library/Frameworks/CoreServices.framework/Versions/A/Frameworks/OSServices.framework/Versions/A/OSServices
0x0000000008bf5000 	/System/Library/Frameworks/CoreServices.framework/Versions/A/Frameworks/SearchKit.framework/Versions/A/SearchKit
0x0000000008bf5000 	/System/Library/Frameworks/CoreServices.framework/Versions/A/Frameworks/AE.framework/Versions/A/AE
0x0000000008bf5000 	/System/Library/Frameworks/CoreServices.framework/Versions/A/Frameworks/LaunchServices.framework/Versions/A/LaunchServices
0x0000000008bf5000 	/System/Library/Frameworks/CoreServices.framework/Versions/A/Frameworks/DictionaryServices.framework/Versions/A/DictionaryServices
0x0000000008bf5000 	/System/Library/Frameworks/NetFS.framework/Versions/A/NetFS
0x0000000008bf5000 	/System/Library/PrivateFrameworks/NetAuth.framework/Versions/A/NetAuth
0x0000000008bf5000 	/System/Library/PrivateFrameworks/login.framework/Versions/A/Frameworks/loginsupport.framework/Versions/A/loginsupport
0x0000000008bf5000 	/System/Library/PrivateFrameworks/TCC.framework/Versions/A/TCC
0x0000000008bf5000 	/usr/lib/libmecabra.dylib
0x0000000008bf5000 	/System/Library/PrivateFrameworks/LanguageModeling.framework/Versions/A/LanguageModeling
0x0000000008bf5000 	/usr/lib/libcmph.dylib
0x0000000008bf5000 	/usr/lib/libiconv.2.dylib
0x0000000008bf5000 	/System/Library/Frameworks/OpenDirectory.framework/Versions/A/Frameworks/CFOpenDirectory.framework/Versions/A/CFOpenDirectory
0x0000000008bf5000 	/System/Library/Frameworks/ServiceManagement.framework/Versions/A/ServiceManagement
0x0000000008bf5000 	/usr/lib/libxslt.1.dylib
0x0000000008bf5000 	/System/Library/Frameworks/Carbon.framework/Versions/A/Frameworks/Ink.framework/Versions/A/Ink
0x0000000008bf5000 	/System/Library/Frameworks/ApplicationServices.framework/Versions/A/Frameworks/ATS.framework/Versions/A/ATS
0x0000000008bf5000 	/System/Library/Frameworks/ApplicationServices.framework/Versions/A/Frameworks/ColorSync.framework/Versions/A/ColorSync
0x0000000008bf5000 	/System/Library/Frameworks/ApplicationServices.framework/Versions/A/Frameworks/HIServices.framework/Versions/A/HIServices
0x0000000008bf5000 	/System/Library/Frameworks/ApplicationServices.framework/Versions/A/Frameworks/LangAnalysis.framework/Versions/A/LangAnalysis
0x0000000008bf5000 	/System/Library/Frameworks/ApplicationServices.framework/Versions/A/Frameworks/PrintCore.framework/Versions/A/PrintCore
0x0000000008bf5000 	/System/Library/Frameworks/ApplicationServices.framework/Versions/A/Frameworks/QD.framework/Versions/A/QD
0x0000000008bf5000 	/System/Library/Frameworks/ApplicationServices.framework/Versions/A/Frameworks/SpeechSynthesis.framework/Versions/A/SpeechSynthesis
0x0000000008bf5000 	/System/Library/Frameworks/Accelerate.framework/Versions/A/Accelerate
0x0000000008bf5000 	/System/Library/Frameworks/Accelerate.framework/Versions/A/Frameworks/vImage.framework/Versions/A/vImage
0x0000000008bf5000 	/System/Library/Frameworks/Accelerate.framework/Versions/A/Frameworks/vecLib.framework/Versions/A/vecLib
0x0000000008bf5000 	/System/Library/Frameworks/Accelerate.framework/Versions/A/Frameworks/vecLib.framework/Versions/A/libvDSP.dylib
0x0000000008bf5000 	/System/Library/Frameworks/Accelerate.framework/Versions/A/Frameworks/vecLib.framework/Versions/A/libvMisc.dylib
0x0000000008bf5000 	/System/Library/Frameworks/Accelerate.framework/Versions/A/Frameworks/vecLib.framework/Versions/A/libLAPACK.dylib
0x0000000008bf5000 	/System/Library/Frameworks/Accelerate.framework/Versions/A/Frameworks/vecLib.framework/Versions/A/libBLAS.dylib
0x0000000008bf5000 	/System/Library/Frameworks/Accelerate.framework/Versions/A/Frameworks/vecLib.framework/Versions/A/libLinearAlgebra.dylib
0x0000000008bf5000 	/System/Library/Frameworks/ApplicationServices.framework/Versions/A/Frameworks/ATS.framework/Versions/A/Resources/libFontParser.dylib
0x0000000008bf5000 	/System/Library/Frameworks/ApplicationServices.framework/Versions/A/Frameworks/ATS.framework/Versions/A/Resources/libFontRegistry.dylib
0x0000000008bf5000 	/System/Library/PrivateFrameworks/AppleVPA.framework/Versions/A/AppleVPA
0x0000000008bf5000 	/System/Library/PrivateFrameworks/AppleJPEG.framework/Versions/A/AppleJPEG
0x0000000008bf5000 	/System/Library/Frameworks/ImageIO.framework/Versions/A/Resources/libJPEG.dylib
0x0000000008bf5000 	/System/Library/Frameworks/ImageIO.framework/Versions/A/Resources/libTIFF.dylib
0x0000000008bf5000 	/System/Library/Frameworks/ImageIO.framework/Versions/A/Resources/libPng.dylib
0x0000000008bf5000 	/System/Library/Frameworks/ImageIO.framework/Versions/A/Resources/libGIF.dylib
0x0000000008bf5000 	/System/Library/Frameworks/ImageIO.framework/Versions/A/Resources/libJP2.dylib
0x0000000008bf5000 	/System/Library/Frameworks/ImageIO.framework/Versions/A/Resources/libRadiance.dylib
0x0000000008bf5000 	/System/Library/Frameworks/CoreVideo.framework/Versions/A/CoreVideo
0x0000000008bf5000 	/System/Library/Frameworks/OpenGL.framework/Versions/A/Libraries/libGLU.dylib
0x0000000008bf5000 	/System/Library/Frameworks/OpenGL.framework/Versions/A/Libraries/libGFXShared.dylib
0x0000000008bf5000 	/System/Library/Frameworks/OpenGL.framework/Versions/A/Libraries/libGL.dylib
0x0000000008bf5000 	/System/Library/Frameworks/OpenGL.framework/Versions/A/Libraries/libGLImage.dylib
0x0000000008bf5000 	/System/Library/Frameworks/OpenGL.framework/Versions/A/Libraries/libCVMSPluginSupport.dylib
0x0000000008bf5000 	/System/Library/Frameworks/OpenGL.framework/Versions/A/Libraries/libCoreVMClient.dylib
0x0000000008bf5000 	/usr/lib/libcups.2.dylib
0x0000000008bf5000 	/System/Library/Frameworks/Kerberos.framework/Versions/A/Kerberos
0x0000000008bf5000 	/System/Library/Frameworks/GSS.framework/Versions/A/GSS
0x0000000008bf5000 	/usr/lib/libresolv.9.dylib
0x0000000008bf5000 	/System/Library/PrivateFrameworks/Heimdal.framework/Versions/A/Heimdal
0x0000000008bf5000 	/usr/lib/libheimdal-asn1.dylib
0x0000000008bf5000 	/System/Library/Frameworks/OpenDirectory.framework/Versions/A/OpenDirectory
0x0000000008bf5000 	/System/Library/PrivateFrameworks/CommonAuth.framework/Versions/A/CommonAuth
0x0000000008bf5000 	/System/Library/Frameworks/SecurityFoundation.framework/Versions/A/SecurityFoundation
0x0000000008bf5000 	/System/Library/Frameworks/QuartzCore.framework/Versions/A/Frameworks/CoreImage.framework/Versions/A/CoreImage
0x0000000008bf5000 	/System/Library/PrivateFrameworks/CrashReporterSupport.framework/Versions/A/CrashReporterSupport
0x0000000008bf5000 	/System/Library/Frameworks/OpenCL.framework/Versions/A/OpenCL
0x0000000008bf5000 	/System/Library/PrivateFrameworks/FaceCore.framework/Versions/A/FaceCore
0x0000000008bf5000 	/System/Library/PrivateFrameworks/Ubiquity.framework/Versions/A/Ubiquity
0x0000000008bf5000 	/System/Library/PrivateFrameworks/IconServices.framework/Versions/A/IconServices
0x0000000008bf5000 	/System/Library/PrivateFrameworks/ChunkingLibrary.framework/Versions/A/ChunkingLibrary
0x0000000008bf5000 	/System/Library/PrivateFrameworks/Apple80211.framework/Versions/A/Apple80211
0x0000000008bf5000 	/System/Library/Frameworks/CoreWLAN.framework/Versions/A/CoreWLAN
0x0000000008bf5000 	/System/Library/Frameworks/IOBluetooth.framework/Versions/A/IOBluetooth
0x0000000008bf5000 	/System/Library/PrivateFrameworks/CoreWiFi.framework/Versions/A/CoreWiFi
0x0000000008bf5000 	/System/Library/Frameworks/CoreBluetooth.framework/Versions/A/CoreBluetooth
0x0000000008bf5000 	/System/Library/PrivateFrameworks/DebugSymbols.framework/Versions/A/DebugSymbols
0x0000000008bf5000 	/System/Library/PrivateFrameworks/CoreSymbolication.framework/Versions/A/CoreSymbolication
0x0000000008bf5000 	/System/Library/PrivateFrameworks/Symbolication.framework/Versions/A/Symbolication
0x0000000008bf5000 	/System/Library/PrivateFrameworks/SpeechRecognitionCore.framework/Versions/A/SpeechRecognitionCore
0x000000010c200000 	/Library/Java/JavaVirtualMachines/jdk1.7.0_67.jdk/Contents/Home/jre/lib/server/libjvm.dylib
0x0000000008bf5000 	/usr/lib/libstdc++.6.dylib
0x000000010b0bf000 	/Library/Java/JavaVirtualMachines/jdk1.7.0_67.jdk/Contents/Home/jre/lib/libverify.dylib
0x000000010b0cc000 	/Library/Java/JavaVirtualMachines/jdk1.7.0_67.jdk/Contents/Home/jre/lib/libjava.dylib
0x000000010b105000 	/Library/Java/JavaVirtualMachines/jdk1.7.0_67.jdk/Contents/Home/jre/lib/libzip.dylib
0x000000011bf42000 	/System/Library/Frameworks/JavaVM.framework/Frameworks/JavaRuntimeSupport.framework/JavaRuntimeSupport
0x000000011bf58000 	/System/Library/Frameworks/JavaVM.framework/Versions/A/Frameworks/JavaNativeFoundation.framework/Versions/A/JavaNativeFoundation
0x000000011bf6c000 	/System/Library/Frameworks/JavaVM.framework/Versions/A/JavaVM
0x0000000008bf5000 	/System/Library/Frameworks/Carbon.framework/Versions/A/Carbon
0x000000011bf78000 	/System/Library/PrivateFrameworks/JavaLaunching.framework/Versions/A/JavaLaunching
0x0000000008bf5000 	/System/Library/Frameworks/Carbon.framework/Versions/A/Frameworks/CommonPanels.framework/Versions/A/CommonPanels
0x0000000008bf5000 	/System/Library/Frameworks/Carbon.framework/Versions/A/Frameworks/Help.framework/Versions/A/Help
0x0000000008bf5000 	/System/Library/Frameworks/Carbon.framework/Versions/A/Frameworks/ImageCapture.framework/Versions/A/ImageCapture
0x0000000008bf5000 	/System/Library/Frameworks/Carbon.framework/Versions/A/Frameworks/OpenScripting.framework/Versions/A/OpenScripting
0x0000000008bf5000 	/System/Library/Frameworks/Carbon.framework/Versions/A/Frameworks/Print.framework/Versions/A/Print
0x0000000008bf5000 	/System/Library/Frameworks/Carbon.framework/Versions/A/Frameworks/SecurityHI.framework/Versions/A/SecurityHI
0x000000011df12000 	/Users/tony/.swt/lib/macosx/x86_64/libswt-cocoa-4427.jnilib
0x0000000008bf5000 	/System/Library/Frameworks/WebKit.framework/Versions/A/WebKit
0x0000000008bf5000 	/System/Library/Frameworks/JavaScriptCore.framework/Versions/A/JavaScriptCore
0x0000000008bf5000 	/System/Library/Frameworks/SecurityInterface.framework/Versions/A/SecurityInterface
0x0000000008bf5000 	/System/Library/Frameworks/WebKit.framework/Versions/A/Frameworks/WebKitLegacy.framework/Versions/A/WebKitLegacy
0x0000000008bf5000 	/System/Library/Frameworks/WebKit.framework/Versions/A/Frameworks/WebCore.framework/Versions/A/WebCore
0x000000011df5f000 	/Users/tony/.swt/lib/macosx/x86_64/libswt-pi-cocoa-4427.jnilib
0x0000000008bf5000 	/System/Library/PrivateFrameworks/CoreServicesInternal.framework/Versions/A/CoreServicesInternal
0x0000000008bf5000 	/System/Library/PrivateFrameworks/CloudDocs.framework/Versions/A/CloudDocs
0x0000000008bf5000 	/System/Library/PrivateFrameworks/CoreDuet.framework/Versions/A/CoreDuet
0x0000000008bf5000 	/System/Library/Frameworks/CloudKit.framework/Versions/A/CloudKit
0x0000000008bf5000 	/System/Library/PrivateFrameworks/ProtocolBuffer.framework/Versions/A/ProtocolBuffer
0x0000000008bf5000 	/System/Library/PrivateFrameworks/CoreDuetDaemonProtocol.framework/Versions/A/CoreDuetDaemonProtocol
0x0000000008bf5000 	/System/Library/PrivateFrameworks/CoreDuetDebugLogging.framework/Versions/A/CoreDuetDebugLogging
0x0000000008bf5000 	/System/Library/Frameworks/CoreLocation.framework/Versions/A/CoreLocation
0x0000000008bf5000 	/System/Library/Frameworks/Accounts.framework/Versions/A/Accounts
0x0000000008bf5000 	/System/Library/PrivateFrameworks/ApplePushService.framework/Versions/A/ApplePushService
0x0000000008bf5000 	/System/Library/PrivateFrameworks/GeoServices.framework/Versions/A/GeoServices
0x0000000008bf5000 	/System/Library/PrivateFrameworks/OAuth.framework/Versions/A/OAuth
0x0000000008bf5000 	/System/Library/PrivateFrameworks/CoreDaemon.framework/Versions/B/CoreDaemon
0x0000000008bf5000 	/usr/lib/libcrypto.0.9.8.dylib
0x0000000008bf5000 	/System/Library/PrivateFrameworks/AppleSRP.framework/Versions/A/AppleSRP
0x0000000008bf5000 	/System/Library/PrivateFrameworks/TrustEvaluationAgent.framework/Versions/A/TrustEvaluationAgent
0x0000000008bf5000 	/System/Library/Frameworks/CoreGraphics.framework/Versions/A/Resources/libCGCMS.A.dylib
0x0000000008bf5000 	/System/Library/Frameworks/CoreGraphics.framework/Versions/A/Resources/libCGXType.A.dylib
0x0000000008bf5000 	/System/Library/Frameworks/CoreGraphics.framework/Versions/A/Resources/libRIP.A.dylib
0x0000000008bf5000 	/System/Library/PrivateFrameworks/FinderKit.framework/Versions/A/FinderKit
0x0000000008bf5000 	/System/Library/PrivateFrameworks/Suggestions.framework/Versions/A/Suggestions
0x0000000008bf5000 	/System/Library/Frameworks/Quartz.framework/Versions/A/Frameworks/QuickLookUI.framework/Versions/A/QuickLookUI
0x0000000008bf5000 	/System/Library/Frameworks/Quartz.framework/Versions/A/Frameworks/ImageKit.framework/Versions/A/ImageKit
0x0000000008bf5000 	/System/Library/PrivateFrameworks/Bom.framework/Versions/A/Bom
0x0000000008bf5000 	/System/Library/Frameworks/QuickLook.framework/Versions/A/QuickLook
0x0000000008bf5000 	/System/Library/PrivateFrameworks/SystemAdministration.framework/Versions/A/SystemAdministration
0x0000000008bf5000 	/System/Library/PrivateFrameworks/DiskImages.framework/Versions/A/DiskImages
0x0000000008bf5000 	/System/Library/PrivateFrameworks/AppleSystemInfo.framework/Versions/A/AppleSystemInfo
0x0000000008bf5000 	/System/Library/Frameworks/ImageCaptureCore.framework/Versions/A/ImageCaptureCore
0x0000000008bf5000 	/System/Library/Frameworks/AddressBook.framework/Versions/A/AddressBook
0x0000000008bf5000 	/System/Library/PrivateFrameworks/IntlPreferences.framework/Versions/A/IntlPreferences
0x0000000008bf5000 	/System/Library/PrivateFrameworks/ToneLibrary.framework/Versions/A/ToneLibrary
0x0000000008bf5000 	/System/Library/PrivateFrameworks/ToneKit.framework/Versions/A/ToneKit
0x0000000008bf5000 	/System/Library/PrivateFrameworks/vCard.framework/Versions/A/vCard
0x0000000008bf5000 	/System/Library/PrivateFrameworks/ContactsData.framework/Versions/A/ContactsData
0x0000000008bf5000 	/System/Library/PrivateFrameworks/ContactsFoundation.framework/Versions/A/ContactsFoundation
0x0000000008bf5000 	/System/Library/Frameworks/DirectoryService.framework/Versions/A/DirectoryService
0x0000000008bf5000 	/System/Library/PrivateFrameworks/PhoneNumbers.framework/Versions/A/PhoneNumbers
0x0000000008bf5000 	/System/Library/Frameworks/Quartz.framework/Versions/A/Quartz
0x0000000008bf5000 	/System/Library/Frameworks/LDAP.framework/Versions/A/LDAP
0x0000000008bf5000 	/System/Library/Frameworks/AVFoundation.framework/Versions/A/AVFoundation
0x0000000008bf5000 	/System/Library/Frameworks/AVFoundation.framework/Versions/A/Resources/libAVFAudio.dylib
0x0000000008bf5000 	/System/Library/Frameworks/CoreMedia.framework/Versions/A/CoreMedia
0x0000000008bf5000 	/System/Library/Frameworks/MediaToolbox.framework/Versions/A/MediaToolbox
0x0000000008bf5000 	/System/Library/Frameworks/VideoToolbox.framework/Versions/A/VideoToolbox
0x0000000008bf5000 	/System/Library/Frameworks/CoreMediaIO.framework/Versions/A/CoreMediaIO
0x0000000008bf5000 	/System/Library/PrivateFrameworks/MediaControlSender.framework/Versions/A/MediaControlSender
0x0000000008bf5000 	/System/Library/PrivateFrameworks/CoreAVCHD.framework/Versions/A/CoreAVCHD
0x0000000008bf5000 	/System/Library/Frameworks/MediaAccessibility.framework/Versions/A/MediaAccessibility
0x0000000008bf5000 	/System/Library/PrivateFrameworks/Mangrove.framework/Versions/A/Mangrove
0x0000000008bf5000 	/System/Library/PrivateFrameworks/CoreAUC.framework/Versions/A/CoreAUC
0x0000000008bf5000 	/System/Library/PrivateFrameworks/NetworkStatistics.framework/Versions/A/NetworkStatistics
0x0000000008bf5000 	/System/Library/PrivateFrameworks/AirPlaySupport.framework/Versions/A/AirPlaySupport
0x0000000008bf5000 	/System/Library/PrivateFrameworks/CoreUtils.framework/Versions/A/CoreUtils
0x0000000008bf5000 	/System/Library/PrivateFrameworks/AppleVA.framework/Versions/A/AppleVA
0x0000000008bf5000 	/System/Library/PrivateFrameworks/XPCService.framework/Versions/A/XPCService
0x0000000008bf5000 	/System/Library/PrivateFrameworks/AppSandbox.framework/Versions/A/AppSandbox
0x0000000008bf5000 	/usr/lib/libsandbox.1.dylib
0x0000000008bf5000 	/System/Library/PrivateFrameworks/AppContainer.framework/Versions/A/AppContainer
0x0000000008bf5000 	/System/Library/PrivateFrameworks/SecCodeWrapper.framework/Versions/A/SecCodeWrapper
0x0000000008bf5000 	/usr/lib/libMatch.1.dylib
0x0000000008bf5000 	/usr/lib/libspindump.dylib
0x0000000008bf5000 	/System/Library/Frameworks/QTKit.framework/Versions/A/QTKit
0x0000000008bf5000 	/System/Library/PrivateFrameworks/CoreMediaAuthoring.framework/Versions/A/CoreMediaAuthoring
0x0000000008bf5000 	/System/Library/Frameworks/Quartz.framework/Versions/A/Frameworks/QuartzComposer.framework/Versions/A/QuartzComposer
0x0000000008bf5000 	/System/Library/Frameworks/Quartz.framework/Versions/A/Frameworks/PDFKit.framework/Versions/A/PDFKit
0x0000000008bf5000 	/System/Library/Frameworks/Quartz.framework/Versions/A/Frameworks/QuartzFilters.framework/Versions/A/QuartzFilters
0x0000000008bf5000 	/System/Library/PrivateFrameworks/CorePDF.framework/Versions/A/CorePDF
0x0000000008bf5000 	/System/Library/PrivateFrameworks/DisplayServices.framework/Versions/A/DisplayServices
0x0000000008bf5000 	/usr/lib/libsasl2.2.dylib
0x0000000008bf5000 	/System/Library/PrivateFrameworks/AppleFSCompression.framework/Versions/A/AppleFSCompression
0x0000000008bf5000 	/System/Library/PrivateFrameworks/LoginUIKit.framework/Versions/A/Frameworks/LoginUICore.framework/Versions/A/LoginUICore
0x0000000008bf5000 	/usr/lib/libCoreStorage.dylib
0x0000000008bf5000 	/usr/lib/libcsfde.dylib
0x0000000008bf5000 	/usr/lib/libodfde.dylib
0x0000000008bf5000 	/System/Library/Frameworks/DiscRecording.framework/Versions/A/DiscRecording
0x0000000008bf5000 	/usr/lib/libcurl.4.dylib
0x0000000008bf5000 	/System/Library/PrivateFrameworks/MediaKit.framework/Versions/A/MediaKit
0x0000000008bf5000 	/System/Library/PrivateFrameworks/ProtectedCloudStorage.framework/Versions/A/ProtectedCloudStorage
0x0000000008bf5000 	/System/Library/PrivateFrameworks/EFILogin.framework/Versions/A/EFILogin
0x0000000008bf5000 	/usr/lib/libutil.dylib
0x0000000008bf5000 	/System/Library/PrivateFrameworks/FindMyDevice.framework/Versions/A/FindMyDevice
0x0000000120799000 	/System/Library/PrivateFrameworks/CacheDelete.framework/CacheDelete
0x0000000008bf5000 	/System/Library/PrivateFrameworks/PlugInKit.framework/Versions/A/PlugInKit
0x000000012083d000 	/System/Library/PrivateFrameworks/FileProvider.framework/FileProvider
0x0000000008bf5000 	/System/Library/Frameworks/OpenGL.framework/Versions/A/Resources/GLEngine.bundle/GLEngine
0x0000000008bf5000 	/System/Library/Frameworks/OpenGL.framework/Versions/A/Libraries/libGLProgrammability.dylib
0x0000000000000000 	/System/Library/Extensions/AppleIntelHD4000GraphicsGLDriver.bundle/Contents/MacOS/AppleIntelHD4000GraphicsGLDriver
0x0000000008bf5000 	/System/Library/PrivateFrameworks/IOAccelerator.framework/Versions/A/IOAccelerator
0x0000000008bf5000 	/System/Library/PrivateFrameworks/GPUSupport.framework/Versions/A/Libraries/libGPUSupportMercury.dylib
0x0000000000000000 	/System/Library/Extensions/GeForceGLDriver.bundle/Contents/MacOS/GeForceGLDriver
0x0000000008bf5000 	/System/Library/Extensions/GeForceGLDriver.bundle/Contents/MacOS/libclh.dylib
0x0000000008bf5000 	/System/Library/Frameworks/OpenGL.framework/Versions/A/Resources/GLRendererFloat.bundle/GLRendererFloat
0x0000000008bf5000 	/System/Library/Frameworks/OpenCL.framework/Versions/A/Libraries/libcldcpuengine.dylib
0x000000012224c000 	cl_kernels
0x000000012224e000 	/System/Library/Frameworks/OpenCL.framework/Versions/A/Libraries/ImageFormats/unorm8_bgra.dylib
0x000000012223d000 	cl_kernels
0x00000001223f9000 	/System/Library/Frameworks/OpenCL.framework/Versions/A/Libraries/ImageFormats/unorm8_rgba.dylib
0x0000000122c5e000 	cl_kernels
0x0000000008bf5000 	/System/Library/PrivateFrameworks/FamilyControls.framework/Versions/A/FamilyControls
0x0000000008bf5000 	/System/Library/PrivateFrameworks/CommerceKit.framework/Versions/A/Frameworks/CommerceCore.framework/Versions/A/CommerceCore
0x0000000122919000 	cl_kernels
0x000000012291d000 	cl_kernels
0x0000000124f00000 	/System/Library/Frameworks/Security.framework/PlugIns/csparser.bundle/Contents/MacOS/csparser
0x0000000008bf5000 	/System/Library/CoreServices/RawCamera.bundle/Contents/MacOS/RawCamera
0x0000000122033000 	/Library/Java/JavaVirtualMachines/jdk1.7.0_67.jdk/Contents/Home/jre/lib/libnio.dylib
0x000000012268c000 	/Library/Java/JavaVirtualMachines/jdk1.7.0_67.jdk/Contents/Home/jre/lib/./libnet.dylib
0x0000000008bf5000 	/System/Library/Frameworks/Accelerate.framework/Versions/A/Frameworks/vImage.framework/Versions/A/Libraries/libCGInterfaces.dylib
0x000000012187e000 	/System/Library/Frameworks/ApplicationServices.framework/Frameworks/ATS.framework/Resources/libFontRegistryUI.dylib
0x0000000121898000 	/System/Library/Frameworks/ApplicationServices.framework/Versions/A/Frameworks/ATS.framework/Versions/A/Resources/ATSHI.dylib
0x0000000008bf5000 	/System/Library/Frameworks/CoreGraphics.framework/Versions/A/Resources/libCGXCoreImage.A.dylib
0x000000011c196000 	cl_kernels
0x00000001255da000 	/System/Library/Frameworks/OpenCL.framework/Versions/A/Libraries/ImageFormats/unorm8_argb.dylib
0x000000011dfab000 	cl_kernels
0x0000000008bf5000 	/System/Library/PrivateFrameworks/Shortcut.framework/Versions/A/Shortcut
0x0000000008bf5000 	/System/Library/PrivateFrameworks/HelpData.framework/Versions/A/HelpData
0x0000000008bf5000 	/usr/lib/libtidy.A.dylib
0x0000000008bf5000 	/System/Library/PrivateFrameworks/DataDetectors.framework/Versions/A/DataDetectors
0x0000000008bf5000 	/System/Library/PrivateFrameworks/IDS.framework/Versions/A/IDS
0x0000000008bf5000 	/System/Library/PrivateFrameworks/WebKit2.framework/Versions/A/WebKit2
0x0000000008bf5000 	/System/Library/PrivateFrameworks/IMFoundation.framework/Versions/A/IMFoundation
0x0000000008bf5000 	/System/Library/PrivateFrameworks/Marco.framework/Versions/A/Marco
0x0000000008bf5000 	/System/Library/PrivateFrameworks/IDSFoundation.framework/Versions/A/IDSFoundation
0x0000000008bf5000 	/System/Library/PrivateFrameworks/FTServices.framework/Versions/A/FTServices
0x0000000008bf5000 	/System/Library/PrivateFrameworks/CommonUtilities.framework/Versions/A/CommonUtilities
0x0000000008bf5000 	/System/Library/PrivateFrameworks/DiagnosticLogCollection.framework/Versions/A/DiagnosticLogCollection

VM Arguments:
jvm_args: -Dfile.encoding=UTF-8 
java_command: tool.xmodeler.XModeler ./ini.txt
Launcher Type: SUN_STANDARD

Environment Variables:
PATH=/usr/bin:/bin:/usr/sbin:/sbin
SHELL=/bin/bash

Signal Handlers:
SIGSEGV: [libjvm.dylib+0x52b6c9], sa_mask[0]=0xfffefeff, sa_flags=0x00000043
SIGBUS: [libjvm.dylib+0x52b6c9], sa_mask[0]=0xfffefeff, sa_flags=0x00000042
SIGFPE: [libjvm.dylib+0x41deaa], sa_mask[0]=0xfffefeff, sa_flags=0x00000042
SIGPIPE: [libjvm.dylib+0x41deaa], sa_mask[0]=0xfffefeff, sa_flags=0x00000042
SIGXFSZ: [libjvm.dylib+0x41deaa], sa_mask[0]=0xfffefeff, sa_flags=0x00000042
SIGILL: [libjvm.dylib+0x41deaa], sa_mask[0]=0xfffefeff, sa_flags=0x00000042
SIGUSR1: SIG_DFL, sa_mask[0]=0x00000000, sa_flags=0x00000000
SIGUSR2: [libjvm.dylib+0x41d99c], sa_mask[0]=0x00000004, sa_flags=0x00000042
SIGHUP: [libjvm.dylib+0x41bc2d], sa_mask[0]=0xfffefeff, sa_flags=0x00000042
SIGINT: [libjvm.dylib+0x41bc2d], sa_mask[0]=0xfffefeff, sa_flags=0x00000042
SIGTERM: [libjvm.dylib+0x41bc2d], sa_mask[0]=0xfffefeff, sa_flags=0x00000042
SIGQUIT: [libjvm.dylib+0x41bc2d], sa_mask[0]=0xfffefeff, sa_flags=0x00000042


---------------  S Y S T E M  ---------------

OS:Bsduname:Darwin 14.0.0 Darwin Kernel Version 14.0.0: Fri Sep 19 00:26:44 PDT 2014; root:xnu-2782.1.97~2/RELEASE_X86_64 x86_64
rlimit: STACK 8192k, CORE 0k, NPROC 709, NOFILE 10240, AS infinity
load average:1.66 1.53 1.58

CPU:total 8 (4 cores per cpu, 2 threads per core) family 6 model 58 stepping 9, cmov, cx8, fxsr, mmx, sse, sse2, sse3, ssse3, sse4.1, sse4.2, popcnt, avx, aes, erms, ht, tsc, tscinvbit, tscinv

Memory: 4k page, physical 16777216k(4194304k free)

/proc/meminfo:


vm_info: Java HotSpot(TM) 64-Bit Server VM (24.65-b04) for bsd-amd64 JRE (1.7.0_67-b01), built on Jul 25 2014 08:51:51 by "java_re" with gcc 4.2.1 (Based on Apple Inc. build 5658) (LLVM build 2336.11.00)

time: Tue Nov 25 14:27:17 2014
elapsed time: 12930 seconds

