#
# A fatal error has been detected by the Java Runtime Environment:
#
#  SIGSEGV (0xb) at pc=0x0000000122310ce9, pid=3706, tid=12547
#
# JRE version: Java(TM) SE Runtime Environment (7.0_67-b01) (build 1.7.0_67-b01)
# Java VM: Java HotSpot(TM) 64-Bit Server VM (24.65-b04 mixed mode bsd-amd64 compressed oops)
# Problematic frame:
# C  [libswt-cocoa-4427.jnilib+0x25ce9]  callback+0x297
#
# Failed to write core dump. Core dumps have been disabled. To enable core dumping, try "ulimit -c unlimited" before starting Java again
#
# If you would like to submit a bug report, please visit:
#   http://bugreport.sun.com/bugreport/crash.jsp
#

---------------  T H R E A D  ---------------

Current thread (0x00007ff923800800):  VMThread [stack: 0x0000000120012000,0x0000000120112000] [id=12547]

siginfo:si_signo=SIGSEGV: si_errno=0, si_code=1 (SEGV_MAPERR), si_addr=0x0000000000000078

Registers:
RAX=0x0000000000000000, RBX=0x00007ff9232d87c0, RCX=0x0000000120111774, RDX=0x0000000000000001
RSP=0x00000001201117a0, RBP=0x00000001201118d0, RSI=0x0000000000000000, RDI=0x0000000000000000
R8 =0x0000000000000000, R9 =0x0000000000000003, R10=0x0000000000000031, R11=0x00000001222ef237
R12=0x00007fff974470c0, R13=0x00000001201119a0, R14=0x0000000000000000, R15=0x0000000000000000
RIP=0x0000000122310ce9, EFLAGS=0x0000000000010206, ERR=0x0000000000000004
  TRAPNO=0x000000000000000e

Top of Stack: (sp=0x00000001201117a0)
0x00000001201117a0:   0000000122310adb 00007ff923206b50
0x00000001201117b0:   00000001222ef237 0000000023206b50
0x00000001201117c0:   00007fff7aeaa8c8 00007fff95975631
0x00000001201117d0:   0000000120111820 00007ff9238009e8
0x00000001201117e0:   00007ff92142d4e8 00007ff92150b5d8
0x00000001201117f0:   0000000200010000 0000000000000000
0x0000000120111800:   00007fff974470c0 0000000100000000
0x0000000120111810:   0000000000000000 0000000000000000
0x0000000120111820:   00000001201118f0 00007ff92144ca50
0x0000000120111830:   00007fff95975631 0000000000000000
0x0000000120111840:   0000000000000000 0000000000000003
0x0000000120111850:   00007fff95975631 00007ff92144ca50
0x0000000120111860:   00007fff7ab34820 00007fff974471ac
0x0000000120111870:   0000000000000000 0000000000000000
0x0000000120111880:   0000000000000000 0000000000000000
0x0000000120111890:   0000000000000000 0000000000000000
0x00000001201118a0:   401a000000000000 4014000000000000
0x00000001201118b0:   0000000000000000 000000c823204b90
0x00000001201118c0:   00000001113bdb20 00000001113c0b40
0x00000001201118d0:   00000001201118f0 00000001222ef25e
0x00000001201118e0:   00007fff95975631 00007ff92144ca50
0x00000001201118f0:   0000000120111930 00007fff951378f2
0x0000000120111900:   00000001113bdb20 00000001113c0b40
0x0000000120111910:   00007fff974470c0 00000000000000e0
0x0000000120111920:   0000000000000000 0000000000000000
0x0000000120111930:   0000000120111970 00007fff95231437
0x0000000120111940:   0000000000000000 00007ff9232d87c0
0x0000000120111950:   00000000000000f8 00007fff974470c0
0x0000000120111960:   0000000000000000 00007fff7aeac780
0x0000000120111970:   00000001201119f0 00007fff95231245
0x0000000120111980:   0000000000000000 0000000000000000
0x0000000120111990:   0000000000000000 0000000000000000 

Instructions: (pc=0x0000000122310ce9)
0x0000000122310cc9:   ff ff 01 00 00 00 48 8b 85 08 ff ff ff 48 85 c0
0x0000000122310cd9:   0f 84 9f 03 00 00 48 8b 85 08 ff ff ff 48 8b 00
0x0000000122310ce9:   48 8b 40 78 48 8b bd 08 ff ff ff ff d0 48 89 85
0x0000000122310cf9:   30 ff ff ff 48 83 bd 30 ff ff ff 00 74 26 48 8b 

Register to memory mapping:

RAX=0x0000000000000000 is an unknown value
RBX=0x00007ff9232d87c0 is an unknown value
RCX=0x0000000120111774 is an unknown value
RDX=0x0000000000000001 is an unknown value
RSP=0x00000001201117a0 is an unknown value
RBP=0x00000001201118d0 is an unknown value
RSI=0x0000000000000000 is an unknown value
RDI=0x0000000000000000 is an unknown value
R8 =0x0000000000000000 is an unknown value
R9 =0x0000000000000003 is an unknown value
R10=0x0000000000000031 is an unknown value
R11=0x00000001222ef237: fn0_2+0 in /Users/tony/.swt/lib/macosx/x86_64/libswt-cocoa-4427.jnilib at 0x00000001222eb000
R12=0x00007fff974470c0: objc_msgSend+0 in /usr/lib/libobjc.A.dylib at 0x00007fff97446000
R13=0x00000001201119a0 is an unknown value
R14=0x0000000000000000 is an unknown value
R15=0x0000000000000000 is an unknown value


Stack: [0x0000000120012000,0x0000000120112000],  sp=0x00000001201117a0,  free space=1021k
Native frames: (J=compiled Java code, j=interpreted, Vv=VM code, C=native code)
C  [libswt-cocoa-4427.jnilib+0x25ce9]  callback+0x297
C  [libswt-cocoa-4427.jnilib+0x425e]  fn0_2+0x27
C  [AppKit+0x1428f2]  -[NSWindow orderWindow:relativeTo:]+0x76
C  [AppKit+0x23c437]  __18-[NSWindow _close]_block_invoke+0x1bc
C  [AppKit+0x23c245]  -[NSWindow _close]+0x16b
C  [FinderKit+0xa252f]  -[FI_TFloatingInputWindowController dealloc]+0x45
C  [libobjc.A.dylib+0x1f68c]  objc_object::sidetable_release(bool)+0xec
C  [AppKit+0x1226b4]  -[NSWindowController release]+0x9a
C  [FinderKit+0xa2efc]  TRef<FI_TFloatingInputWindowController*, OBJCRetainReleasePolicy<FI_TFloatingInputWindowController*> >::~TRef()+0xc
C  [libsystem_c.dylib+0x5e8ed]  __cxa_finalize_ranges+0x142
C  [libsystem_c.dylib+0x5ebf0]  exit+0x37
V  [libjvm.dylib+0x2d9a9e]  vm_exit(int)+0x0
V  [libjvm.dylib+0x532237]  VM_Operation::evaluate()+0x4f
V  [libjvm.dylib+0x53089b]  VMThread::evaluate_operation(VM_Operation*)+0xdf
V  [libjvm.dylib+0x530ce8]  VMThread::loop()+0x328
V  [libjvm.dylib+0x53060f]  VMThread::run()+0x79
V  [libjvm.dylib+0x420772]  java_start(Thread*)+0x126
C  [libsystem_pthread.dylib+0x32fc]  _pthread_body+0x83
C  [libsystem_pthread.dylib+0x3279]  _pthread_body+0x0
C  [libsystem_pthread.dylib+0x14b1]  thread_start+0xd

VM_Operation (0x000000012aee5718): Exit, mode: safepoint, requested by thread 0x00007ff921d4a800


---------------  P R O C E S S  ---------------

Java Threads: ( => current thread )
  0x00007ff921d4a800 JavaThread "SIGTERM handler" daemon [_thread_blocked, id=76687, stack(0x000000012ade6000,0x000000012aee6000)]
  0x00007ff925805800 JavaThread "Thread-11" [_thread_blocked, id=92675, stack(0x0000000127a4c000,0x0000000127b4c000)]
  0x00007ff921a59800 JavaThread "Thread-10" [_thread_blocked, id=92163, stack(0x0000000127875000,0x0000000127975000)]
  0x00007ff924029800 JavaThread "Thread-9" [_thread_blocked, id=90627, stack(0x0000000127772000,0x0000000127872000)]
  0x00007ff92480d000 JavaThread "Thread-8" [_thread_blocked, id=90115, stack(0x000000012766f000,0x000000012776f000)]
  0x00007ff92392b000 JavaThread "Thread-7" [_thread_blocked, id=89603, stack(0x000000012756c000,0x000000012766c000)]
  0x00007ff921867800 JavaThread "Thread-6" [_thread_blocked, id=89091, stack(0x0000000127469000,0x0000000127569000)]
  0x00007ff921a5f800 JavaThread "Thread-5" [_thread_blocked, id=88583, stack(0x0000000126de6000,0x0000000126ee6000)]
  0x00007ff9239bf800 JavaThread "Thread-4" [_thread_blocked, id=88075, stack(0x0000000126be7000,0x0000000126ce7000)]
  0x00007ff92228b000 JavaThread "Thread-3" [_thread_blocked, id=87323, stack(0x0000000126ae4000,0x0000000126be4000)]
  0x00007ff922165800 JavaThread "Thread-2" [_thread_blocked, id=77063, stack(0x00000001263be000,0x00000001264be000)]
  0x00007ff923915000 JavaThread "Thread-1" [_thread_blocked, id=50963, stack(0x00000001262bb000,0x00000001263bb000)]
  0x00007ff925026000 JavaThread "Service Thread" daemon [_thread_blocked, id=19203, stack(0x0000000121eed000,0x0000000121fed000)]
  0x00007ff925025000 JavaThread "C2 CompilerThread1" daemon [_thread_blocked, id=18691, stack(0x0000000121dea000,0x0000000121eea000)]
  0x00007ff923803000 JavaThread "C2 CompilerThread0" daemon [_thread_blocked, id=18179, stack(0x0000000121ce7000,0x0000000121de7000)]
  0x00007ff924800000 JavaThread "Finalizer" daemon [_thread_blocked, id=13571, stack(0x0000000120218000,0x0000000120318000)]
  0x00007ff924000000 JavaThread "Reference Handler" daemon [_thread_blocked, id=13059, stack(0x0000000120115000,0x0000000120215000)]
  0x00007ff92180c800 JavaThread "main" [_thread_blocked, id=1811, stack(0x00007fff507fd000,0x00007fff5087d000)]

Other Threads:
=>0x00007ff923800800 VMThread [stack: 0x0000000120012000,0x0000000120112000] [id=12547]

VM state:at safepoint (shutting down)

VM Mutex/Monitor currently owned by a thread:  ([mutex/lock_event])
[0x00007ff9216092b0] Threads_lock - owner thread: 0x00007ff923800800

Heap
 PSYoungGen      total 50688K, used 44251K [0x00000007aaa80000, 0x00000007ae580000, 0x0000000800000000)
  eden space 49152K, 87% used [0x00000007aaa80000,0x00000007ad4a0ea0,0x00000007ada80000)
  from space 1536K, 72% used [0x00000007adb80000,0x00000007adc96020,0x00000007add00000)
  to   space 5632K, 0% used [0x00000007ae000000,0x00000007ae000000,0x00000007ae580000)
 ParOldGen       total 235008K, used 188044K [0x0000000700000000, 0x000000070e580000, 0x00000007aaa80000)
  object space 235008K, 80% used [0x0000000700000000,0x000000070b7a3378,0x000000070e580000)
 PSPermGen       total 21504K, used 14381K [0x00000006fae00000, 0x00000006fc300000, 0x0000000700000000)
  object space 21504K, 66% used [0x00000006fae00000,0x00000006fbc0b4c8,0x00000006fc300000)

Card table byte_map: [0x000000011405f000,0x0000000114889000] byte_map_base: 0x0000000110888000

Polling page: 0x000000010f4d6000

Code Cache  [0x000000011105f000, 0x00000001113cf000, 0x000000011405f000)
 total_blobs=1365 nmethods=936 adapters=381 free_code_cache=45745Kb largest_free_block=46767744

Compilation events (10 events):
Event: 395.879 Thread 0x00007ff925025000  999             org.eclipse.swt.widgets.Display::windowProc (2606 bytes)
Event: 395.928 Thread 0x00007ff925025000 nmethod 999 0x00000001113bd290 code [0x00000001113bdb20, 0x00000001113c0fc8]
Event: 396.663 Thread 0x00007ff923803000 1000             org.eclipse.swt.graphics.GC::setLineWidth (51 bytes)
Event: 396.664 Thread 0x00007ff923803000 nmethod 1000 0x00000001111b6cd0 code [0x00000001111b6e20, 0x00000001111b6ed8]
Event: 405.802 Thread 0x00007ff925025000 1001             org.eclipse.swt.widgets.Display::windowProc (728 bytes)
Event: 405.833 Thread 0x00007ff925025000 nmethod 1001 0x00000001113b0190 code [0x00000001113b0620, 0x00000001113b1bc0]
Event: 405.862 Thread 0x00007ff923803000 1002             org.eclipse.swt.widgets.Display::applicationProc (99 bytes)
Event: 405.862 Thread 0x00007ff925025000 1003             org.eclipse.swt.widgets.Display::applicationNextEventMatchingMask (212 bytes)
Event: 405.866 Thread 0x00007ff925025000 nmethod 1003 0x00000001113934d0 code [0x0000000111393660, 0x0000000111393930]
Event: 405.869 Thread 0x00007ff923803000 nmethod 1002 0x00000001111c9e50 code [0x00000001111ca000, 0x00000001111ca770]

GC Heap History (10 events):
Event: 210.960 GC heap before
{Heap before GC invocations=15 (full 0):
 PSYoungGen      total 59904K, used 56480K [0x00000007aaa80000, 0x00000007aec80000, 0x0000000800000000)
  eden space 54272K, 100% used [0x00000007aaa80000,0x00000007adf80000,0x00000007adf80000)
  from space 5632K, 39% used [0x00000007ae700000,0x00000007ae9283f8,0x00000007aec80000)
  to   space 6656K, 0% used [0x00000007adf80000,0x00000007adf80000,0x00000007ae600000)
 ParOldGen       total 235008K, used 185520K [0x0000000700000000, 0x000000070e580000, 0x00000007aaa80000)
  object space 235008K, 78% used [0x0000000700000000,0x000000070b52c388,0x000000070e580000)
 PSPermGen       total 21504K, used 14136K [0x00000006fae00000, 0x00000006fc300000, 0x0000000700000000)
  object space 21504K, 65% used [0x00000006fae00000,0x00000006fbbce268,0x00000006fc300000)
Event: 210.962 GC heap after
Heap after GC invocations=15 (full 0):
 PSYoungGen      total 53760K, used 384K [0x00000007aaa80000, 0x00000007aea80000, 0x0000000800000000)
  eden space 53248K, 0% used [0x00000007aaa80000,0x00000007aaa80000,0x00000007ade80000)
  from space 512K, 75% used [0x00000007adf80000,0x00000007adfe0000,0x00000007ae000000)
  to   space 6144K, 0% used [0x00000007ae480000,0x00000007ae480000,0x00000007aea80000)
 ParOldGen       total 235008K, used 186846K [0x0000000700000000, 0x000000070e580000, 0x00000007aaa80000)
  object space 235008K, 79% used [0x0000000700000000,0x000000070b677b48,0x000000070e580000)
 PSPermGen       total 21504K, used 14136K [0x00000006fae00000, 0x00000006fc300000, 0x0000000700000000)
  object space 21504K, 65% used [0x00000006fae00000,0x00000006fbbce268,0x00000006fc300000)
}
Event: 252.642 GC heap before
{Heap before GC invocations=16 (full 0):
 PSYoungGen      total 53760K, used 53632K [0x00000007aaa80000, 0x00000007aea80000, 0x0000000800000000)
  eden space 53248K, 100% used [0x00000007aaa80000,0x00000007ade80000,0x00000007ade80000)
  from space 512K, 75% used [0x00000007adf80000,0x00000007adfe0000,0x00000007ae000000)
  to   space 6144K, 0% used [0x00000007ae480000,0x00000007ae480000,0x00000007aea80000)
 ParOldGen       total 235008K, used 186846K [0x0000000700000000, 0x000000070e580000, 0x00000007aaa80000)
  object space 235008K, 79% used [0x0000000700000000,0x000000070b677b48,0x000000070e580000)
 PSPermGen       total 21504K, used 14145K [0x00000006fae00000, 0x00000006fc300000, 0x0000000700000000)
  object space 21504K, 65% used [0x00000006fae00000,0x00000006fbbd0750,0x00000006fc300000)
Event: 252.644 GC heap after
Heap after GC invocations=16 (full 0):
 PSYoungGen      total 57344K, used 192K [0x00000007aaa80000, 0x00000007ae980000, 0x0000000800000000)
  eden space 52224K, 0% used [0x00000007aaa80000,0x00000007aaa80000,0x00000007add80000)
  from space 5120K, 3% used [0x00000007ae480000,0x00000007ae4b0000,0x00000007ae980000)
  to   space 6144K, 0% used [0x00000007add80000,0x00000007add80000,0x00000007ae380000)
 ParOldGen       total 235008K, used 186992K [0x0000000700000000, 0x000000070e580000, 0x00000007aaa80000)
  object space 235008K, 79% used [0x0000000700000000,0x000000070b69c358,0x000000070e580000)
 PSPermGen       total 21504K, used 14145K [0x00000006fae00000, 0x00000006fc300000, 0x0000000700000000)
  object space 21504K, 65% used [0x00000006fae00000,0x00000006fbbd0750,0x00000006fc300000)
}
Event: 321.066 GC heap before
{Heap before GC invocations=17 (full 0):
 PSYoungGen      total 57344K, used 52416K [0x00000007aaa80000, 0x00000007ae980000, 0x0000000800000000)
  eden space 52224K, 100% used [0x00000007aaa80000,0x00000007add80000,0x00000007add80000)
  from space 5120K, 3% used [0x00000007ae480000,0x00000007ae4b0000,0x00000007ae980000)
  to   space 6144K, 0% used [0x00000007add80000,0x00000007add80000,0x00000007ae380000)
 ParOldGen       total 235008K, used 186992K [0x0000000700000000, 0x000000070e580000, 0x00000007aaa80000)
  object space 235008K, 79% used [0x0000000700000000,0x000000070b69c358,0x000000070e580000)
 PSPermGen       total 21504K, used 14288K [0x00000006fae00000, 0x00000006fc300000, 0x0000000700000000)
  object space 21504K, 66% used [0x00000006fae00000,0x00000006fbbf4168,0x00000006fc300000)
Event: 321.068 GC heap after
Heap after GC invocations=17 (full 0):
 PSYoungGen      total 52224K, used 704K [0x00000007aaa80000, 0x00000007ae880000, 0x0000000800000000)
  eden space 51200K, 0% used [0x00000007aaa80000,0x00000007aaa80000,0x00000007adc80000)
  from space 1024K, 68% used [0x00000007add80000,0x00000007ade30000,0x00000007ade80000)
  to   space 6144K, 0% used [0x00000007ae280000,0x00000007ae280000,0x00000007ae880000)
 ParOldGen       total 235008K, used 187080K [0x0000000700000000, 0x000000070e580000, 0x00000007aaa80000)
  object space 235008K, 79% used [0x0000000700000000,0x000000070b6b2358,0x000000070e580000)
 PSPermGen       total 21504K, used 14288K [0x00000006fae00000, 0x00000006fc300000, 0x0000000700000000)
  object space 21504K, 66% used [0x00000006fae00000,0x00000006fbbf4168,0x00000006fc300000)
}
Event: 346.318 GC heap before
{Heap before GC invocations=18 (full 0):
 PSYoungGen      total 52224K, used 51904K [0x00000007aaa80000, 0x00000007ae880000, 0x0000000800000000)
  eden space 51200K, 100% used [0x00000007aaa80000,0x00000007adc80000,0x00000007adc80000)
  from space 1024K, 68% used [0x00000007add80000,0x00000007ade30000,0x00000007ade80000)
  to   space 6144K, 0% used [0x00000007ae280000,0x00000007ae280000,0x00000007ae880000)
 ParOldGen       total 235008K, used 187080K [0x0000000700000000, 0x000000070e580000, 0x00000007aaa80000)
  object space 235008K, 79% used [0x0000000700000000,0x000000070b6b2358,0x000000070e580000)
 PSPermGen       total 21504K, used 14314K [0x00000006fae00000, 0x00000006fc300000, 0x0000000700000000)
  object space 21504K, 66% used [0x00000006fae00000,0x00000006fbbfa920,0x00000006fc300000)
Event: 346.320 GC heap after
Heap after GC invocations=18 (full 0):
 PSYoungGen      total 54272K, used 616K [0x00000007aaa80000, 0x00000007ae680000, 0x0000000800000000)
  eden space 50176K, 0% used [0x00000007aaa80000,0x00000007aaa80000,0x00000007adb80000)
  from space 4096K, 15% used [0x00000007ae280000,0x00000007ae31a010,0x00000007ae680000)
  to   space 5632K, 0% used [0x00000007adb80000,0x00000007adb80000,0x00000007ae100000)
 ParOldGen       total 235008K, used 187604K [0x0000000700000000, 0x000000070e580000, 0x00000007aaa80000)
  object space 235008K, 79% used [0x0000000700000000,0x000000070b735368,0x000000070e580000)
 PSPermGen       total 21504K, used 14314K [0x00000006fae00000, 0x00000006fc300000, 0x0000000700000000)
  object space 21504K, 66% used [0x00000006fae00000,0x00000006fbbfa920,0x00000006fc300000)
}
Event: 385.972 GC heap before
{Heap before GC invocations=19 (full 0):
 PSYoungGen      total 54272K, used 50792K [0x00000007aaa80000, 0x00000007ae680000, 0x0000000800000000)
  eden space 50176K, 100% used [0x00000007aaa80000,0x00000007adb80000,0x00000007adb80000)
  from space 4096K, 15% used [0x00000007ae280000,0x00000007ae31a010,0x00000007ae680000)
  to   space 5632K, 0% used [0x00000007adb80000,0x00000007adb80000,0x00000007ae100000)
 ParOldGen       total 235008K, used 187604K [0x0000000700000000, 0x000000070e580000, 0x00000007aaa80000)
  object space 235008K, 79% used [0x0000000700000000,0x000000070b735368,0x000000070e580000)
 PSPermGen       total 21504K, used 14338K [0x00000006fae00000, 0x00000006fc300000, 0x0000000700000000)
  object space 21504K, 66% used [0x00000006fae00000,0x00000006fbc00a98,0x00000006fc300000)
Event: 385.974 GC heap after
Heap after GC invocations=19 (full 0):
 PSYoungGen      total 50688K, used 1112K [0x00000007aaa80000, 0x00000007ae580000, 0x0000000800000000)
  eden space 49152K, 0% used [0x00000007aaa80000,0x00000007aaa80000,0x00000007ada80000)
  from space 1536K, 72% used [0x00000007adb80000,0x00000007adc96020,0x00000007add00000)
  to   space 5632K, 0% used [0x00000007ae000000,0x00000007ae000000,0x00000007ae580000)
 ParOldGen       total 235008K, used 188044K [0x0000000700000000, 0x000000070e580000, 0x00000007aaa80000)
  object space 235008K, 80% used [0x0000000700000000,0x000000070b7a3378,0x000000070e580000)
 PSPermGen       total 21504K, used 14338K [0x00000006fae00000, 0x00000006fc300000, 0x0000000700000000)
  object space 21504K, 66% used [0x00000006fae00000,0x00000006fbc00a98,0x00000006fc300000)
}

Deoptimization events (10 events):
Event: 265.929 Thread 0x00007ff92180c800 Uncommon trap: reason=class_check action=maybe_recompile pc=0x00000001112d7f68 method=org.eclipse.swt.widgets.Display.windowProc(JJJJ)J @ 363
Event: 265.936 Thread 0x00007ff92180c800 Uncommon trap: reason=class_check action=maybe_recompile pc=0x000000011134fd18 method=org.eclipse.swt.widgets.Display.windowProc(JJJ)J @ 873
Event: 280.380 Thread 0x00007ff92180c800 Uncommon trap: reason=unreached action=reinterpret pc=0x00000001112d7fec method=org.eclipse.swt.widgets.Display.windowProc(JJJJ)J @ 9
Event: 309.810 Thread 0x00007ff92180c800 Uncommon trap: reason=unreached action=reinterpret pc=0x0000000111347d10 method=org.eclipse.swt.widgets.Control.findCursor()Lorg/eclipse/swt/graphics/Cursor; @ 4
Event: 322.916 Thread 0x00007ff92180c800 Uncommon trap: reason=class_check action=maybe_recompile pc=0x00000001112f6d28 method=org.eclipse.swt.widgets.Display.windowProc(JJ)J @ 362
Event: 323.578 Thread 0x00007ff92180c800 Uncommon trap: reason=class_check action=maybe_recompile pc=0x00000001112f6d28 method=org.eclipse.swt.widgets.Display.windowProc(JJ)J @ 362
Event: 328.004 Thread 0x00007ff92180c800 Uncommon trap: reason=class_check action=maybe_recompile pc=0x00000001112dd120 method=tool.clients.diagrams.Diagram.paintHover(Lorg/eclipse/swt/graphics/GC;)V @ 55
Event: 369.919 Thread 0x00007ff92180c800 Uncommon trap: reason=class_check action=maybe_recompile pc=0x00000001112dd120 method=tool.clients.diagrams.Diagram.paintHover(Lorg/eclipse/swt/graphics/GC;)V @ 55
Event: 392.951 Thread 0x00007ff92180c800 Uncommon trap: reason=bimorphic action=maybe_recompile pc=0x000000011134fc70 method=org.eclipse.swt.widgets.Display.windowProc(JJJ)J @ 1337
Event: 394.479 Thread 0x00007ff92180c800 Uncommon trap: reason=bimorphic action=maybe_recompile pc=0x000000011134fc70 method=org.eclipse.swt.widgets.Display.windowProc(JJJ)J @ 1337

Internal exceptions (10 events):
Event: 256.904 Thread 0x00007ff92180c800 Threw 0x00000007aae74de8 at /HUDSON/workspace/7u-2-build-macosx-x86_64/jdk7u67/1368/hotspot/src/share/vm/prims/jvm.cpp:1244
Event: 256.904 Thread 0x00007ff923915000 Threw 0x00000007aae23fe8 at /HUDSON/workspace/7u-2-build-macosx-x86_64/jdk7u67/1368/hotspot/src/share/vm/prims/jvm.cpp:1244
Event: 256.942 Thread 0x00007ff923915000 Threw 0x00000007aae28080 at /HUDSON/workspace/7u-2-build-macosx-x86_64/jdk7u67/1368/hotspot/src/share/vm/prims/jvm.cpp:1244
Event: 257.107 Thread 0x00007ff923915000 Threw 0x00000007ab06fc60 at /HUDSON/workspace/7u-2-build-macosx-x86_64/jdk7u67/1368/hotspot/src/share/vm/prims/jvm.cpp:1244
Event: 257.140 Thread 0x00007ff92180c800 Threw 0x00000007aaea77c8 at /HUDSON/workspace/7u-2-build-macosx-x86_64/jdk7u67/1368/hotspot/src/share/vm/prims/jvm.cpp:1244
Event: 257.142 Thread 0x00007ff923915000 Threw 0x00000007ab073aa8 at /HUDSON/workspace/7u-2-build-macosx-x86_64/jdk7u67/1368/hotspot/src/share/vm/prims/jvm.cpp:1244
Event: 257.339 Thread 0x00007ff923915000 Threw 0x00000007ab078918 at /HUDSON/workspace/7u-2-build-macosx-x86_64/jdk7u67/1368/hotspot/src/share/vm/prims/jvm.cpp:1244
Event: 264.954 Thread 0x00007ff92180c800 Threw 0x00000007ab39b870 at /HUDSON/workspace/7u-2-build-macosx-x86_64/jdk7u67/1368/hotspot/src/share/vm/prims/jvm.cpp:1244
Event: 265.983 Thread 0x00007ff923915000 Threw 0x00000007ab300e78 at /HUDSON/workspace/7u-2-build-macosx-x86_64/jdk7u67/1368/hotspot/src/share/vm/prims/jvm.cpp:1244
Event: 280.380 Thread 0x00007ff92180c800 Implicit null exception at 0x00000001112d7449 to 0x00000001112d7fc1

Events (10 events):
Event: 407.675 loading class 0x00007ff92502ae60
Event: 407.675 loading class 0x00007ff92502ae60 done
Event: 407.676 loading class 0x00007ff92502afa0
Event: 407.676 loading class 0x00007ff92502afd0
Event: 407.676 loading class 0x00007ff92502afd0 done
Event: 407.676 loading class 0x00007ff92502afa0 done
Event: 407.676 Thread 0x00007ff92a07f000 Thread added: 0x00007ff92a07f000
Event: 407.676 Thread 0x00007ff92a07f000 Thread exited: 0x00007ff92a07f000
Event: 407.676 Thread 0x00007ff925023000 Thread exited: 0x00007ff925023000
Event: 407.676 Executing VM operation: Exit


Dynamic libraries:
0x0000000008bf5000 	/System/Library/Frameworks/Cocoa.framework/Versions/A/Cocoa
0x0000000008bf5000 	/System/Library/Frameworks/Security.framework/Versions/A/Security
0x0000000008bf5000 	/System/Library/Frameworks/ApplicationServices.framework/Versions/A/ApplicationServices
0x0000000008bf5000 	/usr/lib/libz.1.dylib
0x0000000008bf5000 	/usr/lib/libSystem.B.dylib
0x0000000008bf5000 	/usr/lib/libobjc.A.dylib
0x0000000008bf5000 	/System/Library/Frameworks/CoreFoundation.framework/Versions/A/CoreFoundation
0x0000000008bf5000 	/System/Library/Frameworks/Foundation.framework/Versions/C/Foundation
0x0000000008bf5000 	/System/Library/Frameworks/AppKit.framework/Versions/C/AppKit
0x0000000008bf5000 	/System/Library/Frameworks/CoreData.framework/Versions/A/CoreData
0x0000000008bf5000 	/System/Library/PrivateFrameworks/RemoteViewServices.framework/Versions/A/RemoteViewServices
0x0000000008bf5000 	/System/Library/PrivateFrameworks/UIFoundation.framework/Versions/A/UIFoundation
0x0000000008bf5000 	/System/Library/Frameworks/IOSurface.framework/Versions/A/IOSurface
0x0000000008bf5000 	/System/Library/Frameworks/AudioToolbox.framework/Versions/A/AudioToolbox
0x0000000008bf5000 	/System/Library/Frameworks/AudioUnit.framework/Versions/A/AudioUnit
0x0000000008bf5000 	/System/Library/PrivateFrameworks/DataDetectorsCore.framework/Versions/A/DataDetectorsCore
0x0000000008bf5000 	/System/Library/PrivateFrameworks/DesktopServicesPriv.framework/Versions/A/DesktopServicesPriv
0x0000000008bf5000 	/System/Library/Frameworks/Carbon.framework/Versions/A/Frameworks/HIToolbox.framework/Versions/A/HIToolbox
0x0000000008bf5000 	/System/Library/Frameworks/QuartzCore.framework/Versions/A/QuartzCore
0x0000000008bf5000 	/System/Library/Frameworks/Carbon.framework/Versions/A/Frameworks/SpeechRecognition.framework/Versions/A/SpeechRecognition
0x0000000008bf5000 	/usr/lib/libauto.dylib
0x0000000008bf5000 	/usr/lib/libicucore.A.dylib
0x0000000008bf5000 	/usr/lib/libxml2.2.dylib
0x0000000008bf5000 	/System/Library/PrivateFrameworks/CoreUI.framework/Versions/A/CoreUI
0x0000000008bf5000 	/System/Library/Frameworks/CoreAudio.framework/Versions/A/CoreAudio
0x0000000008bf5000 	/System/Library/Frameworks/DiskArbitration.framework/Versions/A/DiskArbitration
0x0000000008bf5000 	/usr/lib/liblangid.dylib
0x0000000008bf5000 	/System/Library/PrivateFrameworks/MultitouchSupport.framework/Versions/A/MultitouchSupport
0x0000000008bf5000 	/System/Library/Frameworks/IOKit.framework/Versions/A/IOKit
0x0000000008bf5000 	/usr/lib/libDiagnosticMessagesClient.dylib
0x0000000008bf5000 	/System/Library/Frameworks/CoreServices.framework/Versions/A/CoreServices
0x0000000008bf5000 	/System/Library/PrivateFrameworks/PerformanceAnalysis.framework/Versions/A/PerformanceAnalysis
0x0000000008bf5000 	/System/Library/PrivateFrameworks/GenerationalStorage.framework/Versions/A/GenerationalStorage
0x0000000008bf5000 	/System/Library/Frameworks/OpenGL.framework/Versions/A/OpenGL
0x0000000008bf5000 	/System/Library/PrivateFrameworks/Sharing.framework/Versions/A/Sharing
0x0000000008bf5000 	/System/Library/Frameworks/CoreGraphics.framework/Versions/A/CoreGraphics
0x0000000008bf5000 	/System/Library/Frameworks/CoreText.framework/Versions/A/CoreText
0x0000000008bf5000 	/System/Library/Frameworks/ImageIO.framework/Versions/A/ImageIO
0x0000000008bf5000 	/usr/lib/libextension.dylib
0x0000000008bf5000 	/System/Library/PrivateFrameworks/Backup.framework/Versions/A/Backup
0x0000000008bf5000 	/usr/lib/libarchive.2.dylib
0x0000000008bf5000 	/System/Library/Frameworks/CFNetwork.framework/Versions/A/CFNetwork
0x0000000008bf5000 	/System/Library/Frameworks/SystemConfiguration.framework/Versions/A/SystemConfiguration
0x0000000008bf5000 	/usr/lib/libCRFSuite.dylib
0x0000000008bf5000 	/usr/lib/libc++.1.dylib
0x0000000008bf5000 	/usr/lib/libc++abi.dylib
0x0000000008bf5000 	/usr/lib/system/libcache.dylib
0x0000000008bf5000 	/usr/lib/system/libcommonCrypto.dylib
0x0000000008bf5000 	/usr/lib/system/libcompiler_rt.dylib
0x0000000008bf5000 	/usr/lib/system/libcopyfile.dylib
0x0000000008bf5000 	/usr/lib/system/libcorecrypto.dylib
0x0000000008bf5000 	/usr/lib/system/libdispatch.dylib
0x0000000008bf5000 	/usr/lib/system/libdyld.dylib
0x0000000008bf5000 	/usr/lib/system/libkeymgr.dylib
0x0000000008bf5000 	/usr/lib/system/liblaunch.dylib
0x0000000008bf5000 	/usr/lib/system/libmacho.dylib
0x0000000008bf5000 	/usr/lib/system/libquarantine.dylib
0x0000000008bf5000 	/usr/lib/system/libremovefile.dylib
0x0000000008bf5000 	/usr/lib/system/libsystem_asl.dylib
0x0000000008bf5000 	/usr/lib/system/libsystem_blocks.dylib
0x0000000008bf5000 	/usr/lib/system/libsystem_c.dylib
0x0000000008bf5000 	/usr/lib/system/libsystem_configuration.dylib
0x0000000008bf5000 	/usr/lib/system/libsystem_coreservices.dylib
0x0000000008bf5000 	/usr/lib/system/libsystem_coretls.dylib
0x0000000008bf5000 	/usr/lib/system/libsystem_dnssd.dylib
0x0000000008bf5000 	/usr/lib/system/libsystem_info.dylib
0x0000000008bf5000 	/usr/lib/system/libsystem_kernel.dylib
0x0000000008bf5000 	/usr/lib/system/libsystem_m.dylib
0x0000000008bf5000 	/usr/lib/system/libsystem_malloc.dylib
0x0000000008bf5000 	/usr/lib/system/libsystem_network.dylib
0x0000000008bf5000 	/usr/lib/system/libsystem_networkextension.dylib
0x0000000008bf5000 	/usr/lib/system/libsystem_notify.dylib
0x0000000008bf5000 	/usr/lib/system/libsystem_platform.dylib
0x0000000008bf5000 	/usr/lib/system/libsystem_pthread.dylib
0x0000000008bf5000 	/usr/lib/system/libsystem_sandbox.dylib
0x0000000008bf5000 	/usr/lib/system/libsystem_secinit.dylib
0x0000000008bf5000 	/usr/lib/system/libsystem_stats.dylib
0x0000000008bf5000 	/usr/lib/system/libsystem_trace.dylib
0x0000000008bf5000 	/usr/lib/system/libunc.dylib
0x0000000008bf5000 	/usr/lib/system/libunwind.dylib
0x0000000008bf5000 	/usr/lib/system/libxpc.dylib
0x0000000008bf5000 	/usr/lib/libbz2.1.0.dylib
0x0000000008bf5000 	/usr/lib/liblzma.5.dylib
0x0000000008bf5000 	/usr/lib/libbsm.0.dylib
0x0000000008bf5000 	/usr/lib/libsqlite3.dylib
0x0000000008bf5000 	/usr/lib/system/libkxld.dylib
0x0000000008bf5000 	/usr/lib/libxar.1.dylib
0x0000000008bf5000 	/usr/lib/libpam.2.dylib
0x0000000008bf5000 	/usr/lib/libOpenScriptingUtil.dylib
0x0000000008bf5000 	/System/Library/Frameworks/CoreServices.framework/Versions/A/Frameworks/FSEvents.framework/Versions/A/FSEvents
0x0000000008bf5000 	/System/Library/Frameworks/CoreServices.framework/Versions/A/Frameworks/CarbonCore.framework/Versions/A/CarbonCore
0x0000000008bf5000 	/System/Library/Frameworks/CoreServices.framework/Versions/A/Frameworks/Metadata.framework/Versions/A/Metadata
0x0000000008bf5000 	/System/Library/Frameworks/CoreServices.framework/Versions/A/Frameworks/OSServices.framework/Versions/A/OSServices
0x0000000008bf5000 	/System/Library/Frameworks/CoreServices.framework/Versions/A/Frameworks/SearchKit.framework/Versions/A/SearchKit
0x0000000008bf5000 	/System/Library/Frameworks/CoreServices.framework/Versions/A/Frameworks/AE.framework/Versions/A/AE
0x0000000008bf5000 	/System/Library/Frameworks/CoreServices.framework/Versions/A/Frameworks/LaunchServices.framework/Versions/A/LaunchServices
0x0000000008bf5000 	/System/Library/Frameworks/CoreServices.framework/Versions/A/Frameworks/DictionaryServices.framework/Versions/A/DictionaryServices
0x0000000008bf5000 	/System/Library/Frameworks/NetFS.framework/Versions/A/NetFS
0x0000000008bf5000 	/System/Library/PrivateFrameworks/NetAuth.framework/Versions/A/NetAuth
0x0000000008bf5000 	/System/Library/PrivateFrameworks/login.framework/Versions/A/Frameworks/loginsupport.framework/Versions/A/loginsupport
0x0000000008bf5000 	/System/Library/PrivateFrameworks/TCC.framework/Versions/A/TCC
0x0000000008bf5000 	/usr/lib/libmecabra.dylib
0x0000000008bf5000 	/System/Library/PrivateFrameworks/LanguageModeling.framework/Versions/A/LanguageModeling
0x0000000008bf5000 	/usr/lib/libcmph.dylib
0x0000000008bf5000 	/usr/lib/libiconv.2.dylib
0x0000000008bf5000 	/System/Library/Frameworks/OpenDirectory.framework/Versions/A/Frameworks/CFOpenDirectory.framework/Versions/A/CFOpenDirectory
0x0000000008bf5000 	/System/Library/Frameworks/ServiceManagement.framework/Versions/A/ServiceManagement
0x0000000008bf5000 	/usr/lib/libxslt.1.dylib
0x0000000008bf5000 	/System/Library/Frameworks/Carbon.framework/Versions/A/Frameworks/Ink.framework/Versions/A/Ink
0x0000000008bf5000 	/System/Library/Frameworks/ApplicationServices.framework/Versions/A/Frameworks/ATS.framework/Versions/A/ATS
0x0000000008bf5000 	/System/Library/Frameworks/ApplicationServices.framework/Versions/A/Frameworks/ColorSync.framework/Versions/A/ColorSync
0x0000000008bf5000 	/System/Library/Frameworks/ApplicationServices.framework/Versions/A/Frameworks/HIServices.framework/Versions/A/HIServices
0x0000000008bf5000 	/System/Library/Frameworks/ApplicationServices.framework/Versions/A/Frameworks/LangAnalysis.framework/Versions/A/LangAnalysis
0x0000000008bf5000 	/System/Library/Frameworks/ApplicationServices.framework/Versions/A/Frameworks/PrintCore.framework/Versions/A/PrintCore
0x0000000008bf5000 	/System/Library/Frameworks/ApplicationServices.framework/Versions/A/Frameworks/QD.framework/Versions/A/QD
0x0000000008bf5000 	/System/Library/Frameworks/ApplicationServices.framework/Versions/A/Frameworks/SpeechSynthesis.framework/Versions/A/SpeechSynthesis
0x0000000008bf5000 	/System/Library/Frameworks/Accelerate.framework/Versions/A/Accelerate
0x0000000008bf5000 	/System/Library/Frameworks/Accelerate.framework/Versions/A/Frameworks/vImage.framework/Versions/A/vImage
0x0000000008bf5000 	/System/Library/Frameworks/Accelerate.framework/Versions/A/Frameworks/vecLib.framework/Versions/A/vecLib
0x0000000008bf5000 	/System/Library/Frameworks/Accelerate.framework/Versions/A/Frameworks/vecLib.framework/Versions/A/libvDSP.dylib
0x0000000008bf5000 	/System/Library/Frameworks/Accelerate.framework/Versions/A/Frameworks/vecLib.framework/Versions/A/libvMisc.dylib
0x0000000008bf5000 	/System/Library/Frameworks/Accelerate.framework/Versions/A/Frameworks/vecLib.framework/Versions/A/libLAPACK.dylib
0x0000000008bf5000 	/System/Library/Frameworks/Accelerate.framework/Versions/A/Frameworks/vecLib.framework/Versions/A/libBLAS.dylib
0x0000000008bf5000 	/System/Library/Frameworks/Accelerate.framework/Versions/A/Frameworks/vecLib.framework/Versions/A/libLinearAlgebra.dylib
0x0000000008bf5000 	/System/Library/Frameworks/ApplicationServices.framework/Versions/A/Frameworks/ATS.framework/Versions/A/Resources/libFontParser.dylib
0x0000000008bf5000 	/System/Library/Frameworks/ApplicationServices.framework/Versions/A/Frameworks/ATS.framework/Versions/A/Resources/libFontRegistry.dylib
0x0000000008bf5000 	/System/Library/PrivateFrameworks/AppleVPA.framework/Versions/A/AppleVPA
0x0000000008bf5000 	/System/Library/PrivateFrameworks/AppleJPEG.framework/Versions/A/AppleJPEG
0x0000000008bf5000 	/System/Library/Frameworks/ImageIO.framework/Versions/A/Resources/libJPEG.dylib
0x0000000008bf5000 	/System/Library/Frameworks/ImageIO.framework/Versions/A/Resources/libTIFF.dylib
0x0000000008bf5000 	/System/Library/Frameworks/ImageIO.framework/Versions/A/Resources/libPng.dylib
0x0000000008bf5000 	/System/Library/Frameworks/ImageIO.framework/Versions/A/Resources/libGIF.dylib
0x0000000008bf5000 	/System/Library/Frameworks/ImageIO.framework/Versions/A/Resources/libJP2.dylib
0x0000000008bf5000 	/System/Library/Frameworks/ImageIO.framework/Versions/A/Resources/libRadiance.dylib
0x0000000008bf5000 	/System/Library/Frameworks/CoreVideo.framework/Versions/A/CoreVideo
0x0000000008bf5000 	/System/Library/Frameworks/OpenGL.framework/Versions/A/Libraries/libGLU.dylib
0x0000000008bf5000 	/System/Library/Frameworks/OpenGL.framework/Versions/A/Libraries/libGFXShared.dylib
0x0000000008bf5000 	/System/Library/Frameworks/OpenGL.framework/Versions/A/Libraries/libGL.dylib
0x0000000008bf5000 	/System/Library/Frameworks/OpenGL.framework/Versions/A/Libraries/libGLImage.dylib
0x0000000008bf5000 	/System/Library/Frameworks/OpenGL.framework/Versions/A/Libraries/libCVMSPluginSupport.dylib
0x0000000008bf5000 	/System/Library/Frameworks/OpenGL.framework/Versions/A/Libraries/libCoreVMClient.dylib
0x0000000008bf5000 	/usr/lib/libcups.2.dylib
0x0000000008bf5000 	/System/Library/Frameworks/Kerberos.framework/Versions/A/Kerberos
0x0000000008bf5000 	/System/Library/Frameworks/GSS.framework/Versions/A/GSS
0x0000000008bf5000 	/usr/lib/libresolv.9.dylib
0x0000000008bf5000 	/System/Library/PrivateFrameworks/Heimdal.framework/Versions/A/Heimdal
0x0000000008bf5000 	/usr/lib/libheimdal-asn1.dylib
0x0000000008bf5000 	/System/Library/Frameworks/OpenDirectory.framework/Versions/A/OpenDirectory
0x0000000008bf5000 	/System/Library/PrivateFrameworks/CommonAuth.framework/Versions/A/CommonAuth
0x0000000008bf5000 	/System/Library/Frameworks/SecurityFoundation.framework/Versions/A/SecurityFoundation
0x0000000008bf5000 	/System/Library/Frameworks/QuartzCore.framework/Versions/A/Frameworks/CoreImage.framework/Versions/A/CoreImage
0x0000000008bf5000 	/System/Library/PrivateFrameworks/CrashReporterSupport.framework/Versions/A/CrashReporterSupport
0x0000000008bf5000 	/System/Library/Frameworks/OpenCL.framework/Versions/A/OpenCL
0x0000000008bf5000 	/System/Library/PrivateFrameworks/FaceCore.framework/Versions/A/FaceCore
0x0000000008bf5000 	/System/Library/PrivateFrameworks/Ubiquity.framework/Versions/A/Ubiquity
0x0000000008bf5000 	/System/Library/PrivateFrameworks/IconServices.framework/Versions/A/IconServices
0x0000000008bf5000 	/System/Library/PrivateFrameworks/ChunkingLibrary.framework/Versions/A/ChunkingLibrary
0x0000000008bf5000 	/System/Library/PrivateFrameworks/Apple80211.framework/Versions/A/Apple80211
0x0000000008bf5000 	/System/Library/Frameworks/CoreWLAN.framework/Versions/A/CoreWLAN
0x0000000008bf5000 	/System/Library/Frameworks/IOBluetooth.framework/Versions/A/IOBluetooth
0x0000000008bf5000 	/System/Library/PrivateFrameworks/CoreWiFi.framework/Versions/A/CoreWiFi
0x0000000008bf5000 	/System/Library/Frameworks/CoreBluetooth.framework/Versions/A/CoreBluetooth
0x0000000008bf5000 	/System/Library/PrivateFrameworks/DebugSymbols.framework/Versions/A/DebugSymbols
0x0000000008bf5000 	/System/Library/PrivateFrameworks/CoreSymbolication.framework/Versions/A/CoreSymbolication
0x0000000008bf5000 	/System/Library/PrivateFrameworks/Symbolication.framework/Versions/A/Symbolication
0x0000000008bf5000 	/System/Library/PrivateFrameworks/SpeechRecognitionCore.framework/Versions/A/SpeechRecognitionCore
0x0000000110600000 	/Library/Java/JavaVirtualMachines/jdk1.7.0_67.jdk/Contents/Home/jre/lib/server/libjvm.dylib
0x0000000008bf5000 	/usr/lib/libstdc++.6.dylib
0x000000010f499000 	/Library/Java/JavaVirtualMachines/jdk1.7.0_67.jdk/Contents/Home/jre/lib/libverify.dylib
0x000000010f4a6000 	/Library/Java/JavaVirtualMachines/jdk1.7.0_67.jdk/Contents/Home/jre/lib/libjava.dylib
0x000000010f4df000 	/Library/Java/JavaVirtualMachines/jdk1.7.0_67.jdk/Contents/Home/jre/lib/libzip.dylib
0x000000012031a000 	/System/Library/Frameworks/JavaVM.framework/Frameworks/JavaRuntimeSupport.framework/JavaRuntimeSupport
0x0000000120330000 	/System/Library/Frameworks/JavaVM.framework/Versions/A/Frameworks/JavaNativeFoundation.framework/Versions/A/JavaNativeFoundation
0x0000000120344000 	/System/Library/Frameworks/JavaVM.framework/Versions/A/JavaVM
0x0000000008bf5000 	/System/Library/Frameworks/Carbon.framework/Versions/A/Carbon
0x0000000120350000 	/System/Library/PrivateFrameworks/JavaLaunching.framework/Versions/A/JavaLaunching
0x0000000008bf5000 	/System/Library/Frameworks/Carbon.framework/Versions/A/Frameworks/CommonPanels.framework/Versions/A/CommonPanels
0x0000000008bf5000 	/System/Library/Frameworks/Carbon.framework/Versions/A/Frameworks/Help.framework/Versions/A/Help
0x0000000008bf5000 	/System/Library/Frameworks/Carbon.framework/Versions/A/Frameworks/ImageCapture.framework/Versions/A/ImageCapture
0x0000000008bf5000 	/System/Library/Frameworks/Carbon.framework/Versions/A/Frameworks/OpenScripting.framework/Versions/A/OpenScripting
0x0000000008bf5000 	/System/Library/Frameworks/Carbon.framework/Versions/A/Frameworks/Print.framework/Versions/A/Print
0x0000000008bf5000 	/System/Library/Frameworks/Carbon.framework/Versions/A/Frameworks/SecurityHI.framework/Versions/A/SecurityHI
0x00000001222eb000 	/Users/tony/.swt/lib/macosx/x86_64/libswt-cocoa-4427.jnilib
0x0000000008bf5000 	/System/Library/Frameworks/WebKit.framework/Versions/A/WebKit
0x0000000008bf5000 	/System/Library/Frameworks/JavaScriptCore.framework/Versions/A/JavaScriptCore
0x0000000008bf5000 	/System/Library/Frameworks/SecurityInterface.framework/Versions/A/SecurityInterface
0x0000000008bf5000 	/System/Library/Frameworks/WebKit.framework/Versions/A/Frameworks/WebKitLegacy.framework/Versions/A/WebKitLegacy
0x0000000008bf5000 	/System/Library/Frameworks/WebKit.framework/Versions/A/Frameworks/WebCore.framework/Versions/A/WebCore
0x0000000122338000 	/Users/tony/.swt/lib/macosx/x86_64/libswt-pi-cocoa-4427.jnilib
0x0000000008bf5000 	/System/Library/PrivateFrameworks/CoreServicesInternal.framework/Versions/A/CoreServicesInternal
0x0000000008bf5000 	/System/Library/PrivateFrameworks/CloudDocs.framework/Versions/A/CloudDocs
0x0000000008bf5000 	/System/Library/PrivateFrameworks/CoreDuet.framework/Versions/A/CoreDuet
0x0000000008bf5000 	/System/Library/Frameworks/CloudKit.framework/Versions/A/CloudKit
0x0000000008bf5000 	/System/Library/PrivateFrameworks/ProtocolBuffer.framework/Versions/A/ProtocolBuffer
0x0000000008bf5000 	/System/Library/PrivateFrameworks/CoreDuetDaemonProtocol.framework/Versions/A/CoreDuetDaemonProtocol
0x0000000008bf5000 	/System/Library/PrivateFrameworks/CoreDuetDebugLogging.framework/Versions/A/CoreDuetDebugLogging
0x0000000008bf5000 	/System/Library/Frameworks/CoreLocation.framework/Versions/A/CoreLocation
0x0000000008bf5000 	/System/Library/Frameworks/Accounts.framework/Versions/A/Accounts
0x0000000008bf5000 	/System/Library/PrivateFrameworks/ApplePushService.framework/Versions/A/ApplePushService
0x0000000008bf5000 	/System/Library/PrivateFrameworks/GeoServices.framework/Versions/A/GeoServices
0x0000000008bf5000 	/System/Library/PrivateFrameworks/OAuth.framework/Versions/A/OAuth
0x0000000008bf5000 	/System/Library/PrivateFrameworks/CoreDaemon.framework/Versions/B/CoreDaemon
0x0000000008bf5000 	/usr/lib/libcrypto.0.9.8.dylib
0x0000000008bf5000 	/System/Library/PrivateFrameworks/AppleSRP.framework/Versions/A/AppleSRP
0x0000000008bf5000 	/System/Library/PrivateFrameworks/TrustEvaluationAgent.framework/Versions/A/TrustEvaluationAgent
0x0000000008bf5000 	/System/Library/Frameworks/CoreGraphics.framework/Versions/A/Resources/libCGCMS.A.dylib
0x0000000008bf5000 	/System/Library/Frameworks/CoreGraphics.framework/Versions/A/Resources/libCGXType.A.dylib
0x0000000008bf5000 	/System/Library/Frameworks/CoreGraphics.framework/Versions/A/Resources/libRIP.A.dylib
0x0000000008bf5000 	/System/Library/PrivateFrameworks/FinderKit.framework/Versions/A/FinderKit
0x0000000008bf5000 	/System/Library/PrivateFrameworks/Suggestions.framework/Versions/A/Suggestions
0x0000000008bf5000 	/System/Library/Frameworks/Quartz.framework/Versions/A/Frameworks/QuickLookUI.framework/Versions/A/QuickLookUI
0x0000000008bf5000 	/System/Library/Frameworks/Quartz.framework/Versions/A/Frameworks/ImageKit.framework/Versions/A/ImageKit
0x0000000008bf5000 	/System/Library/PrivateFrameworks/Bom.framework/Versions/A/Bom
0x0000000008bf5000 	/System/Library/Frameworks/QuickLook.framework/Versions/A/QuickLook
0x0000000008bf5000 	/System/Library/PrivateFrameworks/SystemAdministration.framework/Versions/A/SystemAdministration
0x0000000008bf5000 	/System/Library/PrivateFrameworks/DiskImages.framework/Versions/A/DiskImages
0x0000000008bf5000 	/System/Library/PrivateFrameworks/AppleSystemInfo.framework/Versions/A/AppleSystemInfo
0x0000000008bf5000 	/System/Library/Frameworks/ImageCaptureCore.framework/Versions/A/ImageCaptureCore
0x0000000008bf5000 	/System/Library/Frameworks/AddressBook.framework/Versions/A/AddressBook
0x0000000008bf5000 	/System/Library/PrivateFrameworks/IntlPreferences.framework/Versions/A/IntlPreferences
0x0000000008bf5000 	/System/Library/PrivateFrameworks/ToneLibrary.framework/Versions/A/ToneLibrary
0x0000000008bf5000 	/System/Library/PrivateFrameworks/ToneKit.framework/Versions/A/ToneKit
0x0000000008bf5000 	/System/Library/PrivateFrameworks/vCard.framework/Versions/A/vCard
0x0000000008bf5000 	/System/Library/PrivateFrameworks/ContactsData.framework/Versions/A/ContactsData
0x0000000008bf5000 	/System/Library/PrivateFrameworks/ContactsFoundation.framework/Versions/A/ContactsFoundation
0x0000000008bf5000 	/System/Library/Frameworks/DirectoryService.framework/Versions/A/DirectoryService
0x0000000008bf5000 	/System/Library/PrivateFrameworks/PhoneNumbers.framework/Versions/A/PhoneNumbers
0x0000000008bf5000 	/System/Library/Frameworks/Quartz.framework/Versions/A/Quartz
0x0000000008bf5000 	/System/Library/Frameworks/LDAP.framework/Versions/A/LDAP
0x0000000008bf5000 	/System/Library/Frameworks/AVFoundation.framework/Versions/A/AVFoundation
0x0000000008bf5000 	/System/Library/Frameworks/AVFoundation.framework/Versions/A/Resources/libAVFAudio.dylib
0x0000000008bf5000 	/System/Library/Frameworks/CoreMedia.framework/Versions/A/CoreMedia
0x0000000008bf5000 	/System/Library/Frameworks/MediaToolbox.framework/Versions/A/MediaToolbox
0x0000000008bf5000 	/System/Library/Frameworks/VideoToolbox.framework/Versions/A/VideoToolbox
0x0000000008bf5000 	/System/Library/Frameworks/CoreMediaIO.framework/Versions/A/CoreMediaIO
0x0000000008bf5000 	/System/Library/PrivateFrameworks/MediaControlSender.framework/Versions/A/MediaControlSender
0x0000000008bf5000 	/System/Library/PrivateFrameworks/CoreAVCHD.framework/Versions/A/CoreAVCHD
0x0000000008bf5000 	/System/Library/Frameworks/MediaAccessibility.framework/Versions/A/MediaAccessibility
0x0000000008bf5000 	/System/Library/PrivateFrameworks/Mangrove.framework/Versions/A/Mangrove
0x0000000008bf5000 	/System/Library/PrivateFrameworks/CoreAUC.framework/Versions/A/CoreAUC
0x0000000008bf5000 	/System/Library/PrivateFrameworks/NetworkStatistics.framework/Versions/A/NetworkStatistics
0x0000000008bf5000 	/System/Library/PrivateFrameworks/AirPlaySupport.framework/Versions/A/AirPlaySupport
0x0000000008bf5000 	/System/Library/PrivateFrameworks/CoreUtils.framework/Versions/A/CoreUtils
0x0000000008bf5000 	/System/Library/PrivateFrameworks/AppleVA.framework/Versions/A/AppleVA
0x0000000008bf5000 	/System/Library/PrivateFrameworks/XPCService.framework/Versions/A/XPCService
0x0000000008bf5000 	/System/Library/PrivateFrameworks/AppSandbox.framework/Versions/A/AppSandbox
0x0000000008bf5000 	/usr/lib/libsandbox.1.dylib
0x0000000008bf5000 	/System/Library/PrivateFrameworks/AppContainer.framework/Versions/A/AppContainer
0x0000000008bf5000 	/System/Library/PrivateFrameworks/SecCodeWrapper.framework/Versions/A/SecCodeWrapper
0x0000000008bf5000 	/usr/lib/libMatch.1.dylib
0x0000000008bf5000 	/usr/lib/libspindump.dylib
0x0000000008bf5000 	/System/Library/Frameworks/QTKit.framework/Versions/A/QTKit
0x0000000008bf5000 	/System/Library/PrivateFrameworks/CoreMediaAuthoring.framework/Versions/A/CoreMediaAuthoring
0x0000000008bf5000 	/System/Library/Frameworks/Quartz.framework/Versions/A/Frameworks/QuartzComposer.framework/Versions/A/QuartzComposer
0x0000000008bf5000 	/System/Library/Frameworks/Quartz.framework/Versions/A/Frameworks/PDFKit.framework/Versions/A/PDFKit
0x0000000008bf5000 	/System/Library/Frameworks/Quartz.framework/Versions/A/Frameworks/QuartzFilters.framework/Versions/A/QuartzFilters
0x0000000008bf5000 	/System/Library/PrivateFrameworks/CorePDF.framework/Versions/A/CorePDF
0x0000000008bf5000 	/System/Library/PrivateFrameworks/DisplayServices.framework/Versions/A/DisplayServices
0x0000000008bf5000 	/usr/lib/libsasl2.2.dylib
0x0000000008bf5000 	/System/Library/PrivateFrameworks/AppleFSCompression.framework/Versions/A/AppleFSCompression
0x0000000008bf5000 	/System/Library/PrivateFrameworks/LoginUIKit.framework/Versions/A/Frameworks/LoginUICore.framework/Versions/A/LoginUICore
0x0000000008bf5000 	/usr/lib/libCoreStorage.dylib
0x0000000008bf5000 	/usr/lib/libcsfde.dylib
0x0000000008bf5000 	/usr/lib/libodfde.dylib
0x0000000008bf5000 	/System/Library/Frameworks/DiscRecording.framework/Versions/A/DiscRecording
0x0000000008bf5000 	/usr/lib/libcurl.4.dylib
0x0000000008bf5000 	/System/Library/PrivateFrameworks/MediaKit.framework/Versions/A/MediaKit
0x0000000008bf5000 	/System/Library/PrivateFrameworks/ProtectedCloudStorage.framework/Versions/A/ProtectedCloudStorage
0x0000000008bf5000 	/System/Library/PrivateFrameworks/EFILogin.framework/Versions/A/EFILogin
0x0000000008bf5000 	/usr/lib/libutil.dylib
0x0000000008bf5000 	/System/Library/PrivateFrameworks/FindMyDevice.framework/Versions/A/FindMyDevice
0x0000000124bf6000 	/System/Library/PrivateFrameworks/CacheDelete.framework/CacheDelete
0x0000000008bf5000 	/System/Library/PrivateFrameworks/PlugInKit.framework/Versions/A/PlugInKit
0x0000000124c9e000 	/System/Library/PrivateFrameworks/FileProvider.framework/FileProvider
0x0000000008bf5000 	/System/Library/Frameworks/OpenGL.framework/Versions/A/Resources/GLEngine.bundle/GLEngine
0x0000000008bf5000 	/System/Library/Frameworks/OpenGL.framework/Versions/A/Libraries/libGLProgrammability.dylib
0x0000000000000000 	/System/Library/Extensions/AppleIntelHD4000GraphicsGLDriver.bundle/Contents/MacOS/AppleIntelHD4000GraphicsGLDriver
0x0000000008bf5000 	/System/Library/PrivateFrameworks/IOAccelerator.framework/Versions/A/IOAccelerator
0x0000000008bf5000 	/System/Library/PrivateFrameworks/GPUSupport.framework/Versions/A/Libraries/libGPUSupportMercury.dylib
0x0000000000000000 	/System/Library/Extensions/GeForceGLDriver.bundle/Contents/MacOS/GeForceGLDriver
0x0000000008bf5000 	/System/Library/Extensions/GeForceGLDriver.bundle/Contents/MacOS/libclh.dylib
0x0000000008bf5000 	/System/Library/Frameworks/OpenGL.framework/Versions/A/Resources/GLRendererFloat.bundle/GLRendererFloat
0x0000000008bf5000 	/System/Library/Frameworks/OpenCL.framework/Versions/A/Libraries/libcldcpuengine.dylib
0x000000012706f000 	cl_kernels
0x0000000127071000 	/System/Library/Frameworks/OpenCL.framework/Versions/A/Libraries/ImageFormats/unorm8_bgra.dylib
0x0000000127061000 	cl_kernels
0x000000012721c000 	/System/Library/Frameworks/OpenCL.framework/Versions/A/Libraries/ImageFormats/unorm8_rgba.dylib
0x000000012884d000 	cl_kernels
0x0000000008bf5000 	/System/Library/PrivateFrameworks/FamilyControls.framework/Versions/A/FamilyControls
0x0000000008bf5000 	/System/Library/PrivateFrameworks/CommerceKit.framework/Versions/A/Frameworks/CommerceCore.framework/Versions/A/CommerceCore
0x000000012aa78000 	/System/Library/Frameworks/Security.framework/PlugIns/csparser.bundle/Contents/MacOS/csparser
0x000000012852f000 	cl_kernels
0x0000000128533000 	cl_kernels
0x0000000008bf5000 	/System/Library/CoreServices/RawCamera.bundle/Contents/MacOS/RawCamera
0x000000012656e000 	/Library/Java/JavaVirtualMachines/jdk1.7.0_67.jdk/Contents/Home/jre/lib/libnio.dylib
0x0000000128569000 	/Library/Java/JavaVirtualMachines/jdk1.7.0_67.jdk/Contents/Home/jre/lib/./libnet.dylib
0x0000000127990000 	/System/Library/Frameworks/ApplicationServices.framework/Frameworks/ATS.framework/Resources/libFontRegistryUI.dylib
0x0000000126257000 	/System/Library/Frameworks/ApplicationServices.framework/Versions/A/Frameworks/ATS.framework/Versions/A/Resources/ATSHI.dylib
0x0000000008bf5000 	/System/Library/PrivateFrameworks/Shortcut.framework/Versions/A/Shortcut
0x0000000008bf5000 	/System/Library/PrivateFrameworks/HelpData.framework/Versions/A/HelpData
0x0000000008bf5000 	/usr/lib/libtidy.A.dylib
0x0000000008bf5000 	/System/Library/Frameworks/Accelerate.framework/Versions/A/Frameworks/vImage.framework/Versions/A/Libraries/libCGInterfaces.dylib
0x0000000008bf5000 	/System/Library/PrivateFrameworks/DataDetectors.framework/Versions/A/DataDetectors
0x0000000008bf5000 	/System/Library/PrivateFrameworks/IDS.framework/Versions/A/IDS
0x0000000008bf5000 	/System/Library/PrivateFrameworks/WebKit2.framework/Versions/A/WebKit2
0x0000000008bf5000 	/System/Library/PrivateFrameworks/IMFoundation.framework/Versions/A/IMFoundation
0x0000000008bf5000 	/System/Library/PrivateFrameworks/Marco.framework/Versions/A/Marco
0x0000000008bf5000 	/System/Library/PrivateFrameworks/IDSFoundation.framework/Versions/A/IDSFoundation
0x0000000008bf5000 	/System/Library/PrivateFrameworks/FTServices.framework/Versions/A/FTServices
0x0000000008bf5000 	/System/Library/PrivateFrameworks/CommonUtilities.framework/Versions/A/CommonUtilities
0x0000000008bf5000 	/System/Library/PrivateFrameworks/DiagnosticLogCollection.framework/Versions/A/DiagnosticLogCollection
0x0000000008bf5000 	/System/Library/Frameworks/CoreGraphics.framework/Versions/A/Resources/libCGXCoreImage.A.dylib
0x0000000120433000 	cl_kernels

VM Arguments:
jvm_args: -Dfile.encoding=UTF-8 
java_command: tool.xmodeler.XModeler ./ini.txt
Launcher Type: SUN_STANDARD

Environment Variables:
PATH=/usr/bin:/bin:/usr/sbin:/sbin
SHELL=/bin/bash

Signal Handlers:
SIGSEGV: [libjvm.dylib+0x52b6c9], sa_mask[0]=0xfffefeff, sa_flags=0x00000043
SIGBUS: [libjvm.dylib+0x52b6c9], sa_mask[0]=0xfffefeff, sa_flags=0x00000042
SIGFPE: [libjvm.dylib+0x41deaa], sa_mask[0]=0xfffefeff, sa_flags=0x00000042
SIGPIPE: [libjvm.dylib+0x41deaa], sa_mask[0]=0xfffefeff, sa_flags=0x00000042
SIGXFSZ: [libjvm.dylib+0x41deaa], sa_mask[0]=0xfffefeff, sa_flags=0x00000042
SIGILL: [libjvm.dylib+0x41deaa], sa_mask[0]=0xfffefeff, sa_flags=0x00000042
SIGUSR1: SIG_DFL, sa_mask[0]=0x00000000, sa_flags=0x00000000
SIGUSR2: [libjvm.dylib+0x41d99c], sa_mask[0]=0x00000004, sa_flags=0x00000042
SIGHUP: [libjvm.dylib+0x41bc2d], sa_mask[0]=0xfffefeff, sa_flags=0x00000042
SIGINT: [libjvm.dylib+0x41bc2d], sa_mask[0]=0xfffefeff, sa_flags=0x00000042
SIGTERM: [libjvm.dylib+0x41bc2d], sa_mask[0]=0xfffefeff, sa_flags=0x00000042
SIGQUIT: [libjvm.dylib+0x41bc2d], sa_mask[0]=0xfffefeff, sa_flags=0x00000042


---------------  S Y S T E M  ---------------

OS:Bsduname:Darwin 14.0.0 Darwin Kernel Version 14.0.0: Fri Sep 19 00:26:44 PDT 2014; root:xnu-2782.1.97~2/RELEASE_X86_64 x86_64
rlimit: STACK 8192k, CORE 0k, NPROC 709, NOFILE 10240, AS infinity
load average:2.14 1.74 1.56

CPU:total 8 (4 cores per cpu, 2 threads per core) family 6 model 58 stepping 9, cmov, cx8, fxsr, mmx, sse, sse2, sse3, ssse3, sse4.1, sse4.2, popcnt, avx, aes, erms, ht, tsc, tscinvbit, tscinv

Memory: 4k page, physical 16777216k(4194304k free)

/proc/meminfo:


vm_info: Java HotSpot(TM) 64-Bit Server VM (24.65-b04) for bsd-amd64 JRE (1.7.0_67-b01), built on Jul 25 2014 08:51:51 by "java_re" with gcc 4.2.1 (Based on Apple Inc. build 5658) (LLVM build 2336.11.00)

time: Mon Nov 24 21:58:46 2014
elapsed time: 407 seconds

